[2026-04-12T14:21:38.330+0000] {taskinstance.py:1956} INFO - Dependencies all met for dep_context=non-requeueable deps ti=<TaskInstance: kenya_econ_pipeline.fx_ingest manual__2026-04-12T13:53:15.137954+00:00 [queued]>
[2026-04-12T14:21:38.354+0000] {taskinstance.py:1956} INFO - Dependencies all met for dep_context=requeueable deps ti=<TaskInstance: kenya_econ_pipeline.fx_ingest manual__2026-04-12T13:53:15.137954+00:00 [queued]>
[2026-04-12T14:21:38.357+0000] {taskinstance.py:2170} INFO - Starting attempt 2 of 5
[2026-04-12T14:21:38.382+0000] {taskinstance.py:2191} INFO - Executing <Task(PythonOperator): fx_ingest> on 2026-04-12 13:53:15.137954+00:00
[2026-04-12T14:21:38.394+0000] {standard_task_runner.py:60} INFO - Started process 18265 to run task
[2026-04-12T14:21:38.399+0000] {standard_task_runner.py:87} INFO - Running: ['airflow', 'tasks', 'run', 'kenya_econ_pipeline', 'fx_ingest', 'manual__2026-04-12T13:53:15.137954+00:00', '--job-id', '53', '--raw', '--subdir', 'DAGS_FOLDER/kenya_econ_dag.py', '--cfg-path', '/tmp/tmpqa_lm46y']
[2026-04-12T14:21:38.402+0000] {standard_task_runner.py:88} INFO - Job 53: Subtask fx_ingest
[2026-04-12T14:21:38.525+0000] {task_command.py:423} INFO - Running <TaskInstance: kenya_econ_pipeline.fx_ingest manual__2026-04-12T13:53:15.137954+00:00 [running]> on host 2f11af39ed07
[2026-04-12T14:21:39.092+0000] {taskinstance.py:2480} INFO - Exporting env vars: AIRFLOW_CTX_DAG_OWNER='samwel' AIRFLOW_CTX_DAG_ID='kenya_econ_pipeline' AIRFLOW_CTX_TASK_ID='fx_ingest' AIRFLOW_CTX_EXECUTION_DATE='2026-04-12T13:53:15.137954+00:00' AIRFLOW_CTX_TRY_NUMBER='2' AIRFLOW_CTX_DAG_RUN_ID='manual__2026-04-12T13:53:15.137954+00:00'
[2026-04-12T14:21:39.291+0000] {logging_mixin.py:188} INFO - {"timestamp": "2026-04-12T14:21:39.291100+00:00", "level": "INFO", "module": "ingestion.fx_rates", "message": "Fetching FX rates"}
[2026-04-12T14:21:39.291+0000] {fx_rates.py:44} INFO - Fetching FX rates
[2026-04-12T14:21:39.295+0000] {logging_mixin.py:188} INFO - {"timestamp": "2026-04-12T14:21:39.295030+00:00", "level": "INFO", "module": "ingestion.base_client", "message": "GET https://openexchangerates.org/api/latest.json | params={'app_id': '0a6516f647794bb4a39543681fdb6aa0', 'base': 'USD', 'symbols': 'KES,EUR,GBP'}"}
[2026-04-12T14:21:39.295+0000] {base_client.py:17} INFO - GET https://openexchangerates.org/api/latest.json | params={'app_id': '0a6516f647794bb4a39543681fdb6aa0', 'base': 'USD', 'symbols': 'KES,EUR,GBP'}
[2026-04-12T14:21:41.105+0000] {logging_mixin.py:188} INFO - {"timestamp": "2026-04-12T14:21:41.103999+00:00", "level": "INFO", "module": "ingestion.base_client", "message": "Response 200 from https://openexchangerates.org/api/latest.json"}
[2026-04-12T14:21:41.102+0000] {base_client.py:20} INFO - Response 200 from https://openexchangerates.org/api/latest.json
[2026-04-12T14:21:41.113+0000] {logging_mixin.py:188} INFO - {"timestamp": "2026-04-12T14:21:41.113892+00:00", "level": "INFO", "module": "utils.validators", "message": "[fx_rates] Validation passed for fields: ['rates', 'timestamp', 'base']"}
[2026-04-12T14:21:41.113+0000] {validators.py:21} INFO - [fx_rates] Validation passed for fields: ['rates', 'timestamp', 'base']
[2026-04-12T14:21:41.115+0000] {logging_mixin.py:188} INFO - {"timestamp": "2026-04-12T14:21:41.115271+00:00", "level": "INFO", "module": "ingestion.fx_rates", "message": "Saved FX rates to data/raw/fx_rates/fx_ke_20260412_142141.json"}
[2026-04-12T14:21:41.115+0000] {fx_rates.py:40} INFO - Saved FX rates to data/raw/fx_rates/fx_ke_20260412_142141.json
[2026-04-12T14:21:41.115+0000] {python.py:201} INFO - Done. Returned value was: None
[2026-04-12T14:21:41.149+0000] {taskinstance.py:1138} INFO - Marking task as SUCCESS. dag_id=kenya_econ_pipeline, task_id=fx_ingest, execution_date=20260412T135315, start_date=20260412T142138, end_date=20260412T142141
[2026-04-12T14:21:41.196+0000] {local_task_job_runner.py:234} INFO - Task exited with return code 0
[2026-04-12T14:21:41.260+0000] {taskinstance.py:3280} INFO - 0 downstream tasks scheduled from follow-on schedule check
