[2026-04-11T03:09:13.226+0000] {taskinstance.py:1956} INFO - Dependencies all met for dep_context=non-requeueable deps ti=<TaskInstance: kenya_econ_pipeline.worldbank_ingest scheduled__2026-04-10T03:00:00+00:00 [queued]>
[2026-04-11T03:09:13.240+0000] {taskinstance.py:1956} INFO - Dependencies all met for dep_context=requeueable deps ti=<TaskInstance: kenya_econ_pipeline.worldbank_ingest scheduled__2026-04-10T03:00:00+00:00 [queued]>
[2026-04-11T03:09:13.241+0000] {taskinstance.py:2170} INFO - Starting attempt 1 of 4
[2026-04-11T03:09:13.262+0000] {taskinstance.py:2191} INFO - Executing <Task(PythonOperator): worldbank_ingest> on 2026-04-10 03:00:00+00:00
[2026-04-11T03:09:13.274+0000] {standard_task_runner.py:60} INFO - Started process 4580 to run task
[2026-04-11T03:09:13.279+0000] {standard_task_runner.py:87} INFO - Running: ['airflow', 'tasks', 'run', 'kenya_econ_pipeline', 'worldbank_ingest', 'scheduled__2026-04-10T03:00:00+00:00', '--job-id', '21', '--raw', '--subdir', 'DAGS_FOLDER/kenya_econ_dag.py', '--cfg-path', '/tmp/tmpzdhfx1hz']
[2026-04-11T03:09:13.290+0000] {standard_task_runner.py:88} INFO - Job 21: Subtask worldbank_ingest
[2026-04-11T03:09:13.380+0000] {task_command.py:423} INFO - Running <TaskInstance: kenya_econ_pipeline.worldbank_ingest scheduled__2026-04-10T03:00:00+00:00 [running]> on host 2f11af39ed07
[2026-04-11T03:09:13.562+0000] {taskinstance.py:2480} INFO - Exporting env vars: AIRFLOW_CTX_DAG_OWNER='samwel' AIRFLOW_CTX_DAG_ID='kenya_econ_pipeline' AIRFLOW_CTX_TASK_ID='worldbank_ingest' AIRFLOW_CTX_EXECUTION_DATE='2026-04-10T03:00:00+00:00' AIRFLOW_CTX_TRY_NUMBER='1' AIRFLOW_CTX_DAG_RUN_ID='scheduled__2026-04-10T03:00:00+00:00'
[2026-04-11T03:09:13.605+0000] {logging_mixin.py:188} INFO - {"timestamp": "2026-04-11T03:09:13.604927+00:00", "level": "INFO", "module": "ingestion.worldbank", "message": "Fetching World Bank indicator: gdp"}
[2026-04-11T03:09:13.604+0000] {worldbank.py:47} INFO - Fetching World Bank indicator: gdp
[2026-04-11T03:09:13.605+0000] {logging_mixin.py:188} INFO - {"timestamp": "2026-04-11T03:09:13.605827+00:00", "level": "INFO", "module": "ingestion.base_client", "message": "GET https://api.worldbank.org/v2/country/KE/indicator/NY.GDP.MKTP.CD | params={'format': 'json', 'per_page': 10, 'mrv': 5}"}
[2026-04-11T03:09:13.605+0000] {base_client.py:17} INFO - GET https://api.worldbank.org/v2/country/KE/indicator/NY.GDP.MKTP.CD | params={'format': 'json', 'per_page': 10, 'mrv': 5}
[2026-04-11T03:09:17.957+0000] {logging_mixin.py:188} INFO - {"timestamp": "2026-04-11T03:09:17.955717+00:00", "level": "INFO", "module": "ingestion.base_client", "message": "GET https://api.worldbank.org/v2/country/KE/indicator/NY.GDP.MKTP.CD | params={'format': 'json', 'per_page': 10, 'mrv': 5}"}
[2026-04-11T03:09:17.953+0000] {base_client.py:17} INFO - GET https://api.worldbank.org/v2/country/KE/indicator/NY.GDP.MKTP.CD | params={'format': 'json', 'per_page': 10, 'mrv': 5}
[2026-04-11T03:09:19.086+0000] {logging_mixin.py:188} INFO - {"timestamp": "2026-04-11T03:09:19.085857+00:00", "level": "INFO", "module": "ingestion.base_client", "message": "Response 200 from https://api.worldbank.org/v2/country/KE/indicator/NY.GDP.MKTP.CD"}
[2026-04-11T03:09:19.085+0000] {base_client.py:20} INFO - Response 200 from https://api.worldbank.org/v2/country/KE/indicator/NY.GDP.MKTP.CD
[2026-04-11T03:09:19.090+0000] {logging_mixin.py:188} INFO - {"timestamp": "2026-04-11T03:09:19.090036+00:00", "level": "INFO", "module": "utils.validators", "message": "[worldbank/gdp] Validation passed for fields: ['metadata', 'data']"}
[2026-04-11T03:09:19.089+0000] {validators.py:21} INFO - [worldbank/gdp] Validation passed for fields: ['metadata', 'data']
[2026-04-11T03:09:19.094+0000] {logging_mixin.py:188} INFO - {"timestamp": "2026-04-11T03:09:19.094274+00:00", "level": "INFO", "module": "ingestion.worldbank", "message": "Saved gdp data to data/raw/worldbank/gdp_ke_20260411.json"}
[2026-04-11T03:09:19.094+0000] {worldbank.py:42} INFO - Saved gdp data to data/raw/worldbank/gdp_ke_20260411.json
[2026-04-11T03:09:19.094+0000] {logging_mixin.py:188} INFO - {"timestamp": "2026-04-11T03:09:19.094786+00:00", "level": "INFO", "module": "ingestion.worldbank", "message": "Fetching World Bank indicator: inflation"}
[2026-04-11T03:09:19.094+0000] {worldbank.py:47} INFO - Fetching World Bank indicator: inflation
[2026-04-11T03:09:19.095+0000] {logging_mixin.py:188} INFO - {"timestamp": "2026-04-11T03:09:19.095641+00:00", "level": "INFO", "module": "ingestion.base_client", "message": "GET https://api.worldbank.org/v2/country/KE/indicator/FP.CPI.TOTL.ZG | params={'format': 'json', 'per_page': 10, 'mrv': 5}"}
[2026-04-11T03:09:19.095+0000] {base_client.py:17} INFO - GET https://api.worldbank.org/v2/country/KE/indicator/FP.CPI.TOTL.ZG | params={'format': 'json', 'per_page': 10, 'mrv': 5}
[2026-04-11T03:09:20.034+0000] {logging_mixin.py:188} INFO - {"timestamp": "2026-04-11T03:09:20.033676+00:00", "level": "INFO", "module": "ingestion.base_client", "message": "Response 200 from https://api.worldbank.org/v2/country/KE/indicator/FP.CPI.TOTL.ZG"}
[2026-04-11T03:09:20.033+0000] {base_client.py:20} INFO - Response 200 from https://api.worldbank.org/v2/country/KE/indicator/FP.CPI.TOTL.ZG
[2026-04-11T03:09:20.038+0000] {logging_mixin.py:188} INFO - {"timestamp": "2026-04-11T03:09:20.038769+00:00", "level": "INFO", "module": "utils.validators", "message": "[worldbank/inflation] Validation passed for fields: ['metadata', 'data']"}
[2026-04-11T03:09:20.038+0000] {validators.py:21} INFO - [worldbank/inflation] Validation passed for fields: ['metadata', 'data']
[2026-04-11T03:09:20.041+0000] {logging_mixin.py:188} INFO - {"timestamp": "2026-04-11T03:09:20.041726+00:00", "level": "INFO", "module": "ingestion.worldbank", "message": "Saved inflation data to data/raw/worldbank/inflation_ke_20260411.json"}
[2026-04-11T03:09:20.041+0000] {worldbank.py:42} INFO - Saved inflation data to data/raw/worldbank/inflation_ke_20260411.json
[2026-04-11T03:09:20.042+0000] {python.py:201} INFO - Done. Returned value was: None
[2026-04-11T03:09:20.090+0000] {taskinstance.py:1138} INFO - Marking task as SUCCESS. dag_id=kenya_econ_pipeline, task_id=worldbank_ingest, execution_date=20260410T030000, start_date=20260411T030913, end_date=20260411T030920
[2026-04-11T03:09:20.159+0000] {local_task_job_runner.py:234} INFO - Task exited with return code 0
[2026-04-11T03:09:20.219+0000] {taskinstance.py:3280} INFO - 1 downstream tasks scheduled from follow-on schedule check
