[2026-04-12T14:31:06.235+0000] {taskinstance.py:1956} INFO - Dependencies all met for dep_context=non-requeueable deps ti=<TaskInstance: kenya_econ_pipeline.migrate_db manual__2026-04-12T14:31:04+00:00 [queued]>
[2026-04-12T14:31:06.240+0000] {taskinstance.py:1956} INFO - Dependencies all met for dep_context=requeueable deps ti=<TaskInstance: kenya_econ_pipeline.migrate_db manual__2026-04-12T14:31:04+00:00 [queued]>
[2026-04-12T14:31:06.241+0000] {taskinstance.py:2170} INFO - Starting attempt 1 of 4
[2026-04-12T14:31:06.247+0000] {taskinstance.py:2191} INFO - Executing <Task(PythonOperator): migrate_db> on 2026-04-12 14:31:04+00:00
[2026-04-12T14:31:06.251+0000] {standard_task_runner.py:60} INFO - Started process 18484 to run task
[2026-04-12T14:31:06.262+0000] {standard_task_runner.py:87} INFO - Running: ['airflow', 'tasks', 'run', 'kenya_econ_pipeline', 'migrate_db', 'manual__2026-04-12T14:31:04+00:00', '--job-id', '79', '--raw', '--subdir', 'DAGS_FOLDER/kenya_econ_dag.py', '--cfg-path', '/tmp/tmpkbzfibkm']
[2026-04-12T14:31:06.266+0000] {standard_task_runner.py:88} INFO - Job 79: Subtask migrate_db
[2026-04-12T14:31:06.322+0000] {task_command.py:423} INFO - Running <TaskInstance: kenya_econ_pipeline.migrate_db manual__2026-04-12T14:31:04+00:00 [running]> on host 2f11af39ed07
[2026-04-12T14:31:06.381+0000] {taskinstance.py:2480} INFO - Exporting env vars: AIRFLOW_CTX_DAG_OWNER='samwel' AIRFLOW_CTX_DAG_ID='kenya_econ_pipeline' AIRFLOW_CTX_TASK_ID='migrate_db' AIRFLOW_CTX_EXECUTION_DATE='2026-04-12T14:31:04+00:00' AIRFLOW_CTX_TRY_NUMBER='1' AIRFLOW_CTX_DAG_RUN_ID='manual__2026-04-12T14:31:04+00:00'
[2026-04-12T14:31:06.398+0000] {logging_mixin.py:188} INFO - {"timestamp": "2026-04-12T14:31:06.398000+00:00", "level": "INFO", "module": "db.migrate", "message": "Running migration: 001_create_schemas.sql"}
[2026-04-12T14:31:06.397+0000] {migrate.py:15} INFO - Running migration: 001_create_schemas.sql
[2026-04-12T14:31:06.399+0000] {logging_mixin.py:188} INFO - {"timestamp": "2026-04-12T14:31:06.399177+00:00", "level": "INFO", "module": "db.migrate", "message": "Migration complete: 001_create_schemas.sql"}
[2026-04-12T14:31:06.399+0000] {migrate.py:18} INFO - Migration complete: 001_create_schemas.sql
[2026-04-12T14:31:06.399+0000] {logging_mixin.py:188} INFO - {"timestamp": "2026-04-12T14:31:06.399496+00:00", "level": "INFO", "module": "db.migrate", "message": "Running migration: 002_create_raw_tables.sql"}
[2026-04-12T14:31:06.399+0000] {migrate.py:15} INFO - Running migration: 002_create_raw_tables.sql
[2026-04-12T14:31:06.400+0000] {logging_mixin.py:188} INFO - {"timestamp": "2026-04-12T14:31:06.400238+00:00", "level": "INFO", "module": "db.migrate", "message": "Migration complete: 002_create_raw_tables.sql"}
[2026-04-12T14:31:06.400+0000] {migrate.py:18} INFO - Migration complete: 002_create_raw_tables.sql
[2026-04-12T14:31:06.400+0000] {logging_mixin.py:188} INFO - {"timestamp": "2026-04-12T14:31:06.400457+00:00", "level": "INFO", "module": "db.migrate", "message": "Running migration: 003_create_staging_tables.sql"}
[2026-04-12T14:31:06.400+0000] {migrate.py:15} INFO - Running migration: 003_create_staging_tables.sql
[2026-04-12T14:31:06.401+0000] {logging_mixin.py:188} INFO - {"timestamp": "2026-04-12T14:31:06.401602+00:00", "level": "INFO", "module": "db.migrate", "message": "Migration complete: 003_create_staging_tables.sql"}
[2026-04-12T14:31:06.401+0000] {migrate.py:18} INFO - Migration complete: 003_create_staging_tables.sql
[2026-04-12T14:31:06.402+0000] {logging_mixin.py:188} INFO - {"timestamp": "2026-04-12T14:31:06.401986+00:00", "level": "INFO", "module": "db.connection", "message": "Transaction committed"}
[2026-04-12T14:31:06.401+0000] {connection.py:26} INFO - Transaction committed
[2026-04-12T14:31:06.402+0000] {python.py:201} INFO - Done. Returned value was: None
[2026-04-12T14:31:06.409+0000] {taskinstance.py:1138} INFO - Marking task as SUCCESS. dag_id=kenya_econ_pipeline, task_id=migrate_db, execution_date=20260412T143104, start_date=20260412T143106, end_date=20260412T143106
[2026-04-12T14:31:06.445+0000] {local_task_job_runner.py:234} INFO - Task exited with return code 0
[2026-04-12T14:31:06.463+0000] {taskinstance.py:3280} INFO - 2 downstream tasks scheduled from follow-on schedule check
