[2026-04-12T14:45:46.174+0000] {taskinstance.py:1956} INFO - Dependencies all met for dep_context=non-requeueable deps ti=<TaskInstance: kenya_econ_pipeline.dbt_run manual__2026-04-12T14:45:41.103524+00:00 [queued]>
[2026-04-12T14:45:46.178+0000] {taskinstance.py:1956} INFO - Dependencies all met for dep_context=requeueable deps ti=<TaskInstance: kenya_econ_pipeline.dbt_run manual__2026-04-12T14:45:41.103524+00:00 [queued]>
[2026-04-12T14:45:46.179+0000] {taskinstance.py:2170} INFO - Starting attempt 1 of 4
[2026-04-12T14:45:46.185+0000] {taskinstance.py:2191} INFO - Executing <Task(BashOperator): dbt_run> on 2026-04-12 14:45:41.103524+00:00
[2026-04-12T14:45:46.190+0000] {standard_task_runner.py:60} INFO - Started process 18789 to run task
[2026-04-12T14:45:46.195+0000] {standard_task_runner.py:87} INFO - Running: ['airflow', 'tasks', 'run', 'kenya_econ_pipeline', 'dbt_run', 'manual__2026-04-12T14:45:41.103524+00:00', '--job-id', '100', '--raw', '--subdir', 'DAGS_FOLDER/kenya_econ_dag.py', '--cfg-path', '/tmp/tmpi_7urd2d']
[2026-04-12T14:45:46.201+0000] {standard_task_runner.py:88} INFO - Job 100: Subtask dbt_run
[2026-04-12T14:45:46.241+0000] {task_command.py:423} INFO - Running <TaskInstance: kenya_econ_pipeline.dbt_run manual__2026-04-12T14:45:41.103524+00:00 [running]> on host 2f11af39ed07
[2026-04-12T14:45:46.331+0000] {taskinstance.py:2480} INFO - Exporting env vars: AIRFLOW_CTX_DAG_OWNER='samwel' AIRFLOW_CTX_DAG_ID='kenya_econ_pipeline' AIRFLOW_CTX_TASK_ID='dbt_run' AIRFLOW_CTX_EXECUTION_DATE='2026-04-12T14:45:41.103524+00:00' AIRFLOW_CTX_TRY_NUMBER='1' AIRFLOW_CTX_DAG_RUN_ID='manual__2026-04-12T14:45:41.103524+00:00'
[2026-04-12T14:45:46.333+0000] {subprocess.py:63} INFO - Tmp dir root location: /tmp
[2026-04-12T14:45:46.335+0000] {subprocess.py:75} INFO - Running command: ['/usr/bin/bash', '-c', 'cd /opt/airflow/kenya_econ_dbt && dbt run --profiles-dir /opt/airflow/kenya_econ_dbt']
[2026-04-12T14:45:46.342+0000] {subprocess.py:86} INFO - Output:
[2026-04-12T14:45:48.252+0000] {subprocess.py:93} INFO - [0m14:45:48  Running with dbt=1.7.0
[2026-04-12T14:45:48.466+0000] {subprocess.py:93} INFO - [0m14:45:48  Registered adapter: postgres=1.7.0
[2026-04-12T14:45:48.557+0000] {subprocess.py:93} INFO - [0m14:45:48  [[33mWARNING[0m]: Configuration paths exist in your dbt_project.yml file which do not apply to any resources.
[2026-04-12T14:45:48.558+0000] {subprocess.py:93} INFO - There are 2 unused configuration paths:
[2026-04-12T14:45:48.558+0000] {subprocess.py:93} INFO - - models.mart
[2026-04-12T14:45:48.558+0000] {subprocess.py:93} INFO - - models.staging
[2026-04-12T14:45:48.575+0000] {subprocess.py:93} INFO - [0m14:45:48  Found 6 models, 14 tests, 3 sources, 0 exposures, 0 metrics, 402 macros, 0 groups, 0 semantic models
[2026-04-12T14:45:48.577+0000] {subprocess.py:93} INFO - [0m14:45:48
[2026-04-12T14:45:48.666+0000] {subprocess.py:93} INFO - [0m14:45:48  Concurrency: 4 threads (target='dev')
[2026-04-12T14:45:48.666+0000] {subprocess.py:93} INFO - [0m14:45:48
[2026-04-12T14:45:48.675+0000] {subprocess.py:93} INFO - [0m14:45:48  1 of 6 START sql view model mart.stg_fx ........................................ [RUN]
[2026-04-12T14:45:48.677+0000] {subprocess.py:93} INFO - [0m14:45:48  2 of 6 START sql view model mart.stg_gdp ....................................... [RUN]
[2026-04-12T14:45:48.678+0000] {subprocess.py:93} INFO - [0m14:45:48  3 of 6 START sql view model mart.stg_inflation ................................. [RUN]
[2026-04-12T14:45:48.816+0000] {subprocess.py:93} INFO - [0m14:45:48  2 of 6 OK created sql view model mart.stg_gdp .................................. [[32mCREATE VIEW[0m in 0.14s]
[2026-04-12T14:45:48.817+0000] {subprocess.py:93} INFO - [0m14:45:48  3 of 6 OK created sql view model mart.stg_inflation ............................ [[32mCREATE VIEW[0m in 0.14s]
[2026-04-12T14:45:48.818+0000] {subprocess.py:93} INFO - [0m14:45:48  1 of 6 OK created sql view model mart.stg_fx ................................... [[32mCREATE VIEW[0m in 0.14s]
[2026-04-12T14:45:48.821+0000] {subprocess.py:93} INFO - [0m14:45:48  4 of 6 START sql view model mart.fx_daily_summary .............................. [RUN]
[2026-04-12T14:45:48.821+0000] {subprocess.py:93} INFO - [0m14:45:48  5 of 6 START sql view model mart.kenya_macro ................................... [RUN]
[2026-04-12T14:45:48.876+0000] {subprocess.py:93} INFO - [0m14:45:48  4 of 6 OK created sql view model mart.fx_daily_summary ......................... [[32mCREATE VIEW[0m in 0.05s]
[2026-04-12T14:45:48.878+0000] {subprocess.py:93} INFO - [0m14:45:48  5 of 6 OK created sql view model mart.kenya_macro .............................. [[32mCREATE VIEW[0m in 0.05s]
[2026-04-12T14:45:48.880+0000] {subprocess.py:93} INFO - [0m14:45:48  6 of 6 START sql view model mart.purchasing_power .............................. [RUN]
[2026-04-12T14:45:48.910+0000] {subprocess.py:93} INFO - [0m14:45:48  6 of 6 OK created sql view model mart.purchasing_power ......................... [[32mCREATE VIEW[0m in 0.03s]
[2026-04-12T14:45:48.922+0000] {subprocess.py:93} INFO - [0m14:45:48
[2026-04-12T14:45:48.922+0000] {subprocess.py:93} INFO - [0m14:45:48  Finished running 6 view models in 0 hours 0 minutes and 0.34 seconds (0.34s).
[2026-04-12T14:45:48.933+0000] {subprocess.py:93} INFO - [0m14:45:48
[2026-04-12T14:45:48.934+0000] {subprocess.py:93} INFO - [0m14:45:48  [32mCompleted successfully[0m
[2026-04-12T14:45:48.935+0000] {subprocess.py:93} INFO - [0m14:45:48
[2026-04-12T14:45:48.936+0000] {subprocess.py:93} INFO - [0m14:45:48  Done. PASS=6 WARN=0 ERROR=0 SKIP=0 TOTAL=6
[2026-04-12T14:45:50.879+0000] {subprocess.py:97} INFO - Command exited with return code 0
[2026-04-12T14:45:50.933+0000] {taskinstance.py:1138} INFO - Marking task as SUCCESS. dag_id=kenya_econ_pipeline, task_id=dbt_run, execution_date=20260412T144541, start_date=20260412T144546, end_date=20260412T144550
[2026-04-12T14:45:50.969+0000] {local_task_job_runner.py:234} INFO - Task exited with return code 0
[2026-04-12T14:45:51.011+0000] {taskinstance.py:3280} INFO - 1 downstream tasks scheduled from follow-on schedule check
