[2026-04-12T14:31:07.329+0000] {taskinstance.py:1956} INFO - Dependencies all met for dep_context=non-requeueable deps ti=<TaskInstance: kenya_econ_pipeline.worldbank_ingest manual__2026-04-12T14:31:04+00:00 [queued]>
[2026-04-12T14:31:07.344+0000] {taskinstance.py:1956} INFO - Dependencies all met for dep_context=requeueable deps ti=<TaskInstance: kenya_econ_pipeline.worldbank_ingest manual__2026-04-12T14:31:04+00:00 [queued]>
[2026-04-12T14:31:07.347+0000] {taskinstance.py:2170} INFO - Starting attempt 1 of 4
[2026-04-12T14:31:07.375+0000] {taskinstance.py:2191} INFO - Executing <Task(PythonOperator): worldbank_ingest> on 2026-04-12 14:31:04+00:00
[2026-04-12T14:31:07.385+0000] {standard_task_runner.py:60} INFO - Started process 18488 to run task
[2026-04-12T14:31:07.391+0000] {standard_task_runner.py:87} INFO - Running: ['airflow', 'tasks', 'run', 'kenya_econ_pipeline', 'worldbank_ingest', 'manual__2026-04-12T14:31:04+00:00', '--job-id', '81', '--raw', '--subdir', 'DAGS_FOLDER/kenya_econ_dag.py', '--cfg-path', '/tmp/tmp2l5_8wi1']
[2026-04-12T14:31:07.394+0000] {standard_task_runner.py:88} INFO - Job 81: Subtask worldbank_ingest
[2026-04-12T14:31:07.460+0000] {task_command.py:423} INFO - Running <TaskInstance: kenya_econ_pipeline.worldbank_ingest manual__2026-04-12T14:31:04+00:00 [running]> on host 2f11af39ed07
[2026-04-12T14:31:07.532+0000] {taskinstance.py:2480} INFO - Exporting env vars: AIRFLOW_CTX_DAG_OWNER='samwel' AIRFLOW_CTX_DAG_ID='kenya_econ_pipeline' AIRFLOW_CTX_TASK_ID='worldbank_ingest' AIRFLOW_CTX_EXECUTION_DATE='2026-04-12T14:31:04+00:00' AIRFLOW_CTX_TRY_NUMBER='1' AIRFLOW_CTX_DAG_RUN_ID='manual__2026-04-12T14:31:04+00:00'
[2026-04-12T14:31:07.544+0000] {logging_mixin.py:188} INFO - {"timestamp": "2026-04-12T14:31:07.543999+00:00", "level": "INFO", "module": "ingestion.worldbank", "message": "Fetching World Bank indicator: gdp"}
[2026-04-12T14:31:07.543+0000] {worldbank.py:47} INFO - Fetching World Bank indicator: gdp
[2026-04-12T14:31:07.544+0000] {logging_mixin.py:188} INFO - {"timestamp": "2026-04-12T14:31:07.544521+00:00", "level": "INFO", "module": "ingestion.base_client", "message": "GET https://api.worldbank.org/v2/country/KE/indicator/NY.GDP.MKTP.CD | params={'format': 'json', 'per_page': 10, 'mrv': 5}"}
[2026-04-12T14:31:07.544+0000] {base_client.py:17} INFO - GET https://api.worldbank.org/v2/country/KE/indicator/NY.GDP.MKTP.CD | params={'format': 'json', 'per_page': 10, 'mrv': 5}
[2026-04-12T14:31:07.989+0000] {logging_mixin.py:188} INFO - {"timestamp": "2026-04-12T14:31:07.989300+00:00", "level": "INFO", "module": "ingestion.base_client", "message": "Response 200 from https://api.worldbank.org/v2/country/KE/indicator/NY.GDP.MKTP.CD"}
[2026-04-12T14:31:07.989+0000] {base_client.py:20} INFO - Response 200 from https://api.worldbank.org/v2/country/KE/indicator/NY.GDP.MKTP.CD
[2026-04-12T14:31:07.990+0000] {logging_mixin.py:188} INFO - {"timestamp": "2026-04-12T14:31:07.990816+00:00", "level": "INFO", "module": "utils.validators", "message": "[worldbank/gdp] Validation passed for fields: ['metadata', 'data']"}
[2026-04-12T14:31:07.990+0000] {validators.py:21} INFO - [worldbank/gdp] Validation passed for fields: ['metadata', 'data']
[2026-04-12T14:31:07.992+0000] {logging_mixin.py:188} INFO - {"timestamp": "2026-04-12T14:31:07.992050+00:00", "level": "INFO", "module": "ingestion.worldbank", "message": "Saved gdp data to data/raw/worldbank/gdp_ke_20260412.json"}
[2026-04-12T14:31:07.992+0000] {worldbank.py:42} INFO - Saved gdp data to data/raw/worldbank/gdp_ke_20260412.json
[2026-04-12T14:31:07.992+0000] {logging_mixin.py:188} INFO - {"timestamp": "2026-04-12T14:31:07.992353+00:00", "level": "INFO", "module": "ingestion.worldbank", "message": "Fetching World Bank indicator: inflation"}
[2026-04-12T14:31:07.992+0000] {worldbank.py:47} INFO - Fetching World Bank indicator: inflation
[2026-04-12T14:31:07.992+0000] {logging_mixin.py:188} INFO - {"timestamp": "2026-04-12T14:31:07.992610+00:00", "level": "INFO", "module": "ingestion.base_client", "message": "GET https://api.worldbank.org/v2/country/KE/indicator/FP.CPI.TOTL.ZG | params={'format': 'json', 'per_page': 10, 'mrv': 5}"}
[2026-04-12T14:31:07.992+0000] {base_client.py:17} INFO - GET https://api.worldbank.org/v2/country/KE/indicator/FP.CPI.TOTL.ZG | params={'format': 'json', 'per_page': 10, 'mrv': 5}
[2026-04-12T14:31:08.414+0000] {logging_mixin.py:188} INFO - {"timestamp": "2026-04-12T14:31:08.414745+00:00", "level": "INFO", "module": "ingestion.base_client", "message": "Response 200 from https://api.worldbank.org/v2/country/KE/indicator/FP.CPI.TOTL.ZG"}
[2026-04-12T14:31:08.414+0000] {base_client.py:20} INFO - Response 200 from https://api.worldbank.org/v2/country/KE/indicator/FP.CPI.TOTL.ZG
[2026-04-12T14:31:08.417+0000] {logging_mixin.py:188} INFO - {"timestamp": "2026-04-12T14:31:08.417401+00:00", "level": "INFO", "module": "utils.validators", "message": "[worldbank/inflation] Validation passed for fields: ['metadata', 'data']"}
[2026-04-12T14:31:08.417+0000] {validators.py:21} INFO - [worldbank/inflation] Validation passed for fields: ['metadata', 'data']
[2026-04-12T14:31:08.419+0000] {logging_mixin.py:188} INFO - {"timestamp": "2026-04-12T14:31:08.419806+00:00", "level": "INFO", "module": "ingestion.worldbank", "message": "Saved inflation data to data/raw/worldbank/inflation_ke_20260412.json"}
[2026-04-12T14:31:08.419+0000] {worldbank.py:42} INFO - Saved inflation data to data/raw/worldbank/inflation_ke_20260412.json
[2026-04-12T14:31:08.420+0000] {python.py:201} INFO - Done. Returned value was: None
[2026-04-12T14:31:08.438+0000] {taskinstance.py:1138} INFO - Marking task as SUCCESS. dag_id=kenya_econ_pipeline, task_id=worldbank_ingest, execution_date=20260412T143104, start_date=20260412T143107, end_date=20260412T143108
[2026-04-12T14:31:08.497+0000] {local_task_job_runner.py:234} INFO - Task exited with return code 0
[2026-04-12T14:31:08.532+0000] {taskinstance.py:3280} INFO - 0 downstream tasks scheduled from follow-on schedule check
