[2026-04-12T13:51:09.629+0000] {taskinstance.py:1956} INFO - Dependencies all met for dep_context=non-requeueable deps ti=<TaskInstance: kenya_econ_pipeline.worldbank_ingest manual__2026-04-12T13:51:07+00:00 [queued]>
[2026-04-12T13:51:09.647+0000] {taskinstance.py:1956} INFO - Dependencies all met for dep_context=requeueable deps ti=<TaskInstance: kenya_econ_pipeline.worldbank_ingest manual__2026-04-12T13:51:07+00:00 [queued]>
[2026-04-12T13:51:09.647+0000] {taskinstance.py:2170} INFO - Starting attempt 1 of 4
[2026-04-12T13:51:09.674+0000] {taskinstance.py:2191} INFO - Executing <Task(PythonOperator): worldbank_ingest> on 2026-04-12 13:51:07+00:00
[2026-04-12T13:51:09.696+0000] {standard_task_runner.py:60} INFO - Started process 17923 to run task
[2026-04-12T13:51:09.704+0000] {standard_task_runner.py:87} INFO - Running: ['airflow', 'tasks', 'run', 'kenya_econ_pipeline', 'worldbank_ingest', 'manual__2026-04-12T13:51:07+00:00', '--job-id', '42', '--raw', '--subdir', 'DAGS_FOLDER/kenya_econ_dag.py', '--cfg-path', '/tmp/tmp8cdqhv8j']
[2026-04-12T13:51:09.707+0000] {standard_task_runner.py:88} INFO - Job 42: Subtask worldbank_ingest
[2026-04-12T13:51:09.782+0000] {task_command.py:423} INFO - Running <TaskInstance: kenya_econ_pipeline.worldbank_ingest manual__2026-04-12T13:51:07+00:00 [running]> on host 2f11af39ed07
[2026-04-12T13:51:09.843+0000] {taskinstance.py:2480} INFO - Exporting env vars: AIRFLOW_CTX_DAG_OWNER='samwel' AIRFLOW_CTX_DAG_ID='kenya_econ_pipeline' AIRFLOW_CTX_TASK_ID='worldbank_ingest' AIRFLOW_CTX_EXECUTION_DATE='2026-04-12T13:51:07+00:00' AIRFLOW_CTX_TRY_NUMBER='1' AIRFLOW_CTX_DAG_RUN_ID='manual__2026-04-12T13:51:07+00:00'
[2026-04-12T13:51:09.852+0000] {logging_mixin.py:188} INFO - {"timestamp": "2026-04-12T13:51:09.851971+00:00", "level": "INFO", "module": "ingestion.worldbank", "message": "Fetching World Bank indicator: gdp"}
[2026-04-12T13:51:09.851+0000] {worldbank.py:47} INFO - Fetching World Bank indicator: gdp
[2026-04-12T13:51:09.853+0000] {logging_mixin.py:188} INFO - {"timestamp": "2026-04-12T13:51:09.852959+00:00", "level": "INFO", "module": "ingestion.base_client", "message": "GET https://api.worldbank.org/v2/country/KE/indicator/NY.GDP.MKTP.CD | params={'format': 'json', 'per_page': 10, 'mrv': 5}"}
[2026-04-12T13:51:09.852+0000] {base_client.py:17} INFO - GET https://api.worldbank.org/v2/country/KE/indicator/NY.GDP.MKTP.CD | params={'format': 'json', 'per_page': 10, 'mrv': 5}
[2026-04-12T13:51:10.556+0000] {logging_mixin.py:188} INFO - {"timestamp": "2026-04-12T13:51:10.555306+00:00", "level": "INFO", "module": "ingestion.base_client", "message": "Response 200 from https://api.worldbank.org/v2/country/KE/indicator/NY.GDP.MKTP.CD"}
[2026-04-12T13:51:10.554+0000] {base_client.py:20} INFO - Response 200 from https://api.worldbank.org/v2/country/KE/indicator/NY.GDP.MKTP.CD
[2026-04-12T13:51:10.560+0000] {logging_mixin.py:188} INFO - {"timestamp": "2026-04-12T13:51:10.560689+00:00", "level": "INFO", "module": "utils.validators", "message": "[worldbank/gdp] Validation passed for fields: ['metadata', 'data']"}
[2026-04-12T13:51:10.560+0000] {validators.py:21} INFO - [worldbank/gdp] Validation passed for fields: ['metadata', 'data']
[2026-04-12T13:51:10.562+0000] {logging_mixin.py:188} INFO - {"timestamp": "2026-04-12T13:51:10.562754+00:00", "level": "INFO", "module": "ingestion.worldbank", "message": "Saved gdp data to data/raw/worldbank/gdp_ke_20260412.json"}
[2026-04-12T13:51:10.562+0000] {worldbank.py:42} INFO - Saved gdp data to data/raw/worldbank/gdp_ke_20260412.json
[2026-04-12T13:51:10.563+0000] {logging_mixin.py:188} INFO - {"timestamp": "2026-04-12T13:51:10.563231+00:00", "level": "INFO", "module": "ingestion.worldbank", "message": "Fetching World Bank indicator: inflation"}
[2026-04-12T13:51:10.563+0000] {worldbank.py:47} INFO - Fetching World Bank indicator: inflation
[2026-04-12T13:51:10.563+0000] {logging_mixin.py:188} INFO - {"timestamp": "2026-04-12T13:51:10.563573+00:00", "level": "INFO", "module": "ingestion.base_client", "message": "GET https://api.worldbank.org/v2/country/KE/indicator/FP.CPI.TOTL.ZG | params={'format': 'json', 'per_page': 10, 'mrv': 5}"}
[2026-04-12T13:51:10.563+0000] {base_client.py:17} INFO - GET https://api.worldbank.org/v2/country/KE/indicator/FP.CPI.TOTL.ZG | params={'format': 'json', 'per_page': 10, 'mrv': 5}
[2026-04-12T13:51:10.956+0000] {logging_mixin.py:188} INFO - {"timestamp": "2026-04-12T13:51:10.955893+00:00", "level": "INFO", "module": "ingestion.base_client", "message": "Response 200 from https://api.worldbank.org/v2/country/KE/indicator/FP.CPI.TOTL.ZG"}
[2026-04-12T13:51:10.955+0000] {base_client.py:20} INFO - Response 200 from https://api.worldbank.org/v2/country/KE/indicator/FP.CPI.TOTL.ZG
[2026-04-12T13:51:10.961+0000] {logging_mixin.py:188} INFO - {"timestamp": "2026-04-12T13:51:10.961334+00:00", "level": "INFO", "module": "utils.validators", "message": "[worldbank/inflation] Validation passed for fields: ['metadata', 'data']"}
[2026-04-12T13:51:10.961+0000] {validators.py:21} INFO - [worldbank/inflation] Validation passed for fields: ['metadata', 'data']
[2026-04-12T13:51:10.964+0000] {logging_mixin.py:188} INFO - {"timestamp": "2026-04-12T13:51:10.964753+00:00", "level": "INFO", "module": "ingestion.worldbank", "message": "Saved inflation data to data/raw/worldbank/inflation_ke_20260412.json"}
[2026-04-12T13:51:10.964+0000] {worldbank.py:42} INFO - Saved inflation data to data/raw/worldbank/inflation_ke_20260412.json
[2026-04-12T13:51:10.965+0000] {python.py:201} INFO - Done. Returned value was: None
[2026-04-12T13:51:11.012+0000] {taskinstance.py:1138} INFO - Marking task as SUCCESS. dag_id=kenya_econ_pipeline, task_id=worldbank_ingest, execution_date=20260412T135107, start_date=20260412T135109, end_date=20260412T135111
[2026-04-12T13:51:11.058+0000] {local_task_job_runner.py:234} INFO - Task exited with return code 0
[2026-04-12T13:51:11.097+0000] {taskinstance.py:3280} INFO - 0 downstream tasks scheduled from follow-on schedule check
