[2026-04-12T14:21:38.382+0000] {taskinstance.py:1956} INFO - Dependencies all met for dep_context=non-requeueable deps ti=<TaskInstance: kenya_econ_pipeline.worldbank_ingest manual__2026-04-12T13:51:07+00:00 [queued]>
[2026-04-12T14:21:38.399+0000] {taskinstance.py:1956} INFO - Dependencies all met for dep_context=requeueable deps ti=<TaskInstance: kenya_econ_pipeline.worldbank_ingest manual__2026-04-12T13:51:07+00:00 [queued]>
[2026-04-12T14:21:38.400+0000] {taskinstance.py:2170} INFO - Starting attempt 2 of 5
[2026-04-12T14:21:38.415+0000] {taskinstance.py:2191} INFO - Executing <Task(PythonOperator): worldbank_ingest> on 2026-04-12 13:51:07+00:00
[2026-04-12T14:21:38.423+0000] {standard_task_runner.py:60} INFO - Started process 18268 to run task
[2026-04-12T14:21:38.433+0000] {standard_task_runner.py:87} INFO - Running: ['airflow', 'tasks', 'run', 'kenya_econ_pipeline', 'worldbank_ingest', 'manual__2026-04-12T13:51:07+00:00', '--job-id', '56', '--raw', '--subdir', 'DAGS_FOLDER/kenya_econ_dag.py', '--cfg-path', '/tmp/tmpj2cvj3on']
[2026-04-12T14:21:38.442+0000] {standard_task_runner.py:88} INFO - Job 56: Subtask worldbank_ingest
[2026-04-12T14:21:38.947+0000] {task_command.py:423} INFO - Running <TaskInstance: kenya_econ_pipeline.worldbank_ingest manual__2026-04-12T13:51:07+00:00 [running]> on host 2f11af39ed07
[2026-04-12T14:21:39.796+0000] {taskinstance.py:2480} INFO - Exporting env vars: AIRFLOW_CTX_DAG_OWNER='samwel' AIRFLOW_CTX_DAG_ID='kenya_econ_pipeline' AIRFLOW_CTX_TASK_ID='worldbank_ingest' AIRFLOW_CTX_EXECUTION_DATE='2026-04-12T13:51:07+00:00' AIRFLOW_CTX_TRY_NUMBER='2' AIRFLOW_CTX_DAG_RUN_ID='manual__2026-04-12T13:51:07+00:00'
[2026-04-12T14:21:39.896+0000] {logging_mixin.py:188} INFO - {"timestamp": "2026-04-12T14:21:39.896586+00:00", "level": "INFO", "module": "ingestion.worldbank", "message": "Fetching World Bank indicator: gdp"}
[2026-04-12T14:21:39.896+0000] {worldbank.py:47} INFO - Fetching World Bank indicator: gdp
[2026-04-12T14:21:39.900+0000] {logging_mixin.py:188} INFO - {"timestamp": "2026-04-12T14:21:39.900408+00:00", "level": "INFO", "module": "ingestion.base_client", "message": "GET https://api.worldbank.org/v2/country/KE/indicator/NY.GDP.MKTP.CD | params={'format': 'json', 'per_page': 10, 'mrv': 5}"}
[2026-04-12T14:21:39.900+0000] {base_client.py:17} INFO - GET https://api.worldbank.org/v2/country/KE/indicator/NY.GDP.MKTP.CD | params={'format': 'json', 'per_page': 10, 'mrv': 5}
[2026-04-12T14:21:40.827+0000] {logging_mixin.py:188} INFO - {"timestamp": "2026-04-12T14:21:40.827431+00:00", "level": "INFO", "module": "ingestion.base_client", "message": "Response 200 from https://api.worldbank.org/v2/country/KE/indicator/NY.GDP.MKTP.CD"}
[2026-04-12T14:21:40.827+0000] {base_client.py:20} INFO - Response 200 from https://api.worldbank.org/v2/country/KE/indicator/NY.GDP.MKTP.CD
[2026-04-12T14:21:40.832+0000] {logging_mixin.py:188} INFO - {"timestamp": "2026-04-12T14:21:40.832320+00:00", "level": "INFO", "module": "utils.validators", "message": "[worldbank/gdp] Validation passed for fields: ['metadata', 'data']"}
[2026-04-12T14:21:40.832+0000] {validators.py:21} INFO - [worldbank/gdp] Validation passed for fields: ['metadata', 'data']
[2026-04-12T14:21:40.842+0000] {logging_mixin.py:188} INFO - {"timestamp": "2026-04-12T14:21:40.842100+00:00", "level": "INFO", "module": "ingestion.worldbank", "message": "Saved gdp data to data/raw/worldbank/gdp_ke_20260412.json"}
[2026-04-12T14:21:40.841+0000] {worldbank.py:42} INFO - Saved gdp data to data/raw/worldbank/gdp_ke_20260412.json
[2026-04-12T14:21:40.844+0000] {logging_mixin.py:188} INFO - {"timestamp": "2026-04-12T14:21:40.844126+00:00", "level": "INFO", "module": "ingestion.worldbank", "message": "Fetching World Bank indicator: inflation"}
[2026-04-12T14:21:40.844+0000] {worldbank.py:47} INFO - Fetching World Bank indicator: inflation
[2026-04-12T14:21:40.844+0000] {logging_mixin.py:188} INFO - {"timestamp": "2026-04-12T14:21:40.844762+00:00", "level": "INFO", "module": "ingestion.base_client", "message": "GET https://api.worldbank.org/v2/country/KE/indicator/FP.CPI.TOTL.ZG | params={'format': 'json', 'per_page': 10, 'mrv': 5}"}
[2026-04-12T14:21:40.844+0000] {base_client.py:17} INFO - GET https://api.worldbank.org/v2/country/KE/indicator/FP.CPI.TOTL.ZG | params={'format': 'json', 'per_page': 10, 'mrv': 5}
[2026-04-12T14:21:41.937+0000] {logging_mixin.py:188} INFO - {"timestamp": "2026-04-12T14:21:41.937383+00:00", "level": "INFO", "module": "ingestion.base_client", "message": "Response 200 from https://api.worldbank.org/v2/country/KE/indicator/FP.CPI.TOTL.ZG"}
[2026-04-12T14:21:41.937+0000] {base_client.py:20} INFO - Response 200 from https://api.worldbank.org/v2/country/KE/indicator/FP.CPI.TOTL.ZG
[2026-04-12T14:21:41.948+0000] {logging_mixin.py:188} INFO - {"timestamp": "2026-04-12T14:21:41.948630+00:00", "level": "INFO", "module": "utils.validators", "message": "[worldbank/inflation] Validation passed for fields: ['metadata', 'data']"}
[2026-04-12T14:21:41.948+0000] {validators.py:21} INFO - [worldbank/inflation] Validation passed for fields: ['metadata', 'data']
[2026-04-12T14:21:41.957+0000] {logging_mixin.py:188} INFO - {"timestamp": "2026-04-12T14:21:41.957262+00:00", "level": "INFO", "module": "ingestion.worldbank", "message": "Saved inflation data to data/raw/worldbank/inflation_ke_20260412.json"}
[2026-04-12T14:21:41.957+0000] {worldbank.py:42} INFO - Saved inflation data to data/raw/worldbank/inflation_ke_20260412.json
[2026-04-12T14:21:41.957+0000] {python.py:201} INFO - Done. Returned value was: None
[2026-04-12T14:21:42.013+0000] {taskinstance.py:1138} INFO - Marking task as SUCCESS. dag_id=kenya_econ_pipeline, task_id=worldbank_ingest, execution_date=20260412T135107, start_date=20260412T142138, end_date=20260412T142142
[2026-04-12T14:21:42.072+0000] {local_task_job_runner.py:234} INFO - Task exited with return code 0
[2026-04-12T14:21:42.347+0000] {taskinstance.py:3280} INFO - 0 downstream tasks scheduled from follow-on schedule check
