[2026-04-12T13:50:56.651+0000] {taskinstance.py:1956} INFO - Dependencies all met for dep_context=non-requeueable deps ti=<TaskInstance: kenya_econ_pipeline.load_to_postgres scheduled__2026-04-09T03:00:00+00:00 [queued]>
[2026-04-12T13:50:56.662+0000] {taskinstance.py:1956} INFO - Dependencies all met for dep_context=requeueable deps ti=<TaskInstance: kenya_econ_pipeline.load_to_postgres scheduled__2026-04-09T03:00:00+00:00 [queued]>
[2026-04-12T13:50:56.663+0000] {taskinstance.py:2170} INFO - Starting attempt 5 of 8
[2026-04-12T13:50:56.671+0000] {taskinstance.py:2191} INFO - Executing <Task(PythonOperator): load_to_postgres> on 2026-04-09 03:00:00+00:00
[2026-04-12T13:50:56.676+0000] {standard_task_runner.py:60} INFO - Started process 17904 to run task
[2026-04-12T13:50:56.681+0000] {standard_task_runner.py:87} INFO - Running: ['airflow', 'tasks', 'run', 'kenya_econ_pipeline', 'load_to_postgres', 'scheduled__2026-04-09T03:00:00+00:00', '--job-id', '39', '--raw', '--subdir', 'DAGS_FOLDER/kenya_econ_dag.py', '--cfg-path', '/tmp/tmpo5_bji6t']
[2026-04-12T13:50:56.684+0000] {standard_task_runner.py:88} INFO - Job 39: Subtask load_to_postgres
[2026-04-12T13:50:56.727+0000] {task_command.py:423} INFO - Running <TaskInstance: kenya_econ_pipeline.load_to_postgres scheduled__2026-04-09T03:00:00+00:00 [running]> on host 2f11af39ed07
[2026-04-12T13:50:56.783+0000] {taskinstance.py:2480} INFO - Exporting env vars: AIRFLOW_CTX_DAG_OWNER='samwel' AIRFLOW_CTX_DAG_ID='kenya_econ_pipeline' AIRFLOW_CTX_TASK_ID='load_to_postgres' AIRFLOW_CTX_EXECUTION_DATE='2026-04-09T03:00:00+00:00' AIRFLOW_CTX_TRY_NUMBER='5' AIRFLOW_CTX_DAG_RUN_ID='scheduled__2026-04-09T03:00:00+00:00'
[2026-04-12T13:50:56.811+0000] {logging_mixin.py:188} INFO - {"timestamp": "2026-04-12T13:50:56.811274+00:00", "level": "INFO", "module": "db.connection", "message": "Transaction committed"}
[2026-04-12T13:50:56.811+0000] {connection.py:26} INFO - Transaction committed
[2026-04-12T13:50:56.811+0000] {logging_mixin.py:188} INFO - {"timestamp": "2026-04-12T13:50:56.811946+00:00", "level": "INFO", "module": "db.loaders.worldbank_loader", "message": "Inserted 5 rows into raw.worldbank_gdp from gdp_ke_20260402.json"}
[2026-04-12T13:50:56.811+0000] {worldbank_loader.py:38} INFO - Inserted 5 rows into raw.worldbank_gdp from gdp_ke_20260402.json
[2026-04-12T13:50:56.818+0000] {logging_mixin.py:188} INFO - {"timestamp": "2026-04-12T13:50:56.817960+00:00", "level": "INFO", "module": "db.connection", "message": "Transaction committed"}
[2026-04-12T13:50:56.817+0000] {connection.py:26} INFO - Transaction committed
[2026-04-12T13:50:56.818+0000] {logging_mixin.py:188} INFO - {"timestamp": "2026-04-12T13:50:56.818641+00:00", "level": "INFO", "module": "db.loaders.worldbank_loader", "message": "Inserted 5 rows into raw.worldbank_gdp from gdp_ke_20260408.json"}
[2026-04-12T13:50:56.818+0000] {worldbank_loader.py:38} INFO - Inserted 5 rows into raw.worldbank_gdp from gdp_ke_20260408.json
[2026-04-12T13:50:56.825+0000] {logging_mixin.py:188} INFO - {"timestamp": "2026-04-12T13:50:56.825605+00:00", "level": "INFO", "module": "db.connection", "message": "Transaction committed"}
[2026-04-12T13:50:56.825+0000] {connection.py:26} INFO - Transaction committed
[2026-04-12T13:50:56.826+0000] {logging_mixin.py:188} INFO - {"timestamp": "2026-04-12T13:50:56.825982+00:00", "level": "INFO", "module": "db.loaders.worldbank_loader", "message": "Inserted 5 rows into raw.worldbank_gdp from gdp_ke_20260409.json"}
[2026-04-12T13:50:56.825+0000] {worldbank_loader.py:38} INFO - Inserted 5 rows into raw.worldbank_gdp from gdp_ke_20260409.json
[2026-04-12T13:50:56.830+0000] {logging_mixin.py:188} INFO - {"timestamp": "2026-04-12T13:50:56.830601+00:00", "level": "INFO", "module": "db.connection", "message": "Transaction committed"}
[2026-04-12T13:50:56.830+0000] {connection.py:26} INFO - Transaction committed
[2026-04-12T13:50:56.830+0000] {logging_mixin.py:188} INFO - {"timestamp": "2026-04-12T13:50:56.830905+00:00", "level": "INFO", "module": "db.loaders.worldbank_loader", "message": "Inserted 5 rows into raw.worldbank_gdp from gdp_ke_20260410.json"}
[2026-04-12T13:50:56.830+0000] {worldbank_loader.py:38} INFO - Inserted 5 rows into raw.worldbank_gdp from gdp_ke_20260410.json
[2026-04-12T13:50:56.835+0000] {logging_mixin.py:188} INFO - {"timestamp": "2026-04-12T13:50:56.835329+00:00", "level": "INFO", "module": "db.connection", "message": "Transaction committed"}
[2026-04-12T13:50:56.835+0000] {connection.py:26} INFO - Transaction committed
[2026-04-12T13:50:56.835+0000] {logging_mixin.py:188} INFO - {"timestamp": "2026-04-12T13:50:56.835630+00:00", "level": "INFO", "module": "db.loaders.worldbank_loader", "message": "Inserted 5 rows into raw.worldbank_gdp from gdp_ke_20260411.json"}
[2026-04-12T13:50:56.835+0000] {worldbank_loader.py:38} INFO - Inserted 5 rows into raw.worldbank_gdp from gdp_ke_20260411.json
[2026-04-12T13:50:56.839+0000] {logging_mixin.py:188} INFO - {"timestamp": "2026-04-12T13:50:56.839669+00:00", "level": "INFO", "module": "db.connection", "message": "Transaction committed"}
[2026-04-12T13:50:56.839+0000] {connection.py:26} INFO - Transaction committed
[2026-04-12T13:50:56.839+0000] {logging_mixin.py:188} INFO - {"timestamp": "2026-04-12T13:50:56.839964+00:00", "level": "INFO", "module": "db.loaders.worldbank_loader", "message": "Inserted 5 rows into raw.worldbank_gdp from gdp_ke_20260412.json"}
[2026-04-12T13:50:56.839+0000] {worldbank_loader.py:38} INFO - Inserted 5 rows into raw.worldbank_gdp from gdp_ke_20260412.json
[2026-04-12T13:50:56.845+0000] {logging_mixin.py:188} INFO - {"timestamp": "2026-04-12T13:50:56.845017+00:00", "level": "INFO", "module": "db.connection", "message": "Transaction committed"}
[2026-04-12T13:50:56.844+0000] {connection.py:26} INFO - Transaction committed
[2026-04-12T13:50:56.845+0000] {logging_mixin.py:188} INFO - {"timestamp": "2026-04-12T13:50:56.845471+00:00", "level": "INFO", "module": "db.loaders.worldbank_loader", "message": "Inserted 5 rows into raw.worldbank_inflation from inflation_ke_20260402.json"}
[2026-04-12T13:50:56.845+0000] {worldbank_loader.py:38} INFO - Inserted 5 rows into raw.worldbank_inflation from inflation_ke_20260402.json
[2026-04-12T13:50:56.850+0000] {logging_mixin.py:188} INFO - {"timestamp": "2026-04-12T13:50:56.850051+00:00", "level": "INFO", "module": "db.connection", "message": "Transaction committed"}
[2026-04-12T13:50:56.850+0000] {connection.py:26} INFO - Transaction committed
[2026-04-12T13:50:56.850+0000] {logging_mixin.py:188} INFO - {"timestamp": "2026-04-12T13:50:56.850372+00:00", "level": "INFO", "module": "db.loaders.worldbank_loader", "message": "Inserted 5 rows into raw.worldbank_inflation from inflation_ke_20260408.json"}
[2026-04-12T13:50:56.850+0000] {worldbank_loader.py:38} INFO - Inserted 5 rows into raw.worldbank_inflation from inflation_ke_20260408.json
[2026-04-12T13:50:56.856+0000] {logging_mixin.py:188} INFO - {"timestamp": "2026-04-12T13:50:56.856080+00:00", "level": "INFO", "module": "db.connection", "message": "Transaction committed"}
[2026-04-12T13:50:56.856+0000] {connection.py:26} INFO - Transaction committed
[2026-04-12T13:50:56.856+0000] {logging_mixin.py:188} INFO - {"timestamp": "2026-04-12T13:50:56.856379+00:00", "level": "INFO", "module": "db.loaders.worldbank_loader", "message": "Inserted 5 rows into raw.worldbank_inflation from inflation_ke_20260409.json"}
[2026-04-12T13:50:56.856+0000] {worldbank_loader.py:38} INFO - Inserted 5 rows into raw.worldbank_inflation from inflation_ke_20260409.json
[2026-04-12T13:50:56.866+0000] {logging_mixin.py:188} INFO - {"timestamp": "2026-04-12T13:50:56.866230+00:00", "level": "INFO", "module": "db.connection", "message": "Transaction committed"}
[2026-04-12T13:50:56.866+0000] {connection.py:26} INFO - Transaction committed
[2026-04-12T13:50:56.866+0000] {logging_mixin.py:188} INFO - {"timestamp": "2026-04-12T13:50:56.866774+00:00", "level": "INFO", "module": "db.loaders.worldbank_loader", "message": "Inserted 5 rows into raw.worldbank_inflation from inflation_ke_20260410.json"}
[2026-04-12T13:50:56.866+0000] {worldbank_loader.py:38} INFO - Inserted 5 rows into raw.worldbank_inflation from inflation_ke_20260410.json
[2026-04-12T13:50:56.872+0000] {logging_mixin.py:188} INFO - {"timestamp": "2026-04-12T13:50:56.872155+00:00", "level": "INFO", "module": "db.connection", "message": "Transaction committed"}
[2026-04-12T13:50:56.872+0000] {connection.py:26} INFO - Transaction committed
[2026-04-12T13:50:56.873+0000] {logging_mixin.py:188} INFO - {"timestamp": "2026-04-12T13:50:56.873794+00:00", "level": "INFO", "module": "db.loaders.worldbank_loader", "message": "Inserted 5 rows into raw.worldbank_inflation from inflation_ke_20260411.json"}
[2026-04-12T13:50:56.873+0000] {worldbank_loader.py:38} INFO - Inserted 5 rows into raw.worldbank_inflation from inflation_ke_20260411.json
[2026-04-12T13:50:56.879+0000] {logging_mixin.py:188} INFO - {"timestamp": "2026-04-12T13:50:56.879696+00:00", "level": "INFO", "module": "db.connection", "message": "Transaction committed"}
[2026-04-12T13:50:56.879+0000] {connection.py:26} INFO - Transaction committed
[2026-04-12T13:50:56.880+0000] {logging_mixin.py:188} INFO - {"timestamp": "2026-04-12T13:50:56.880078+00:00", "level": "INFO", "module": "db.loaders.worldbank_loader", "message": "Inserted 5 rows into raw.worldbank_inflation from inflation_ke_20260412.json"}
[2026-04-12T13:50:56.880+0000] {worldbank_loader.py:38} INFO - Inserted 5 rows into raw.worldbank_inflation from inflation_ke_20260412.json
[2026-04-12T13:50:56.887+0000] {logging_mixin.py:188} INFO - {"timestamp": "2026-04-12T13:50:56.887571+00:00", "level": "ERROR", "module": "db.connection", "message": "Transaction rolled back: duplicate key value violates unique constraint \"stg_worldbank_gdp_country_code_indicator_id_year_valid_from_key\"\nDETAIL:  Key (country_code, indicator_id, year, valid_from)=(KEN, NY.GDP.MKTP.CD, 2024, 2026-04-12 13:50:56.883546+00) already exists.\n"}
[2026-04-12T13:50:56.887+0000] {connection.py:29} ERROR - Transaction rolled back: duplicate key value violates unique constraint "stg_worldbank_gdp_country_code_indicator_id_year_valid_from_key"
DETAIL:  Key (country_code, indicator_id, year, valid_from)=(KEN, NY.GDP.MKTP.CD, 2024, 2026-04-12 13:50:56.883546+00) already exists.

[2026-04-12T13:50:56.888+0000] {taskinstance.py:2698} ERROR - Task failed with exception
Traceback (most recent call last):
  File "/home/airflow/.local/lib/python3.8/site-packages/airflow/models/taskinstance.py", line 433, in _execute_task
    result = execute_callable(context=context, **execute_callable_kwargs)
  File "/home/airflow/.local/lib/python3.8/site-packages/airflow/operators/python.py", line 199, in execute
    return_value = self.execute_callable()
  File "/home/airflow/.local/lib/python3.8/site-packages/airflow/operators/python.py", line 216, in execute_callable
    return self.python_callable(*self.op_args, **self.op_kwargs)
  File "/opt/airflow/dags/kenya_econ_dag.py", line 37, in run_loaders
    run_worldbank()
  File "/opt/airflow/db/loaders/worldbank_loader.py", line 94, in run
    load_to_staging_gdp()
  File "/opt/airflow/db/loaders/worldbank_loader.py", line 43, in load_to_staging_gdp
    cur.execute("""
psycopg2.errors.UniqueViolation: duplicate key value violates unique constraint "stg_worldbank_gdp_country_code_indicator_id_year_valid_from_key"
DETAIL:  Key (country_code, indicator_id, year, valid_from)=(KEN, NY.GDP.MKTP.CD, 2024, 2026-04-12 13:50:56.883546+00) already exists.

[2026-04-12T13:50:56.897+0000] {taskinstance.py:1138} INFO - Marking task as UP_FOR_RETRY. dag_id=kenya_econ_pipeline, task_id=load_to_postgres, execution_date=20260409T030000, start_date=20260412T135056, end_date=20260412T135056
[2026-04-12T13:50:56.904+0000] {standard_task_runner.py:107} ERROR - Failed to execute job 39 for task load_to_postgres (duplicate key value violates unique constraint "stg_worldbank_gdp_country_code_indicator_id_year_valid_from_key"
DETAIL:  Key (country_code, indicator_id, year, valid_from)=(KEN, NY.GDP.MKTP.CD, 2024, 2026-04-12 13:50:56.883546+00) already exists.
; 17904)
[2026-04-12T13:50:56.951+0000] {local_task_job_runner.py:234} INFO - Task exited with return code 1
[2026-04-12T13:50:56.968+0000] {taskinstance.py:3280} INFO - 0 downstream tasks scheduled from follow-on schedule check
