[2026-04-10T03:29:34.886+0000] {taskinstance.py:1956} INFO - Dependencies all met for dep_context=non-requeueable deps ti=<TaskInstance: kenya_econ_pipeline.load_to_postgres scheduled__2026-04-09T03:00:00+00:00 [queued]>
[2026-04-10T03:29:34.937+0000] {taskinstance.py:1956} INFO - Dependencies all met for dep_context=requeueable deps ti=<TaskInstance: kenya_econ_pipeline.load_to_postgres scheduled__2026-04-09T03:00:00+00:00 [queued]>
[2026-04-10T03:29:34.937+0000] {taskinstance.py:2170} INFO - Starting attempt 2 of 4
[2026-04-10T03:29:34.964+0000] {taskinstance.py:2191} INFO - Executing <Task(PythonOperator): load_to_postgres> on 2026-04-09 03:00:00+00:00
[2026-04-10T03:29:34.986+0000] {standard_task_runner.py:60} INFO - Started process 1619 to run task
[2026-04-10T03:29:34.995+0000] {standard_task_runner.py:87} INFO - Running: ['airflow', 'tasks', 'run', 'kenya_econ_pipeline', 'load_to_postgres', 'scheduled__2026-04-09T03:00:00+00:00', '--job-id', '17', '--raw', '--subdir', 'DAGS_FOLDER/kenya_econ_dag.py', '--cfg-path', '/tmp/tmpsvje4bvt']
[2026-04-10T03:29:35.002+0000] {standard_task_runner.py:88} INFO - Job 17: Subtask load_to_postgres
[2026-04-10T03:29:35.155+0000] {task_command.py:423} INFO - Running <TaskInstance: kenya_econ_pipeline.load_to_postgres scheduled__2026-04-09T03:00:00+00:00 [running]> on host 2f11af39ed07
[2026-04-10T03:29:35.444+0000] {taskinstance.py:2480} INFO - Exporting env vars: AIRFLOW_CTX_DAG_OWNER='samwel' AIRFLOW_CTX_DAG_ID='kenya_econ_pipeline' AIRFLOW_CTX_TASK_ID='load_to_postgres' AIRFLOW_CTX_EXECUTION_DATE='2026-04-09T03:00:00+00:00' AIRFLOW_CTX_TRY_NUMBER='2' AIRFLOW_CTX_DAG_RUN_ID='scheduled__2026-04-09T03:00:00+00:00'
[2026-04-10T03:29:35.548+0000] {logging_mixin.py:188} INFO - {"timestamp": "2026-04-10T03:29:35.548051+00:00", "level": "ERROR", "module": "db.connection", "message": "Transaction rolled back: relation \"raw.worldbank_gdp\" does not exist\nLINE 2:                 INSERT INTO raw.worldbank_gdp\n                                    ^\n"}
[2026-04-10T03:29:35.547+0000] {connection.py:29} ERROR - Transaction rolled back: relation "raw.worldbank_gdp" does not exist
LINE 2:                 INSERT INTO raw.worldbank_gdp
                                    ^

[2026-04-10T03:29:35.551+0000] {taskinstance.py:2698} ERROR - Task failed with exception
Traceback (most recent call last):
  File "/home/airflow/.local/lib/python3.8/site-packages/airflow/models/taskinstance.py", line 433, in _execute_task
    result = execute_callable(context=context, **execute_callable_kwargs)
  File "/home/airflow/.local/lib/python3.8/site-packages/airflow/operators/python.py", line 199, in execute
    return_value = self.execute_callable()
  File "/home/airflow/.local/lib/python3.8/site-packages/airflow/operators/python.py", line 216, in execute_callable
    return self.python_callable(*self.op_args, **self.op_kwargs)
  File "/opt/airflow/dags/kenya_econ_dag.py", line 31, in run_loaders
    run_worldbank()
  File "/opt/airflow/db/loaders/worldbank_loader.py", line 90, in run
    load_worldbank_file(f, "worldbank_gdp", "value_usd")
  File "/opt/airflow/db/loaders/worldbank_loader.py", line 22, in load_worldbank_file
    cur.execute(f"""
psycopg2.errors.UndefinedTable: relation "raw.worldbank_gdp" does not exist
LINE 2:                 INSERT INTO raw.worldbank_gdp
                                    ^

[2026-04-10T03:29:35.605+0000] {taskinstance.py:1138} INFO - Marking task as UP_FOR_RETRY. dag_id=kenya_econ_pipeline, task_id=load_to_postgres, execution_date=20260409T030000, start_date=20260410T032934, end_date=20260410T032935
[2026-04-10T03:29:35.634+0000] {standard_task_runner.py:107} ERROR - Failed to execute job 17 for task load_to_postgres (relation "raw.worldbank_gdp" does not exist
LINE 2:                 INSERT INTO raw.worldbank_gdp
                                    ^
; 1619)
[2026-04-10T03:29:35.696+0000] {local_task_job_runner.py:234} INFO - Task exited with return code 1
[2026-04-10T03:29:35.789+0000] {taskinstance.py:3280} INFO - 0 downstream tasks scheduled from follow-on schedule check
