[2026-04-12T03:05:44.326+0000] {taskinstance.py:1956} INFO - Dependencies all met for dep_context=non-requeueable deps ti=<TaskInstance: kenya_econ_pipeline.load_to_postgres scheduled__2026-04-11T03:00:00+00:00 [queued]>
[2026-04-12T03:05:44.332+0000] {taskinstance.py:1956} INFO - Dependencies all met for dep_context=requeueable deps ti=<TaskInstance: kenya_econ_pipeline.load_to_postgres scheduled__2026-04-11T03:00:00+00:00 [queued]>
[2026-04-12T03:05:44.332+0000] {taskinstance.py:2170} INFO - Starting attempt 2 of 4
[2026-04-12T03:05:44.344+0000] {taskinstance.py:2191} INFO - Executing <Task(PythonOperator): load_to_postgres> on 2026-04-11 03:00:00+00:00
[2026-04-12T03:05:44.349+0000] {standard_task_runner.py:60} INFO - Started process 12880 to run task
[2026-04-12T03:05:44.358+0000] {standard_task_runner.py:87} INFO - Running: ['airflow', 'tasks', 'run', 'kenya_econ_pipeline', 'load_to_postgres', 'scheduled__2026-04-11T03:00:00+00:00', '--job-id', '29', '--raw', '--subdir', 'DAGS_FOLDER/kenya_econ_dag.py', '--cfg-path', '/tmp/tmpfr8bs19f']
[2026-04-12T03:05:44.363+0000] {standard_task_runner.py:88} INFO - Job 29: Subtask load_to_postgres
[2026-04-12T03:05:44.424+0000] {task_command.py:423} INFO - Running <TaskInstance: kenya_econ_pipeline.load_to_postgres scheduled__2026-04-11T03:00:00+00:00 [running]> on host 2f11af39ed07
[2026-04-12T03:05:44.485+0000] {taskinstance.py:2480} INFO - Exporting env vars: AIRFLOW_CTX_DAG_OWNER='samwel' AIRFLOW_CTX_DAG_ID='kenya_econ_pipeline' AIRFLOW_CTX_TASK_ID='load_to_postgres' AIRFLOW_CTX_EXECUTION_DATE='2026-04-11T03:00:00+00:00' AIRFLOW_CTX_TRY_NUMBER='2' AIRFLOW_CTX_DAG_RUN_ID='scheduled__2026-04-11T03:00:00+00:00'
[2026-04-12T03:05:44.505+0000] {logging_mixin.py:188} INFO - {"timestamp": "2026-04-12T03:05:44.505230+00:00", "level": "ERROR", "module": "db.connection", "message": "Transaction rolled back: relation \"raw.worldbank_gdp\" does not exist\nLINE 2:                 INSERT INTO raw.worldbank_gdp\n                                    ^\n"}
[2026-04-12T03:05:44.505+0000] {connection.py:29} ERROR - Transaction rolled back: relation "raw.worldbank_gdp" does not exist
LINE 2:                 INSERT INTO raw.worldbank_gdp
                                    ^

[2026-04-12T03:05:44.505+0000] {taskinstance.py:2698} ERROR - Task failed with exception
Traceback (most recent call last):
  File "/home/airflow/.local/lib/python3.8/site-packages/airflow/models/taskinstance.py", line 433, in _execute_task
    result = execute_callable(context=context, **execute_callable_kwargs)
  File "/home/airflow/.local/lib/python3.8/site-packages/airflow/operators/python.py", line 199, in execute
    return_value = self.execute_callable()
  File "/home/airflow/.local/lib/python3.8/site-packages/airflow/operators/python.py", line 216, in execute_callable
    return self.python_callable(*self.op_args, **self.op_kwargs)
  File "/opt/airflow/dags/kenya_econ_dag.py", line 31, in run_loaders
    run_worldbank()
  File "/opt/airflow/db/loaders/worldbank_loader.py", line 90, in run
    load_worldbank_file(f, "worldbank_gdp", "value_usd")
  File "/opt/airflow/db/loaders/worldbank_loader.py", line 22, in load_worldbank_file
    cur.execute(f"""
psycopg2.errors.UndefinedTable: relation "raw.worldbank_gdp" does not exist
LINE 2:                 INSERT INTO raw.worldbank_gdp
                                    ^

[2026-04-12T03:05:44.511+0000] {taskinstance.py:1138} INFO - Marking task as UP_FOR_RETRY. dag_id=kenya_econ_pipeline, task_id=load_to_postgres, execution_date=20260411T030000, start_date=20260412T030544, end_date=20260412T030544
[2026-04-12T03:05:44.516+0000] {standard_task_runner.py:107} ERROR - Failed to execute job 29 for task load_to_postgres (relation "raw.worldbank_gdp" does not exist
LINE 2:                 INSERT INTO raw.worldbank_gdp
                                    ^
; 12880)
[2026-04-12T03:05:44.544+0000] {local_task_job_runner.py:234} INFO - Task exited with return code 1
[2026-04-12T03:05:44.564+0000] {taskinstance.py:3280} INFO - 0 downstream tasks scheduled from follow-on schedule check
