[2026-04-12T14:22:01.586+0000] {taskinstance.py:1956} INFO - Dependencies all met for dep_context=non-requeueable deps ti=<TaskInstance: kenya_econ_pipeline.migrate_db manual__2026-04-12T14:22:00+00:00 [queued]>
[2026-04-12T14:22:01.593+0000] {taskinstance.py:1956} INFO - Dependencies all met for dep_context=requeueable deps ti=<TaskInstance: kenya_econ_pipeline.migrate_db manual__2026-04-12T14:22:00+00:00 [queued]>
[2026-04-12T14:22:01.594+0000] {taskinstance.py:2170} INFO - Starting attempt 1 of 4
[2026-04-12T14:22:01.605+0000] {taskinstance.py:2191} INFO - Executing <Task(PythonOperator): migrate_db> on 2026-04-12 14:22:00+00:00
[2026-04-12T14:22:01.614+0000] {standard_task_runner.py:60} INFO - Started process 18295 to run task
[2026-04-12T14:22:01.618+0000] {standard_task_runner.py:87} INFO - Running: ['airflow', 'tasks', 'run', 'kenya_econ_pipeline', 'migrate_db', 'manual__2026-04-12T14:22:00+00:00', '--job-id', '59', '--raw', '--subdir', 'DAGS_FOLDER/kenya_econ_dag.py', '--cfg-path', '/tmp/tmpj7yehima']
[2026-04-12T14:22:01.620+0000] {standard_task_runner.py:88} INFO - Job 59: Subtask migrate_db
[2026-04-12T14:22:01.672+0000] {task_command.py:423} INFO - Running <TaskInstance: kenya_econ_pipeline.migrate_db manual__2026-04-12T14:22:00+00:00 [running]> on host 2f11af39ed07
[2026-04-12T14:22:01.726+0000] {taskinstance.py:2480} INFO - Exporting env vars: AIRFLOW_CTX_DAG_OWNER='samwel' AIRFLOW_CTX_DAG_ID='kenya_econ_pipeline' AIRFLOW_CTX_TASK_ID='migrate_db' AIRFLOW_CTX_EXECUTION_DATE='2026-04-12T14:22:00+00:00' AIRFLOW_CTX_TRY_NUMBER='1' AIRFLOW_CTX_DAG_RUN_ID='manual__2026-04-12T14:22:00+00:00'
[2026-04-12T14:22:01.748+0000] {logging_mixin.py:188} INFO - {"timestamp": "2026-04-12T14:22:01.748647+00:00", "level": "INFO", "module": "db.migrate", "message": "Running migration: 001_create_schemas.sql"}
[2026-04-12T14:22:01.748+0000] {migrate.py:15} INFO - Running migration: 001_create_schemas.sql
[2026-04-12T14:22:01.750+0000] {logging_mixin.py:188} INFO - {"timestamp": "2026-04-12T14:22:01.749978+00:00", "level": "INFO", "module": "db.migrate", "message": "Migration complete: 001_create_schemas.sql"}
[2026-04-12T14:22:01.749+0000] {migrate.py:18} INFO - Migration complete: 001_create_schemas.sql
[2026-04-12T14:22:01.750+0000] {logging_mixin.py:188} INFO - {"timestamp": "2026-04-12T14:22:01.750181+00:00", "level": "INFO", "module": "db.migrate", "message": "Running migration: 002_create_raw_tables.sql"}
[2026-04-12T14:22:01.750+0000] {migrate.py:15} INFO - Running migration: 002_create_raw_tables.sql
[2026-04-12T14:22:01.751+0000] {logging_mixin.py:188} INFO - {"timestamp": "2026-04-12T14:22:01.751558+00:00", "level": "INFO", "module": "db.migrate", "message": "Migration complete: 002_create_raw_tables.sql"}
[2026-04-12T14:22:01.751+0000] {migrate.py:18} INFO - Migration complete: 002_create_raw_tables.sql
[2026-04-12T14:22:01.751+0000] {logging_mixin.py:188} INFO - {"timestamp": "2026-04-12T14:22:01.751763+00:00", "level": "INFO", "module": "db.migrate", "message": "Running migration: 003_create_staging_tables.sql"}
[2026-04-12T14:22:01.751+0000] {migrate.py:15} INFO - Running migration: 003_create_staging_tables.sql
[2026-04-12T14:22:01.752+0000] {logging_mixin.py:188} INFO - {"timestamp": "2026-04-12T14:22:01.752913+00:00", "level": "INFO", "module": "db.migrate", "message": "Migration complete: 003_create_staging_tables.sql"}
[2026-04-12T14:22:01.752+0000] {migrate.py:18} INFO - Migration complete: 003_create_staging_tables.sql
[2026-04-12T14:22:01.753+0000] {logging_mixin.py:188} INFO - {"timestamp": "2026-04-12T14:22:01.753222+00:00", "level": "INFO", "module": "db.connection", "message": "Transaction committed"}
[2026-04-12T14:22:01.753+0000] {connection.py:26} INFO - Transaction committed
[2026-04-12T14:22:01.753+0000] {python.py:201} INFO - Done. Returned value was: None
[2026-04-12T14:22:01.762+0000] {taskinstance.py:1138} INFO - Marking task as SUCCESS. dag_id=kenya_econ_pipeline, task_id=migrate_db, execution_date=20260412T142200, start_date=20260412T142201, end_date=20260412T142201
[2026-04-12T14:22:01.801+0000] {local_task_job_runner.py:234} INFO - Task exited with return code 0
[2026-04-12T14:22:01.827+0000] {taskinstance.py:3280} INFO - 2 downstream tasks scheduled from follow-on schedule check
