[2026-04-12T03:00:01.549+0000] {taskinstance.py:1956} INFO - Dependencies all met for dep_context=non-requeueable deps ti=<TaskInstance: kenya_econ_pipeline.worldbank_ingest scheduled__2026-04-11T03:00:00+00:00 [queued]>
[2026-04-12T03:00:01.562+0000] {taskinstance.py:1956} INFO - Dependencies all met for dep_context=requeueable deps ti=<TaskInstance: kenya_econ_pipeline.worldbank_ingest scheduled__2026-04-11T03:00:00+00:00 [queued]>
[2026-04-12T03:00:01.562+0000] {taskinstance.py:2170} INFO - Starting attempt 1 of 4
[2026-04-12T03:00:01.577+0000] {taskinstance.py:2191} INFO - Executing <Task(PythonOperator): worldbank_ingest> on 2026-04-11 03:00:00+00:00
[2026-04-12T03:00:01.581+0000] {standard_task_runner.py:60} INFO - Started process 12815 to run task
[2026-04-12T03:00:01.588+0000] {standard_task_runner.py:87} INFO - Running: ['airflow', 'tasks', 'run', 'kenya_econ_pipeline', 'worldbank_ingest', 'scheduled__2026-04-11T03:00:00+00:00', '--job-id', '26', '--raw', '--subdir', 'DAGS_FOLDER/kenya_econ_dag.py', '--cfg-path', '/tmp/tmptgxmt_b4']
[2026-04-12T03:00:01.590+0000] {standard_task_runner.py:88} INFO - Job 26: Subtask worldbank_ingest
[2026-04-12T03:00:01.636+0000] {task_command.py:423} INFO - Running <TaskInstance: kenya_econ_pipeline.worldbank_ingest scheduled__2026-04-11T03:00:00+00:00 [running]> on host 2f11af39ed07
[2026-04-12T03:00:01.708+0000] {taskinstance.py:2480} INFO - Exporting env vars: AIRFLOW_CTX_DAG_OWNER='samwel' AIRFLOW_CTX_DAG_ID='kenya_econ_pipeline' AIRFLOW_CTX_TASK_ID='worldbank_ingest' AIRFLOW_CTX_EXECUTION_DATE='2026-04-11T03:00:00+00:00' AIRFLOW_CTX_TRY_NUMBER='1' AIRFLOW_CTX_DAG_RUN_ID='scheduled__2026-04-11T03:00:00+00:00'
[2026-04-12T03:00:01.737+0000] {logging_mixin.py:188} INFO - {"timestamp": "2026-04-12T03:00:01.736734+00:00", "level": "INFO", "module": "ingestion.worldbank", "message": "Fetching World Bank indicator: gdp"}
[2026-04-12T03:00:01.736+0000] {worldbank.py:47} INFO - Fetching World Bank indicator: gdp
[2026-04-12T03:00:01.737+0000] {logging_mixin.py:188} INFO - {"timestamp": "2026-04-12T03:00:01.737481+00:00", "level": "INFO", "module": "ingestion.base_client", "message": "GET https://api.worldbank.org/v2/country/KE/indicator/NY.GDP.MKTP.CD | params={'format': 'json', 'per_page': 10, 'mrv': 5}"}
[2026-04-12T03:00:01.737+0000] {base_client.py:17} INFO - GET https://api.worldbank.org/v2/country/KE/indicator/NY.GDP.MKTP.CD | params={'format': 'json', 'per_page': 10, 'mrv': 5}
[2026-04-12T03:00:02.977+0000] {logging_mixin.py:188} INFO - {"timestamp": "2026-04-12T03:00:02.977005+00:00", "level": "INFO", "module": "ingestion.base_client", "message": "Response 200 from https://api.worldbank.org/v2/country/KE/indicator/NY.GDP.MKTP.CD"}
[2026-04-12T03:00:02.976+0000] {base_client.py:20} INFO - Response 200 from https://api.worldbank.org/v2/country/KE/indicator/NY.GDP.MKTP.CD
[2026-04-12T03:00:02.981+0000] {logging_mixin.py:188} INFO - {"timestamp": "2026-04-12T03:00:02.981086+00:00", "level": "INFO", "module": "utils.validators", "message": "[worldbank/gdp] Validation passed for fields: ['metadata', 'data']"}
[2026-04-12T03:00:02.981+0000] {validators.py:21} INFO - [worldbank/gdp] Validation passed for fields: ['metadata', 'data']
[2026-04-12T03:00:02.985+0000] {logging_mixin.py:188} INFO - {"timestamp": "2026-04-12T03:00:02.985372+00:00", "level": "INFO", "module": "ingestion.worldbank", "message": "Saved gdp data to data/raw/worldbank/gdp_ke_20260412.json"}
[2026-04-12T03:00:02.985+0000] {worldbank.py:42} INFO - Saved gdp data to data/raw/worldbank/gdp_ke_20260412.json
[2026-04-12T03:00:02.986+0000] {logging_mixin.py:188} INFO - {"timestamp": "2026-04-12T03:00:02.986069+00:00", "level": "INFO", "module": "ingestion.worldbank", "message": "Fetching World Bank indicator: inflation"}
[2026-04-12T03:00:02.986+0000] {worldbank.py:47} INFO - Fetching World Bank indicator: inflation
[2026-04-12T03:00:02.986+0000] {logging_mixin.py:188} INFO - {"timestamp": "2026-04-12T03:00:02.986761+00:00", "level": "INFO", "module": "ingestion.base_client", "message": "GET https://api.worldbank.org/v2/country/KE/indicator/FP.CPI.TOTL.ZG | params={'format': 'json', 'per_page': 10, 'mrv': 5}"}
[2026-04-12T03:00:02.986+0000] {base_client.py:17} INFO - GET https://api.worldbank.org/v2/country/KE/indicator/FP.CPI.TOTL.ZG | params={'format': 'json', 'per_page': 10, 'mrv': 5}
[2026-04-12T03:00:35.164+0000] {logging_mixin.py:188} INFO - {"timestamp": "2026-04-12T03:00:35.152523+00:00", "level": "INFO", "module": "ingestion.base_client", "message": "GET https://api.worldbank.org/v2/country/KE/indicator/FP.CPI.TOTL.ZG | params={'format': 'json', 'per_page': 10, 'mrv': 5}"}
[2026-04-12T03:00:35.150+0000] {base_client.py:17} INFO - GET https://api.worldbank.org/v2/country/KE/indicator/FP.CPI.TOTL.ZG | params={'format': 'json', 'per_page': 10, 'mrv': 5}
[2026-04-12T03:00:42.693+0000] {logging_mixin.py:188} INFO - {"timestamp": "2026-04-12T03:00:42.692130+00:00", "level": "INFO", "module": "ingestion.base_client", "message": "Response 200 from https://api.worldbank.org/v2/country/KE/indicator/FP.CPI.TOTL.ZG"}
[2026-04-12T03:00:42.691+0000] {base_client.py:20} INFO - Response 200 from https://api.worldbank.org/v2/country/KE/indicator/FP.CPI.TOTL.ZG
[2026-04-12T03:00:42.707+0000] {logging_mixin.py:188} INFO - {"timestamp": "2026-04-12T03:00:42.707766+00:00", "level": "INFO", "module": "utils.validators", "message": "[worldbank/inflation] Validation passed for fields: ['metadata', 'data']"}
[2026-04-12T03:00:42.707+0000] {validators.py:21} INFO - [worldbank/inflation] Validation passed for fields: ['metadata', 'data']
[2026-04-12T03:00:42.712+0000] {logging_mixin.py:188} INFO - {"timestamp": "2026-04-12T03:00:42.712908+00:00", "level": "INFO", "module": "ingestion.worldbank", "message": "Saved inflation data to data/raw/worldbank/inflation_ke_20260412.json"}
[2026-04-12T03:00:42.712+0000] {worldbank.py:42} INFO - Saved inflation data to data/raw/worldbank/inflation_ke_20260412.json
[2026-04-12T03:00:42.713+0000] {python.py:201} INFO - Done. Returned value was: None
[2026-04-12T03:00:42.740+0000] {taskinstance.py:1138} INFO - Marking task as SUCCESS. dag_id=kenya_econ_pipeline, task_id=worldbank_ingest, execution_date=20260411T030000, start_date=20260412T030001, end_date=20260412T030042
[2026-04-12T03:00:42.793+0000] {local_task_job_runner.py:234} INFO - Task exited with return code 0
[2026-04-12T03:00:42.821+0000] {taskinstance.py:3280} INFO - 1 downstream tasks scheduled from follow-on schedule check
