[2026-04-12T13:51:13.106+0000] {taskinstance.py:1956} INFO - Dependencies all met for dep_context=non-requeueable deps ti=<TaskInstance: kenya_econ_pipeline.load_to_postgres manual__2026-04-12T13:51:07+00:00 [queued]>
[2026-04-12T13:51:13.113+0000] {taskinstance.py:1956} INFO - Dependencies all met for dep_context=requeueable deps ti=<TaskInstance: kenya_econ_pipeline.load_to_postgres manual__2026-04-12T13:51:07+00:00 [queued]>
[2026-04-12T13:51:13.113+0000] {taskinstance.py:2170} INFO - Starting attempt 1 of 4
[2026-04-12T13:51:13.120+0000] {taskinstance.py:2191} INFO - Executing <Task(PythonOperator): load_to_postgres> on 2026-04-12 13:51:07+00:00
[2026-04-12T13:51:13.123+0000] {standard_task_runner.py:60} INFO - Started process 17926 to run task
[2026-04-12T13:51:13.128+0000] {standard_task_runner.py:87} INFO - Running: ['airflow', 'tasks', 'run', 'kenya_econ_pipeline', 'load_to_postgres', 'manual__2026-04-12T13:51:07+00:00', '--job-id', '43', '--raw', '--subdir', 'DAGS_FOLDER/kenya_econ_dag.py', '--cfg-path', '/tmp/tmpo554jnln']
[2026-04-12T13:51:13.130+0000] {standard_task_runner.py:88} INFO - Job 43: Subtask load_to_postgres
[2026-04-12T13:51:13.163+0000] {task_command.py:423} INFO - Running <TaskInstance: kenya_econ_pipeline.load_to_postgres manual__2026-04-12T13:51:07+00:00 [running]> on host 2f11af39ed07
[2026-04-12T13:51:13.208+0000] {taskinstance.py:2480} INFO - Exporting env vars: AIRFLOW_CTX_DAG_OWNER='samwel' AIRFLOW_CTX_DAG_ID='kenya_econ_pipeline' AIRFLOW_CTX_TASK_ID='load_to_postgres' AIRFLOW_CTX_EXECUTION_DATE='2026-04-12T13:51:07+00:00' AIRFLOW_CTX_TRY_NUMBER='1' AIRFLOW_CTX_DAG_RUN_ID='manual__2026-04-12T13:51:07+00:00'
[2026-04-12T13:51:13.225+0000] {logging_mixin.py:188} INFO - {"timestamp": "2026-04-12T13:51:13.225402+00:00", "level": "INFO", "module": "db.connection", "message": "Transaction committed"}
[2026-04-12T13:51:13.225+0000] {connection.py:26} INFO - Transaction committed
[2026-04-12T13:51:13.225+0000] {logging_mixin.py:188} INFO - {"timestamp": "2026-04-12T13:51:13.225846+00:00", "level": "INFO", "module": "db.loaders.worldbank_loader", "message": "Inserted 5 rows into raw.worldbank_gdp from gdp_ke_20260402.json"}
[2026-04-12T13:51:13.225+0000] {worldbank_loader.py:38} INFO - Inserted 5 rows into raw.worldbank_gdp from gdp_ke_20260402.json
[2026-04-12T13:51:13.229+0000] {logging_mixin.py:188} INFO - {"timestamp": "2026-04-12T13:51:13.229824+00:00", "level": "INFO", "module": "db.connection", "message": "Transaction committed"}
[2026-04-12T13:51:13.229+0000] {connection.py:26} INFO - Transaction committed
[2026-04-12T13:51:13.230+0000] {logging_mixin.py:188} INFO - {"timestamp": "2026-04-12T13:51:13.230100+00:00", "level": "INFO", "module": "db.loaders.worldbank_loader", "message": "Inserted 5 rows into raw.worldbank_gdp from gdp_ke_20260408.json"}
[2026-04-12T13:51:13.230+0000] {worldbank_loader.py:38} INFO - Inserted 5 rows into raw.worldbank_gdp from gdp_ke_20260408.json
[2026-04-12T13:51:13.235+0000] {logging_mixin.py:188} INFO - {"timestamp": "2026-04-12T13:51:13.235164+00:00", "level": "INFO", "module": "db.connection", "message": "Transaction committed"}
[2026-04-12T13:51:13.235+0000] {connection.py:26} INFO - Transaction committed
[2026-04-12T13:51:13.235+0000] {logging_mixin.py:188} INFO - {"timestamp": "2026-04-12T13:51:13.235679+00:00", "level": "INFO", "module": "db.loaders.worldbank_loader", "message": "Inserted 5 rows into raw.worldbank_gdp from gdp_ke_20260409.json"}
[2026-04-12T13:51:13.235+0000] {worldbank_loader.py:38} INFO - Inserted 5 rows into raw.worldbank_gdp from gdp_ke_20260409.json
[2026-04-12T13:51:13.240+0000] {logging_mixin.py:188} INFO - {"timestamp": "2026-04-12T13:51:13.240566+00:00", "level": "INFO", "module": "db.connection", "message": "Transaction committed"}
[2026-04-12T13:51:13.240+0000] {connection.py:26} INFO - Transaction committed
[2026-04-12T13:51:13.240+0000] {logging_mixin.py:188} INFO - {"timestamp": "2026-04-12T13:51:13.240886+00:00", "level": "INFO", "module": "db.loaders.worldbank_loader", "message": "Inserted 5 rows into raw.worldbank_gdp from gdp_ke_20260410.json"}
[2026-04-12T13:51:13.240+0000] {worldbank_loader.py:38} INFO - Inserted 5 rows into raw.worldbank_gdp from gdp_ke_20260410.json
[2026-04-12T13:51:13.245+0000] {logging_mixin.py:188} INFO - {"timestamp": "2026-04-12T13:51:13.244996+00:00", "level": "INFO", "module": "db.connection", "message": "Transaction committed"}
[2026-04-12T13:51:13.244+0000] {connection.py:26} INFO - Transaction committed
[2026-04-12T13:51:13.245+0000] {logging_mixin.py:188} INFO - {"timestamp": "2026-04-12T13:51:13.245269+00:00", "level": "INFO", "module": "db.loaders.worldbank_loader", "message": "Inserted 5 rows into raw.worldbank_gdp from gdp_ke_20260411.json"}
[2026-04-12T13:51:13.245+0000] {worldbank_loader.py:38} INFO - Inserted 5 rows into raw.worldbank_gdp from gdp_ke_20260411.json
[2026-04-12T13:51:13.248+0000] {logging_mixin.py:188} INFO - {"timestamp": "2026-04-12T13:51:13.248950+00:00", "level": "INFO", "module": "db.connection", "message": "Transaction committed"}
[2026-04-12T13:51:13.248+0000] {connection.py:26} INFO - Transaction committed
[2026-04-12T13:51:13.249+0000] {logging_mixin.py:188} INFO - {"timestamp": "2026-04-12T13:51:13.249227+00:00", "level": "INFO", "module": "db.loaders.worldbank_loader", "message": "Inserted 5 rows into raw.worldbank_gdp from gdp_ke_20260412.json"}
[2026-04-12T13:51:13.249+0000] {worldbank_loader.py:38} INFO - Inserted 5 rows into raw.worldbank_gdp from gdp_ke_20260412.json
[2026-04-12T13:51:13.253+0000] {logging_mixin.py:188} INFO - {"timestamp": "2026-04-12T13:51:13.253513+00:00", "level": "INFO", "module": "db.connection", "message": "Transaction committed"}
[2026-04-12T13:51:13.253+0000] {connection.py:26} INFO - Transaction committed
[2026-04-12T13:51:13.253+0000] {logging_mixin.py:188} INFO - {"timestamp": "2026-04-12T13:51:13.253781+00:00", "level": "INFO", "module": "db.loaders.worldbank_loader", "message": "Inserted 5 rows into raw.worldbank_inflation from inflation_ke_20260402.json"}
[2026-04-12T13:51:13.253+0000] {worldbank_loader.py:38} INFO - Inserted 5 rows into raw.worldbank_inflation from inflation_ke_20260402.json
[2026-04-12T13:51:13.258+0000] {logging_mixin.py:188} INFO - {"timestamp": "2026-04-12T13:51:13.257969+00:00", "level": "INFO", "module": "db.connection", "message": "Transaction committed"}
[2026-04-12T13:51:13.257+0000] {connection.py:26} INFO - Transaction committed
[2026-04-12T13:51:13.258+0000] {logging_mixin.py:188} INFO - {"timestamp": "2026-04-12T13:51:13.258277+00:00", "level": "INFO", "module": "db.loaders.worldbank_loader", "message": "Inserted 5 rows into raw.worldbank_inflation from inflation_ke_20260408.json"}
[2026-04-12T13:51:13.258+0000] {worldbank_loader.py:38} INFO - Inserted 5 rows into raw.worldbank_inflation from inflation_ke_20260408.json
[2026-04-12T13:51:13.263+0000] {logging_mixin.py:188} INFO - {"timestamp": "2026-04-12T13:51:13.263411+00:00", "level": "INFO", "module": "db.connection", "message": "Transaction committed"}
[2026-04-12T13:51:13.263+0000] {connection.py:26} INFO - Transaction committed
[2026-04-12T13:51:13.263+0000] {logging_mixin.py:188} INFO - {"timestamp": "2026-04-12T13:51:13.263683+00:00", "level": "INFO", "module": "db.loaders.worldbank_loader", "message": "Inserted 5 rows into raw.worldbank_inflation from inflation_ke_20260409.json"}
[2026-04-12T13:51:13.263+0000] {worldbank_loader.py:38} INFO - Inserted 5 rows into raw.worldbank_inflation from inflation_ke_20260409.json
[2026-04-12T13:51:13.267+0000] {logging_mixin.py:188} INFO - {"timestamp": "2026-04-12T13:51:13.267688+00:00", "level": "INFO", "module": "db.connection", "message": "Transaction committed"}
[2026-04-12T13:51:13.267+0000] {connection.py:26} INFO - Transaction committed
[2026-04-12T13:51:13.267+0000] {logging_mixin.py:188} INFO - {"timestamp": "2026-04-12T13:51:13.267940+00:00", "level": "INFO", "module": "db.loaders.worldbank_loader", "message": "Inserted 5 rows into raw.worldbank_inflation from inflation_ke_20260410.json"}
[2026-04-12T13:51:13.267+0000] {worldbank_loader.py:38} INFO - Inserted 5 rows into raw.worldbank_inflation from inflation_ke_20260410.json
[2026-04-12T13:51:13.271+0000] {logging_mixin.py:188} INFO - {"timestamp": "2026-04-12T13:51:13.271691+00:00", "level": "INFO", "module": "db.connection", "message": "Transaction committed"}
[2026-04-12T13:51:13.271+0000] {connection.py:26} INFO - Transaction committed
[2026-04-12T13:51:13.271+0000] {logging_mixin.py:188} INFO - {"timestamp": "2026-04-12T13:51:13.271940+00:00", "level": "INFO", "module": "db.loaders.worldbank_loader", "message": "Inserted 5 rows into raw.worldbank_inflation from inflation_ke_20260411.json"}
[2026-04-12T13:51:13.271+0000] {worldbank_loader.py:38} INFO - Inserted 5 rows into raw.worldbank_inflation from inflation_ke_20260411.json
[2026-04-12T13:51:13.276+0000] {logging_mixin.py:188} INFO - {"timestamp": "2026-04-12T13:51:13.276314+00:00", "level": "INFO", "module": "db.connection", "message": "Transaction committed"}
[2026-04-12T13:51:13.276+0000] {connection.py:26} INFO - Transaction committed
[2026-04-12T13:51:13.276+0000] {logging_mixin.py:188} INFO - {"timestamp": "2026-04-12T13:51:13.276590+00:00", "level": "INFO", "module": "db.loaders.worldbank_loader", "message": "Inserted 5 rows into raw.worldbank_inflation from inflation_ke_20260412.json"}
[2026-04-12T13:51:13.276+0000] {worldbank_loader.py:38} INFO - Inserted 5 rows into raw.worldbank_inflation from inflation_ke_20260412.json
[2026-04-12T13:51:13.281+0000] {logging_mixin.py:188} INFO - {"timestamp": "2026-04-12T13:51:13.281734+00:00", "level": "ERROR", "module": "db.connection", "message": "Transaction rolled back: duplicate key value violates unique constraint \"stg_worldbank_gdp_country_code_indicator_id_year_valid_from_key\"\nDETAIL:  Key (country_code, indicator_id, year, valid_from)=(KEN, NY.GDP.MKTP.CD, 2024, 2026-04-12 13:51:13.279422+00) already exists.\n"}
[2026-04-12T13:51:13.281+0000] {connection.py:29} ERROR - Transaction rolled back: duplicate key value violates unique constraint "stg_worldbank_gdp_country_code_indicator_id_year_valid_from_key"
DETAIL:  Key (country_code, indicator_id, year, valid_from)=(KEN, NY.GDP.MKTP.CD, 2024, 2026-04-12 13:51:13.279422+00) already exists.

[2026-04-12T13:51:13.282+0000] {taskinstance.py:2698} ERROR - Task failed with exception
Traceback (most recent call last):
  File "/home/airflow/.local/lib/python3.8/site-packages/airflow/models/taskinstance.py", line 433, in _execute_task
    result = execute_callable(context=context, **execute_callable_kwargs)
  File "/home/airflow/.local/lib/python3.8/site-packages/airflow/operators/python.py", line 199, in execute
    return_value = self.execute_callable()
  File "/home/airflow/.local/lib/python3.8/site-packages/airflow/operators/python.py", line 216, in execute_callable
    return self.python_callable(*self.op_args, **self.op_kwargs)
  File "/opt/airflow/dags/kenya_econ_dag.py", line 37, in run_loaders
    run_worldbank()
  File "/opt/airflow/db/loaders/worldbank_loader.py", line 94, in run
    load_to_staging_gdp()
  File "/opt/airflow/db/loaders/worldbank_loader.py", line 43, in load_to_staging_gdp
    cur.execute("""
psycopg2.errors.UniqueViolation: duplicate key value violates unique constraint "stg_worldbank_gdp_country_code_indicator_id_year_valid_from_key"
DETAIL:  Key (country_code, indicator_id, year, valid_from)=(KEN, NY.GDP.MKTP.CD, 2024, 2026-04-12 13:51:13.279422+00) already exists.

[2026-04-12T13:51:13.289+0000] {taskinstance.py:1138} INFO - Marking task as UP_FOR_RETRY. dag_id=kenya_econ_pipeline, task_id=load_to_postgres, execution_date=20260412T135107, start_date=20260412T135113, end_date=20260412T135113
[2026-04-12T13:51:13.294+0000] {standard_task_runner.py:107} ERROR - Failed to execute job 43 for task load_to_postgres (duplicate key value violates unique constraint "stg_worldbank_gdp_country_code_indicator_id_year_valid_from_key"
DETAIL:  Key (country_code, indicator_id, year, valid_from)=(KEN, NY.GDP.MKTP.CD, 2024, 2026-04-12 13:51:13.279422+00) already exists.
; 17926)
[2026-04-12T13:51:13.310+0000] {local_task_job_runner.py:234} INFO - Task exited with return code 1
[2026-04-12T13:51:13.324+0000] {taskinstance.py:3280} INFO - 0 downstream tasks scheduled from follow-on schedule check
