[2026-04-12T14:37:42.575+0000] {taskinstance.py:1956} INFO - Dependencies all met for dep_context=non-requeueable deps ti=<TaskInstance: kenya_econ_pipeline.dbt_run manual__2026-04-12T14:37:35+00:00 [queued]>
[2026-04-12T14:37:42.580+0000] {taskinstance.py:1956} INFO - Dependencies all met for dep_context=requeueable deps ti=<TaskInstance: kenya_econ_pipeline.dbt_run manual__2026-04-12T14:37:35+00:00 [queued]>
[2026-04-12T14:37:42.580+0000] {taskinstance.py:2170} INFO - Starting attempt 1 of 4
[2026-04-12T14:37:42.587+0000] {taskinstance.py:2191} INFO - Executing <Task(BashOperator): dbt_run> on 2026-04-12 14:37:35+00:00
[2026-04-12T14:37:42.590+0000] {standard_task_runner.py:60} INFO - Started process 18650 to run task
[2026-04-12T14:37:42.593+0000] {standard_task_runner.py:87} INFO - Running: ['airflow', 'tasks', 'run', 'kenya_econ_pipeline', 'dbt_run', 'manual__2026-04-12T14:37:35+00:00', '--job-id', '92', '--raw', '--subdir', 'DAGS_FOLDER/kenya_econ_dag.py', '--cfg-path', '/tmp/tmpm9lubki0']
[2026-04-12T14:37:42.596+0000] {standard_task_runner.py:88} INFO - Job 92: Subtask dbt_run
[2026-04-12T14:37:42.635+0000] {task_command.py:423} INFO - Running <TaskInstance: kenya_econ_pipeline.dbt_run manual__2026-04-12T14:37:35+00:00 [running]> on host 2f11af39ed07
[2026-04-12T14:37:42.698+0000] {taskinstance.py:2480} INFO - Exporting env vars: AIRFLOW_CTX_DAG_OWNER='samwel' AIRFLOW_CTX_DAG_ID='kenya_econ_pipeline' AIRFLOW_CTX_TASK_ID='dbt_run' AIRFLOW_CTX_EXECUTION_DATE='2026-04-12T14:37:35+00:00' AIRFLOW_CTX_TRY_NUMBER='1' AIRFLOW_CTX_DAG_RUN_ID='manual__2026-04-12T14:37:35+00:00'
[2026-04-12T14:37:42.699+0000] {subprocess.py:63} INFO - Tmp dir root location: /tmp
[2026-04-12T14:37:42.701+0000] {subprocess.py:75} INFO - Running command: ['/usr/bin/bash', '-c', 'cd /opt/airflow/kenya_econ_dbt && dbt run --profiles-dir /opt/airflow/kenya_econ_dbt']
[2026-04-12T14:37:42.709+0000] {subprocess.py:86} INFO - Output:
[2026-04-12T14:37:44.454+0000] {subprocess.py:93} INFO - [0m14:37:44  Running with dbt=1.7.0
[2026-04-12T14:37:44.687+0000] {subprocess.py:93} INFO - [0m14:37:44  Registered adapter: postgres=1.7.0
[2026-04-12T14:37:44.792+0000] {subprocess.py:93} INFO - [0m14:37:44  [[33mWARNING[0m]: Configuration paths exist in your dbt_project.yml file which do not apply to any resources.
[2026-04-12T14:37:44.792+0000] {subprocess.py:93} INFO - There are 2 unused configuration paths:
[2026-04-12T14:37:44.792+0000] {subprocess.py:93} INFO - - models.staging
[2026-04-12T14:37:44.792+0000] {subprocess.py:93} INFO - - models.mart
[2026-04-12T14:37:44.809+0000] {subprocess.py:93} INFO - [0m14:37:44  Found 6 models, 14 tests, 3 sources, 0 exposures, 0 metrics, 402 macros, 0 groups, 0 semantic models
[2026-04-12T14:37:44.811+0000] {subprocess.py:93} INFO - [0m14:37:44
[2026-04-12T14:37:44.902+0000] {subprocess.py:93} INFO - [0m14:37:44  Concurrency: 4 threads (target='dev')
[2026-04-12T14:37:44.903+0000] {subprocess.py:93} INFO - [0m14:37:44
[2026-04-12T14:37:44.911+0000] {subprocess.py:93} INFO - [0m14:37:44  1 of 6 START sql view model mart.stg_fx ........................................ [RUN]
[2026-04-12T14:37:44.912+0000] {subprocess.py:93} INFO - [0m14:37:44  2 of 6 START sql view model mart.stg_gdp ....................................... [RUN]
[2026-04-12T14:37:44.912+0000] {subprocess.py:93} INFO - [0m14:37:44  3 of 6 START sql view model mart.stg_inflation ................................. [RUN]
[2026-04-12T14:37:45.049+0000] {subprocess.py:93} INFO - [0m14:37:45  3 of 6 OK created sql view model mart.stg_inflation ............................ [[32mCREATE VIEW[0m in 0.13s]
[2026-04-12T14:37:45.054+0000] {subprocess.py:93} INFO - [0m14:37:45  2 of 6 OK created sql view model mart.stg_gdp .................................. [[32mCREATE VIEW[0m in 0.14s]
[2026-04-12T14:37:45.054+0000] {subprocess.py:93} INFO - [0m14:37:45  1 of 6 OK created sql view model mart.stg_fx ................................... [[32mCREATE VIEW[0m in 0.14s]
[2026-04-12T14:37:45.057+0000] {subprocess.py:93} INFO - [0m14:37:45  4 of 6 START sql view model mart.fx_daily_summary .............................. [RUN]
[2026-04-12T14:37:45.058+0000] {subprocess.py:93} INFO - [0m14:37:45  5 of 6 START sql view model mart.kenya_macro ................................... [RUN]
[2026-04-12T14:37:45.113+0000] {subprocess.py:93} INFO - [0m14:37:45  4 of 6 OK created sql view model mart.fx_daily_summary ......................... [[32mCREATE VIEW[0m in 0.05s]
[2026-04-12T14:37:45.114+0000] {subprocess.py:93} INFO - [0m14:37:45  5 of 6 OK created sql view model mart.kenya_macro .............................. [[32mCREATE VIEW[0m in 0.05s]
[2026-04-12T14:37:45.116+0000] {subprocess.py:93} INFO - [0m14:37:45  6 of 6 START sql view model mart.purchasing_power .............................. [RUN]
[2026-04-12T14:37:45.147+0000] {subprocess.py:93} INFO - [0m14:37:45  6 of 6 OK created sql view model mart.purchasing_power ......................... [[32mCREATE VIEW[0m in 0.03s]
[2026-04-12T14:37:45.158+0000] {subprocess.py:93} INFO - [0m14:37:45
[2026-04-12T14:37:45.158+0000] {subprocess.py:93} INFO - [0m14:37:45  Finished running 6 view models in 0 hours 0 minutes and 0.35 seconds (0.35s).
[2026-04-12T14:37:45.167+0000] {subprocess.py:93} INFO - [0m14:37:45
[2026-04-12T14:37:45.168+0000] {subprocess.py:93} INFO - [0m14:37:45  [32mCompleted successfully[0m
[2026-04-12T14:37:45.168+0000] {subprocess.py:93} INFO - [0m14:37:45
[2026-04-12T14:37:45.169+0000] {subprocess.py:93} INFO - [0m14:37:45  Done. PASS=6 WARN=0 ERROR=0 SKIP=0 TOTAL=6
[2026-04-12T14:37:47.564+0000] {subprocess.py:97} INFO - Command exited with return code 0
[2026-04-12T14:37:47.621+0000] {taskinstance.py:1138} INFO - Marking task as SUCCESS. dag_id=kenya_econ_pipeline, task_id=dbt_run, execution_date=20260412T143735, start_date=20260412T143742, end_date=20260412T143747
[2026-04-12T14:37:47.678+0000] {local_task_job_runner.py:234} INFO - Task exited with return code 0
[2026-04-12T14:37:47.701+0000] {taskinstance.py:3280} INFO - 1 downstream tasks scheduled from follow-on schedule check
