[2026-04-12T14:45:44.999+0000] {taskinstance.py:1956} INFO - Dependencies all met for dep_context=non-requeueable deps ti=<TaskInstance: kenya_econ_pipeline.load_to_postgres manual__2026-04-12T14:45:41.103524+00:00 [queued]>
[2026-04-12T14:45:45.004+0000] {taskinstance.py:1956} INFO - Dependencies all met for dep_context=requeueable deps ti=<TaskInstance: kenya_econ_pipeline.load_to_postgres manual__2026-04-12T14:45:41.103524+00:00 [queued]>
[2026-04-12T14:45:45.004+0000] {taskinstance.py:2170} INFO - Starting attempt 1 of 4
[2026-04-12T14:45:45.014+0000] {taskinstance.py:2191} INFO - Executing <Task(PythonOperator): load_to_postgres> on 2026-04-12 14:45:41.103524+00:00
[2026-04-12T14:45:45.017+0000] {standard_task_runner.py:60} INFO - Started process 18787 to run task
[2026-04-12T14:45:45.020+0000] {standard_task_runner.py:87} INFO - Running: ['airflow', 'tasks', 'run', 'kenya_econ_pipeline', 'load_to_postgres', 'manual__2026-04-12T14:45:41.103524+00:00', '--job-id', '99', '--raw', '--subdir', 'DAGS_FOLDER/kenya_econ_dag.py', '--cfg-path', '/tmp/tmp52o2kpsl']
[2026-04-12T14:45:45.022+0000] {standard_task_runner.py:88} INFO - Job 99: Subtask load_to_postgres
[2026-04-12T14:45:45.108+0000] {task_command.py:423} INFO - Running <TaskInstance: kenya_econ_pipeline.load_to_postgres manual__2026-04-12T14:45:41.103524+00:00 [running]> on host 2f11af39ed07
[2026-04-12T14:45:45.165+0000] {taskinstance.py:2480} INFO - Exporting env vars: AIRFLOW_CTX_DAG_OWNER='samwel' AIRFLOW_CTX_DAG_ID='kenya_econ_pipeline' AIRFLOW_CTX_TASK_ID='load_to_postgres' AIRFLOW_CTX_EXECUTION_DATE='2026-04-12T14:45:41.103524+00:00' AIRFLOW_CTX_TRY_NUMBER='1' AIRFLOW_CTX_DAG_RUN_ID='manual__2026-04-12T14:45:41.103524+00:00'
[2026-04-12T14:45:45.183+0000] {logging_mixin.py:188} INFO - {"timestamp": "2026-04-12T14:45:45.183649+00:00", "level": "INFO", "module": "db.connection", "message": "Transaction committed"}
[2026-04-12T14:45:45.183+0000] {connection.py:26} INFO - Transaction committed
[2026-04-12T14:45:45.184+0000] {logging_mixin.py:188} INFO - {"timestamp": "2026-04-12T14:45:45.184042+00:00", "level": "INFO", "module": "db.loaders.worldbank_loader", "message": "Inserted 5 rows into raw.worldbank_gdp from gdp_ke_20260402.json"}
[2026-04-12T14:45:45.184+0000] {worldbank_loader.py:38} INFO - Inserted 5 rows into raw.worldbank_gdp from gdp_ke_20260402.json
[2026-04-12T14:45:45.188+0000] {logging_mixin.py:188} INFO - {"timestamp": "2026-04-12T14:45:45.188159+00:00", "level": "INFO", "module": "db.connection", "message": "Transaction committed"}
[2026-04-12T14:45:45.188+0000] {connection.py:26} INFO - Transaction committed
[2026-04-12T14:45:45.188+0000] {logging_mixin.py:188} INFO - {"timestamp": "2026-04-12T14:45:45.188439+00:00", "level": "INFO", "module": "db.loaders.worldbank_loader", "message": "Inserted 5 rows into raw.worldbank_gdp from gdp_ke_20260408.json"}
[2026-04-12T14:45:45.188+0000] {worldbank_loader.py:38} INFO - Inserted 5 rows into raw.worldbank_gdp from gdp_ke_20260408.json
[2026-04-12T14:45:45.192+0000] {logging_mixin.py:188} INFO - {"timestamp": "2026-04-12T14:45:45.192652+00:00", "level": "INFO", "module": "db.connection", "message": "Transaction committed"}
[2026-04-12T14:45:45.192+0000] {connection.py:26} INFO - Transaction committed
[2026-04-12T14:45:45.193+0000] {logging_mixin.py:188} INFO - {"timestamp": "2026-04-12T14:45:45.193021+00:00", "level": "INFO", "module": "db.loaders.worldbank_loader", "message": "Inserted 5 rows into raw.worldbank_gdp from gdp_ke_20260409.json"}
[2026-04-12T14:45:45.193+0000] {worldbank_loader.py:38} INFO - Inserted 5 rows into raw.worldbank_gdp from gdp_ke_20260409.json
[2026-04-12T14:45:45.199+0000] {logging_mixin.py:188} INFO - {"timestamp": "2026-04-12T14:45:45.199384+00:00", "level": "INFO", "module": "db.connection", "message": "Transaction committed"}
[2026-04-12T14:45:45.199+0000] {connection.py:26} INFO - Transaction committed
[2026-04-12T14:45:45.199+0000] {logging_mixin.py:188} INFO - {"timestamp": "2026-04-12T14:45:45.199738+00:00", "level": "INFO", "module": "db.loaders.worldbank_loader", "message": "Inserted 5 rows into raw.worldbank_gdp from gdp_ke_20260410.json"}
[2026-04-12T14:45:45.199+0000] {worldbank_loader.py:38} INFO - Inserted 5 rows into raw.worldbank_gdp from gdp_ke_20260410.json
[2026-04-12T14:45:45.204+0000] {logging_mixin.py:188} INFO - {"timestamp": "2026-04-12T14:45:45.204551+00:00", "level": "INFO", "module": "db.connection", "message": "Transaction committed"}
[2026-04-12T14:45:45.204+0000] {connection.py:26} INFO - Transaction committed
[2026-04-12T14:45:45.204+0000] {logging_mixin.py:188} INFO - {"timestamp": "2026-04-12T14:45:45.204929+00:00", "level": "INFO", "module": "db.loaders.worldbank_loader", "message": "Inserted 5 rows into raw.worldbank_gdp from gdp_ke_20260411.json"}
[2026-04-12T14:45:45.204+0000] {worldbank_loader.py:38} INFO - Inserted 5 rows into raw.worldbank_gdp from gdp_ke_20260411.json
[2026-04-12T14:45:45.211+0000] {logging_mixin.py:188} INFO - {"timestamp": "2026-04-12T14:45:45.211000+00:00", "level": "INFO", "module": "db.connection", "message": "Transaction committed"}
[2026-04-12T14:45:45.210+0000] {connection.py:26} INFO - Transaction committed
[2026-04-12T14:45:45.211+0000] {logging_mixin.py:188} INFO - {"timestamp": "2026-04-12T14:45:45.211490+00:00", "level": "INFO", "module": "db.loaders.worldbank_loader", "message": "Inserted 5 rows into raw.worldbank_gdp from gdp_ke_20260412.json"}
[2026-04-12T14:45:45.211+0000] {worldbank_loader.py:38} INFO - Inserted 5 rows into raw.worldbank_gdp from gdp_ke_20260412.json
[2026-04-12T14:45:45.216+0000] {logging_mixin.py:188} INFO - {"timestamp": "2026-04-12T14:45:45.216945+00:00", "level": "INFO", "module": "db.connection", "message": "Transaction committed"}
[2026-04-12T14:45:45.216+0000] {connection.py:26} INFO - Transaction committed
[2026-04-12T14:45:45.217+0000] {logging_mixin.py:188} INFO - {"timestamp": "2026-04-12T14:45:45.217269+00:00", "level": "INFO", "module": "db.loaders.worldbank_loader", "message": "Inserted 5 rows into raw.worldbank_inflation from inflation_ke_20260402.json"}
[2026-04-12T14:45:45.217+0000] {worldbank_loader.py:38} INFO - Inserted 5 rows into raw.worldbank_inflation from inflation_ke_20260402.json
[2026-04-12T14:45:45.221+0000] {logging_mixin.py:188} INFO - {"timestamp": "2026-04-12T14:45:45.221556+00:00", "level": "INFO", "module": "db.connection", "message": "Transaction committed"}
[2026-04-12T14:45:45.221+0000] {connection.py:26} INFO - Transaction committed
[2026-04-12T14:45:45.221+0000] {logging_mixin.py:188} INFO - {"timestamp": "2026-04-12T14:45:45.221872+00:00", "level": "INFO", "module": "db.loaders.worldbank_loader", "message": "Inserted 5 rows into raw.worldbank_inflation from inflation_ke_20260408.json"}
[2026-04-12T14:45:45.221+0000] {worldbank_loader.py:38} INFO - Inserted 5 rows into raw.worldbank_inflation from inflation_ke_20260408.json
[2026-04-12T14:45:45.226+0000] {logging_mixin.py:188} INFO - {"timestamp": "2026-04-12T14:45:45.226682+00:00", "level": "INFO", "module": "db.connection", "message": "Transaction committed"}
[2026-04-12T14:45:45.226+0000] {connection.py:26} INFO - Transaction committed
[2026-04-12T14:45:45.227+0000] {logging_mixin.py:188} INFO - {"timestamp": "2026-04-12T14:45:45.227083+00:00", "level": "INFO", "module": "db.loaders.worldbank_loader", "message": "Inserted 5 rows into raw.worldbank_inflation from inflation_ke_20260409.json"}
[2026-04-12T14:45:45.227+0000] {worldbank_loader.py:38} INFO - Inserted 5 rows into raw.worldbank_inflation from inflation_ke_20260409.json
[2026-04-12T14:45:45.231+0000] {logging_mixin.py:188} INFO - {"timestamp": "2026-04-12T14:45:45.231844+00:00", "level": "INFO", "module": "db.connection", "message": "Transaction committed"}
[2026-04-12T14:45:45.231+0000] {connection.py:26} INFO - Transaction committed
[2026-04-12T14:45:45.232+0000] {logging_mixin.py:188} INFO - {"timestamp": "2026-04-12T14:45:45.232359+00:00", "level": "INFO", "module": "db.loaders.worldbank_loader", "message": "Inserted 5 rows into raw.worldbank_inflation from inflation_ke_20260410.json"}
[2026-04-12T14:45:45.232+0000] {worldbank_loader.py:38} INFO - Inserted 5 rows into raw.worldbank_inflation from inflation_ke_20260410.json
[2026-04-12T14:45:45.238+0000] {logging_mixin.py:188} INFO - {"timestamp": "2026-04-12T14:45:45.238698+00:00", "level": "INFO", "module": "db.connection", "message": "Transaction committed"}
[2026-04-12T14:45:45.238+0000] {connection.py:26} INFO - Transaction committed
[2026-04-12T14:45:45.239+0000] {logging_mixin.py:188} INFO - {"timestamp": "2026-04-12T14:45:45.239051+00:00", "level": "INFO", "module": "db.loaders.worldbank_loader", "message": "Inserted 5 rows into raw.worldbank_inflation from inflation_ke_20260411.json"}
[2026-04-12T14:45:45.239+0000] {worldbank_loader.py:38} INFO - Inserted 5 rows into raw.worldbank_inflation from inflation_ke_20260411.json
[2026-04-12T14:45:45.243+0000] {logging_mixin.py:188} INFO - {"timestamp": "2026-04-12T14:45:45.243291+00:00", "level": "INFO", "module": "db.connection", "message": "Transaction committed"}
[2026-04-12T14:45:45.243+0000] {connection.py:26} INFO - Transaction committed
[2026-04-12T14:45:45.243+0000] {logging_mixin.py:188} INFO - {"timestamp": "2026-04-12T14:45:45.243592+00:00", "level": "INFO", "module": "db.loaders.worldbank_loader", "message": "Inserted 5 rows into raw.worldbank_inflation from inflation_ke_20260412.json"}
[2026-04-12T14:45:45.243+0000] {worldbank_loader.py:38} INFO - Inserted 5 rows into raw.worldbank_inflation from inflation_ke_20260412.json
[2026-04-12T14:45:45.251+0000] {logging_mixin.py:188} INFO - {"timestamp": "2026-04-12T14:45:45.251765+00:00", "level": "INFO", "module": "db.loaders.worldbank_loader", "message": "Staging GDP load complete (SCD2 dedup applied)"}
[2026-04-12T14:45:45.251+0000] {worldbank_loader.py:63} INFO - Staging GDP load complete (SCD2 dedup applied)
[2026-04-12T14:45:45.252+0000] {logging_mixin.py:188} INFO - {"timestamp": "2026-04-12T14:45:45.252882+00:00", "level": "INFO", "module": "db.connection", "message": "Transaction committed"}
[2026-04-12T14:45:45.252+0000] {connection.py:26} INFO - Transaction committed
[2026-04-12T14:45:45.258+0000] {logging_mixin.py:188} INFO - {"timestamp": "2026-04-12T14:45:45.258795+00:00", "level": "INFO", "module": "db.loaders.worldbank_loader", "message": "Staging inflation load complete"}
[2026-04-12T14:45:45.258+0000] {worldbank_loader.py:86} INFO - Staging inflation load complete
[2026-04-12T14:45:45.259+0000] {logging_mixin.py:188} INFO - {"timestamp": "2026-04-12T14:45:45.259404+00:00", "level": "INFO", "module": "db.connection", "message": "Transaction committed"}
[2026-04-12T14:45:45.259+0000] {connection.py:26} INFO - Transaction committed
[2026-04-12T14:45:45.268+0000] {logging_mixin.py:188} INFO - {"timestamp": "2026-04-12T14:45:45.268246+00:00", "level": "INFO", "module": "db.connection", "message": "Transaction committed"}
[2026-04-12T14:45:45.268+0000] {connection.py:26} INFO - Transaction committed
[2026-04-12T14:45:45.268+0000] {logging_mixin.py:188} INFO - {"timestamp": "2026-04-12T14:45:45.268701+00:00", "level": "INFO", "module": "db.loaders.fx_loader", "message": "Loaded 3 FX pairs from fx_ke_20260402_152933.json"}
[2026-04-12T14:45:45.268+0000] {fx_loader.py:28} INFO - Loaded 3 FX pairs from fx_ke_20260402_152933.json
[2026-04-12T14:45:45.274+0000] {logging_mixin.py:188} INFO - {"timestamp": "2026-04-12T14:45:45.274887+00:00", "level": "INFO", "module": "db.connection", "message": "Transaction committed"}
[2026-04-12T14:45:45.274+0000] {connection.py:26} INFO - Transaction committed
[2026-04-12T14:45:45.275+0000] {logging_mixin.py:188} INFO - {"timestamp": "2026-04-12T14:45:45.275288+00:00", "level": "INFO", "module": "db.loaders.fx_loader", "message": "Staged FX: 1 USD = 130.09 KES | 1 KES = 0.00768699 USD | ts=2026-04-02 15:00:00+00:00"}
[2026-04-12T14:45:45.275+0000] {fx_loader.py:55} INFO - Staged FX: 1 USD = 130.09 KES | 1 KES = 0.00768699 USD | ts=2026-04-02 15:00:00+00:00
[2026-04-12T14:45:45.288+0000] {logging_mixin.py:188} INFO - {"timestamp": "2026-04-12T14:45:45.287926+00:00", "level": "INFO", "module": "db.connection", "message": "Transaction committed"}
[2026-04-12T14:45:45.287+0000] {connection.py:26} INFO - Transaction committed
[2026-04-12T14:45:45.288+0000] {logging_mixin.py:188} INFO - {"timestamp": "2026-04-12T14:45:45.288554+00:00", "level": "INFO", "module": "db.loaders.fx_loader", "message": "Loaded 3 FX pairs from fx_ke_20260402_190438.json"}
[2026-04-12T14:45:45.288+0000] {fx_loader.py:28} INFO - Loaded 3 FX pairs from fx_ke_20260402_190438.json
[2026-04-12T14:45:45.295+0000] {logging_mixin.py:188} INFO - {"timestamp": "2026-04-12T14:45:45.294924+00:00", "level": "INFO", "module": "db.connection", "message": "Transaction committed"}
[2026-04-12T14:45:45.294+0000] {connection.py:26} INFO - Transaction committed
[2026-04-12T14:45:45.296+0000] {logging_mixin.py:188} INFO - {"timestamp": "2026-04-12T14:45:45.296037+00:00", "level": "INFO", "module": "db.loaders.fx_loader", "message": "Staged FX: 1 USD = 130.1 KES | 1 KES = 0.0076864 USD | ts=2026-04-02 19:00:00+00:00"}
[2026-04-12T14:45:45.296+0000] {fx_loader.py:55} INFO - Staged FX: 1 USD = 130.1 KES | 1 KES = 0.0076864 USD | ts=2026-04-02 19:00:00+00:00
[2026-04-12T14:45:45.302+0000] {logging_mixin.py:188} INFO - {"timestamp": "2026-04-12T14:45:45.302604+00:00", "level": "INFO", "module": "db.connection", "message": "Transaction committed"}
[2026-04-12T14:45:45.302+0000] {connection.py:26} INFO - Transaction committed
[2026-04-12T14:45:45.303+0000] {logging_mixin.py:188} INFO - {"timestamp": "2026-04-12T14:45:45.303013+00:00", "level": "INFO", "module": "db.loaders.fx_loader", "message": "Loaded 3 FX pairs from fx_ke_20260402_190447.json"}
[2026-04-12T14:45:45.303+0000] {fx_loader.py:28} INFO - Loaded 3 FX pairs from fx_ke_20260402_190447.json
[2026-04-12T14:45:45.307+0000] {logging_mixin.py:188} INFO - {"timestamp": "2026-04-12T14:45:45.307650+00:00", "level": "INFO", "module": "db.connection", "message": "Transaction committed"}
[2026-04-12T14:45:45.307+0000] {connection.py:26} INFO - Transaction committed
[2026-04-12T14:45:45.308+0000] {logging_mixin.py:188} INFO - {"timestamp": "2026-04-12T14:45:45.308014+00:00", "level": "INFO", "module": "db.loaders.fx_loader", "message": "Staged FX: 1 USD = 130.1 KES | 1 KES = 0.0076864 USD | ts=2026-04-02 19:00:00+00:00"}
[2026-04-12T14:45:45.308+0000] {fx_loader.py:55} INFO - Staged FX: 1 USD = 130.1 KES | 1 KES = 0.0076864 USD | ts=2026-04-02 19:00:00+00:00
[2026-04-12T14:45:45.312+0000] {logging_mixin.py:188} INFO - {"timestamp": "2026-04-12T14:45:45.312398+00:00", "level": "INFO", "module": "db.connection", "message": "Transaction committed"}
[2026-04-12T14:45:45.312+0000] {connection.py:26} INFO - Transaction committed
[2026-04-12T14:45:45.312+0000] {logging_mixin.py:188} INFO - {"timestamp": "2026-04-12T14:45:45.312664+00:00", "level": "INFO", "module": "db.loaders.fx_loader", "message": "Loaded 3 FX pairs from fx_ke_20260402_195641.json"}
[2026-04-12T14:45:45.312+0000] {fx_loader.py:28} INFO - Loaded 3 FX pairs from fx_ke_20260402_195641.json
[2026-04-12T14:45:45.316+0000] {logging_mixin.py:188} INFO - {"timestamp": "2026-04-12T14:45:45.316617+00:00", "level": "INFO", "module": "db.connection", "message": "Transaction committed"}
[2026-04-12T14:45:45.316+0000] {connection.py:26} INFO - Transaction committed
[2026-04-12T14:45:45.316+0000] {logging_mixin.py:188} INFO - {"timestamp": "2026-04-12T14:45:45.316871+00:00", "level": "INFO", "module": "db.loaders.fx_loader", "message": "Staged FX: 1 USD = 130.1 KES | 1 KES = 0.0076864 USD | ts=2026-04-02 19:00:00+00:00"}
[2026-04-12T14:45:45.316+0000] {fx_loader.py:55} INFO - Staged FX: 1 USD = 130.1 KES | 1 KES = 0.0076864 USD | ts=2026-04-02 19:00:00+00:00
[2026-04-12T14:45:45.320+0000] {logging_mixin.py:188} INFO - {"timestamp": "2026-04-12T14:45:45.320816+00:00", "level": "INFO", "module": "db.connection", "message": "Transaction committed"}
[2026-04-12T14:45:45.320+0000] {connection.py:26} INFO - Transaction committed
[2026-04-12T14:45:45.321+0000] {logging_mixin.py:188} INFO - {"timestamp": "2026-04-12T14:45:45.321073+00:00", "level": "INFO", "module": "db.loaders.fx_loader", "message": "Loaded 3 FX pairs from fx_ke_20260408_115811.json"}
[2026-04-12T14:45:45.321+0000] {fx_loader.py:28} INFO - Loaded 3 FX pairs from fx_ke_20260408_115811.json
[2026-04-12T14:45:45.325+0000] {logging_mixin.py:188} INFO - {"timestamp": "2026-04-12T14:45:45.325945+00:00", "level": "INFO", "module": "db.connection", "message": "Transaction committed"}
[2026-04-12T14:45:45.325+0000] {connection.py:26} INFO - Transaction committed
[2026-04-12T14:45:45.326+0000] {logging_mixin.py:188} INFO - {"timestamp": "2026-04-12T14:45:45.326220+00:00", "level": "INFO", "module": "db.loaders.fx_loader", "message": "Staged FX: 1 USD = 129.35 KES | 1 KES = 0.00773096 USD | ts=2026-04-08 11:00:00+00:00"}
[2026-04-12T14:45:45.326+0000] {fx_loader.py:55} INFO - Staged FX: 1 USD = 129.35 KES | 1 KES = 0.00773096 USD | ts=2026-04-08 11:00:00+00:00
[2026-04-12T14:45:45.330+0000] {logging_mixin.py:188} INFO - {"timestamp": "2026-04-12T14:45:45.330435+00:00", "level": "INFO", "module": "db.connection", "message": "Transaction committed"}
[2026-04-12T14:45:45.330+0000] {connection.py:26} INFO - Transaction committed
[2026-04-12T14:45:45.330+0000] {logging_mixin.py:188} INFO - {"timestamp": "2026-04-12T14:45:45.330690+00:00", "level": "INFO", "module": "db.loaders.fx_loader", "message": "Loaded 3 FX pairs from fx_ke_20260409_035300.json"}
[2026-04-12T14:45:45.330+0000] {fx_loader.py:28} INFO - Loaded 3 FX pairs from fx_ke_20260409_035300.json
[2026-04-12T14:45:45.335+0000] {logging_mixin.py:188} INFO - {"timestamp": "2026-04-12T14:45:45.335222+00:00", "level": "INFO", "module": "db.connection", "message": "Transaction committed"}
[2026-04-12T14:45:45.335+0000] {connection.py:26} INFO - Transaction committed
[2026-04-12T14:45:45.335+0000] {logging_mixin.py:188} INFO - {"timestamp": "2026-04-12T14:45:45.335517+00:00", "level": "INFO", "module": "db.loaders.fx_loader", "message": "Staged FX: 1 USD = 129.4 KES | 1 KES = 0.00772798 USD | ts=2026-04-09 03:00:00+00:00"}
[2026-04-12T14:45:45.335+0000] {fx_loader.py:55} INFO - Staged FX: 1 USD = 129.4 KES | 1 KES = 0.00772798 USD | ts=2026-04-09 03:00:00+00:00
[2026-04-12T14:45:45.341+0000] {logging_mixin.py:188} INFO - {"timestamp": "2026-04-12T14:45:45.341023+00:00", "level": "INFO", "module": "db.connection", "message": "Transaction committed"}
[2026-04-12T14:45:45.340+0000] {connection.py:26} INFO - Transaction committed
[2026-04-12T14:45:45.341+0000] {logging_mixin.py:188} INFO - {"timestamp": "2026-04-12T14:45:45.341640+00:00", "level": "INFO", "module": "db.loaders.fx_loader", "message": "Loaded 3 FX pairs from fx_ke_20260410_030519.json"}
[2026-04-12T14:45:45.341+0000] {fx_loader.py:28} INFO - Loaded 3 FX pairs from fx_ke_20260410_030519.json
[2026-04-12T14:45:45.347+0000] {logging_mixin.py:188} INFO - {"timestamp": "2026-04-12T14:45:45.347593+00:00", "level": "INFO", "module": "db.connection", "message": "Transaction committed"}
[2026-04-12T14:45:45.347+0000] {connection.py:26} INFO - Transaction committed
[2026-04-12T14:45:45.348+0000] {logging_mixin.py:188} INFO - {"timestamp": "2026-04-12T14:45:45.348142+00:00", "level": "INFO", "module": "db.loaders.fx_loader", "message": "Staged FX: 1 USD = 129.25 KES | 1 KES = 0.00773694 USD | ts=2026-04-10 03:00:00+00:00"}
[2026-04-12T14:45:45.348+0000] {fx_loader.py:55} INFO - Staged FX: 1 USD = 129.25 KES | 1 KES = 0.00773694 USD | ts=2026-04-10 03:00:00+00:00
[2026-04-12T14:45:45.360+0000] {logging_mixin.py:188} INFO - {"timestamp": "2026-04-12T14:45:45.360200+00:00", "level": "INFO", "module": "db.connection", "message": "Transaction committed"}
[2026-04-12T14:45:45.360+0000] {connection.py:26} INFO - Transaction committed
[2026-04-12T14:45:45.361+0000] {logging_mixin.py:188} INFO - {"timestamp": "2026-04-12T14:45:45.361561+00:00", "level": "INFO", "module": "db.loaders.fx_loader", "message": "Loaded 3 FX pairs from fx_ke_20260411_030917.json"}
[2026-04-12T14:45:45.361+0000] {fx_loader.py:28} INFO - Loaded 3 FX pairs from fx_ke_20260411_030917.json
[2026-04-12T14:45:45.376+0000] {logging_mixin.py:188} INFO - {"timestamp": "2026-04-12T14:45:45.376238+00:00", "level": "INFO", "module": "db.connection", "message": "Transaction committed"}
[2026-04-12T14:45:45.376+0000] {connection.py:26} INFO - Transaction committed
[2026-04-12T14:45:45.376+0000] {logging_mixin.py:188} INFO - {"timestamp": "2026-04-12T14:45:45.376924+00:00", "level": "INFO", "module": "db.loaders.fx_loader", "message": "Staged FX: 1 USD = 129.210149 KES | 1 KES = 0.00773933 USD | ts=2026-04-11 03:00:04+00:00"}
[2026-04-12T14:45:45.376+0000] {fx_loader.py:55} INFO - Staged FX: 1 USD = 129.210149 KES | 1 KES = 0.00773933 USD | ts=2026-04-11 03:00:04+00:00
[2026-04-12T14:45:45.389+0000] {logging_mixin.py:188} INFO - {"timestamp": "2026-04-12T14:45:45.389623+00:00", "level": "INFO", "module": "db.connection", "message": "Transaction committed"}
[2026-04-12T14:45:45.389+0000] {connection.py:26} INFO - Transaction committed
[2026-04-12T14:45:45.390+0000] {logging_mixin.py:188} INFO - {"timestamp": "2026-04-12T14:45:45.390497+00:00", "level": "INFO", "module": "db.loaders.fx_loader", "message": "Loaded 3 FX pairs from fx_ke_20260412_030003.json"}
[2026-04-12T14:45:45.390+0000] {fx_loader.py:28} INFO - Loaded 3 FX pairs from fx_ke_20260412_030003.json
[2026-04-12T14:45:45.398+0000] {logging_mixin.py:188} INFO - {"timestamp": "2026-04-12T14:45:45.398627+00:00", "level": "INFO", "module": "db.connection", "message": "Transaction committed"}
[2026-04-12T14:45:45.398+0000] {connection.py:26} INFO - Transaction committed
[2026-04-12T14:45:45.399+0000] {logging_mixin.py:188} INFO - {"timestamp": "2026-04-12T14:45:45.399239+00:00", "level": "INFO", "module": "db.loaders.fx_loader", "message": "Staged FX: 1 USD = 129.210149 KES | 1 KES = 0.00773933 USD | ts=2026-04-12 02:00:19+00:00"}
[2026-04-12T14:45:45.399+0000] {fx_loader.py:55} INFO - Staged FX: 1 USD = 129.210149 KES | 1 KES = 0.00773933 USD | ts=2026-04-12 02:00:19+00:00
[2026-04-12T14:45:45.407+0000] {logging_mixin.py:188} INFO - {"timestamp": "2026-04-12T14:45:45.407018+00:00", "level": "INFO", "module": "db.connection", "message": "Transaction committed"}
[2026-04-12T14:45:45.406+0000] {connection.py:26} INFO - Transaction committed
[2026-04-12T14:45:45.407+0000] {logging_mixin.py:188} INFO - {"timestamp": "2026-04-12T14:45:45.407614+00:00", "level": "INFO", "module": "db.loaders.fx_loader", "message": "Loaded 3 FX pairs from fx_ke_20260412_135055.json"}
[2026-04-12T14:45:45.407+0000] {fx_loader.py:28} INFO - Loaded 3 FX pairs from fx_ke_20260412_135055.json
[2026-04-12T14:45:45.417+0000] {logging_mixin.py:188} INFO - {"timestamp": "2026-04-12T14:45:45.417139+00:00", "level": "INFO", "module": "db.connection", "message": "Transaction committed"}
[2026-04-12T14:45:45.417+0000] {connection.py:26} INFO - Transaction committed
[2026-04-12T14:45:45.417+0000] {logging_mixin.py:188} INFO - {"timestamp": "2026-04-12T14:45:45.417646+00:00", "level": "INFO", "module": "db.loaders.fx_loader", "message": "Staged FX: 1 USD = 129.210149 KES | 1 KES = 0.00773933 USD | ts=2026-04-12 13:00:20+00:00"}
[2026-04-12T14:45:45.417+0000] {fx_loader.py:55} INFO - Staged FX: 1 USD = 129.210149 KES | 1 KES = 0.00773933 USD | ts=2026-04-12 13:00:20+00:00
[2026-04-12T14:45:45.426+0000] {logging_mixin.py:188} INFO - {"timestamp": "2026-04-12T14:45:45.426385+00:00", "level": "INFO", "module": "db.connection", "message": "Transaction committed"}
[2026-04-12T14:45:45.426+0000] {connection.py:26} INFO - Transaction committed
[2026-04-12T14:45:45.426+0000] {logging_mixin.py:188} INFO - {"timestamp": "2026-04-12T14:45:45.426949+00:00", "level": "INFO", "module": "db.loaders.fx_loader", "message": "Loaded 3 FX pairs from fx_ke_20260412_135112.json"}
[2026-04-12T14:45:45.426+0000] {fx_loader.py:28} INFO - Loaded 3 FX pairs from fx_ke_20260412_135112.json
[2026-04-12T14:45:45.433+0000] {logging_mixin.py:188} INFO - {"timestamp": "2026-04-12T14:45:45.433715+00:00", "level": "INFO", "module": "db.connection", "message": "Transaction committed"}
[2026-04-12T14:45:45.433+0000] {connection.py:26} INFO - Transaction committed
[2026-04-12T14:45:45.434+0000] {logging_mixin.py:188} INFO - {"timestamp": "2026-04-12T14:45:45.434404+00:00", "level": "INFO", "module": "db.loaders.fx_loader", "message": "Staged FX: 1 USD = 129.210149 KES | 1 KES = 0.00773933 USD | ts=2026-04-12 13:00:20+00:00"}
[2026-04-12T14:45:45.434+0000] {fx_loader.py:55} INFO - Staged FX: 1 USD = 129.210149 KES | 1 KES = 0.00773933 USD | ts=2026-04-12 13:00:20+00:00
[2026-04-12T14:45:45.444+0000] {logging_mixin.py:188} INFO - {"timestamp": "2026-04-12T14:45:45.444394+00:00", "level": "INFO", "module": "db.connection", "message": "Transaction committed"}
[2026-04-12T14:45:45.444+0000] {connection.py:26} INFO - Transaction committed
[2026-04-12T14:45:45.446+0000] {logging_mixin.py:188} INFO - {"timestamp": "2026-04-12T14:45:45.445987+00:00", "level": "INFO", "module": "db.loaders.fx_loader", "message": "Loaded 3 FX pairs from fx_ke_20260412_135321.json"}
[2026-04-12T14:45:45.445+0000] {fx_loader.py:28} INFO - Loaded 3 FX pairs from fx_ke_20260412_135321.json
[2026-04-12T14:45:45.455+0000] {logging_mixin.py:188} INFO - {"timestamp": "2026-04-12T14:45:45.454899+00:00", "level": "INFO", "module": "db.connection", "message": "Transaction committed"}
[2026-04-12T14:45:45.454+0000] {connection.py:26} INFO - Transaction committed
[2026-04-12T14:45:45.455+0000] {logging_mixin.py:188} INFO - {"timestamp": "2026-04-12T14:45:45.455643+00:00", "level": "INFO", "module": "db.loaders.fx_loader", "message": "Staged FX: 1 USD = 129.210149 KES | 1 KES = 0.00773933 USD | ts=2026-04-12 13:00:20+00:00"}
[2026-04-12T14:45:45.455+0000] {fx_loader.py:55} INFO - Staged FX: 1 USD = 129.210149 KES | 1 KES = 0.00773933 USD | ts=2026-04-12 13:00:20+00:00
[2026-04-12T14:45:45.462+0000] {logging_mixin.py:188} INFO - {"timestamp": "2026-04-12T14:45:45.462197+00:00", "level": "INFO", "module": "db.connection", "message": "Transaction committed"}
[2026-04-12T14:45:45.462+0000] {connection.py:26} INFO - Transaction committed
[2026-04-12T14:45:45.462+0000] {logging_mixin.py:188} INFO - {"timestamp": "2026-04-12T14:45:45.462646+00:00", "level": "INFO", "module": "db.loaders.fx_loader", "message": "Loaded 3 FX pairs from fx_ke_20260412_142141.json"}
[2026-04-12T14:45:45.462+0000] {fx_loader.py:28} INFO - Loaded 3 FX pairs from fx_ke_20260412_142141.json
[2026-04-12T14:45:45.469+0000] {logging_mixin.py:188} INFO - {"timestamp": "2026-04-12T14:45:45.469551+00:00", "level": "INFO", "module": "db.connection", "message": "Transaction committed"}
[2026-04-12T14:45:45.469+0000] {connection.py:26} INFO - Transaction committed
[2026-04-12T14:45:45.470+0000] {logging_mixin.py:188} INFO - {"timestamp": "2026-04-12T14:45:45.470171+00:00", "level": "INFO", "module": "db.loaders.fx_loader", "message": "Staged FX: 1 USD = 129.210149 KES | 1 KES = 0.00773933 USD | ts=2026-04-12 14:00:15+00:00"}
[2026-04-12T14:45:45.470+0000] {fx_loader.py:55} INFO - Staged FX: 1 USD = 129.210149 KES | 1 KES = 0.00773933 USD | ts=2026-04-12 14:00:15+00:00
[2026-04-12T14:45:45.476+0000] {logging_mixin.py:188} INFO - {"timestamp": "2026-04-12T14:45:45.476042+00:00", "level": "INFO", "module": "db.connection", "message": "Transaction committed"}
[2026-04-12T14:45:45.475+0000] {connection.py:26} INFO - Transaction committed
[2026-04-12T14:45:45.476+0000] {logging_mixin.py:188} INFO - {"timestamp": "2026-04-12T14:45:45.476483+00:00", "level": "INFO", "module": "db.loaders.fx_loader", "message": "Loaded 3 FX pairs from fx_ke_20260412_142205.json"}
[2026-04-12T14:45:45.476+0000] {fx_loader.py:28} INFO - Loaded 3 FX pairs from fx_ke_20260412_142205.json
[2026-04-12T14:45:45.485+0000] {logging_mixin.py:188} INFO - {"timestamp": "2026-04-12T14:45:45.485813+00:00", "level": "INFO", "module": "db.connection", "message": "Transaction committed"}
[2026-04-12T14:45:45.485+0000] {connection.py:26} INFO - Transaction committed
[2026-04-12T14:45:45.486+0000] {logging_mixin.py:188} INFO - {"timestamp": "2026-04-12T14:45:45.486355+00:00", "level": "INFO", "module": "db.loaders.fx_loader", "message": "Staged FX: 1 USD = 129.210149 KES | 1 KES = 0.00773933 USD | ts=2026-04-12 14:00:15+00:00"}
[2026-04-12T14:45:45.486+0000] {fx_loader.py:55} INFO - Staged FX: 1 USD = 129.210149 KES | 1 KES = 0.00773933 USD | ts=2026-04-12 14:00:15+00:00
[2026-04-12T14:45:45.495+0000] {logging_mixin.py:188} INFO - {"timestamp": "2026-04-12T14:45:45.495141+00:00", "level": "INFO", "module": "db.connection", "message": "Transaction committed"}
[2026-04-12T14:45:45.495+0000] {connection.py:26} INFO - Transaction committed
[2026-04-12T14:45:45.495+0000] {logging_mixin.py:188} INFO - {"timestamp": "2026-04-12T14:45:45.495629+00:00", "level": "INFO", "module": "db.loaders.fx_loader", "message": "Loaded 3 FX pairs from fx_ke_20260412_143048.json"}
[2026-04-12T14:45:45.495+0000] {fx_loader.py:28} INFO - Loaded 3 FX pairs from fx_ke_20260412_143048.json
[2026-04-12T14:45:45.502+0000] {logging_mixin.py:188} INFO - {"timestamp": "2026-04-12T14:45:45.502769+00:00", "level": "INFO", "module": "db.connection", "message": "Transaction committed"}
[2026-04-12T14:45:45.502+0000] {connection.py:26} INFO - Transaction committed
[2026-04-12T14:45:45.503+0000] {logging_mixin.py:188} INFO - {"timestamp": "2026-04-12T14:45:45.503352+00:00", "level": "INFO", "module": "db.loaders.fx_loader", "message": "Staged FX: 1 USD = 129.210149 KES | 1 KES = 0.00773933 USD | ts=2026-04-12 14:00:15+00:00"}
[2026-04-12T14:45:45.503+0000] {fx_loader.py:55} INFO - Staged FX: 1 USD = 129.210149 KES | 1 KES = 0.00773933 USD | ts=2026-04-12 14:00:15+00:00
[2026-04-12T14:45:45.509+0000] {logging_mixin.py:188} INFO - {"timestamp": "2026-04-12T14:45:45.509835+00:00", "level": "INFO", "module": "db.connection", "message": "Transaction committed"}
[2026-04-12T14:45:45.509+0000] {connection.py:26} INFO - Transaction committed
[2026-04-12T14:45:45.510+0000] {logging_mixin.py:188} INFO - {"timestamp": "2026-04-12T14:45:45.510540+00:00", "level": "INFO", "module": "db.loaders.fx_loader", "message": "Loaded 3 FX pairs from fx_ke_20260412_143049.json"}
[2026-04-12T14:45:45.510+0000] {fx_loader.py:28} INFO - Loaded 3 FX pairs from fx_ke_20260412_143049.json
[2026-04-12T14:45:45.518+0000] {logging_mixin.py:188} INFO - {"timestamp": "2026-04-12T14:45:45.518040+00:00", "level": "INFO", "module": "db.connection", "message": "Transaction committed"}
[2026-04-12T14:45:45.518+0000] {connection.py:26} INFO - Transaction committed
[2026-04-12T14:45:45.518+0000] {logging_mixin.py:188} INFO - {"timestamp": "2026-04-12T14:45:45.518580+00:00", "level": "INFO", "module": "db.loaders.fx_loader", "message": "Staged FX: 1 USD = 129.210149 KES | 1 KES = 0.00773933 USD | ts=2026-04-12 14:00:15+00:00"}
[2026-04-12T14:45:45.518+0000] {fx_loader.py:55} INFO - Staged FX: 1 USD = 129.210149 KES | 1 KES = 0.00773933 USD | ts=2026-04-12 14:00:15+00:00
[2026-04-12T14:45:45.529+0000] {logging_mixin.py:188} INFO - {"timestamp": "2026-04-12T14:45:45.529218+00:00", "level": "INFO", "module": "db.connection", "message": "Transaction committed"}
[2026-04-12T14:45:45.529+0000] {connection.py:26} INFO - Transaction committed
[2026-04-12T14:45:45.529+0000] {logging_mixin.py:188} INFO - {"timestamp": "2026-04-12T14:45:45.529650+00:00", "level": "INFO", "module": "db.loaders.fx_loader", "message": "Loaded 3 FX pairs from fx_ke_20260412_143108.json"}
[2026-04-12T14:45:45.529+0000] {fx_loader.py:28} INFO - Loaded 3 FX pairs from fx_ke_20260412_143108.json
[2026-04-12T14:45:45.537+0000] {logging_mixin.py:188} INFO - {"timestamp": "2026-04-12T14:45:45.537236+00:00", "level": "INFO", "module": "db.connection", "message": "Transaction committed"}
[2026-04-12T14:45:45.537+0000] {connection.py:26} INFO - Transaction committed
[2026-04-12T14:45:45.540+0000] {logging_mixin.py:188} INFO - {"timestamp": "2026-04-12T14:45:45.540225+00:00", "level": "INFO", "module": "db.loaders.fx_loader", "message": "Staged FX: 1 USD = 129.210149 KES | 1 KES = 0.00773933 USD | ts=2026-04-12 14:00:15+00:00"}
[2026-04-12T14:45:45.540+0000] {fx_loader.py:55} INFO - Staged FX: 1 USD = 129.210149 KES | 1 KES = 0.00773933 USD | ts=2026-04-12 14:00:15+00:00
[2026-04-12T14:45:45.550+0000] {logging_mixin.py:188} INFO - {"timestamp": "2026-04-12T14:45:45.550586+00:00", "level": "INFO", "module": "db.connection", "message": "Transaction committed"}
[2026-04-12T14:45:45.550+0000] {connection.py:26} INFO - Transaction committed
[2026-04-12T14:45:45.551+0000] {logging_mixin.py:188} INFO - {"timestamp": "2026-04-12T14:45:45.550988+00:00", "level": "INFO", "module": "db.loaders.fx_loader", "message": "Loaded 3 FX pairs from fx_ke_20260412_143739.json"}
[2026-04-12T14:45:45.550+0000] {fx_loader.py:28} INFO - Loaded 3 FX pairs from fx_ke_20260412_143739.json
[2026-04-12T14:45:45.556+0000] {logging_mixin.py:188} INFO - {"timestamp": "2026-04-12T14:45:45.556058+00:00", "level": "INFO", "module": "db.connection", "message": "Transaction committed"}
[2026-04-12T14:45:45.556+0000] {connection.py:26} INFO - Transaction committed
[2026-04-12T14:45:45.556+0000] {logging_mixin.py:188} INFO - {"timestamp": "2026-04-12T14:45:45.556487+00:00", "level": "INFO", "module": "db.loaders.fx_loader", "message": "Staged FX: 1 USD = 129.210149 KES | 1 KES = 0.00773933 USD | ts=2026-04-12 14:00:15+00:00"}
[2026-04-12T14:45:45.556+0000] {fx_loader.py:55} INFO - Staged FX: 1 USD = 129.210149 KES | 1 KES = 0.00773933 USD | ts=2026-04-12 14:00:15+00:00
[2026-04-12T14:45:45.560+0000] {logging_mixin.py:188} INFO - {"timestamp": "2026-04-12T14:45:45.560605+00:00", "level": "INFO", "module": "db.connection", "message": "Transaction committed"}
[2026-04-12T14:45:45.560+0000] {connection.py:26} INFO - Transaction committed
[2026-04-12T14:45:45.560+0000] {logging_mixin.py:188} INFO - {"timestamp": "2026-04-12T14:45:45.560927+00:00", "level": "INFO", "module": "db.loaders.fx_loader", "message": "Loaded 3 FX pairs from fx_ke_20260412_144544.json"}
[2026-04-12T14:45:45.560+0000] {fx_loader.py:28} INFO - Loaded 3 FX pairs from fx_ke_20260412_144544.json
[2026-04-12T14:45:45.564+0000] {logging_mixin.py:188} INFO - {"timestamp": "2026-04-12T14:45:45.564847+00:00", "level": "INFO", "module": "db.connection", "message": "Transaction committed"}
[2026-04-12T14:45:45.564+0000] {connection.py:26} INFO - Transaction committed
[2026-04-12T14:45:45.565+0000] {logging_mixin.py:188} INFO - {"timestamp": "2026-04-12T14:45:45.565170+00:00", "level": "INFO", "module": "db.loaders.fx_loader", "message": "Staged FX: 1 USD = 129.210149 KES | 1 KES = 0.00773933 USD | ts=2026-04-12 14:00:15+00:00"}
[2026-04-12T14:45:45.565+0000] {fx_loader.py:55} INFO - Staged FX: 1 USD = 129.210149 KES | 1 KES = 0.00773933 USD | ts=2026-04-12 14:00:15+00:00
[2026-04-12T14:45:45.565+0000] {python.py:201} INFO - Done. Returned value was: None
[2026-04-12T14:45:45.575+0000] {taskinstance.py:1138} INFO - Marking task as SUCCESS. dag_id=kenya_econ_pipeline, task_id=load_to_postgres, execution_date=20260412T144541, start_date=20260412T144544, end_date=20260412T144545
[2026-04-12T14:45:45.616+0000] {local_task_job_runner.py:234} INFO - Task exited with return code 0
[2026-04-12T14:45:45.645+0000] {taskinstance.py:3280} INFO - 1 downstream tasks scheduled from follow-on schedule check
