[2026-04-12T14:36:15.046+0000] {taskinstance.py:1956} INFO - Dependencies all met for dep_context=non-requeueable deps ti=<TaskInstance: kenya_econ_pipeline.dbt_run manual__2026-04-12T14:31:04+00:00 [queued]>
[2026-04-12T14:36:15.050+0000] {taskinstance.py:1956} INFO - Dependencies all met for dep_context=requeueable deps ti=<TaskInstance: kenya_econ_pipeline.dbt_run manual__2026-04-12T14:31:04+00:00 [queued]>
[2026-04-12T14:36:15.050+0000] {taskinstance.py:2170} INFO - Starting attempt 2 of 4
[2026-04-12T14:36:15.056+0000] {taskinstance.py:2191} INFO - Executing <Task(BashOperator): dbt_run> on 2026-04-12 14:31:04+00:00
[2026-04-12T14:36:15.060+0000] {standard_task_runner.py:60} INFO - Started process 18593 to run task
[2026-04-12T14:36:15.063+0000] {standard_task_runner.py:87} INFO - Running: ['airflow', 'tasks', 'run', 'kenya_econ_pipeline', 'dbt_run', 'manual__2026-04-12T14:31:04+00:00', '--job-id', '86', '--raw', '--subdir', 'DAGS_FOLDER/kenya_econ_dag.py', '--cfg-path', '/tmp/tmpoxanhcdq']
[2026-04-12T14:36:15.065+0000] {standard_task_runner.py:88} INFO - Job 86: Subtask dbt_run
[2026-04-12T14:36:15.106+0000] {task_command.py:423} INFO - Running <TaskInstance: kenya_econ_pipeline.dbt_run manual__2026-04-12T14:31:04+00:00 [running]> on host 2f11af39ed07
[2026-04-12T14:36:15.170+0000] {taskinstance.py:2480} INFO - Exporting env vars: AIRFLOW_CTX_DAG_OWNER='samwel' AIRFLOW_CTX_DAG_ID='kenya_econ_pipeline' AIRFLOW_CTX_TASK_ID='dbt_run' AIRFLOW_CTX_EXECUTION_DATE='2026-04-12T14:31:04+00:00' AIRFLOW_CTX_TRY_NUMBER='2' AIRFLOW_CTX_DAG_RUN_ID='manual__2026-04-12T14:31:04+00:00'
[2026-04-12T14:36:15.172+0000] {subprocess.py:63} INFO - Tmp dir root location: /tmp
[2026-04-12T14:36:15.174+0000] {subprocess.py:75} INFO - Running command: ['/usr/bin/bash', '-c', 'cd /opt/airflow/kenya_econ_dbt && dbt run --profiles-dir /opt/airflow/kenya_econ_dbt']
[2026-04-12T14:36:15.182+0000] {subprocess.py:86} INFO - Output:
[2026-04-12T14:36:17.103+0000] {subprocess.py:93} INFO - [0m14:36:17  Running with dbt=1.7.0
[2026-04-12T14:36:17.295+0000] {subprocess.py:93} INFO - [0m14:36:17  Registered adapter: postgres=1.7.0
[2026-04-12T14:36:17.373+0000] {subprocess.py:93} INFO - [0m14:36:17  [[33mWARNING[0m]: Configuration paths exist in your dbt_project.yml file which do not apply to any resources.
[2026-04-12T14:36:17.374+0000] {subprocess.py:93} INFO - There are 2 unused configuration paths:
[2026-04-12T14:36:17.374+0000] {subprocess.py:93} INFO - - models.mart
[2026-04-12T14:36:17.374+0000] {subprocess.py:93} INFO - - models.staging
[2026-04-12T14:36:17.390+0000] {subprocess.py:93} INFO - [0m14:36:17  Found 6 models, 14 tests, 3 sources, 0 exposures, 0 metrics, 402 macros, 0 groups, 0 semantic models
[2026-04-12T14:36:17.391+0000] {subprocess.py:93} INFO - [0m14:36:17
[2026-04-12T14:36:17.481+0000] {subprocess.py:93} INFO - [0m14:36:17  Concurrency: 4 threads (target='dev')
[2026-04-12T14:36:17.482+0000] {subprocess.py:93} INFO - [0m14:36:17
[2026-04-12T14:36:17.492+0000] {subprocess.py:93} INFO - [0m14:36:17  1 of 6 START sql view model mart.stg_fx ........................................ [RUN]
[2026-04-12T14:36:17.492+0000] {subprocess.py:93} INFO - [0m14:36:17  2 of 6 START sql view model mart.stg_gdp ....................................... [RUN]
[2026-04-12T14:36:17.493+0000] {subprocess.py:93} INFO - [0m14:36:17  3 of 6 START sql view model mart.stg_inflation ................................. [RUN]
[2026-04-12T14:36:17.656+0000] {subprocess.py:93} INFO - [0m14:36:17  2 of 6 OK created sql view model mart.stg_gdp .................................. [[32mCREATE VIEW[0m in 0.16s]
[2026-04-12T14:36:17.656+0000] {subprocess.py:93} INFO - [0m14:36:17  1 of 6 OK created sql view model mart.stg_fx ................................... [[32mCREATE VIEW[0m in 0.16s]
[2026-04-12T14:36:17.657+0000] {subprocess.py:93} INFO - [0m14:36:17  3 of 6 OK created sql view model mart.stg_inflation ............................ [[32mCREATE VIEW[0m in 0.16s]
[2026-04-12T14:36:17.660+0000] {subprocess.py:93} INFO - [0m14:36:17  4 of 6 START sql view model mart.fx_daily_summary .............................. [RUN]
[2026-04-12T14:36:17.661+0000] {subprocess.py:93} INFO - [0m14:36:17  5 of 6 START sql view model mart.kenya_macro ................................... [RUN]
[2026-04-12T14:36:17.717+0000] {subprocess.py:93} INFO - [0m14:36:17  4 of 6 OK created sql view model mart.fx_daily_summary ......................... [[32mCREATE VIEW[0m in 0.05s]
[2026-04-12T14:36:17.717+0000] {subprocess.py:93} INFO - [0m14:36:17  5 of 6 OK created sql view model mart.kenya_macro .............................. [[32mCREATE VIEW[0m in 0.05s]
[2026-04-12T14:36:17.720+0000] {subprocess.py:93} INFO - [0m14:36:17  6 of 6 START sql view model mart.purchasing_power .............................. [RUN]
[2026-04-12T14:36:17.754+0000] {subprocess.py:93} INFO - [0m14:36:17  6 of 6 OK created sql view model mart.purchasing_power ......................... [[32mCREATE VIEW[0m in 0.03s]
[2026-04-12T14:36:17.764+0000] {subprocess.py:93} INFO - [0m14:36:17
[2026-04-12T14:36:17.765+0000] {subprocess.py:93} INFO - [0m14:36:17  Finished running 6 view models in 0 hours 0 minutes and 0.37 seconds (0.37s).
[2026-04-12T14:36:17.777+0000] {subprocess.py:93} INFO - [0m14:36:17
[2026-04-12T14:36:17.777+0000] {subprocess.py:93} INFO - [0m14:36:17  [32mCompleted successfully[0m
[2026-04-12T14:36:17.778+0000] {subprocess.py:93} INFO - [0m14:36:17
[2026-04-12T14:36:17.778+0000] {subprocess.py:93} INFO - [0m14:36:17  Done. PASS=6 WARN=0 ERROR=0 SKIP=0 TOTAL=6
[2026-04-12T14:36:20.022+0000] {subprocess.py:97} INFO - Command exited with return code 0
[2026-04-12T14:36:20.158+0000] {taskinstance.py:1138} INFO - Marking task as SUCCESS. dag_id=kenya_econ_pipeline, task_id=dbt_run, execution_date=20260412T143104, start_date=20260412T143615, end_date=20260412T143620
[2026-04-12T14:36:20.192+0000] {local_task_job_runner.py:234} INFO - Task exited with return code 0
[2026-04-12T14:36:20.215+0000] {taskinstance.py:3280} INFO - 1 downstream tasks scheduled from follow-on schedule check
