[2026-04-13T03:36:56.095+0000] {taskinstance.py:1956} INFO - Dependencies all met for dep_context=non-requeueable deps ti=<TaskInstance: kenya_econ_pipeline.dbt_run scheduled__2026-04-12T03:00:00+00:00 [queued]>
[2026-04-13T03:36:56.174+0000] {taskinstance.py:1956} INFO - Dependencies all met for dep_context=requeueable deps ti=<TaskInstance: kenya_econ_pipeline.dbt_run scheduled__2026-04-12T03:00:00+00:00 [queued]>
[2026-04-13T03:36:56.177+0000] {taskinstance.py:2170} INFO - Starting attempt 1 of 4
[2026-04-13T03:36:56.312+0000] {taskinstance.py:2191} INFO - Executing <Task(BashOperator): dbt_run> on 2026-04-12 03:00:00+00:00
[2026-04-13T03:36:56.330+0000] {standard_task_runner.py:60} INFO - Started process 21851 to run task
[2026-04-13T03:36:56.356+0000] {standard_task_runner.py:87} INFO - Running: ['airflow', 'tasks', 'run', 'kenya_econ_pipeline', 'dbt_run', 'scheduled__2026-04-12T03:00:00+00:00', '--job-id', '108', '--raw', '--subdir', 'DAGS_FOLDER/kenya_econ_dag.py', '--cfg-path', '/tmp/tmpxwu6m2jk']
[2026-04-13T03:36:56.370+0000] {standard_task_runner.py:88} INFO - Job 108: Subtask dbt_run
[2026-04-13T03:36:56.531+0000] {task_command.py:423} INFO - Running <TaskInstance: kenya_econ_pipeline.dbt_run scheduled__2026-04-12T03:00:00+00:00 [running]> on host 2f11af39ed07
[2026-04-13T03:36:56.635+0000] {taskinstance.py:2480} INFO - Exporting env vars: AIRFLOW_CTX_DAG_OWNER='samwel' AIRFLOW_CTX_DAG_ID='kenya_econ_pipeline' AIRFLOW_CTX_TASK_ID='dbt_run' AIRFLOW_CTX_EXECUTION_DATE='2026-04-12T03:00:00+00:00' AIRFLOW_CTX_TRY_NUMBER='1' AIRFLOW_CTX_DAG_RUN_ID='scheduled__2026-04-12T03:00:00+00:00'
[2026-04-13T03:36:56.642+0000] {subprocess.py:63} INFO - Tmp dir root location: /tmp
[2026-04-13T03:36:56.652+0000] {subprocess.py:75} INFO - Running command: ['/usr/bin/bash', '-c', 'cd /opt/airflow/kenya_econ_dbt && dbt run --profiles-dir /opt/airflow/kenya_econ_dbt']
[2026-04-13T03:36:56.664+0000] {subprocess.py:86} INFO - Output:
[2026-04-13T03:37:02.448+0000] {subprocess.py:93} INFO - [0m03:37:02  Running with dbt=1.7.0
[2026-04-13T03:37:02.866+0000] {subprocess.py:93} INFO - [0m03:37:02  Registered adapter: postgres=1.7.0
[2026-04-13T03:37:03.123+0000] {subprocess.py:93} INFO - [0m03:37:03  [[33mWARNING[0m]: Configuration paths exist in your dbt_project.yml file which do not apply to any resources.
[2026-04-13T03:37:03.125+0000] {subprocess.py:93} INFO - There are 2 unused configuration paths:
[2026-04-13T03:37:03.127+0000] {subprocess.py:93} INFO - - models.mart
[2026-04-13T03:37:03.128+0000] {subprocess.py:93} INFO - - models.staging
[2026-04-13T03:37:03.154+0000] {subprocess.py:93} INFO - [0m03:37:03  Found 6 models, 14 tests, 3 sources, 0 exposures, 0 metrics, 402 macros, 0 groups, 0 semantic models
[2026-04-13T03:37:03.159+0000] {subprocess.py:93} INFO - [0m03:37:03
[2026-04-13T03:37:03.351+0000] {subprocess.py:93} INFO - [0m03:37:03  Concurrency: 4 threads (target='dev')
[2026-04-13T03:37:03.352+0000] {subprocess.py:93} INFO - [0m03:37:03
[2026-04-13T03:37:03.372+0000] {subprocess.py:93} INFO - [0m03:37:03  1 of 6 START sql view model mart.stg_fx ........................................ [RUN]
[2026-04-13T03:37:03.373+0000] {subprocess.py:93} INFO - [0m03:37:03  2 of 6 START sql view model mart.stg_gdp ....................................... [RUN]
[2026-04-13T03:37:03.374+0000] {subprocess.py:93} INFO - [0m03:37:03  3 of 6 START sql view model mart.stg_inflation ................................. [RUN]
[2026-04-13T03:37:04.893+0000] {subprocess.py:93} INFO - [0m03:37:04  1 of 6 OK created sql view model mart.stg_fx ................................... [[32mCREATE VIEW[0m in 1.47s]
[2026-04-13T03:37:04.919+0000] {subprocess.py:93} INFO - [0m03:37:04  2 of 6 OK created sql view model mart.stg_gdp .................................. [[32mCREATE VIEW[0m in 1.49s]
[2026-04-13T03:37:04.920+0000] {subprocess.py:93} INFO - [0m03:37:04  3 of 6 OK created sql view model mart.stg_inflation ............................ [[32mCREATE VIEW[0m in 1.48s]
[2026-04-13T03:37:04.937+0000] {subprocess.py:93} INFO - [0m03:37:04  4 of 6 START sql view model mart.fx_daily_summary .............................. [RUN]
[2026-04-13T03:37:04.939+0000] {subprocess.py:93} INFO - [0m03:37:04  5 of 6 START sql view model mart.kenya_macro ................................... [RUN]
[2026-04-13T03:37:05.787+0000] {subprocess.py:93} INFO - [0m03:37:05  4 of 6 OK created sql view model mart.fx_daily_summary ......................... [[32mCREATE VIEW[0m in 0.78s]
[2026-04-13T03:37:05.816+0000] {subprocess.py:93} INFO - [0m03:37:05  5 of 6 OK created sql view model mart.kenya_macro .............................. [[32mCREATE VIEW[0m in 0.78s]
[2026-04-13T03:37:05.829+0000] {subprocess.py:93} INFO - [0m03:37:05  6 of 6 START sql view model mart.purchasing_power .............................. [RUN]
[2026-04-13T03:37:06.104+0000] {subprocess.py:93} INFO - [0m03:37:06  6 of 6 OK created sql view model mart.purchasing_power ......................... [[32mCREATE VIEW[0m in 0.27s]
[2026-04-13T03:37:06.186+0000] {subprocess.py:93} INFO - [0m03:37:06
[2026-04-13T03:37:06.187+0000] {subprocess.py:93} INFO - [0m03:37:06  Finished running 6 view models in 0 hours 0 minutes and 3.03 seconds (3.03s).
[2026-04-13T03:37:06.231+0000] {subprocess.py:93} INFO - [0m03:37:06
[2026-04-13T03:37:06.233+0000] {subprocess.py:93} INFO - [0m03:37:06  [32mCompleted successfully[0m
[2026-04-13T03:37:06.234+0000] {subprocess.py:93} INFO - [0m03:37:06
[2026-04-13T03:37:06.236+0000] {subprocess.py:93} INFO - [0m03:37:06  Done. PASS=6 WARN=0 ERROR=0 SKIP=0 TOTAL=6
[2026-04-13T03:37:08.505+0000] {subprocess.py:97} INFO - Command exited with return code 0
[2026-04-13T03:37:08.675+0000] {taskinstance.py:1138} INFO - Marking task as SUCCESS. dag_id=kenya_econ_pipeline, task_id=dbt_run, execution_date=20260412T030000, start_date=20260413T033656, end_date=20260413T033708
[2026-04-13T03:37:08.747+0000] {local_task_job_runner.py:234} INFO - Task exited with return code 0
[2026-04-13T03:37:08.813+0000] {taskinstance.py:3280} INFO - 1 downstream tasks scheduled from follow-on schedule check
