[2026-04-13T03:07:58.087+0000] {taskinstance.py:1956} INFO - Dependencies all met for dep_context=non-requeueable deps ti=<TaskInstance: kenya_econ_pipeline.migrate_db scheduled__2026-04-12T03:00:00+00:00 [queued]>
[2026-04-13T03:07:58.115+0000] {taskinstance.py:1956} INFO - Dependencies all met for dep_context=requeueable deps ti=<TaskInstance: kenya_econ_pipeline.migrate_db scheduled__2026-04-12T03:00:00+00:00 [queued]>
[2026-04-13T03:07:58.115+0000] {taskinstance.py:2170} INFO - Starting attempt 1 of 4
[2026-04-13T03:07:58.146+0000] {taskinstance.py:2191} INFO - Executing <Task(PythonOperator): migrate_db> on 2026-04-12 03:00:00+00:00
[2026-04-13T03:07:58.174+0000] {standard_task_runner.py:60} INFO - Started process 21833 to run task
[2026-04-13T03:07:58.183+0000] {standard_task_runner.py:87} INFO - Running: ['airflow', 'tasks', 'run', 'kenya_econ_pipeline', 'migrate_db', 'scheduled__2026-04-12T03:00:00+00:00', '--job-id', '104', '--raw', '--subdir', 'DAGS_FOLDER/kenya_econ_dag.py', '--cfg-path', '/tmp/tmpqjwq_t9i']
[2026-04-13T03:07:58.192+0000] {standard_task_runner.py:88} INFO - Job 104: Subtask migrate_db
[2026-04-13T03:07:58.339+0000] {task_command.py:423} INFO - Running <TaskInstance: kenya_econ_pipeline.migrate_db scheduled__2026-04-12T03:00:00+00:00 [running]> on host 2f11af39ed07
[2026-04-13T03:07:58.495+0000] {taskinstance.py:2480} INFO - Exporting env vars: AIRFLOW_CTX_DAG_OWNER='samwel' AIRFLOW_CTX_DAG_ID='kenya_econ_pipeline' AIRFLOW_CTX_TASK_ID='migrate_db' AIRFLOW_CTX_EXECUTION_DATE='2026-04-12T03:00:00+00:00' AIRFLOW_CTX_TRY_NUMBER='1' AIRFLOW_CTX_DAG_RUN_ID='scheduled__2026-04-12T03:00:00+00:00'
[2026-04-13T03:07:58.559+0000] {logging_mixin.py:188} INFO - {"timestamp": "2026-04-13T03:07:58.559195+00:00", "level": "INFO", "module": "db.migrate", "message": "Running migration: 001_create_schemas.sql"}
[2026-04-13T03:07:58.558+0000] {migrate.py:15} INFO - Running migration: 001_create_schemas.sql
[2026-04-13T03:07:58.563+0000] {logging_mixin.py:188} INFO - {"timestamp": "2026-04-13T03:07:58.563270+00:00", "level": "INFO", "module": "db.migrate", "message": "Migration complete: 001_create_schemas.sql"}
[2026-04-13T03:07:58.563+0000] {migrate.py:18} INFO - Migration complete: 001_create_schemas.sql
[2026-04-13T03:07:58.563+0000] {logging_mixin.py:188} INFO - {"timestamp": "2026-04-13T03:07:58.563728+00:00", "level": "INFO", "module": "db.migrate", "message": "Running migration: 002_create_raw_tables.sql"}
[2026-04-13T03:07:58.563+0000] {migrate.py:15} INFO - Running migration: 002_create_raw_tables.sql
[2026-04-13T03:07:58.565+0000] {logging_mixin.py:188} INFO - {"timestamp": "2026-04-13T03:07:58.565456+00:00", "level": "INFO", "module": "db.migrate", "message": "Migration complete: 002_create_raw_tables.sql"}
[2026-04-13T03:07:58.565+0000] {migrate.py:18} INFO - Migration complete: 002_create_raw_tables.sql
[2026-04-13T03:07:58.565+0000] {logging_mixin.py:188} INFO - {"timestamp": "2026-04-13T03:07:58.565839+00:00", "level": "INFO", "module": "db.migrate", "message": "Running migration: 003_create_staging_tables.sql"}
[2026-04-13T03:07:58.565+0000] {migrate.py:15} INFO - Running migration: 003_create_staging_tables.sql
[2026-04-13T03:07:58.569+0000] {logging_mixin.py:188} INFO - {"timestamp": "2026-04-13T03:07:58.569848+00:00", "level": "INFO", "module": "db.migrate", "message": "Migration complete: 003_create_staging_tables.sql"}
[2026-04-13T03:07:58.569+0000] {migrate.py:18} INFO - Migration complete: 003_create_staging_tables.sql
[2026-04-13T03:07:58.570+0000] {logging_mixin.py:188} INFO - {"timestamp": "2026-04-13T03:07:58.570441+00:00", "level": "INFO", "module": "db.connection", "message": "Transaction committed"}
[2026-04-13T03:07:58.570+0000] {connection.py:26} INFO - Transaction committed
[2026-04-13T03:07:58.570+0000] {python.py:201} INFO - Done. Returned value was: None
[2026-04-13T03:07:58.587+0000] {taskinstance.py:1138} INFO - Marking task as SUCCESS. dag_id=kenya_econ_pipeline, task_id=migrate_db, execution_date=20260412T030000, start_date=20260413T030758, end_date=20260413T030758
[2026-04-13T03:07:58.629+0000] {local_task_job_runner.py:234} INFO - Task exited with return code 0
[2026-04-13T03:07:58.663+0000] {taskinstance.py:3280} INFO - 2 downstream tasks scheduled from follow-on schedule check
