[2026-04-12T14:37:40.496+0000] {taskinstance.py:1956} INFO - Dependencies all met for dep_context=non-requeueable deps ti=<TaskInstance: kenya_econ_pipeline.load_to_postgres manual__2026-04-12T14:37:35+00:00 [queued]>
[2026-04-12T14:37:40.504+0000] {taskinstance.py:1956} INFO - Dependencies all met for dep_context=requeueable deps ti=<TaskInstance: kenya_econ_pipeline.load_to_postgres manual__2026-04-12T14:37:35+00:00 [queued]>
[2026-04-12T14:37:40.504+0000] {taskinstance.py:2170} INFO - Starting attempt 1 of 4
[2026-04-12T14:37:40.514+0000] {taskinstance.py:2191} INFO - Executing <Task(PythonOperator): load_to_postgres> on 2026-04-12 14:37:35+00:00
[2026-04-12T14:37:40.525+0000] {standard_task_runner.py:60} INFO - Started process 18648 to run task
[2026-04-12T14:37:40.534+0000] {standard_task_runner.py:87} INFO - Running: ['airflow', 'tasks', 'run', 'kenya_econ_pipeline', 'load_to_postgres', 'manual__2026-04-12T14:37:35+00:00', '--job-id', '91', '--raw', '--subdir', 'DAGS_FOLDER/kenya_econ_dag.py', '--cfg-path', '/tmp/tmp8m3_q03m']
[2026-04-12T14:37:40.541+0000] {standard_task_runner.py:88} INFO - Job 91: Subtask load_to_postgres
[2026-04-12T14:37:41.139+0000] {task_command.py:423} INFO - Running <TaskInstance: kenya_econ_pipeline.load_to_postgres manual__2026-04-12T14:37:35+00:00 [running]> on host 2f11af39ed07
[2026-04-12T14:37:41.312+0000] {taskinstance.py:2480} INFO - Exporting env vars: AIRFLOW_CTX_DAG_OWNER='samwel' AIRFLOW_CTX_DAG_ID='kenya_econ_pipeline' AIRFLOW_CTX_TASK_ID='load_to_postgres' AIRFLOW_CTX_EXECUTION_DATE='2026-04-12T14:37:35+00:00' AIRFLOW_CTX_TRY_NUMBER='1' AIRFLOW_CTX_DAG_RUN_ID='manual__2026-04-12T14:37:35+00:00'
[2026-04-12T14:37:41.337+0000] {logging_mixin.py:188} INFO - {"timestamp": "2026-04-12T14:37:41.337340+00:00", "level": "INFO", "module": "db.connection", "message": "Transaction committed"}
[2026-04-12T14:37:41.337+0000] {connection.py:26} INFO - Transaction committed
[2026-04-12T14:37:41.337+0000] {logging_mixin.py:188} INFO - {"timestamp": "2026-04-12T14:37:41.337806+00:00", "level": "INFO", "module": "db.loaders.worldbank_loader", "message": "Inserted 5 rows into raw.worldbank_gdp from gdp_ke_20260402.json"}
[2026-04-12T14:37:41.337+0000] {worldbank_loader.py:38} INFO - Inserted 5 rows into raw.worldbank_gdp from gdp_ke_20260402.json
[2026-04-12T14:37:41.342+0000] {logging_mixin.py:188} INFO - {"timestamp": "2026-04-12T14:37:41.342311+00:00", "level": "INFO", "module": "db.connection", "message": "Transaction committed"}
[2026-04-12T14:37:41.342+0000] {connection.py:26} INFO - Transaction committed
[2026-04-12T14:37:41.342+0000] {logging_mixin.py:188} INFO - {"timestamp": "2026-04-12T14:37:41.342626+00:00", "level": "INFO", "module": "db.loaders.worldbank_loader", "message": "Inserted 5 rows into raw.worldbank_gdp from gdp_ke_20260408.json"}
[2026-04-12T14:37:41.342+0000] {worldbank_loader.py:38} INFO - Inserted 5 rows into raw.worldbank_gdp from gdp_ke_20260408.json
[2026-04-12T14:37:41.347+0000] {logging_mixin.py:188} INFO - {"timestamp": "2026-04-12T14:37:41.347552+00:00", "level": "INFO", "module": "db.connection", "message": "Transaction committed"}
[2026-04-12T14:37:41.347+0000] {connection.py:26} INFO - Transaction committed
[2026-04-12T14:37:41.347+0000] {logging_mixin.py:188} INFO - {"timestamp": "2026-04-12T14:37:41.347979+00:00", "level": "INFO", "module": "db.loaders.worldbank_loader", "message": "Inserted 5 rows into raw.worldbank_gdp from gdp_ke_20260409.json"}
[2026-04-12T14:37:41.347+0000] {worldbank_loader.py:38} INFO - Inserted 5 rows into raw.worldbank_gdp from gdp_ke_20260409.json
[2026-04-12T14:37:41.356+0000] {logging_mixin.py:188} INFO - {"timestamp": "2026-04-12T14:37:41.356853+00:00", "level": "INFO", "module": "db.connection", "message": "Transaction committed"}
[2026-04-12T14:37:41.356+0000] {connection.py:26} INFO - Transaction committed
[2026-04-12T14:37:41.357+0000] {logging_mixin.py:188} INFO - {"timestamp": "2026-04-12T14:37:41.357301+00:00", "level": "INFO", "module": "db.loaders.worldbank_loader", "message": "Inserted 5 rows into raw.worldbank_gdp from gdp_ke_20260410.json"}
[2026-04-12T14:37:41.357+0000] {worldbank_loader.py:38} INFO - Inserted 5 rows into raw.worldbank_gdp from gdp_ke_20260410.json
[2026-04-12T14:37:41.363+0000] {logging_mixin.py:188} INFO - {"timestamp": "2026-04-12T14:37:41.363530+00:00", "level": "INFO", "module": "db.connection", "message": "Transaction committed"}
[2026-04-12T14:37:41.363+0000] {connection.py:26} INFO - Transaction committed
[2026-04-12T14:37:41.363+0000] {logging_mixin.py:188} INFO - {"timestamp": "2026-04-12T14:37:41.363939+00:00", "level": "INFO", "module": "db.loaders.worldbank_loader", "message": "Inserted 5 rows into raw.worldbank_gdp from gdp_ke_20260411.json"}
[2026-04-12T14:37:41.363+0000] {worldbank_loader.py:38} INFO - Inserted 5 rows into raw.worldbank_gdp from gdp_ke_20260411.json
[2026-04-12T14:37:41.369+0000] {logging_mixin.py:188} INFO - {"timestamp": "2026-04-12T14:37:41.369088+00:00", "level": "INFO", "module": "db.connection", "message": "Transaction committed"}
[2026-04-12T14:37:41.369+0000] {connection.py:26} INFO - Transaction committed
[2026-04-12T14:37:41.369+0000] {logging_mixin.py:188} INFO - {"timestamp": "2026-04-12T14:37:41.369488+00:00", "level": "INFO", "module": "db.loaders.worldbank_loader", "message": "Inserted 5 rows into raw.worldbank_gdp from gdp_ke_20260412.json"}
[2026-04-12T14:37:41.369+0000] {worldbank_loader.py:38} INFO - Inserted 5 rows into raw.worldbank_gdp from gdp_ke_20260412.json
[2026-04-12T14:37:41.377+0000] {logging_mixin.py:188} INFO - {"timestamp": "2026-04-12T14:37:41.376990+00:00", "level": "INFO", "module": "db.connection", "message": "Transaction committed"}
[2026-04-12T14:37:41.376+0000] {connection.py:26} INFO - Transaction committed
[2026-04-12T14:37:41.377+0000] {logging_mixin.py:188} INFO - {"timestamp": "2026-04-12T14:37:41.377766+00:00", "level": "INFO", "module": "db.loaders.worldbank_loader", "message": "Inserted 5 rows into raw.worldbank_inflation from inflation_ke_20260402.json"}
[2026-04-12T14:37:41.377+0000] {worldbank_loader.py:38} INFO - Inserted 5 rows into raw.worldbank_inflation from inflation_ke_20260402.json
[2026-04-12T14:37:41.383+0000] {logging_mixin.py:188} INFO - {"timestamp": "2026-04-12T14:37:41.383820+00:00", "level": "INFO", "module": "db.connection", "message": "Transaction committed"}
[2026-04-12T14:37:41.383+0000] {connection.py:26} INFO - Transaction committed
[2026-04-12T14:37:41.384+0000] {logging_mixin.py:188} INFO - {"timestamp": "2026-04-12T14:37:41.384189+00:00", "level": "INFO", "module": "db.loaders.worldbank_loader", "message": "Inserted 5 rows into raw.worldbank_inflation from inflation_ke_20260408.json"}
[2026-04-12T14:37:41.384+0000] {worldbank_loader.py:38} INFO - Inserted 5 rows into raw.worldbank_inflation from inflation_ke_20260408.json
[2026-04-12T14:37:41.388+0000] {logging_mixin.py:188} INFO - {"timestamp": "2026-04-12T14:37:41.388409+00:00", "level": "INFO", "module": "db.connection", "message": "Transaction committed"}
[2026-04-12T14:37:41.388+0000] {connection.py:26} INFO - Transaction committed
[2026-04-12T14:37:41.388+0000] {logging_mixin.py:188} INFO - {"timestamp": "2026-04-12T14:37:41.388727+00:00", "level": "INFO", "module": "db.loaders.worldbank_loader", "message": "Inserted 5 rows into raw.worldbank_inflation from inflation_ke_20260409.json"}
[2026-04-12T14:37:41.388+0000] {worldbank_loader.py:38} INFO - Inserted 5 rows into raw.worldbank_inflation from inflation_ke_20260409.json
[2026-04-12T14:37:41.392+0000] {logging_mixin.py:188} INFO - {"timestamp": "2026-04-12T14:37:41.392760+00:00", "level": "INFO", "module": "db.connection", "message": "Transaction committed"}
[2026-04-12T14:37:41.392+0000] {connection.py:26} INFO - Transaction committed
[2026-04-12T14:37:41.393+0000] {logging_mixin.py:188} INFO - {"timestamp": "2026-04-12T14:37:41.393099+00:00", "level": "INFO", "module": "db.loaders.worldbank_loader", "message": "Inserted 5 rows into raw.worldbank_inflation from inflation_ke_20260410.json"}
[2026-04-12T14:37:41.393+0000] {worldbank_loader.py:38} INFO - Inserted 5 rows into raw.worldbank_inflation from inflation_ke_20260410.json
[2026-04-12T14:37:41.401+0000] {logging_mixin.py:188} INFO - {"timestamp": "2026-04-12T14:37:41.401215+00:00", "level": "INFO", "module": "db.connection", "message": "Transaction committed"}
[2026-04-12T14:37:41.401+0000] {connection.py:26} INFO - Transaction committed
[2026-04-12T14:37:41.401+0000] {logging_mixin.py:188} INFO - {"timestamp": "2026-04-12T14:37:41.401642+00:00", "level": "INFO", "module": "db.loaders.worldbank_loader", "message": "Inserted 5 rows into raw.worldbank_inflation from inflation_ke_20260411.json"}
[2026-04-12T14:37:41.401+0000] {worldbank_loader.py:38} INFO - Inserted 5 rows into raw.worldbank_inflation from inflation_ke_20260411.json
[2026-04-12T14:37:41.408+0000] {logging_mixin.py:188} INFO - {"timestamp": "2026-04-12T14:37:41.408876+00:00", "level": "INFO", "module": "db.connection", "message": "Transaction committed"}
[2026-04-12T14:37:41.408+0000] {connection.py:26} INFO - Transaction committed
[2026-04-12T14:37:41.409+0000] {logging_mixin.py:188} INFO - {"timestamp": "2026-04-12T14:37:41.409322+00:00", "level": "INFO", "module": "db.loaders.worldbank_loader", "message": "Inserted 5 rows into raw.worldbank_inflation from inflation_ke_20260412.json"}
[2026-04-12T14:37:41.409+0000] {worldbank_loader.py:38} INFO - Inserted 5 rows into raw.worldbank_inflation from inflation_ke_20260412.json
[2026-04-12T14:37:41.417+0000] {logging_mixin.py:188} INFO - {"timestamp": "2026-04-12T14:37:41.417094+00:00", "level": "INFO", "module": "db.loaders.worldbank_loader", "message": "Staging GDP load complete (SCD2 dedup applied)"}
[2026-04-12T14:37:41.417+0000] {worldbank_loader.py:63} INFO - Staging GDP load complete (SCD2 dedup applied)
[2026-04-12T14:37:41.417+0000] {logging_mixin.py:188} INFO - {"timestamp": "2026-04-12T14:37:41.417865+00:00", "level": "INFO", "module": "db.connection", "message": "Transaction committed"}
[2026-04-12T14:37:41.417+0000] {connection.py:26} INFO - Transaction committed
[2026-04-12T14:37:41.423+0000] {logging_mixin.py:188} INFO - {"timestamp": "2026-04-12T14:37:41.423632+00:00", "level": "INFO", "module": "db.loaders.worldbank_loader", "message": "Staging inflation load complete"}
[2026-04-12T14:37:41.423+0000] {worldbank_loader.py:86} INFO - Staging inflation load complete
[2026-04-12T14:37:41.424+0000] {logging_mixin.py:188} INFO - {"timestamp": "2026-04-12T14:37:41.424406+00:00", "level": "INFO", "module": "db.connection", "message": "Transaction committed"}
[2026-04-12T14:37:41.424+0000] {connection.py:26} INFO - Transaction committed
[2026-04-12T14:37:41.430+0000] {logging_mixin.py:188} INFO - {"timestamp": "2026-04-12T14:37:41.430660+00:00", "level": "INFO", "module": "db.connection", "message": "Transaction committed"}
[2026-04-12T14:37:41.430+0000] {connection.py:26} INFO - Transaction committed
[2026-04-12T14:37:41.431+0000] {logging_mixin.py:188} INFO - {"timestamp": "2026-04-12T14:37:41.430982+00:00", "level": "INFO", "module": "db.loaders.fx_loader", "message": "Loaded 3 FX pairs from fx_ke_20260402_152933.json"}
[2026-04-12T14:37:41.430+0000] {fx_loader.py:28} INFO - Loaded 3 FX pairs from fx_ke_20260402_152933.json
[2026-04-12T14:37:41.434+0000] {logging_mixin.py:188} INFO - {"timestamp": "2026-04-12T14:37:41.434802+00:00", "level": "INFO", "module": "db.connection", "message": "Transaction committed"}
[2026-04-12T14:37:41.434+0000] {connection.py:26} INFO - Transaction committed
[2026-04-12T14:37:41.435+0000] {logging_mixin.py:188} INFO - {"timestamp": "2026-04-12T14:37:41.435099+00:00", "level": "INFO", "module": "db.loaders.fx_loader", "message": "Staged FX: 1 USD = 130.09 KES | 1 KES = 0.00768699 USD | ts=2026-04-02 15:00:00+00:00"}
[2026-04-12T14:37:41.435+0000] {fx_loader.py:55} INFO - Staged FX: 1 USD = 130.09 KES | 1 KES = 0.00768699 USD | ts=2026-04-02 15:00:00+00:00
[2026-04-12T14:37:41.439+0000] {logging_mixin.py:188} INFO - {"timestamp": "2026-04-12T14:37:41.439258+00:00", "level": "INFO", "module": "db.connection", "message": "Transaction committed"}
[2026-04-12T14:37:41.439+0000] {connection.py:26} INFO - Transaction committed
[2026-04-12T14:37:41.439+0000] {logging_mixin.py:188} INFO - {"timestamp": "2026-04-12T14:37:41.439563+00:00", "level": "INFO", "module": "db.loaders.fx_loader", "message": "Loaded 3 FX pairs from fx_ke_20260402_190438.json"}
[2026-04-12T14:37:41.439+0000] {fx_loader.py:28} INFO - Loaded 3 FX pairs from fx_ke_20260402_190438.json
[2026-04-12T14:37:41.443+0000] {logging_mixin.py:188} INFO - {"timestamp": "2026-04-12T14:37:41.443380+00:00", "level": "INFO", "module": "db.connection", "message": "Transaction committed"}
[2026-04-12T14:37:41.443+0000] {connection.py:26} INFO - Transaction committed
[2026-04-12T14:37:41.443+0000] {logging_mixin.py:188} INFO - {"timestamp": "2026-04-12T14:37:41.443715+00:00", "level": "INFO", "module": "db.loaders.fx_loader", "message": "Staged FX: 1 USD = 130.1 KES | 1 KES = 0.0076864 USD | ts=2026-04-02 19:00:00+00:00"}
[2026-04-12T14:37:41.443+0000] {fx_loader.py:55} INFO - Staged FX: 1 USD = 130.1 KES | 1 KES = 0.0076864 USD | ts=2026-04-02 19:00:00+00:00
[2026-04-12T14:37:41.447+0000] {logging_mixin.py:188} INFO - {"timestamp": "2026-04-12T14:37:41.447814+00:00", "level": "INFO", "module": "db.connection", "message": "Transaction committed"}
[2026-04-12T14:37:41.447+0000] {connection.py:26} INFO - Transaction committed
[2026-04-12T14:37:41.448+0000] {logging_mixin.py:188} INFO - {"timestamp": "2026-04-12T14:37:41.448077+00:00", "level": "INFO", "module": "db.loaders.fx_loader", "message": "Loaded 3 FX pairs from fx_ke_20260402_190447.json"}
[2026-04-12T14:37:41.448+0000] {fx_loader.py:28} INFO - Loaded 3 FX pairs from fx_ke_20260402_190447.json
[2026-04-12T14:37:41.452+0000] {logging_mixin.py:188} INFO - {"timestamp": "2026-04-12T14:37:41.452142+00:00", "level": "INFO", "module": "db.connection", "message": "Transaction committed"}
[2026-04-12T14:37:41.452+0000] {connection.py:26} INFO - Transaction committed
[2026-04-12T14:37:41.452+0000] {logging_mixin.py:188} INFO - {"timestamp": "2026-04-12T14:37:41.452426+00:00", "level": "INFO", "module": "db.loaders.fx_loader", "message": "Staged FX: 1 USD = 130.1 KES | 1 KES = 0.0076864 USD | ts=2026-04-02 19:00:00+00:00"}
[2026-04-12T14:37:41.452+0000] {fx_loader.py:55} INFO - Staged FX: 1 USD = 130.1 KES | 1 KES = 0.0076864 USD | ts=2026-04-02 19:00:00+00:00
[2026-04-12T14:37:41.456+0000] {logging_mixin.py:188} INFO - {"timestamp": "2026-04-12T14:37:41.456919+00:00", "level": "INFO", "module": "db.connection", "message": "Transaction committed"}
[2026-04-12T14:37:41.456+0000] {connection.py:26} INFO - Transaction committed
[2026-04-12T14:37:41.457+0000] {logging_mixin.py:188} INFO - {"timestamp": "2026-04-12T14:37:41.457330+00:00", "level": "INFO", "module": "db.loaders.fx_loader", "message": "Loaded 3 FX pairs from fx_ke_20260402_195641.json"}
[2026-04-12T14:37:41.457+0000] {fx_loader.py:28} INFO - Loaded 3 FX pairs from fx_ke_20260402_195641.json
[2026-04-12T14:37:41.475+0000] {logging_mixin.py:188} INFO - {"timestamp": "2026-04-12T14:37:41.475745+00:00", "level": "INFO", "module": "db.connection", "message": "Transaction committed"}
[2026-04-12T14:37:41.475+0000] {connection.py:26} INFO - Transaction committed
[2026-04-12T14:37:41.480+0000] {logging_mixin.py:188} INFO - {"timestamp": "2026-04-12T14:37:41.480875+00:00", "level": "INFO", "module": "db.loaders.fx_loader", "message": "Staged FX: 1 USD = 130.1 KES | 1 KES = 0.0076864 USD | ts=2026-04-02 19:00:00+00:00"}
[2026-04-12T14:37:41.480+0000] {fx_loader.py:55} INFO - Staged FX: 1 USD = 130.1 KES | 1 KES = 0.0076864 USD | ts=2026-04-02 19:00:00+00:00
[2026-04-12T14:37:41.488+0000] {logging_mixin.py:188} INFO - {"timestamp": "2026-04-12T14:37:41.488572+00:00", "level": "INFO", "module": "db.connection", "message": "Transaction committed"}
[2026-04-12T14:37:41.488+0000] {connection.py:26} INFO - Transaction committed
[2026-04-12T14:37:41.489+0000] {logging_mixin.py:188} INFO - {"timestamp": "2026-04-12T14:37:41.489066+00:00", "level": "INFO", "module": "db.loaders.fx_loader", "message": "Loaded 3 FX pairs from fx_ke_20260408_115811.json"}
[2026-04-12T14:37:41.489+0000] {fx_loader.py:28} INFO - Loaded 3 FX pairs from fx_ke_20260408_115811.json
[2026-04-12T14:37:41.494+0000] {logging_mixin.py:188} INFO - {"timestamp": "2026-04-12T14:37:41.494369+00:00", "level": "INFO", "module": "db.connection", "message": "Transaction committed"}
[2026-04-12T14:37:41.494+0000] {connection.py:26} INFO - Transaction committed
[2026-04-12T14:37:41.494+0000] {logging_mixin.py:188} INFO - {"timestamp": "2026-04-12T14:37:41.494924+00:00", "level": "INFO", "module": "db.loaders.fx_loader", "message": "Staged FX: 1 USD = 129.35 KES | 1 KES = 0.00773096 USD | ts=2026-04-08 11:00:00+00:00"}
[2026-04-12T14:37:41.494+0000] {fx_loader.py:55} INFO - Staged FX: 1 USD = 129.35 KES | 1 KES = 0.00773096 USD | ts=2026-04-08 11:00:00+00:00
[2026-04-12T14:37:41.500+0000] {logging_mixin.py:188} INFO - {"timestamp": "2026-04-12T14:37:41.500940+00:00", "level": "INFO", "module": "db.connection", "message": "Transaction committed"}
[2026-04-12T14:37:41.500+0000] {connection.py:26} INFO - Transaction committed
[2026-04-12T14:37:41.501+0000] {logging_mixin.py:188} INFO - {"timestamp": "2026-04-12T14:37:41.501333+00:00", "level": "INFO", "module": "db.loaders.fx_loader", "message": "Loaded 3 FX pairs from fx_ke_20260409_035300.json"}
[2026-04-12T14:37:41.501+0000] {fx_loader.py:28} INFO - Loaded 3 FX pairs from fx_ke_20260409_035300.json
[2026-04-12T14:37:41.507+0000] {logging_mixin.py:188} INFO - {"timestamp": "2026-04-12T14:37:41.507556+00:00", "level": "INFO", "module": "db.connection", "message": "Transaction committed"}
[2026-04-12T14:37:41.507+0000] {connection.py:26} INFO - Transaction committed
[2026-04-12T14:37:41.507+0000] {logging_mixin.py:188} INFO - {"timestamp": "2026-04-12T14:37:41.507924+00:00", "level": "INFO", "module": "db.loaders.fx_loader", "message": "Staged FX: 1 USD = 129.4 KES | 1 KES = 0.00772798 USD | ts=2026-04-09 03:00:00+00:00"}
[2026-04-12T14:37:41.507+0000] {fx_loader.py:55} INFO - Staged FX: 1 USD = 129.4 KES | 1 KES = 0.00772798 USD | ts=2026-04-09 03:00:00+00:00
[2026-04-12T14:37:41.514+0000] {logging_mixin.py:188} INFO - {"timestamp": "2026-04-12T14:37:41.514644+00:00", "level": "INFO", "module": "db.connection", "message": "Transaction committed"}
[2026-04-12T14:37:41.514+0000] {connection.py:26} INFO - Transaction committed
[2026-04-12T14:37:41.515+0000] {logging_mixin.py:188} INFO - {"timestamp": "2026-04-12T14:37:41.514988+00:00", "level": "INFO", "module": "db.loaders.fx_loader", "message": "Loaded 3 FX pairs from fx_ke_20260410_030519.json"}
[2026-04-12T14:37:41.514+0000] {fx_loader.py:28} INFO - Loaded 3 FX pairs from fx_ke_20260410_030519.json
[2026-04-12T14:37:41.519+0000] {logging_mixin.py:188} INFO - {"timestamp": "2026-04-12T14:37:41.519836+00:00", "level": "INFO", "module": "db.connection", "message": "Transaction committed"}
[2026-04-12T14:37:41.519+0000] {connection.py:26} INFO - Transaction committed
[2026-04-12T14:37:41.520+0000] {logging_mixin.py:188} INFO - {"timestamp": "2026-04-12T14:37:41.520135+00:00", "level": "INFO", "module": "db.loaders.fx_loader", "message": "Staged FX: 1 USD = 129.25 KES | 1 KES = 0.00773694 USD | ts=2026-04-10 03:00:00+00:00"}
[2026-04-12T14:37:41.520+0000] {fx_loader.py:55} INFO - Staged FX: 1 USD = 129.25 KES | 1 KES = 0.00773694 USD | ts=2026-04-10 03:00:00+00:00
[2026-04-12T14:37:41.527+0000] {logging_mixin.py:188} INFO - {"timestamp": "2026-04-12T14:37:41.527588+00:00", "level": "INFO", "module": "db.connection", "message": "Transaction committed"}
[2026-04-12T14:37:41.527+0000] {connection.py:26} INFO - Transaction committed
[2026-04-12T14:37:41.527+0000] {logging_mixin.py:188} INFO - {"timestamp": "2026-04-12T14:37:41.527925+00:00", "level": "INFO", "module": "db.loaders.fx_loader", "message": "Loaded 3 FX pairs from fx_ke_20260411_030917.json"}
[2026-04-12T14:37:41.527+0000] {fx_loader.py:28} INFO - Loaded 3 FX pairs from fx_ke_20260411_030917.json
[2026-04-12T14:37:41.531+0000] {logging_mixin.py:188} INFO - {"timestamp": "2026-04-12T14:37:41.531966+00:00", "level": "INFO", "module": "db.connection", "message": "Transaction committed"}
[2026-04-12T14:37:41.531+0000] {connection.py:26} INFO - Transaction committed
[2026-04-12T14:37:41.532+0000] {logging_mixin.py:188} INFO - {"timestamp": "2026-04-12T14:37:41.532294+00:00", "level": "INFO", "module": "db.loaders.fx_loader", "message": "Staged FX: 1 USD = 129.210149 KES | 1 KES = 0.00773933 USD | ts=2026-04-11 03:00:04+00:00"}
[2026-04-12T14:37:41.532+0000] {fx_loader.py:55} INFO - Staged FX: 1 USD = 129.210149 KES | 1 KES = 0.00773933 USD | ts=2026-04-11 03:00:04+00:00
[2026-04-12T14:37:41.536+0000] {logging_mixin.py:188} INFO - {"timestamp": "2026-04-12T14:37:41.536956+00:00", "level": "INFO", "module": "db.connection", "message": "Transaction committed"}
[2026-04-12T14:37:41.536+0000] {connection.py:26} INFO - Transaction committed
[2026-04-12T14:37:41.537+0000] {logging_mixin.py:188} INFO - {"timestamp": "2026-04-12T14:37:41.537218+00:00", "level": "INFO", "module": "db.loaders.fx_loader", "message": "Loaded 3 FX pairs from fx_ke_20260412_030003.json"}
[2026-04-12T14:37:41.537+0000] {fx_loader.py:28} INFO - Loaded 3 FX pairs from fx_ke_20260412_030003.json
[2026-04-12T14:37:41.541+0000] {logging_mixin.py:188} INFO - {"timestamp": "2026-04-12T14:37:41.541042+00:00", "level": "INFO", "module": "db.connection", "message": "Transaction committed"}
[2026-04-12T14:37:41.541+0000] {connection.py:26} INFO - Transaction committed
[2026-04-12T14:37:41.541+0000] {logging_mixin.py:188} INFO - {"timestamp": "2026-04-12T14:37:41.541349+00:00", "level": "INFO", "module": "db.loaders.fx_loader", "message": "Staged FX: 1 USD = 129.210149 KES | 1 KES = 0.00773933 USD | ts=2026-04-12 02:00:19+00:00"}
[2026-04-12T14:37:41.541+0000] {fx_loader.py:55} INFO - Staged FX: 1 USD = 129.210149 KES | 1 KES = 0.00773933 USD | ts=2026-04-12 02:00:19+00:00
[2026-04-12T14:37:41.546+0000] {logging_mixin.py:188} INFO - {"timestamp": "2026-04-12T14:37:41.546382+00:00", "level": "INFO", "module": "db.connection", "message": "Transaction committed"}
[2026-04-12T14:37:41.546+0000] {connection.py:26} INFO - Transaction committed
[2026-04-12T14:37:41.546+0000] {logging_mixin.py:188} INFO - {"timestamp": "2026-04-12T14:37:41.546665+00:00", "level": "INFO", "module": "db.loaders.fx_loader", "message": "Loaded 3 FX pairs from fx_ke_20260412_135055.json"}
[2026-04-12T14:37:41.546+0000] {fx_loader.py:28} INFO - Loaded 3 FX pairs from fx_ke_20260412_135055.json
[2026-04-12T14:37:41.553+0000] {logging_mixin.py:188} INFO - {"timestamp": "2026-04-12T14:37:41.553566+00:00", "level": "INFO", "module": "db.connection", "message": "Transaction committed"}
[2026-04-12T14:37:41.553+0000] {connection.py:26} INFO - Transaction committed
[2026-04-12T14:37:41.553+0000] {logging_mixin.py:188} INFO - {"timestamp": "2026-04-12T14:37:41.553937+00:00", "level": "INFO", "module": "db.loaders.fx_loader", "message": "Staged FX: 1 USD = 129.210149 KES | 1 KES = 0.00773933 USD | ts=2026-04-12 13:00:20+00:00"}
[2026-04-12T14:37:41.553+0000] {fx_loader.py:55} INFO - Staged FX: 1 USD = 129.210149 KES | 1 KES = 0.00773933 USD | ts=2026-04-12 13:00:20+00:00
[2026-04-12T14:37:41.558+0000] {logging_mixin.py:188} INFO - {"timestamp": "2026-04-12T14:37:41.558622+00:00", "level": "INFO", "module": "db.connection", "message": "Transaction committed"}
[2026-04-12T14:37:41.558+0000] {connection.py:26} INFO - Transaction committed
[2026-04-12T14:37:41.558+0000] {logging_mixin.py:188} INFO - {"timestamp": "2026-04-12T14:37:41.558954+00:00", "level": "INFO", "module": "db.loaders.fx_loader", "message": "Loaded 3 FX pairs from fx_ke_20260412_135112.json"}
[2026-04-12T14:37:41.558+0000] {fx_loader.py:28} INFO - Loaded 3 FX pairs from fx_ke_20260412_135112.json
[2026-04-12T14:37:41.563+0000] {logging_mixin.py:188} INFO - {"timestamp": "2026-04-12T14:37:41.563566+00:00", "level": "INFO", "module": "db.connection", "message": "Transaction committed"}
[2026-04-12T14:37:41.563+0000] {connection.py:26} INFO - Transaction committed
[2026-04-12T14:37:41.563+0000] {logging_mixin.py:188} INFO - {"timestamp": "2026-04-12T14:37:41.563931+00:00", "level": "INFO", "module": "db.loaders.fx_loader", "message": "Staged FX: 1 USD = 129.210149 KES | 1 KES = 0.00773933 USD | ts=2026-04-12 13:00:20+00:00"}
[2026-04-12T14:37:41.563+0000] {fx_loader.py:55} INFO - Staged FX: 1 USD = 129.210149 KES | 1 KES = 0.00773933 USD | ts=2026-04-12 13:00:20+00:00
[2026-04-12T14:37:41.568+0000] {logging_mixin.py:188} INFO - {"timestamp": "2026-04-12T14:37:41.568773+00:00", "level": "INFO", "module": "db.connection", "message": "Transaction committed"}
[2026-04-12T14:37:41.568+0000] {connection.py:26} INFO - Transaction committed
[2026-04-12T14:37:41.569+0000] {logging_mixin.py:188} INFO - {"timestamp": "2026-04-12T14:37:41.569129+00:00", "level": "INFO", "module": "db.loaders.fx_loader", "message": "Loaded 3 FX pairs from fx_ke_20260412_135321.json"}
[2026-04-12T14:37:41.569+0000] {fx_loader.py:28} INFO - Loaded 3 FX pairs from fx_ke_20260412_135321.json
[2026-04-12T14:37:41.578+0000] {logging_mixin.py:188} INFO - {"timestamp": "2026-04-12T14:37:41.578236+00:00", "level": "INFO", "module": "db.connection", "message": "Transaction committed"}
[2026-04-12T14:37:41.578+0000] {connection.py:26} INFO - Transaction committed
[2026-04-12T14:37:41.578+0000] {logging_mixin.py:188} INFO - {"timestamp": "2026-04-12T14:37:41.578657+00:00", "level": "INFO", "module": "db.loaders.fx_loader", "message": "Staged FX: 1 USD = 129.210149 KES | 1 KES = 0.00773933 USD | ts=2026-04-12 13:00:20+00:00"}
[2026-04-12T14:37:41.578+0000] {fx_loader.py:55} INFO - Staged FX: 1 USD = 129.210149 KES | 1 KES = 0.00773933 USD | ts=2026-04-12 13:00:20+00:00
[2026-04-12T14:37:41.583+0000] {logging_mixin.py:188} INFO - {"timestamp": "2026-04-12T14:37:41.583262+00:00", "level": "INFO", "module": "db.connection", "message": "Transaction committed"}
[2026-04-12T14:37:41.583+0000] {connection.py:26} INFO - Transaction committed
[2026-04-12T14:37:41.583+0000] {logging_mixin.py:188} INFO - {"timestamp": "2026-04-12T14:37:41.583557+00:00", "level": "INFO", "module": "db.loaders.fx_loader", "message": "Loaded 3 FX pairs from fx_ke_20260412_142141.json"}
[2026-04-12T14:37:41.583+0000] {fx_loader.py:28} INFO - Loaded 3 FX pairs from fx_ke_20260412_142141.json
[2026-04-12T14:37:41.587+0000] {logging_mixin.py:188} INFO - {"timestamp": "2026-04-12T14:37:41.587142+00:00", "level": "INFO", "module": "db.connection", "message": "Transaction committed"}
[2026-04-12T14:37:41.587+0000] {connection.py:26} INFO - Transaction committed
[2026-04-12T14:37:41.587+0000] {logging_mixin.py:188} INFO - {"timestamp": "2026-04-12T14:37:41.587413+00:00", "level": "INFO", "module": "db.loaders.fx_loader", "message": "Staged FX: 1 USD = 129.210149 KES | 1 KES = 0.00773933 USD | ts=2026-04-12 14:00:15+00:00"}
[2026-04-12T14:37:41.587+0000] {fx_loader.py:55} INFO - Staged FX: 1 USD = 129.210149 KES | 1 KES = 0.00773933 USD | ts=2026-04-12 14:00:15+00:00
[2026-04-12T14:37:41.591+0000] {logging_mixin.py:188} INFO - {"timestamp": "2026-04-12T14:37:41.591380+00:00", "level": "INFO", "module": "db.connection", "message": "Transaction committed"}
[2026-04-12T14:37:41.591+0000] {connection.py:26} INFO - Transaction committed
[2026-04-12T14:37:41.591+0000] {logging_mixin.py:188} INFO - {"timestamp": "2026-04-12T14:37:41.591648+00:00", "level": "INFO", "module": "db.loaders.fx_loader", "message": "Loaded 3 FX pairs from fx_ke_20260412_142205.json"}
[2026-04-12T14:37:41.591+0000] {fx_loader.py:28} INFO - Loaded 3 FX pairs from fx_ke_20260412_142205.json
[2026-04-12T14:37:41.595+0000] {logging_mixin.py:188} INFO - {"timestamp": "2026-04-12T14:37:41.595152+00:00", "level": "INFO", "module": "db.connection", "message": "Transaction committed"}
[2026-04-12T14:37:41.595+0000] {connection.py:26} INFO - Transaction committed
[2026-04-12T14:37:41.595+0000] {logging_mixin.py:188} INFO - {"timestamp": "2026-04-12T14:37:41.595418+00:00", "level": "INFO", "module": "db.loaders.fx_loader", "message": "Staged FX: 1 USD = 129.210149 KES | 1 KES = 0.00773933 USD | ts=2026-04-12 14:00:15+00:00"}
[2026-04-12T14:37:41.595+0000] {fx_loader.py:55} INFO - Staged FX: 1 USD = 129.210149 KES | 1 KES = 0.00773933 USD | ts=2026-04-12 14:00:15+00:00
[2026-04-12T14:37:41.599+0000] {logging_mixin.py:188} INFO - {"timestamp": "2026-04-12T14:37:41.599451+00:00", "level": "INFO", "module": "db.connection", "message": "Transaction committed"}
[2026-04-12T14:37:41.599+0000] {connection.py:26} INFO - Transaction committed
[2026-04-12T14:37:41.599+0000] {logging_mixin.py:188} INFO - {"timestamp": "2026-04-12T14:37:41.599763+00:00", "level": "INFO", "module": "db.loaders.fx_loader", "message": "Loaded 3 FX pairs from fx_ke_20260412_143048.json"}
[2026-04-12T14:37:41.599+0000] {fx_loader.py:28} INFO - Loaded 3 FX pairs from fx_ke_20260412_143048.json
[2026-04-12T14:37:41.603+0000] {logging_mixin.py:188} INFO - {"timestamp": "2026-04-12T14:37:41.603495+00:00", "level": "INFO", "module": "db.connection", "message": "Transaction committed"}
[2026-04-12T14:37:41.603+0000] {connection.py:26} INFO - Transaction committed
[2026-04-12T14:37:41.603+0000] {logging_mixin.py:188} INFO - {"timestamp": "2026-04-12T14:37:41.603744+00:00", "level": "INFO", "module": "db.loaders.fx_loader", "message": "Staged FX: 1 USD = 129.210149 KES | 1 KES = 0.00773933 USD | ts=2026-04-12 14:00:15+00:00"}
[2026-04-12T14:37:41.603+0000] {fx_loader.py:55} INFO - Staged FX: 1 USD = 129.210149 KES | 1 KES = 0.00773933 USD | ts=2026-04-12 14:00:15+00:00
[2026-04-12T14:37:41.607+0000] {logging_mixin.py:188} INFO - {"timestamp": "2026-04-12T14:37:41.607734+00:00", "level": "INFO", "module": "db.connection", "message": "Transaction committed"}
[2026-04-12T14:37:41.607+0000] {connection.py:26} INFO - Transaction committed
[2026-04-12T14:37:41.608+0000] {logging_mixin.py:188} INFO - {"timestamp": "2026-04-12T14:37:41.608000+00:00", "level": "INFO", "module": "db.loaders.fx_loader", "message": "Loaded 3 FX pairs from fx_ke_20260412_143049.json"}
[2026-04-12T14:37:41.607+0000] {fx_loader.py:28} INFO - Loaded 3 FX pairs from fx_ke_20260412_143049.json
[2026-04-12T14:37:41.611+0000] {logging_mixin.py:188} INFO - {"timestamp": "2026-04-12T14:37:41.611706+00:00", "level": "INFO", "module": "db.connection", "message": "Transaction committed"}
[2026-04-12T14:37:41.611+0000] {connection.py:26} INFO - Transaction committed
[2026-04-12T14:37:41.611+0000] {logging_mixin.py:188} INFO - {"timestamp": "2026-04-12T14:37:41.611977+00:00", "level": "INFO", "module": "db.loaders.fx_loader", "message": "Staged FX: 1 USD = 129.210149 KES | 1 KES = 0.00773933 USD | ts=2026-04-12 14:00:15+00:00"}
[2026-04-12T14:37:41.611+0000] {fx_loader.py:55} INFO - Staged FX: 1 USD = 129.210149 KES | 1 KES = 0.00773933 USD | ts=2026-04-12 14:00:15+00:00
[2026-04-12T14:37:41.616+0000] {logging_mixin.py:188} INFO - {"timestamp": "2026-04-12T14:37:41.616543+00:00", "level": "INFO", "module": "db.connection", "message": "Transaction committed"}
[2026-04-12T14:37:41.616+0000] {connection.py:26} INFO - Transaction committed
[2026-04-12T14:37:41.616+0000] {logging_mixin.py:188} INFO - {"timestamp": "2026-04-12T14:37:41.616841+00:00", "level": "INFO", "module": "db.loaders.fx_loader", "message": "Loaded 3 FX pairs from fx_ke_20260412_143108.json"}
[2026-04-12T14:37:41.616+0000] {fx_loader.py:28} INFO - Loaded 3 FX pairs from fx_ke_20260412_143108.json
[2026-04-12T14:37:41.620+0000] {logging_mixin.py:188} INFO - {"timestamp": "2026-04-12T14:37:41.620830+00:00", "level": "INFO", "module": "db.connection", "message": "Transaction committed"}
[2026-04-12T14:37:41.620+0000] {connection.py:26} INFO - Transaction committed
[2026-04-12T14:37:41.621+0000] {logging_mixin.py:188} INFO - {"timestamp": "2026-04-12T14:37:41.621085+00:00", "level": "INFO", "module": "db.loaders.fx_loader", "message": "Staged FX: 1 USD = 129.210149 KES | 1 KES = 0.00773933 USD | ts=2026-04-12 14:00:15+00:00"}
[2026-04-12T14:37:41.621+0000] {fx_loader.py:55} INFO - Staged FX: 1 USD = 129.210149 KES | 1 KES = 0.00773933 USD | ts=2026-04-12 14:00:15+00:00
[2026-04-12T14:37:41.625+0000] {logging_mixin.py:188} INFO - {"timestamp": "2026-04-12T14:37:41.625286+00:00", "level": "INFO", "module": "db.connection", "message": "Transaction committed"}
[2026-04-12T14:37:41.625+0000] {connection.py:26} INFO - Transaction committed
[2026-04-12T14:37:41.625+0000] {logging_mixin.py:188} INFO - {"timestamp": "2026-04-12T14:37:41.625626+00:00", "level": "INFO", "module": "db.loaders.fx_loader", "message": "Loaded 3 FX pairs from fx_ke_20260412_143739.json"}
[2026-04-12T14:37:41.625+0000] {fx_loader.py:28} INFO - Loaded 3 FX pairs from fx_ke_20260412_143739.json
[2026-04-12T14:37:41.629+0000] {logging_mixin.py:188} INFO - {"timestamp": "2026-04-12T14:37:41.629295+00:00", "level": "INFO", "module": "db.connection", "message": "Transaction committed"}
[2026-04-12T14:37:41.629+0000] {connection.py:26} INFO - Transaction committed
[2026-04-12T14:37:41.629+0000] {logging_mixin.py:188} INFO - {"timestamp": "2026-04-12T14:37:41.629567+00:00", "level": "INFO", "module": "db.loaders.fx_loader", "message": "Staged FX: 1 USD = 129.210149 KES | 1 KES = 0.00773933 USD | ts=2026-04-12 14:00:15+00:00"}
[2026-04-12T14:37:41.629+0000] {fx_loader.py:55} INFO - Staged FX: 1 USD = 129.210149 KES | 1 KES = 0.00773933 USD | ts=2026-04-12 14:00:15+00:00
[2026-04-12T14:37:41.629+0000] {python.py:201} INFO - Done. Returned value was: None
[2026-04-12T14:37:41.637+0000] {taskinstance.py:1138} INFO - Marking task as SUCCESS. dag_id=kenya_econ_pipeline, task_id=load_to_postgres, execution_date=20260412T143735, start_date=20260412T143740, end_date=20260412T143741
[2026-04-12T14:37:41.698+0000] {local_task_job_runner.py:234} INFO - Task exited with return code 0
[2026-04-12T14:37:41.753+0000] {taskinstance.py:3280} INFO - 1 downstream tasks scheduled from follow-on schedule check
