[2026-04-12T14:21:38.371+0000] {taskinstance.py:1956} INFO - Dependencies all met for dep_context=non-requeueable deps ti=<TaskInstance: kenya_econ_pipeline.worldbank_ingest manual__2026-04-12T13:53:15.137954+00:00 [queued]>
[2026-04-12T14:21:38.383+0000] {taskinstance.py:1956} INFO - Dependencies all met for dep_context=requeueable deps ti=<TaskInstance: kenya_econ_pipeline.worldbank_ingest manual__2026-04-12T13:53:15.137954+00:00 [queued]>
[2026-04-12T14:21:38.383+0000] {taskinstance.py:2170} INFO - Starting attempt 2 of 5
[2026-04-12T14:21:38.400+0000] {taskinstance.py:2191} INFO - Executing <Task(PythonOperator): worldbank_ingest> on 2026-04-12 13:53:15.137954+00:00
[2026-04-12T14:21:38.405+0000] {standard_task_runner.py:60} INFO - Started process 18267 to run task
[2026-04-12T14:21:38.409+0000] {standard_task_runner.py:87} INFO - Running: ['airflow', 'tasks', 'run', 'kenya_econ_pipeline', 'worldbank_ingest', 'manual__2026-04-12T13:53:15.137954+00:00', '--job-id', '55', '--raw', '--subdir', 'DAGS_FOLDER/kenya_econ_dag.py', '--cfg-path', '/tmp/tmp4h2skldg']
[2026-04-12T14:21:38.412+0000] {standard_task_runner.py:88} INFO - Job 55: Subtask worldbank_ingest
[2026-04-12T14:21:38.654+0000] {task_command.py:423} INFO - Running <TaskInstance: kenya_econ_pipeline.worldbank_ingest manual__2026-04-12T13:53:15.137954+00:00 [running]> on host 2f11af39ed07
[2026-04-12T14:21:39.615+0000] {taskinstance.py:2480} INFO - Exporting env vars: AIRFLOW_CTX_DAG_OWNER='samwel' AIRFLOW_CTX_DAG_ID='kenya_econ_pipeline' AIRFLOW_CTX_TASK_ID='worldbank_ingest' AIRFLOW_CTX_EXECUTION_DATE='2026-04-12T13:53:15.137954+00:00' AIRFLOW_CTX_TRY_NUMBER='2' AIRFLOW_CTX_DAG_RUN_ID='manual__2026-04-12T13:53:15.137954+00:00'
[2026-04-12T14:21:39.716+0000] {logging_mixin.py:188} INFO - {"timestamp": "2026-04-12T14:21:39.709415+00:00", "level": "INFO", "module": "ingestion.worldbank", "message": "Fetching World Bank indicator: gdp"}
[2026-04-12T14:21:39.709+0000] {worldbank.py:47} INFO - Fetching World Bank indicator: gdp
[2026-04-12T14:21:39.722+0000] {logging_mixin.py:188} INFO - {"timestamp": "2026-04-12T14:21:39.722749+00:00", "level": "INFO", "module": "ingestion.base_client", "message": "GET https://api.worldbank.org/v2/country/KE/indicator/NY.GDP.MKTP.CD | params={'format': 'json', 'per_page': 10, 'mrv': 5}"}
[2026-04-12T14:21:39.722+0000] {base_client.py:17} INFO - GET https://api.worldbank.org/v2/country/KE/indicator/NY.GDP.MKTP.CD | params={'format': 'json', 'per_page': 10, 'mrv': 5}
[2026-04-12T14:21:41.517+0000] {logging_mixin.py:188} INFO - {"timestamp": "2026-04-12T14:21:41.517017+00:00", "level": "INFO", "module": "ingestion.base_client", "message": "Response 200 from https://api.worldbank.org/v2/country/KE/indicator/NY.GDP.MKTP.CD"}
[2026-04-12T14:21:41.516+0000] {base_client.py:20} INFO - Response 200 from https://api.worldbank.org/v2/country/KE/indicator/NY.GDP.MKTP.CD
[2026-04-12T14:21:41.529+0000] {logging_mixin.py:188} INFO - {"timestamp": "2026-04-12T14:21:41.528907+00:00", "level": "INFO", "module": "utils.validators", "message": "[worldbank/gdp] Validation passed for fields: ['metadata', 'data']"}
[2026-04-12T14:21:41.528+0000] {validators.py:21} INFO - [worldbank/gdp] Validation passed for fields: ['metadata', 'data']
[2026-04-12T14:21:41.542+0000] {logging_mixin.py:188} INFO - {"timestamp": "2026-04-12T14:21:41.541741+00:00", "level": "INFO", "module": "ingestion.worldbank", "message": "Saved gdp data to data/raw/worldbank/gdp_ke_20260412.json"}
[2026-04-12T14:21:41.541+0000] {worldbank.py:42} INFO - Saved gdp data to data/raw/worldbank/gdp_ke_20260412.json
[2026-04-12T14:21:41.549+0000] {logging_mixin.py:188} INFO - {"timestamp": "2026-04-12T14:21:41.548952+00:00", "level": "INFO", "module": "ingestion.worldbank", "message": "Fetching World Bank indicator: inflation"}
[2026-04-12T14:21:41.548+0000] {worldbank.py:47} INFO - Fetching World Bank indicator: inflation
[2026-04-12T14:21:41.550+0000] {logging_mixin.py:188} INFO - {"timestamp": "2026-04-12T14:21:41.550115+00:00", "level": "INFO", "module": "ingestion.base_client", "message": "GET https://api.worldbank.org/v2/country/KE/indicator/FP.CPI.TOTL.ZG | params={'format': 'json', 'per_page': 10, 'mrv': 5}"}
[2026-04-12T14:21:41.550+0000] {base_client.py:17} INFO - GET https://api.worldbank.org/v2/country/KE/indicator/FP.CPI.TOTL.ZG | params={'format': 'json', 'per_page': 10, 'mrv': 5}
[2026-04-12T14:21:43.267+0000] {logging_mixin.py:188} INFO - {"timestamp": "2026-04-12T14:21:43.266585+00:00", "level": "INFO", "module": "ingestion.base_client", "message": "Response 200 from https://api.worldbank.org/v2/country/KE/indicator/FP.CPI.TOTL.ZG"}
[2026-04-12T14:21:43.265+0000] {base_client.py:20} INFO - Response 200 from https://api.worldbank.org/v2/country/KE/indicator/FP.CPI.TOTL.ZG
[2026-04-12T14:21:43.275+0000] {logging_mixin.py:188} INFO - {"timestamp": "2026-04-12T14:21:43.275069+00:00", "level": "INFO", "module": "utils.validators", "message": "[worldbank/inflation] Validation passed for fields: ['metadata', 'data']"}
[2026-04-12T14:21:43.274+0000] {validators.py:21} INFO - [worldbank/inflation] Validation passed for fields: ['metadata', 'data']
[2026-04-12T14:21:43.279+0000] {logging_mixin.py:188} INFO - {"timestamp": "2026-04-12T14:21:43.279120+00:00", "level": "INFO", "module": "ingestion.worldbank", "message": "Saved inflation data to data/raw/worldbank/inflation_ke_20260412.json"}
[2026-04-12T14:21:43.278+0000] {worldbank.py:42} INFO - Saved inflation data to data/raw/worldbank/inflation_ke_20260412.json
[2026-04-12T14:21:43.281+0000] {python.py:201} INFO - Done. Returned value was: None
[2026-04-12T14:21:43.327+0000] {taskinstance.py:1138} INFO - Marking task as SUCCESS. dag_id=kenya_econ_pipeline, task_id=worldbank_ingest, execution_date=20260412T135315, start_date=20260412T142138, end_date=20260412T142143
[2026-04-12T14:21:43.387+0000] {local_task_job_runner.py:234} INFO - Task exited with return code 0
[2026-04-12T14:21:43.449+0000] {taskinstance.py:3280} INFO - 0 downstream tasks scheduled from follow-on schedule check
