[0m12:38:09.535354 [debug] [MainThread]: Sending event: {'category': 'dbt', 'action': 'invocation', 'label': 'start', 'context': [<snowplow_tracker.self_describing_json.SelfDescribingJson object at 0x1192c41a0>, <snowplow_tracker.self_describing_json.SelfDescribingJson object at 0x11b9ff750>, <snowplow_tracker.self_describing_json.SelfDescribingJson object at 0x11b9ff890>]}


============================== 12:38:09.539984 | 33e496f1-dd24-4f63-9429-8810ad211d50 ==============================
[0m12:38:09.539984 [info ] [MainThread]: Running with dbt=1.11.7
[0m12:38:09.540504 [debug] [MainThread]: running dbt with arguments {'invocation_command': 'dbt init kenya_econ_dbt', 'write_json': 'True', 'warn_error': 'None', 'send_anonymous_usage_stats': 'True', 'indirect_selection': 'eager', 'target_path': 'None', 'empty': 'None', 'log_path': 'logs', 'quiet': 'False', 'no_print': 'None', 'log_format': 'default', 'introspect': 'True', 'use_experimental_parser': 'False', 'fail_fast': 'False', 'partial_parse': 'True', 'cache_selected_only': 'False', 'log_cache_events': 'False', 'version_check': 'True', 'static_parser': 'True', 'use_colors': 'True', 'profiles_dir': '/Users/samwelngugi/.dbt', 'debug': 'False', 'warn_error_options': 'WarnErrorOptionsV2(error=[], warn=[], silence=[])', 'printer_width': '80'}
[0m12:38:09.555579 [debug] [MainThread]: Starter project path: /Users/samwelngugi/kenya-econ-pipeline/venv/lib/python3.13/site-packages/dbt/include/starter_project
[0m12:38:09.562977 [info ] [MainThread]: 
Your new dbt project "kenya_econ_dbt" was created!

For more information on how to configure the profiles.yml file,
please consult the dbt documentation here:

  https://docs.getdbt.com/docs/configure-your-profile

One more thing:

Need help? Don't hesitate to reach out to us via GitHub issues or on Slack:

  https://community.getdbt.com/

Happy modeling!

[0m12:38:09.563976 [info ] [MainThread]: Setting up your profile.
[0m17:21:11.932902 [info ] [MainThread]: Profile kenya_econ_dbt written to /Users/samwelngugi/.dbt/profiles.yml using target's profile_template.yml and your supplied values. Run 'dbt debug' to validate the connection.
[0m17:21:12.060996 [debug] [MainThread]: Resource report: {"command_name": "init", "command_success": true, "command_wall_clock_time": 1397.0813, "process_in_blocks": "0", "process_kernel_time": 0.392466, "process_mem_max_rss": "102957056", "process_out_blocks": "0", "process_user_time": 1.17485}
[0m17:21:12.068392 [debug] [MainThread]: Command `dbt init` succeeded at 17:21:12.066783 after 1397.09 seconds
[0m17:21:12.074103 [debug] [MainThread]: Sending event: {'category': 'dbt', 'action': 'invocation', 'label': 'end', 'context': [<snowplow_tracker.self_describing_json.SelfDescribingJson object at 0x11ba5bbb0>, <snowplow_tracker.self_describing_json.SelfDescribingJson object at 0x118e7eb10>, <snowplow_tracker.self_describing_json.SelfDescribingJson object at 0x11ba6cf30>]}
[0m17:21:12.076531 [debug] [MainThread]: Flushing usage events
[0m17:21:13.938660 [debug] [MainThread]: An error was encountered while trying to flush usage events
[0m17:21:43.860842 [debug] [MainThread]: Sending event: {'category': 'dbt', 'action': 'invocation', 'label': 'start', 'context': [<snowplow_tracker.self_describing_json.SelfDescribingJson object at 0x1080ec1a0>, <snowplow_tracker.self_describing_json.SelfDescribingJson object at 0x1090e7750>, <snowplow_tracker.self_describing_json.SelfDescribingJson object at 0x1090e7890>]}


============================== 17:21:43.865175 | bdb26512-b32f-46a7-97c1-44def178789e ==============================
[0m17:21:43.865175 [info ] [MainThread]: Running with dbt=1.11.7
[0m17:21:43.865679 [debug] [MainThread]: running dbt with arguments {'target_path': 'None', 'use_experimental_parser': 'False', 'version_check': 'True', 'introspect': 'True', 'invocation_command': 'dbt debug', 'log_cache_events': 'False', 'log_format': 'default', 'cache_selected_only': 'False', 'log_path': 'logs', 'printer_width': '80', 'empty': 'None', 'use_colors': 'True', 'static_parser': 'True', 'write_json': 'True', 'debug': 'False', 'no_print': 'None', 'warn_error': 'None', 'profiles_dir': '/Users/samwelngugi/.dbt', 'send_anonymous_usage_stats': 'True', 'indirect_selection': 'eager', 'partial_parse': 'True', 'fail_fast': 'False', 'quiet': 'False', 'warn_error_options': 'WarnErrorOptionsV2(error=[], warn=[], silence=[])'}
[0m17:21:43.880010 [info ] [MainThread]: dbt version: 1.11.7
[0m17:21:43.880344 [info ] [MainThread]: python version: 3.13.1
[0m17:21:43.880559 [info ] [MainThread]: python path: /Users/samwelngugi/kenya-econ-pipeline/venv/bin/python3.13
[0m17:21:43.880764 [info ] [MainThread]: os info: macOS-15.7.4-arm64-arm-64bit-Mach-O
[0m17:21:43.968128 [info ] [MainThread]: Error importing adapter: No module named 'dbt.adapters.bigquery'
[0m17:21:43.968605 [info ] [MainThread]: Using profiles dir at /Users/samwelngugi/.dbt
[0m17:21:43.968833 [info ] [MainThread]: Using profiles.yml file at /Users/samwelngugi/.dbt/profiles.yml
[0m17:21:43.969034 [info ] [MainThread]: Using dbt_project.yml file at /Users/samwelngugi/kenya-econ-pipeline/dbt_project.yml
[0m17:21:43.969236 [info ] [MainThread]: Configuration:
[0m17:21:43.969436 [info ] [MainThread]:   profiles.yml file [[31mERROR invalid[0m]
[0m17:21:43.969615 [info ] [MainThread]:   dbt_project.yml file [[31mERROR not found[0m]
[0m17:21:43.969796 [info ] [MainThread]: Required dependencies:
[0m17:21:43.970035 [debug] [MainThread]: Executing "git --help"
[0m17:21:44.020738 [debug] [MainThread]: STDOUT: "b"usage: git [-v | --version] [-h | --help] [-C <path>] [-c <name>=<value>]\n           [--exec-path[=<path>]] [--html-path] [--man-path] [--info-path]\n           [-p | --paginate | -P | --no-pager] [--no-replace-objects] [--no-lazy-fetch]\n           [--no-optional-locks] [--no-advice] [--bare] [--git-dir=<path>]\n           [--work-tree=<path>] [--namespace=<name>] [--config-env=<name>=<envvar>]\n           <command> [<args>]\n\nThese are common Git commands used in various situations:\n\nstart a working area (see also: git help tutorial)\n   clone      Clone a repository into a new directory\n   init       Create an empty Git repository or reinitialize an existing one\n\nwork on the current change (see also: git help everyday)\n   add        Add file contents to the index\n   mv         Move or rename a file, a directory, or a symlink\n   restore    Restore working tree files\n   rm         Remove files from the working tree and from the index\n\nexamine the history and state (see also: git help revisions)\n   bisect     Use binary search to find the commit that introduced a bug\n   diff       Show changes between commits, commit and working tree, etc\n   grep       Print lines matching a pattern\n   log        Show commit logs\n   show       Show various types of objects\n   status     Show the working tree status\n\ngrow, mark and tweak your common history\n   backfill   Download missing objects in a partial clone\n   branch     List, create, or delete branches\n   commit     Record changes to the repository\n   merge      Join two or more development histories together\n   rebase     Reapply commits on top of another base tip\n   reset      Reset current HEAD to the specified state\n   switch     Switch branches\n   tag        Create, list, delete or verify a tag object signed with GPG\n\ncollaborate (see also: git help workflows)\n   fetch      Download objects and refs from another repository\n   pull       Fetch from and integrate with another repository or a local branch\n   push       Update remote refs along with associated objects\n\n'git help -a' and 'git help -g' list available subcommands and some\nconcept guides. See 'git help <command>' or 'git help <concept>'\nto read about a specific subcommand or concept.\nSee 'git help git' for an overview of the system.\n""
[0m17:21:44.021530 [debug] [MainThread]: STDERR: "b''"
[0m17:21:44.021829 [info ] [MainThread]:  - git [[32mOK found[0m]

[0m17:21:44.022076 [info ] [MainThread]: Connection test skipped since no profile was found
[0m17:21:44.022430 [info ] [MainThread]: [31m2 checks failed:[0m
[0m17:21:44.022650 [info ] [MainThread]: Could not load dbt_project.yml
Profile loading failed for the following reason:
Runtime Error
  Credentials in profile "nba_dbt", target "dev" invalid: Runtime Error
    Could not find adapter type bigquery!


[0m17:21:44.022855 [info ] [MainThread]: Project loading failed for the following reason:
 project path </Users/samwelngugi/kenya-econ-pipeline/dbt_project.yml> not found

[0m17:21:44.026063 [debug] [MainThread]: Resource report: {"command_name": "debug", "command_success": false, "command_wall_clock_time": 0.23086463, "process_in_blocks": "0", "process_kernel_time": 0.212958, "process_mem_max_rss": "109264896", "process_out_blocks": "0", "process_user_time": 1.134394}
[0m17:21:44.026573 [debug] [MainThread]: Command `dbt debug` failed at 17:21:44.026484 after 0.23 seconds
[0m17:21:44.026967 [debug] [MainThread]: Sending event: {'category': 'dbt', 'action': 'invocation', 'label': 'end', 'context': [<snowplow_tracker.self_describing_json.SelfDescribingJson object at 0x10929c8a0>, <snowplow_tracker.self_describing_json.SelfDescribingJson object at 0x1092a8dd0>, <snowplow_tracker.self_describing_json.SelfDescribingJson object at 0x1091fc6b0>]}
[0m17:21:44.027320 [debug] [MainThread]: Flushing usage events
[0m17:21:45.136220 [debug] [MainThread]: An error was encountered while trying to flush usage events
