[2026-04-12T14:30:52.001+0000] {taskinstance.py:1956} INFO - Dependencies all met for dep_context=non-requeueable deps ti=<TaskInstance: kenya_econ_pipeline.load_to_postgres manual__2026-04-12T14:22:00+00:00 [queued]>
[2026-04-12T14:30:52.008+0000] {taskinstance.py:1956} INFO - Dependencies all met for dep_context=requeueable deps ti=<TaskInstance: kenya_econ_pipeline.load_to_postgres manual__2026-04-12T14:22:00+00:00 [queued]>
[2026-04-12T14:30:52.010+0000] {taskinstance.py:2170} INFO - Starting attempt 2 of 5
[2026-04-12T14:30:52.022+0000] {taskinstance.py:2191} INFO - Executing <Task(PythonOperator): load_to_postgres> on 2026-04-12 14:22:00+00:00
[2026-04-12T14:30:52.026+0000] {standard_task_runner.py:60} INFO - Started process 18462 to run task
[2026-04-12T14:30:52.029+0000] {standard_task_runner.py:87} INFO - Running: ['airflow', 'tasks', 'run', 'kenya_econ_pipeline', 'load_to_postgres', 'manual__2026-04-12T14:22:00+00:00', '--job-id', '76', '--raw', '--subdir', 'DAGS_FOLDER/kenya_econ_dag.py', '--cfg-path', '/tmp/tmpdwzt6vmu']
[2026-04-12T14:30:52.032+0000] {standard_task_runner.py:88} INFO - Job 76: Subtask load_to_postgres
[2026-04-12T14:30:52.104+0000] {task_command.py:423} INFO - Running <TaskInstance: kenya_econ_pipeline.load_to_postgres manual__2026-04-12T14:22:00+00:00 [running]> on host 2f11af39ed07
[2026-04-12T14:30:52.181+0000] {taskinstance.py:2480} INFO - Exporting env vars: AIRFLOW_CTX_DAG_OWNER='samwel' AIRFLOW_CTX_DAG_ID='kenya_econ_pipeline' AIRFLOW_CTX_TASK_ID='load_to_postgres' AIRFLOW_CTX_EXECUTION_DATE='2026-04-12T14:22:00+00:00' AIRFLOW_CTX_TRY_NUMBER='2' AIRFLOW_CTX_DAG_RUN_ID='manual__2026-04-12T14:22:00+00:00'
[2026-04-12T14:30:52.205+0000] {logging_mixin.py:188} INFO - {"timestamp": "2026-04-12T14:30:52.205810+00:00", "level": "INFO", "module": "db.connection", "message": "Transaction committed"}
[2026-04-12T14:30:52.205+0000] {connection.py:26} INFO - Transaction committed
[2026-04-12T14:30:52.206+0000] {logging_mixin.py:188} INFO - {"timestamp": "2026-04-12T14:30:52.206411+00:00", "level": "INFO", "module": "db.loaders.worldbank_loader", "message": "Inserted 5 rows into raw.worldbank_gdp from gdp_ke_20260402.json"}
[2026-04-12T14:30:52.206+0000] {worldbank_loader.py:38} INFO - Inserted 5 rows into raw.worldbank_gdp from gdp_ke_20260402.json
[2026-04-12T14:30:52.211+0000] {logging_mixin.py:188} INFO - {"timestamp": "2026-04-12T14:30:52.211811+00:00", "level": "INFO", "module": "db.connection", "message": "Transaction committed"}
[2026-04-12T14:30:52.211+0000] {connection.py:26} INFO - Transaction committed
[2026-04-12T14:30:52.212+0000] {logging_mixin.py:188} INFO - {"timestamp": "2026-04-12T14:30:52.212347+00:00", "level": "INFO", "module": "db.loaders.worldbank_loader", "message": "Inserted 5 rows into raw.worldbank_gdp from gdp_ke_20260408.json"}
[2026-04-12T14:30:52.212+0000] {worldbank_loader.py:38} INFO - Inserted 5 rows into raw.worldbank_gdp from gdp_ke_20260408.json
[2026-04-12T14:30:52.219+0000] {logging_mixin.py:188} INFO - {"timestamp": "2026-04-12T14:30:52.219088+00:00", "level": "INFO", "module": "db.connection", "message": "Transaction committed"}
[2026-04-12T14:30:52.219+0000] {connection.py:26} INFO - Transaction committed
[2026-04-12T14:30:52.219+0000] {logging_mixin.py:188} INFO - {"timestamp": "2026-04-12T14:30:52.219623+00:00", "level": "INFO", "module": "db.loaders.worldbank_loader", "message": "Inserted 5 rows into raw.worldbank_gdp from gdp_ke_20260409.json"}
[2026-04-12T14:30:52.219+0000] {worldbank_loader.py:38} INFO - Inserted 5 rows into raw.worldbank_gdp from gdp_ke_20260409.json
[2026-04-12T14:30:52.227+0000] {logging_mixin.py:188} INFO - {"timestamp": "2026-04-12T14:30:52.227324+00:00", "level": "INFO", "module": "db.connection", "message": "Transaction committed"}
[2026-04-12T14:30:52.227+0000] {connection.py:26} INFO - Transaction committed
[2026-04-12T14:30:52.228+0000] {logging_mixin.py:188} INFO - {"timestamp": "2026-04-12T14:30:52.228138+00:00", "level": "INFO", "module": "db.loaders.worldbank_loader", "message": "Inserted 5 rows into raw.worldbank_gdp from gdp_ke_20260410.json"}
[2026-04-12T14:30:52.228+0000] {worldbank_loader.py:38} INFO - Inserted 5 rows into raw.worldbank_gdp from gdp_ke_20260410.json
[2026-04-12T14:30:52.237+0000] {logging_mixin.py:188} INFO - {"timestamp": "2026-04-12T14:30:52.237039+00:00", "level": "INFO", "module": "db.connection", "message": "Transaction committed"}
[2026-04-12T14:30:52.236+0000] {connection.py:26} INFO - Transaction committed
[2026-04-12T14:30:52.237+0000] {logging_mixin.py:188} INFO - {"timestamp": "2026-04-12T14:30:52.237642+00:00", "level": "INFO", "module": "db.loaders.worldbank_loader", "message": "Inserted 5 rows into raw.worldbank_gdp from gdp_ke_20260411.json"}
[2026-04-12T14:30:52.237+0000] {worldbank_loader.py:38} INFO - Inserted 5 rows into raw.worldbank_gdp from gdp_ke_20260411.json
[2026-04-12T14:30:52.243+0000] {logging_mixin.py:188} INFO - {"timestamp": "2026-04-12T14:30:52.243300+00:00", "level": "INFO", "module": "db.connection", "message": "Transaction committed"}
[2026-04-12T14:30:52.243+0000] {connection.py:26} INFO - Transaction committed
[2026-04-12T14:30:52.243+0000] {logging_mixin.py:188} INFO - {"timestamp": "2026-04-12T14:30:52.243898+00:00", "level": "INFO", "module": "db.loaders.worldbank_loader", "message": "Inserted 5 rows into raw.worldbank_gdp from gdp_ke_20260412.json"}
[2026-04-12T14:30:52.243+0000] {worldbank_loader.py:38} INFO - Inserted 5 rows into raw.worldbank_gdp from gdp_ke_20260412.json
[2026-04-12T14:30:52.251+0000] {logging_mixin.py:188} INFO - {"timestamp": "2026-04-12T14:30:52.251350+00:00", "level": "INFO", "module": "db.connection", "message": "Transaction committed"}
[2026-04-12T14:30:52.251+0000] {connection.py:26} INFO - Transaction committed
[2026-04-12T14:30:52.252+0000] {logging_mixin.py:188} INFO - {"timestamp": "2026-04-12T14:30:52.251972+00:00", "level": "INFO", "module": "db.loaders.worldbank_loader", "message": "Inserted 5 rows into raw.worldbank_inflation from inflation_ke_20260402.json"}
[2026-04-12T14:30:52.251+0000] {worldbank_loader.py:38} INFO - Inserted 5 rows into raw.worldbank_inflation from inflation_ke_20260402.json
[2026-04-12T14:30:52.259+0000] {logging_mixin.py:188} INFO - {"timestamp": "2026-04-12T14:30:52.259523+00:00", "level": "INFO", "module": "db.connection", "message": "Transaction committed"}
[2026-04-12T14:30:52.259+0000] {connection.py:26} INFO - Transaction committed
[2026-04-12T14:30:52.260+0000] {logging_mixin.py:188} INFO - {"timestamp": "2026-04-12T14:30:52.259994+00:00", "level": "INFO", "module": "db.loaders.worldbank_loader", "message": "Inserted 5 rows into raw.worldbank_inflation from inflation_ke_20260408.json"}
[2026-04-12T14:30:52.259+0000] {worldbank_loader.py:38} INFO - Inserted 5 rows into raw.worldbank_inflation from inflation_ke_20260408.json
[2026-04-12T14:30:52.264+0000] {logging_mixin.py:188} INFO - {"timestamp": "2026-04-12T14:30:52.264662+00:00", "level": "INFO", "module": "db.connection", "message": "Transaction committed"}
[2026-04-12T14:30:52.264+0000] {connection.py:26} INFO - Transaction committed
[2026-04-12T14:30:52.265+0000] {logging_mixin.py:188} INFO - {"timestamp": "2026-04-12T14:30:52.265079+00:00", "level": "INFO", "module": "db.loaders.worldbank_loader", "message": "Inserted 5 rows into raw.worldbank_inflation from inflation_ke_20260409.json"}
[2026-04-12T14:30:52.265+0000] {worldbank_loader.py:38} INFO - Inserted 5 rows into raw.worldbank_inflation from inflation_ke_20260409.json
[2026-04-12T14:30:52.269+0000] {logging_mixin.py:188} INFO - {"timestamp": "2026-04-12T14:30:52.269534+00:00", "level": "INFO", "module": "db.connection", "message": "Transaction committed"}
[2026-04-12T14:30:52.269+0000] {connection.py:26} INFO - Transaction committed
[2026-04-12T14:30:52.270+0000] {logging_mixin.py:188} INFO - {"timestamp": "2026-04-12T14:30:52.269978+00:00", "level": "INFO", "module": "db.loaders.worldbank_loader", "message": "Inserted 5 rows into raw.worldbank_inflation from inflation_ke_20260410.json"}
[2026-04-12T14:30:52.269+0000] {worldbank_loader.py:38} INFO - Inserted 5 rows into raw.worldbank_inflation from inflation_ke_20260410.json
[2026-04-12T14:30:52.274+0000] {logging_mixin.py:188} INFO - {"timestamp": "2026-04-12T14:30:52.274366+00:00", "level": "INFO", "module": "db.connection", "message": "Transaction committed"}
[2026-04-12T14:30:52.274+0000] {connection.py:26} INFO - Transaction committed
[2026-04-12T14:30:52.274+0000] {logging_mixin.py:188} INFO - {"timestamp": "2026-04-12T14:30:52.274776+00:00", "level": "INFO", "module": "db.loaders.worldbank_loader", "message": "Inserted 5 rows into raw.worldbank_inflation from inflation_ke_20260411.json"}
[2026-04-12T14:30:52.274+0000] {worldbank_loader.py:38} INFO - Inserted 5 rows into raw.worldbank_inflation from inflation_ke_20260411.json
[2026-04-12T14:30:52.280+0000] {logging_mixin.py:188} INFO - {"timestamp": "2026-04-12T14:30:52.280327+00:00", "level": "INFO", "module": "db.connection", "message": "Transaction committed"}
[2026-04-12T14:30:52.280+0000] {connection.py:26} INFO - Transaction committed
[2026-04-12T14:30:52.281+0000] {logging_mixin.py:188} INFO - {"timestamp": "2026-04-12T14:30:52.281146+00:00", "level": "INFO", "module": "db.loaders.worldbank_loader", "message": "Inserted 5 rows into raw.worldbank_inflation from inflation_ke_20260412.json"}
[2026-04-12T14:30:52.281+0000] {worldbank_loader.py:38} INFO - Inserted 5 rows into raw.worldbank_inflation from inflation_ke_20260412.json
[2026-04-12T14:30:52.288+0000] {logging_mixin.py:188} INFO - {"timestamp": "2026-04-12T14:30:52.288664+00:00", "level": "INFO", "module": "db.loaders.worldbank_loader", "message": "Staging GDP load complete (SCD2 dedup applied)"}
[2026-04-12T14:30:52.288+0000] {worldbank_loader.py:63} INFO - Staging GDP load complete (SCD2 dedup applied)
[2026-04-12T14:30:52.289+0000] {logging_mixin.py:188} INFO - {"timestamp": "2026-04-12T14:30:52.289461+00:00", "level": "INFO", "module": "db.connection", "message": "Transaction committed"}
[2026-04-12T14:30:52.289+0000] {connection.py:26} INFO - Transaction committed
[2026-04-12T14:30:52.296+0000] {logging_mixin.py:188} INFO - {"timestamp": "2026-04-12T14:30:52.296655+00:00", "level": "INFO", "module": "db.loaders.worldbank_loader", "message": "Staging inflation load complete"}
[2026-04-12T14:30:52.296+0000] {worldbank_loader.py:86} INFO - Staging inflation load complete
[2026-04-12T14:30:52.298+0000] {logging_mixin.py:188} INFO - {"timestamp": "2026-04-12T14:30:52.298078+00:00", "level": "INFO", "module": "db.connection", "message": "Transaction committed"}
[2026-04-12T14:30:52.298+0000] {connection.py:26} INFO - Transaction committed
[2026-04-12T14:30:52.304+0000] {logging_mixin.py:188} INFO - {"timestamp": "2026-04-12T14:30:52.304624+00:00", "level": "INFO", "module": "db.connection", "message": "Transaction committed"}
[2026-04-12T14:30:52.304+0000] {connection.py:26} INFO - Transaction committed
[2026-04-12T14:30:52.305+0000] {logging_mixin.py:188} INFO - {"timestamp": "2026-04-12T14:30:52.305093+00:00", "level": "INFO", "module": "db.loaders.fx_loader", "message": "Loaded 3 FX pairs from fx_ke_20260402_152933.json"}
[2026-04-12T14:30:52.305+0000] {fx_loader.py:28} INFO - Loaded 3 FX pairs from fx_ke_20260402_152933.json
[2026-04-12T14:30:52.311+0000] {logging_mixin.py:188} INFO - {"timestamp": "2026-04-12T14:30:52.311194+00:00", "level": "INFO", "module": "db.connection", "message": "Transaction committed"}
[2026-04-12T14:30:52.311+0000] {connection.py:26} INFO - Transaction committed
[2026-04-12T14:30:52.311+0000] {logging_mixin.py:188} INFO - {"timestamp": "2026-04-12T14:30:52.311657+00:00", "level": "INFO", "module": "db.loaders.fx_loader", "message": "Staged FX: 1 USD = 130.09 KES | 1 KES = 0.00768699 USD | ts=2026-04-02 15:00:00+00:00"}
[2026-04-12T14:30:52.311+0000] {fx_loader.py:55} INFO - Staged FX: 1 USD = 130.09 KES | 1 KES = 0.00768699 USD | ts=2026-04-02 15:00:00+00:00
[2026-04-12T14:30:52.316+0000] {logging_mixin.py:188} INFO - {"timestamp": "2026-04-12T14:30:52.316306+00:00", "level": "INFO", "module": "db.connection", "message": "Transaction committed"}
[2026-04-12T14:30:52.316+0000] {connection.py:26} INFO - Transaction committed
[2026-04-12T14:30:52.316+0000] {logging_mixin.py:188} INFO - {"timestamp": "2026-04-12T14:30:52.316675+00:00", "level": "INFO", "module": "db.loaders.fx_loader", "message": "Loaded 3 FX pairs from fx_ke_20260402_190438.json"}
[2026-04-12T14:30:52.316+0000] {fx_loader.py:28} INFO - Loaded 3 FX pairs from fx_ke_20260402_190438.json
[2026-04-12T14:30:52.321+0000] {logging_mixin.py:188} INFO - {"timestamp": "2026-04-12T14:30:52.321051+00:00", "level": "INFO", "module": "db.connection", "message": "Transaction committed"}
[2026-04-12T14:30:52.320+0000] {connection.py:26} INFO - Transaction committed
[2026-04-12T14:30:52.321+0000] {logging_mixin.py:188} INFO - {"timestamp": "2026-04-12T14:30:52.321693+00:00", "level": "INFO", "module": "db.loaders.fx_loader", "message": "Staged FX: 1 USD = 130.1 KES | 1 KES = 0.0076864 USD | ts=2026-04-02 19:00:00+00:00"}
[2026-04-12T14:30:52.321+0000] {fx_loader.py:55} INFO - Staged FX: 1 USD = 130.1 KES | 1 KES = 0.0076864 USD | ts=2026-04-02 19:00:00+00:00
[2026-04-12T14:30:52.327+0000] {logging_mixin.py:188} INFO - {"timestamp": "2026-04-12T14:30:52.327934+00:00", "level": "INFO", "module": "db.connection", "message": "Transaction committed"}
[2026-04-12T14:30:52.327+0000] {connection.py:26} INFO - Transaction committed
[2026-04-12T14:30:52.328+0000] {logging_mixin.py:188} INFO - {"timestamp": "2026-04-12T14:30:52.328432+00:00", "level": "INFO", "module": "db.loaders.fx_loader", "message": "Loaded 3 FX pairs from fx_ke_20260402_190447.json"}
[2026-04-12T14:30:52.328+0000] {fx_loader.py:28} INFO - Loaded 3 FX pairs from fx_ke_20260402_190447.json
[2026-04-12T14:30:52.334+0000] {logging_mixin.py:188} INFO - {"timestamp": "2026-04-12T14:30:52.334017+00:00", "level": "INFO", "module": "db.connection", "message": "Transaction committed"}
[2026-04-12T14:30:52.333+0000] {connection.py:26} INFO - Transaction committed
[2026-04-12T14:30:52.334+0000] {logging_mixin.py:188} INFO - {"timestamp": "2026-04-12T14:30:52.334486+00:00", "level": "INFO", "module": "db.loaders.fx_loader", "message": "Staged FX: 1 USD = 130.1 KES | 1 KES = 0.0076864 USD | ts=2026-04-02 19:00:00+00:00"}
[2026-04-12T14:30:52.334+0000] {fx_loader.py:55} INFO - Staged FX: 1 USD = 130.1 KES | 1 KES = 0.0076864 USD | ts=2026-04-02 19:00:00+00:00
[2026-04-12T14:30:52.339+0000] {logging_mixin.py:188} INFO - {"timestamp": "2026-04-12T14:30:52.339689+00:00", "level": "INFO", "module": "db.connection", "message": "Transaction committed"}
[2026-04-12T14:30:52.339+0000] {connection.py:26} INFO - Transaction committed
[2026-04-12T14:30:52.340+0000] {logging_mixin.py:188} INFO - {"timestamp": "2026-04-12T14:30:52.340245+00:00", "level": "INFO", "module": "db.loaders.fx_loader", "message": "Loaded 3 FX pairs from fx_ke_20260402_195641.json"}
[2026-04-12T14:30:52.340+0000] {fx_loader.py:28} INFO - Loaded 3 FX pairs from fx_ke_20260402_195641.json
[2026-04-12T14:30:52.346+0000] {logging_mixin.py:188} INFO - {"timestamp": "2026-04-12T14:30:52.346255+00:00", "level": "INFO", "module": "db.connection", "message": "Transaction committed"}
[2026-04-12T14:30:52.346+0000] {connection.py:26} INFO - Transaction committed
[2026-04-12T14:30:52.346+0000] {logging_mixin.py:188} INFO - {"timestamp": "2026-04-12T14:30:52.346807+00:00", "level": "INFO", "module": "db.loaders.fx_loader", "message": "Staged FX: 1 USD = 130.1 KES | 1 KES = 0.0076864 USD | ts=2026-04-02 19:00:00+00:00"}
[2026-04-12T14:30:52.346+0000] {fx_loader.py:55} INFO - Staged FX: 1 USD = 130.1 KES | 1 KES = 0.0076864 USD | ts=2026-04-02 19:00:00+00:00
[2026-04-12T14:30:52.351+0000] {logging_mixin.py:188} INFO - {"timestamp": "2026-04-12T14:30:52.351751+00:00", "level": "INFO", "module": "db.connection", "message": "Transaction committed"}
[2026-04-12T14:30:52.351+0000] {connection.py:26} INFO - Transaction committed
[2026-04-12T14:30:52.352+0000] {logging_mixin.py:188} INFO - {"timestamp": "2026-04-12T14:30:52.352182+00:00", "level": "INFO", "module": "db.loaders.fx_loader", "message": "Loaded 3 FX pairs from fx_ke_20260408_115811.json"}
[2026-04-12T14:30:52.352+0000] {fx_loader.py:28} INFO - Loaded 3 FX pairs from fx_ke_20260408_115811.json
[2026-04-12T14:30:52.358+0000] {logging_mixin.py:188} INFO - {"timestamp": "2026-04-12T14:30:52.357995+00:00", "level": "INFO", "module": "db.connection", "message": "Transaction committed"}
[2026-04-12T14:30:52.357+0000] {connection.py:26} INFO - Transaction committed
[2026-04-12T14:30:52.358+0000] {logging_mixin.py:188} INFO - {"timestamp": "2026-04-12T14:30:52.358802+00:00", "level": "INFO", "module": "db.loaders.fx_loader", "message": "Staged FX: 1 USD = 129.35 KES | 1 KES = 0.00773096 USD | ts=2026-04-08 11:00:00+00:00"}
[2026-04-12T14:30:52.358+0000] {fx_loader.py:55} INFO - Staged FX: 1 USD = 129.35 KES | 1 KES = 0.00773096 USD | ts=2026-04-08 11:00:00+00:00
[2026-04-12T14:30:52.364+0000] {logging_mixin.py:188} INFO - {"timestamp": "2026-04-12T14:30:52.364050+00:00", "level": "INFO", "module": "db.connection", "message": "Transaction committed"}
[2026-04-12T14:30:52.364+0000] {connection.py:26} INFO - Transaction committed
[2026-04-12T14:30:52.364+0000] {logging_mixin.py:188} INFO - {"timestamp": "2026-04-12T14:30:52.364493+00:00", "level": "INFO", "module": "db.loaders.fx_loader", "message": "Loaded 3 FX pairs from fx_ke_20260409_035300.json"}
[2026-04-12T14:30:52.364+0000] {fx_loader.py:28} INFO - Loaded 3 FX pairs from fx_ke_20260409_035300.json
[2026-04-12T14:30:52.370+0000] {logging_mixin.py:188} INFO - {"timestamp": "2026-04-12T14:30:52.370316+00:00", "level": "INFO", "module": "db.connection", "message": "Transaction committed"}
[2026-04-12T14:30:52.370+0000] {connection.py:26} INFO - Transaction committed
[2026-04-12T14:30:52.371+0000] {logging_mixin.py:188} INFO - {"timestamp": "2026-04-12T14:30:52.371094+00:00", "level": "INFO", "module": "db.loaders.fx_loader", "message": "Staged FX: 1 USD = 129.4 KES | 1 KES = 0.00772798 USD | ts=2026-04-09 03:00:00+00:00"}
[2026-04-12T14:30:52.371+0000] {fx_loader.py:55} INFO - Staged FX: 1 USD = 129.4 KES | 1 KES = 0.00772798 USD | ts=2026-04-09 03:00:00+00:00
[2026-04-12T14:30:52.379+0000] {logging_mixin.py:188} INFO - {"timestamp": "2026-04-12T14:30:52.378978+00:00", "level": "INFO", "module": "db.connection", "message": "Transaction committed"}
[2026-04-12T14:30:52.378+0000] {connection.py:26} INFO - Transaction committed
[2026-04-12T14:30:52.379+0000] {logging_mixin.py:188} INFO - {"timestamp": "2026-04-12T14:30:52.379460+00:00", "level": "INFO", "module": "db.loaders.fx_loader", "message": "Loaded 3 FX pairs from fx_ke_20260410_030519.json"}
[2026-04-12T14:30:52.379+0000] {fx_loader.py:28} INFO - Loaded 3 FX pairs from fx_ke_20260410_030519.json
[2026-04-12T14:30:52.384+0000] {logging_mixin.py:188} INFO - {"timestamp": "2026-04-12T14:30:52.384776+00:00", "level": "INFO", "module": "db.connection", "message": "Transaction committed"}
[2026-04-12T14:30:52.384+0000] {connection.py:26} INFO - Transaction committed
[2026-04-12T14:30:52.385+0000] {logging_mixin.py:188} INFO - {"timestamp": "2026-04-12T14:30:52.385217+00:00", "level": "INFO", "module": "db.loaders.fx_loader", "message": "Staged FX: 1 USD = 129.25 KES | 1 KES = 0.00773694 USD | ts=2026-04-10 03:00:00+00:00"}
[2026-04-12T14:30:52.385+0000] {fx_loader.py:55} INFO - Staged FX: 1 USD = 129.25 KES | 1 KES = 0.00773694 USD | ts=2026-04-10 03:00:00+00:00
[2026-04-12T14:30:52.391+0000] {logging_mixin.py:188} INFO - {"timestamp": "2026-04-12T14:30:52.391557+00:00", "level": "INFO", "module": "db.connection", "message": "Transaction committed"}
[2026-04-12T14:30:52.391+0000] {connection.py:26} INFO - Transaction committed
[2026-04-12T14:30:52.392+0000] {logging_mixin.py:188} INFO - {"timestamp": "2026-04-12T14:30:52.392011+00:00", "level": "INFO", "module": "db.loaders.fx_loader", "message": "Loaded 3 FX pairs from fx_ke_20260411_030917.json"}
[2026-04-12T14:30:52.391+0000] {fx_loader.py:28} INFO - Loaded 3 FX pairs from fx_ke_20260411_030917.json
[2026-04-12T14:30:52.399+0000] {logging_mixin.py:188} INFO - {"timestamp": "2026-04-12T14:30:52.399702+00:00", "level": "INFO", "module": "db.connection", "message": "Transaction committed"}
[2026-04-12T14:30:52.399+0000] {connection.py:26} INFO - Transaction committed
[2026-04-12T14:30:52.400+0000] {logging_mixin.py:188} INFO - {"timestamp": "2026-04-12T14:30:52.400261+00:00", "level": "INFO", "module": "db.loaders.fx_loader", "message": "Staged FX: 1 USD = 129.210149 KES | 1 KES = 0.00773933 USD | ts=2026-04-11 03:00:04+00:00"}
[2026-04-12T14:30:52.400+0000] {fx_loader.py:55} INFO - Staged FX: 1 USD = 129.210149 KES | 1 KES = 0.00773933 USD | ts=2026-04-11 03:00:04+00:00
[2026-04-12T14:30:52.404+0000] {logging_mixin.py:188} INFO - {"timestamp": "2026-04-12T14:30:52.404747+00:00", "level": "INFO", "module": "db.connection", "message": "Transaction committed"}
[2026-04-12T14:30:52.404+0000] {connection.py:26} INFO - Transaction committed
[2026-04-12T14:30:52.405+0000] {logging_mixin.py:188} INFO - {"timestamp": "2026-04-12T14:30:52.405084+00:00", "level": "INFO", "module": "db.loaders.fx_loader", "message": "Loaded 3 FX pairs from fx_ke_20260412_030003.json"}
[2026-04-12T14:30:52.405+0000] {fx_loader.py:28} INFO - Loaded 3 FX pairs from fx_ke_20260412_030003.json
[2026-04-12T14:30:52.409+0000] {logging_mixin.py:188} INFO - {"timestamp": "2026-04-12T14:30:52.408978+00:00", "level": "INFO", "module": "db.connection", "message": "Transaction committed"}
[2026-04-12T14:30:52.408+0000] {connection.py:26} INFO - Transaction committed
[2026-04-12T14:30:52.409+0000] {logging_mixin.py:188} INFO - {"timestamp": "2026-04-12T14:30:52.409296+00:00", "level": "INFO", "module": "db.loaders.fx_loader", "message": "Staged FX: 1 USD = 129.210149 KES | 1 KES = 0.00773933 USD | ts=2026-04-12 02:00:19+00:00"}
[2026-04-12T14:30:52.409+0000] {fx_loader.py:55} INFO - Staged FX: 1 USD = 129.210149 KES | 1 KES = 0.00773933 USD | ts=2026-04-12 02:00:19+00:00
[2026-04-12T14:30:52.413+0000] {logging_mixin.py:188} INFO - {"timestamp": "2026-04-12T14:30:52.413399+00:00", "level": "INFO", "module": "db.connection", "message": "Transaction committed"}
[2026-04-12T14:30:52.413+0000] {connection.py:26} INFO - Transaction committed
[2026-04-12T14:30:52.413+0000] {logging_mixin.py:188} INFO - {"timestamp": "2026-04-12T14:30:52.413761+00:00", "level": "INFO", "module": "db.loaders.fx_loader", "message": "Loaded 3 FX pairs from fx_ke_20260412_135055.json"}
[2026-04-12T14:30:52.413+0000] {fx_loader.py:28} INFO - Loaded 3 FX pairs from fx_ke_20260412_135055.json
[2026-04-12T14:30:52.417+0000] {logging_mixin.py:188} INFO - {"timestamp": "2026-04-12T14:30:52.417515+00:00", "level": "INFO", "module": "db.connection", "message": "Transaction committed"}
[2026-04-12T14:30:52.417+0000] {connection.py:26} INFO - Transaction committed
[2026-04-12T14:30:52.417+0000] {logging_mixin.py:188} INFO - {"timestamp": "2026-04-12T14:30:52.417918+00:00", "level": "INFO", "module": "db.loaders.fx_loader", "message": "Staged FX: 1 USD = 129.210149 KES | 1 KES = 0.00773933 USD | ts=2026-04-12 13:00:20+00:00"}
[2026-04-12T14:30:52.417+0000] {fx_loader.py:55} INFO - Staged FX: 1 USD = 129.210149 KES | 1 KES = 0.00773933 USD | ts=2026-04-12 13:00:20+00:00
[2026-04-12T14:30:52.422+0000] {logging_mixin.py:188} INFO - {"timestamp": "2026-04-12T14:30:52.421986+00:00", "level": "INFO", "module": "db.connection", "message": "Transaction committed"}
[2026-04-12T14:30:52.421+0000] {connection.py:26} INFO - Transaction committed
[2026-04-12T14:30:52.422+0000] {logging_mixin.py:188} INFO - {"timestamp": "2026-04-12T14:30:52.422307+00:00", "level": "INFO", "module": "db.loaders.fx_loader", "message": "Loaded 3 FX pairs from fx_ke_20260412_135112.json"}
[2026-04-12T14:30:52.422+0000] {fx_loader.py:28} INFO - Loaded 3 FX pairs from fx_ke_20260412_135112.json
[2026-04-12T14:30:52.426+0000] {logging_mixin.py:188} INFO - {"timestamp": "2026-04-12T14:30:52.426351+00:00", "level": "INFO", "module": "db.connection", "message": "Transaction committed"}
[2026-04-12T14:30:52.426+0000] {connection.py:26} INFO - Transaction committed
[2026-04-12T14:30:52.426+0000] {logging_mixin.py:188} INFO - {"timestamp": "2026-04-12T14:30:52.426729+00:00", "level": "INFO", "module": "db.loaders.fx_loader", "message": "Staged FX: 1 USD = 129.210149 KES | 1 KES = 0.00773933 USD | ts=2026-04-12 13:00:20+00:00"}
[2026-04-12T14:30:52.426+0000] {fx_loader.py:55} INFO - Staged FX: 1 USD = 129.210149 KES | 1 KES = 0.00773933 USD | ts=2026-04-12 13:00:20+00:00
[2026-04-12T14:30:52.430+0000] {logging_mixin.py:188} INFO - {"timestamp": "2026-04-12T14:30:52.430732+00:00", "level": "INFO", "module": "db.connection", "message": "Transaction committed"}
[2026-04-12T14:30:52.430+0000] {connection.py:26} INFO - Transaction committed
[2026-04-12T14:30:52.431+0000] {logging_mixin.py:188} INFO - {"timestamp": "2026-04-12T14:30:52.431112+00:00", "level": "INFO", "module": "db.loaders.fx_loader", "message": "Loaded 3 FX pairs from fx_ke_20260412_135321.json"}
[2026-04-12T14:30:52.431+0000] {fx_loader.py:28} INFO - Loaded 3 FX pairs from fx_ke_20260412_135321.json
[2026-04-12T14:30:52.436+0000] {logging_mixin.py:188} INFO - {"timestamp": "2026-04-12T14:30:52.436474+00:00", "level": "INFO", "module": "db.connection", "message": "Transaction committed"}
[2026-04-12T14:30:52.436+0000] {connection.py:26} INFO - Transaction committed
[2026-04-12T14:30:52.436+0000] {logging_mixin.py:188} INFO - {"timestamp": "2026-04-12T14:30:52.436952+00:00", "level": "INFO", "module": "db.loaders.fx_loader", "message": "Staged FX: 1 USD = 129.210149 KES | 1 KES = 0.00773933 USD | ts=2026-04-12 13:00:20+00:00"}
[2026-04-12T14:30:52.436+0000] {fx_loader.py:55} INFO - Staged FX: 1 USD = 129.210149 KES | 1 KES = 0.00773933 USD | ts=2026-04-12 13:00:20+00:00
[2026-04-12T14:30:52.441+0000] {logging_mixin.py:188} INFO - {"timestamp": "2026-04-12T14:30:52.441248+00:00", "level": "INFO", "module": "db.connection", "message": "Transaction committed"}
[2026-04-12T14:30:52.441+0000] {connection.py:26} INFO - Transaction committed
[2026-04-12T14:30:52.441+0000] {logging_mixin.py:188} INFO - {"timestamp": "2026-04-12T14:30:52.441806+00:00", "level": "INFO", "module": "db.loaders.fx_loader", "message": "Loaded 3 FX pairs from fx_ke_20260412_142141.json"}
[2026-04-12T14:30:52.441+0000] {fx_loader.py:28} INFO - Loaded 3 FX pairs from fx_ke_20260412_142141.json
[2026-04-12T14:30:52.448+0000] {logging_mixin.py:188} INFO - {"timestamp": "2026-04-12T14:30:52.448144+00:00", "level": "INFO", "module": "db.connection", "message": "Transaction committed"}
[2026-04-12T14:30:52.448+0000] {connection.py:26} INFO - Transaction committed
[2026-04-12T14:30:52.448+0000] {logging_mixin.py:188} INFO - {"timestamp": "2026-04-12T14:30:52.448579+00:00", "level": "INFO", "module": "db.loaders.fx_loader", "message": "Staged FX: 1 USD = 129.210149 KES | 1 KES = 0.00773933 USD | ts=2026-04-12 14:00:15+00:00"}
[2026-04-12T14:30:52.448+0000] {fx_loader.py:55} INFO - Staged FX: 1 USD = 129.210149 KES | 1 KES = 0.00773933 USD | ts=2026-04-12 14:00:15+00:00
[2026-04-12T14:30:52.453+0000] {logging_mixin.py:188} INFO - {"timestamp": "2026-04-12T14:30:52.453555+00:00", "level": "INFO", "module": "db.connection", "message": "Transaction committed"}
[2026-04-12T14:30:52.453+0000] {connection.py:26} INFO - Transaction committed
[2026-04-12T14:30:52.453+0000] {logging_mixin.py:188} INFO - {"timestamp": "2026-04-12T14:30:52.453942+00:00", "level": "INFO", "module": "db.loaders.fx_loader", "message": "Loaded 3 FX pairs from fx_ke_20260412_142205.json"}
[2026-04-12T14:30:52.453+0000] {fx_loader.py:28} INFO - Loaded 3 FX pairs from fx_ke_20260412_142205.json
[2026-04-12T14:30:52.458+0000] {logging_mixin.py:188} INFO - {"timestamp": "2026-04-12T14:30:52.458731+00:00", "level": "INFO", "module": "db.connection", "message": "Transaction committed"}
[2026-04-12T14:30:52.458+0000] {connection.py:26} INFO - Transaction committed
[2026-04-12T14:30:52.459+0000] {logging_mixin.py:188} INFO - {"timestamp": "2026-04-12T14:30:52.459413+00:00", "level": "INFO", "module": "db.loaders.fx_loader", "message": "Staged FX: 1 USD = 129.210149 KES | 1 KES = 0.00773933 USD | ts=2026-04-12 14:00:15+00:00"}
[2026-04-12T14:30:52.459+0000] {fx_loader.py:55} INFO - Staged FX: 1 USD = 129.210149 KES | 1 KES = 0.00773933 USD | ts=2026-04-12 14:00:15+00:00
[2026-04-12T14:30:52.466+0000] {logging_mixin.py:188} INFO - {"timestamp": "2026-04-12T14:30:52.466358+00:00", "level": "INFO", "module": "db.connection", "message": "Transaction committed"}
[2026-04-12T14:30:52.466+0000] {connection.py:26} INFO - Transaction committed
[2026-04-12T14:30:52.466+0000] {logging_mixin.py:188} INFO - {"timestamp": "2026-04-12T14:30:52.466888+00:00", "level": "INFO", "module": "db.loaders.fx_loader", "message": "Loaded 3 FX pairs from fx_ke_20260412_143048.json"}
[2026-04-12T14:30:52.466+0000] {fx_loader.py:28} INFO - Loaded 3 FX pairs from fx_ke_20260412_143048.json
[2026-04-12T14:30:52.472+0000] {logging_mixin.py:188} INFO - {"timestamp": "2026-04-12T14:30:52.472068+00:00", "level": "INFO", "module": "db.connection", "message": "Transaction committed"}
[2026-04-12T14:30:52.471+0000] {connection.py:26} INFO - Transaction committed
[2026-04-12T14:30:52.473+0000] {logging_mixin.py:188} INFO - {"timestamp": "2026-04-12T14:30:52.472978+00:00", "level": "INFO", "module": "db.loaders.fx_loader", "message": "Staged FX: 1 USD = 129.210149 KES | 1 KES = 0.00773933 USD | ts=2026-04-12 14:00:15+00:00"}
[2026-04-12T14:30:52.472+0000] {fx_loader.py:55} INFO - Staged FX: 1 USD = 129.210149 KES | 1 KES = 0.00773933 USD | ts=2026-04-12 14:00:15+00:00
[2026-04-12T14:30:52.487+0000] {logging_mixin.py:188} INFO - {"timestamp": "2026-04-12T14:30:52.487609+00:00", "level": "INFO", "module": "db.connection", "message": "Transaction committed"}
[2026-04-12T14:30:52.487+0000] {connection.py:26} INFO - Transaction committed
[2026-04-12T14:30:52.488+0000] {logging_mixin.py:188} INFO - {"timestamp": "2026-04-12T14:30:52.488952+00:00", "level": "INFO", "module": "db.loaders.fx_loader", "message": "Loaded 3 FX pairs from fx_ke_20260412_143049.json"}
[2026-04-12T14:30:52.488+0000] {fx_loader.py:28} INFO - Loaded 3 FX pairs from fx_ke_20260412_143049.json
[2026-04-12T14:30:52.508+0000] {logging_mixin.py:188} INFO - {"timestamp": "2026-04-12T14:30:52.508691+00:00", "level": "INFO", "module": "db.connection", "message": "Transaction committed"}
[2026-04-12T14:30:52.508+0000] {connection.py:26} INFO - Transaction committed
[2026-04-12T14:30:52.509+0000] {logging_mixin.py:188} INFO - {"timestamp": "2026-04-12T14:30:52.509367+00:00", "level": "INFO", "module": "db.loaders.fx_loader", "message": "Staged FX: 1 USD = 129.210149 KES | 1 KES = 0.00773933 USD | ts=2026-04-12 14:00:15+00:00"}
[2026-04-12T14:30:52.509+0000] {fx_loader.py:55} INFO - Staged FX: 1 USD = 129.210149 KES | 1 KES = 0.00773933 USD | ts=2026-04-12 14:00:15+00:00
[2026-04-12T14:30:52.509+0000] {python.py:201} INFO - Done. Returned value was: None
[2026-04-12T14:30:52.525+0000] {taskinstance.py:1138} INFO - Marking task as SUCCESS. dag_id=kenya_econ_pipeline, task_id=load_to_postgres, execution_date=20260412T142200, start_date=20260412T143052, end_date=20260412T143052
[2026-04-12T14:30:52.584+0000] {local_task_job_runner.py:234} INFO - Task exited with return code 0
[2026-04-12T14:30:52.659+0000] {taskinstance.py:3280} INFO - 1 downstream tasks scheduled from follow-on schedule check
