[2026-04-12T14:22:06.702+0000] {taskinstance.py:1956} INFO - Dependencies all met for dep_context=non-requeueable deps ti=<TaskInstance: kenya_econ_pipeline.load_to_postgres manual__2026-04-12T14:22:00+00:00 [queued]>
[2026-04-12T14:22:06.706+0000] {taskinstance.py:1956} INFO - Dependencies all met for dep_context=requeueable deps ti=<TaskInstance: kenya_econ_pipeline.load_to_postgres manual__2026-04-12T14:22:00+00:00 [queued]>
[2026-04-12T14:22:06.707+0000] {taskinstance.py:2170} INFO - Starting attempt 1 of 4
[2026-04-12T14:22:06.714+0000] {taskinstance.py:2191} INFO - Executing <Task(PythonOperator): load_to_postgres> on 2026-04-12 14:22:00+00:00
[2026-04-12T14:22:06.717+0000] {standard_task_runner.py:60} INFO - Started process 18301 to run task
[2026-04-12T14:22:06.723+0000] {standard_task_runner.py:87} INFO - Running: ['airflow', 'tasks', 'run', 'kenya_econ_pipeline', 'load_to_postgres', 'manual__2026-04-12T14:22:00+00:00', '--job-id', '62', '--raw', '--subdir', 'DAGS_FOLDER/kenya_econ_dag.py', '--cfg-path', '/tmp/tmp31cxnlpu']
[2026-04-12T14:22:06.725+0000] {standard_task_runner.py:88} INFO - Job 62: Subtask load_to_postgres
[2026-04-12T14:22:06.775+0000] {task_command.py:423} INFO - Running <TaskInstance: kenya_econ_pipeline.load_to_postgres manual__2026-04-12T14:22:00+00:00 [running]> on host 2f11af39ed07
[2026-04-12T14:22:06.824+0000] {taskinstance.py:2480} INFO - Exporting env vars: AIRFLOW_CTX_DAG_OWNER='samwel' AIRFLOW_CTX_DAG_ID='kenya_econ_pipeline' AIRFLOW_CTX_TASK_ID='load_to_postgres' AIRFLOW_CTX_EXECUTION_DATE='2026-04-12T14:22:00+00:00' AIRFLOW_CTX_TRY_NUMBER='1' AIRFLOW_CTX_DAG_RUN_ID='manual__2026-04-12T14:22:00+00:00'
[2026-04-12T14:22:06.844+0000] {logging_mixin.py:188} INFO - {"timestamp": "2026-04-12T14:22:06.844752+00:00", "level": "INFO", "module": "db.connection", "message": "Transaction committed"}
[2026-04-12T14:22:06.844+0000] {connection.py:26} INFO - Transaction committed
[2026-04-12T14:22:06.845+0000] {logging_mixin.py:188} INFO - {"timestamp": "2026-04-12T14:22:06.845172+00:00", "level": "INFO", "module": "db.loaders.worldbank_loader", "message": "Inserted 5 rows into raw.worldbank_gdp from gdp_ke_20260402.json"}
[2026-04-12T14:22:06.845+0000] {worldbank_loader.py:38} INFO - Inserted 5 rows into raw.worldbank_gdp from gdp_ke_20260402.json
[2026-04-12T14:22:06.850+0000] {logging_mixin.py:188} INFO - {"timestamp": "2026-04-12T14:22:06.849971+00:00", "level": "INFO", "module": "db.connection", "message": "Transaction committed"}
[2026-04-12T14:22:06.849+0000] {connection.py:26} INFO - Transaction committed
[2026-04-12T14:22:06.850+0000] {logging_mixin.py:188} INFO - {"timestamp": "2026-04-12T14:22:06.850261+00:00", "level": "INFO", "module": "db.loaders.worldbank_loader", "message": "Inserted 5 rows into raw.worldbank_gdp from gdp_ke_20260408.json"}
[2026-04-12T14:22:06.850+0000] {worldbank_loader.py:38} INFO - Inserted 5 rows into raw.worldbank_gdp from gdp_ke_20260408.json
[2026-04-12T14:22:06.854+0000] {logging_mixin.py:188} INFO - {"timestamp": "2026-04-12T14:22:06.854191+00:00", "level": "INFO", "module": "db.connection", "message": "Transaction committed"}
[2026-04-12T14:22:06.854+0000] {connection.py:26} INFO - Transaction committed
[2026-04-12T14:22:06.854+0000] {logging_mixin.py:188} INFO - {"timestamp": "2026-04-12T14:22:06.854460+00:00", "level": "INFO", "module": "db.loaders.worldbank_loader", "message": "Inserted 5 rows into raw.worldbank_gdp from gdp_ke_20260409.json"}
[2026-04-12T14:22:06.854+0000] {worldbank_loader.py:38} INFO - Inserted 5 rows into raw.worldbank_gdp from gdp_ke_20260409.json
[2026-04-12T14:22:06.858+0000] {logging_mixin.py:188} INFO - {"timestamp": "2026-04-12T14:22:06.858440+00:00", "level": "INFO", "module": "db.connection", "message": "Transaction committed"}
[2026-04-12T14:22:06.858+0000] {connection.py:26} INFO - Transaction committed
[2026-04-12T14:22:06.858+0000] {logging_mixin.py:188} INFO - {"timestamp": "2026-04-12T14:22:06.858730+00:00", "level": "INFO", "module": "db.loaders.worldbank_loader", "message": "Inserted 5 rows into raw.worldbank_gdp from gdp_ke_20260410.json"}
[2026-04-12T14:22:06.858+0000] {worldbank_loader.py:38} INFO - Inserted 5 rows into raw.worldbank_gdp from gdp_ke_20260410.json
[2026-04-12T14:22:06.862+0000] {logging_mixin.py:188} INFO - {"timestamp": "2026-04-12T14:22:06.862715+00:00", "level": "INFO", "module": "db.connection", "message": "Transaction committed"}
[2026-04-12T14:22:06.862+0000] {connection.py:26} INFO - Transaction committed
[2026-04-12T14:22:06.863+0000] {logging_mixin.py:188} INFO - {"timestamp": "2026-04-12T14:22:06.863074+00:00", "level": "INFO", "module": "db.loaders.worldbank_loader", "message": "Inserted 5 rows into raw.worldbank_gdp from gdp_ke_20260411.json"}
[2026-04-12T14:22:06.863+0000] {worldbank_loader.py:38} INFO - Inserted 5 rows into raw.worldbank_gdp from gdp_ke_20260411.json
[2026-04-12T14:22:06.867+0000] {logging_mixin.py:188} INFO - {"timestamp": "2026-04-12T14:22:06.867394+00:00", "level": "INFO", "module": "db.connection", "message": "Transaction committed"}
[2026-04-12T14:22:06.867+0000] {connection.py:26} INFO - Transaction committed
[2026-04-12T14:22:06.867+0000] {logging_mixin.py:188} INFO - {"timestamp": "2026-04-12T14:22:06.867653+00:00", "level": "INFO", "module": "db.loaders.worldbank_loader", "message": "Inserted 5 rows into raw.worldbank_gdp from gdp_ke_20260412.json"}
[2026-04-12T14:22:06.867+0000] {worldbank_loader.py:38} INFO - Inserted 5 rows into raw.worldbank_gdp from gdp_ke_20260412.json
[2026-04-12T14:22:06.871+0000] {logging_mixin.py:188} INFO - {"timestamp": "2026-04-12T14:22:06.871766+00:00", "level": "INFO", "module": "db.connection", "message": "Transaction committed"}
[2026-04-12T14:22:06.871+0000] {connection.py:26} INFO - Transaction committed
[2026-04-12T14:22:06.872+0000] {logging_mixin.py:188} INFO - {"timestamp": "2026-04-12T14:22:06.872072+00:00", "level": "INFO", "module": "db.loaders.worldbank_loader", "message": "Inserted 5 rows into raw.worldbank_inflation from inflation_ke_20260402.json"}
[2026-04-12T14:22:06.872+0000] {worldbank_loader.py:38} INFO - Inserted 5 rows into raw.worldbank_inflation from inflation_ke_20260402.json
[2026-04-12T14:22:06.877+0000] {logging_mixin.py:188} INFO - {"timestamp": "2026-04-12T14:22:06.877339+00:00", "level": "INFO", "module": "db.connection", "message": "Transaction committed"}
[2026-04-12T14:22:06.877+0000] {connection.py:26} INFO - Transaction committed
[2026-04-12T14:22:06.877+0000] {logging_mixin.py:188} INFO - {"timestamp": "2026-04-12T14:22:06.877650+00:00", "level": "INFO", "module": "db.loaders.worldbank_loader", "message": "Inserted 5 rows into raw.worldbank_inflation from inflation_ke_20260408.json"}
[2026-04-12T14:22:06.877+0000] {worldbank_loader.py:38} INFO - Inserted 5 rows into raw.worldbank_inflation from inflation_ke_20260408.json
[2026-04-12T14:22:06.882+0000] {logging_mixin.py:188} INFO - {"timestamp": "2026-04-12T14:22:06.882248+00:00", "level": "INFO", "module": "db.connection", "message": "Transaction committed"}
[2026-04-12T14:22:06.882+0000] {connection.py:26} INFO - Transaction committed
[2026-04-12T14:22:06.882+0000] {logging_mixin.py:188} INFO - {"timestamp": "2026-04-12T14:22:06.882524+00:00", "level": "INFO", "module": "db.loaders.worldbank_loader", "message": "Inserted 5 rows into raw.worldbank_inflation from inflation_ke_20260409.json"}
[2026-04-12T14:22:06.882+0000] {worldbank_loader.py:38} INFO - Inserted 5 rows into raw.worldbank_inflation from inflation_ke_20260409.json
[2026-04-12T14:22:06.886+0000] {logging_mixin.py:188} INFO - {"timestamp": "2026-04-12T14:22:06.886377+00:00", "level": "INFO", "module": "db.connection", "message": "Transaction committed"}
[2026-04-12T14:22:06.886+0000] {connection.py:26} INFO - Transaction committed
[2026-04-12T14:22:06.886+0000] {logging_mixin.py:188} INFO - {"timestamp": "2026-04-12T14:22:06.886620+00:00", "level": "INFO", "module": "db.loaders.worldbank_loader", "message": "Inserted 5 rows into raw.worldbank_inflation from inflation_ke_20260410.json"}
[2026-04-12T14:22:06.886+0000] {worldbank_loader.py:38} INFO - Inserted 5 rows into raw.worldbank_inflation from inflation_ke_20260410.json
[2026-04-12T14:22:06.891+0000] {logging_mixin.py:188} INFO - {"timestamp": "2026-04-12T14:22:06.891078+00:00", "level": "INFO", "module": "db.connection", "message": "Transaction committed"}
[2026-04-12T14:22:06.891+0000] {connection.py:26} INFO - Transaction committed
[2026-04-12T14:22:06.891+0000] {logging_mixin.py:188} INFO - {"timestamp": "2026-04-12T14:22:06.891344+00:00", "level": "INFO", "module": "db.loaders.worldbank_loader", "message": "Inserted 5 rows into raw.worldbank_inflation from inflation_ke_20260411.json"}
[2026-04-12T14:22:06.891+0000] {worldbank_loader.py:38} INFO - Inserted 5 rows into raw.worldbank_inflation from inflation_ke_20260411.json
[2026-04-12T14:22:06.895+0000] {logging_mixin.py:188} INFO - {"timestamp": "2026-04-12T14:22:06.894974+00:00", "level": "INFO", "module": "db.connection", "message": "Transaction committed"}
[2026-04-12T14:22:06.894+0000] {connection.py:26} INFO - Transaction committed
[2026-04-12T14:22:06.895+0000] {logging_mixin.py:188} INFO - {"timestamp": "2026-04-12T14:22:06.895222+00:00", "level": "INFO", "module": "db.loaders.worldbank_loader", "message": "Inserted 5 rows into raw.worldbank_inflation from inflation_ke_20260412.json"}
[2026-04-12T14:22:06.895+0000] {worldbank_loader.py:38} INFO - Inserted 5 rows into raw.worldbank_inflation from inflation_ke_20260412.json
[2026-04-12T14:22:06.900+0000] {logging_mixin.py:188} INFO - {"timestamp": "2026-04-12T14:22:06.900229+00:00", "level": "INFO", "module": "db.loaders.worldbank_loader", "message": "Staging GDP load complete (SCD2 dedup applied)"}
[2026-04-12T14:22:06.900+0000] {worldbank_loader.py:63} INFO - Staging GDP load complete (SCD2 dedup applied)
[2026-04-12T14:22:06.901+0000] {logging_mixin.py:188} INFO - {"timestamp": "2026-04-12T14:22:06.900988+00:00", "level": "INFO", "module": "db.connection", "message": "Transaction committed"}
[2026-04-12T14:22:06.900+0000] {connection.py:26} INFO - Transaction committed
[2026-04-12T14:22:06.905+0000] {logging_mixin.py:188} INFO - {"timestamp": "2026-04-12T14:22:06.905167+00:00", "level": "INFO", "module": "db.loaders.worldbank_loader", "message": "Staging inflation load complete"}
[2026-04-12T14:22:06.905+0000] {worldbank_loader.py:86} INFO - Staging inflation load complete
[2026-04-12T14:22:06.905+0000] {logging_mixin.py:188} INFO - {"timestamp": "2026-04-12T14:22:06.905665+00:00", "level": "INFO", "module": "db.connection", "message": "Transaction committed"}
[2026-04-12T14:22:06.905+0000] {connection.py:26} INFO - Transaction committed
[2026-04-12T14:22:06.910+0000] {logging_mixin.py:188} INFO - {"timestamp": "2026-04-12T14:22:06.910144+00:00", "level": "INFO", "module": "db.connection", "message": "Transaction committed"}
[2026-04-12T14:22:06.910+0000] {connection.py:26} INFO - Transaction committed
[2026-04-12T14:22:06.910+0000] {logging_mixin.py:188} INFO - {"timestamp": "2026-04-12T14:22:06.910429+00:00", "level": "INFO", "module": "db.loaders.fx_loader", "message": "Loaded 3 FX pairs from fx_ke_20260402_152933.json"}
[2026-04-12T14:22:06.910+0000] {fx_loader.py:28} INFO - Loaded 3 FX pairs from fx_ke_20260402_152933.json
[2026-04-12T14:22:06.913+0000] {logging_mixin.py:188} INFO - {"timestamp": "2026-04-12T14:22:06.913840+00:00", "level": "INFO", "module": "db.connection", "message": "Transaction committed"}
[2026-04-12T14:22:06.913+0000] {connection.py:26} INFO - Transaction committed
[2026-04-12T14:22:06.914+0000] {logging_mixin.py:188} INFO - {"timestamp": "2026-04-12T14:22:06.914149+00:00", "level": "INFO", "module": "db.loaders.fx_loader", "message": "Staged FX: 1 USD = 130.09 KES | 1 KES = 0.00768699 USD | ts=2026-04-02 15:00:00+00:00"}
[2026-04-12T14:22:06.914+0000] {fx_loader.py:55} INFO - Staged FX: 1 USD = 130.09 KES | 1 KES = 0.00768699 USD | ts=2026-04-02 15:00:00+00:00
[2026-04-12T14:22:06.917+0000] {logging_mixin.py:188} INFO - {"timestamp": "2026-04-12T14:22:06.917662+00:00", "level": "INFO", "module": "db.connection", "message": "Transaction committed"}
[2026-04-12T14:22:06.917+0000] {connection.py:26} INFO - Transaction committed
[2026-04-12T14:22:06.917+0000] {logging_mixin.py:188} INFO - {"timestamp": "2026-04-12T14:22:06.917966+00:00", "level": "INFO", "module": "db.loaders.fx_loader", "message": "Loaded 3 FX pairs from fx_ke_20260402_190438.json"}
[2026-04-12T14:22:06.917+0000] {fx_loader.py:28} INFO - Loaded 3 FX pairs from fx_ke_20260402_190438.json
[2026-04-12T14:22:06.921+0000] {logging_mixin.py:188} INFO - {"timestamp": "2026-04-12T14:22:06.921175+00:00", "level": "INFO", "module": "db.connection", "message": "Transaction committed"}
[2026-04-12T14:22:06.921+0000] {connection.py:26} INFO - Transaction committed
[2026-04-12T14:22:06.921+0000] {logging_mixin.py:188} INFO - {"timestamp": "2026-04-12T14:22:06.921425+00:00", "level": "INFO", "module": "db.loaders.fx_loader", "message": "Staged FX: 1 USD = 130.1 KES | 1 KES = 0.0076864 USD | ts=2026-04-02 19:00:00+00:00"}
[2026-04-12T14:22:06.921+0000] {fx_loader.py:55} INFO - Staged FX: 1 USD = 130.1 KES | 1 KES = 0.0076864 USD | ts=2026-04-02 19:00:00+00:00
[2026-04-12T14:22:06.926+0000] {logging_mixin.py:188} INFO - {"timestamp": "2026-04-12T14:22:06.926693+00:00", "level": "INFO", "module": "db.connection", "message": "Transaction committed"}
[2026-04-12T14:22:06.926+0000] {connection.py:26} INFO - Transaction committed
[2026-04-12T14:22:06.926+0000] {logging_mixin.py:188} INFO - {"timestamp": "2026-04-12T14:22:06.926961+00:00", "level": "INFO", "module": "db.loaders.fx_loader", "message": "Loaded 3 FX pairs from fx_ke_20260402_190447.json"}
[2026-04-12T14:22:06.926+0000] {fx_loader.py:28} INFO - Loaded 3 FX pairs from fx_ke_20260402_190447.json
[2026-04-12T14:22:06.930+0000] {logging_mixin.py:188} INFO - {"timestamp": "2026-04-12T14:22:06.930696+00:00", "level": "INFO", "module": "db.connection", "message": "Transaction committed"}
[2026-04-12T14:22:06.930+0000] {connection.py:26} INFO - Transaction committed
[2026-04-12T14:22:06.931+0000] {logging_mixin.py:188} INFO - {"timestamp": "2026-04-12T14:22:06.931044+00:00", "level": "INFO", "module": "db.loaders.fx_loader", "message": "Staged FX: 1 USD = 130.1 KES | 1 KES = 0.0076864 USD | ts=2026-04-02 19:00:00+00:00"}
[2026-04-12T14:22:06.931+0000] {fx_loader.py:55} INFO - Staged FX: 1 USD = 130.1 KES | 1 KES = 0.0076864 USD | ts=2026-04-02 19:00:00+00:00
[2026-04-12T14:22:06.935+0000] {logging_mixin.py:188} INFO - {"timestamp": "2026-04-12T14:22:06.935856+00:00", "level": "INFO", "module": "db.connection", "message": "Transaction committed"}
[2026-04-12T14:22:06.935+0000] {connection.py:26} INFO - Transaction committed
[2026-04-12T14:22:06.936+0000] {logging_mixin.py:188} INFO - {"timestamp": "2026-04-12T14:22:06.936278+00:00", "level": "INFO", "module": "db.loaders.fx_loader", "message": "Loaded 3 FX pairs from fx_ke_20260402_195641.json"}
[2026-04-12T14:22:06.936+0000] {fx_loader.py:28} INFO - Loaded 3 FX pairs from fx_ke_20260402_195641.json
[2026-04-12T14:22:06.940+0000] {logging_mixin.py:188} INFO - {"timestamp": "2026-04-12T14:22:06.939984+00:00", "level": "INFO", "module": "db.connection", "message": "Transaction committed"}
[2026-04-12T14:22:06.939+0000] {connection.py:26} INFO - Transaction committed
[2026-04-12T14:22:06.940+0000] {logging_mixin.py:188} INFO - {"timestamp": "2026-04-12T14:22:06.940274+00:00", "level": "INFO", "module": "db.loaders.fx_loader", "message": "Staged FX: 1 USD = 130.1 KES | 1 KES = 0.0076864 USD | ts=2026-04-02 19:00:00+00:00"}
[2026-04-12T14:22:06.940+0000] {fx_loader.py:55} INFO - Staged FX: 1 USD = 130.1 KES | 1 KES = 0.0076864 USD | ts=2026-04-02 19:00:00+00:00
[2026-04-12T14:22:06.943+0000] {logging_mixin.py:188} INFO - {"timestamp": "2026-04-12T14:22:06.943923+00:00", "level": "INFO", "module": "db.connection", "message": "Transaction committed"}
[2026-04-12T14:22:06.943+0000] {connection.py:26} INFO - Transaction committed
[2026-04-12T14:22:06.944+0000] {logging_mixin.py:188} INFO - {"timestamp": "2026-04-12T14:22:06.944188+00:00", "level": "INFO", "module": "db.loaders.fx_loader", "message": "Loaded 3 FX pairs from fx_ke_20260408_115811.json"}
[2026-04-12T14:22:06.944+0000] {fx_loader.py:28} INFO - Loaded 3 FX pairs from fx_ke_20260408_115811.json
[2026-04-12T14:22:06.948+0000] {logging_mixin.py:188} INFO - {"timestamp": "2026-04-12T14:22:06.948737+00:00", "level": "INFO", "module": "db.connection", "message": "Transaction committed"}
[2026-04-12T14:22:06.948+0000] {connection.py:26} INFO - Transaction committed
[2026-04-12T14:22:06.949+0000] {logging_mixin.py:188} INFO - {"timestamp": "2026-04-12T14:22:06.949034+00:00", "level": "INFO", "module": "db.loaders.fx_loader", "message": "Staged FX: 1 USD = 129.35 KES | 1 KES = 0.00773096 USD | ts=2026-04-08 11:00:00+00:00"}
[2026-04-12T14:22:06.949+0000] {fx_loader.py:55} INFO - Staged FX: 1 USD = 129.35 KES | 1 KES = 0.00773096 USD | ts=2026-04-08 11:00:00+00:00
[2026-04-12T14:22:06.952+0000] {logging_mixin.py:188} INFO - {"timestamp": "2026-04-12T14:22:06.952751+00:00", "level": "INFO", "module": "db.connection", "message": "Transaction committed"}
[2026-04-12T14:22:06.952+0000] {connection.py:26} INFO - Transaction committed
[2026-04-12T14:22:06.953+0000] {logging_mixin.py:188} INFO - {"timestamp": "2026-04-12T14:22:06.953049+00:00", "level": "INFO", "module": "db.loaders.fx_loader", "message": "Loaded 3 FX pairs from fx_ke_20260409_035300.json"}
[2026-04-12T14:22:06.953+0000] {fx_loader.py:28} INFO - Loaded 3 FX pairs from fx_ke_20260409_035300.json
[2026-04-12T14:22:06.963+0000] {logging_mixin.py:188} INFO - {"timestamp": "2026-04-12T14:22:06.963186+00:00", "level": "INFO", "module": "db.connection", "message": "Transaction committed"}
[2026-04-12T14:22:06.963+0000] {connection.py:26} INFO - Transaction committed
[2026-04-12T14:22:06.963+0000] {logging_mixin.py:188} INFO - {"timestamp": "2026-04-12T14:22:06.963683+00:00", "level": "INFO", "module": "db.loaders.fx_loader", "message": "Staged FX: 1 USD = 129.4 KES | 1 KES = 0.00772798 USD | ts=2026-04-09 03:00:00+00:00"}
[2026-04-12T14:22:06.963+0000] {fx_loader.py:55} INFO - Staged FX: 1 USD = 129.4 KES | 1 KES = 0.00772798 USD | ts=2026-04-09 03:00:00+00:00
[2026-04-12T14:22:06.968+0000] {logging_mixin.py:188} INFO - {"timestamp": "2026-04-12T14:22:06.968528+00:00", "level": "INFO", "module": "db.connection", "message": "Transaction committed"}
[2026-04-12T14:22:06.968+0000] {connection.py:26} INFO - Transaction committed
[2026-04-12T14:22:06.968+0000] {logging_mixin.py:188} INFO - {"timestamp": "2026-04-12T14:22:06.968828+00:00", "level": "INFO", "module": "db.loaders.fx_loader", "message": "Loaded 3 FX pairs from fx_ke_20260410_030519.json"}
[2026-04-12T14:22:06.968+0000] {fx_loader.py:28} INFO - Loaded 3 FX pairs from fx_ke_20260410_030519.json
[2026-04-12T14:22:06.973+0000] {logging_mixin.py:188} INFO - {"timestamp": "2026-04-12T14:22:06.973029+00:00", "level": "INFO", "module": "db.connection", "message": "Transaction committed"}
[2026-04-12T14:22:06.973+0000] {connection.py:26} INFO - Transaction committed
[2026-04-12T14:22:06.973+0000] {logging_mixin.py:188} INFO - {"timestamp": "2026-04-12T14:22:06.973301+00:00", "level": "INFO", "module": "db.loaders.fx_loader", "message": "Staged FX: 1 USD = 129.25 KES | 1 KES = 0.00773694 USD | ts=2026-04-10 03:00:00+00:00"}
[2026-04-12T14:22:06.973+0000] {fx_loader.py:55} INFO - Staged FX: 1 USD = 129.25 KES | 1 KES = 0.00773694 USD | ts=2026-04-10 03:00:00+00:00
[2026-04-12T14:22:06.977+0000] {logging_mixin.py:188} INFO - {"timestamp": "2026-04-12T14:22:06.977899+00:00", "level": "INFO", "module": "db.connection", "message": "Transaction committed"}
[2026-04-12T14:22:06.977+0000] {connection.py:26} INFO - Transaction committed
[2026-04-12T14:22:06.978+0000] {logging_mixin.py:188} INFO - {"timestamp": "2026-04-12T14:22:06.978175+00:00", "level": "INFO", "module": "db.loaders.fx_loader", "message": "Loaded 3 FX pairs from fx_ke_20260411_030917.json"}
[2026-04-12T14:22:06.978+0000] {fx_loader.py:28} INFO - Loaded 3 FX pairs from fx_ke_20260411_030917.json
[2026-04-12T14:22:06.983+0000] {logging_mixin.py:188} INFO - {"timestamp": "2026-04-12T14:22:06.983266+00:00", "level": "INFO", "module": "db.connection", "message": "Transaction committed"}
[2026-04-12T14:22:06.983+0000] {connection.py:26} INFO - Transaction committed
[2026-04-12T14:22:06.983+0000] {logging_mixin.py:188} INFO - {"timestamp": "2026-04-12T14:22:06.983742+00:00", "level": "INFO", "module": "db.loaders.fx_loader", "message": "Staged FX: 1 USD = 129.210149 KES | 1 KES = 0.00773933 USD | ts=2026-04-11 03:00:04+00:00"}
[2026-04-12T14:22:06.983+0000] {fx_loader.py:55} INFO - Staged FX: 1 USD = 129.210149 KES | 1 KES = 0.00773933 USD | ts=2026-04-11 03:00:04+00:00
[2026-04-12T14:22:06.988+0000] {logging_mixin.py:188} INFO - {"timestamp": "2026-04-12T14:22:06.988491+00:00", "level": "INFO", "module": "db.connection", "message": "Transaction committed"}
[2026-04-12T14:22:06.988+0000] {connection.py:26} INFO - Transaction committed
[2026-04-12T14:22:06.988+0000] {logging_mixin.py:188} INFO - {"timestamp": "2026-04-12T14:22:06.988767+00:00", "level": "INFO", "module": "db.loaders.fx_loader", "message": "Loaded 3 FX pairs from fx_ke_20260412_030003.json"}
[2026-04-12T14:22:06.988+0000] {fx_loader.py:28} INFO - Loaded 3 FX pairs from fx_ke_20260412_030003.json
[2026-04-12T14:22:06.992+0000] {logging_mixin.py:188} INFO - {"timestamp": "2026-04-12T14:22:06.992791+00:00", "level": "INFO", "module": "db.connection", "message": "Transaction committed"}
[2026-04-12T14:22:06.992+0000] {connection.py:26} INFO - Transaction committed
[2026-04-12T14:22:06.993+0000] {logging_mixin.py:188} INFO - {"timestamp": "2026-04-12T14:22:06.993103+00:00", "level": "INFO", "module": "db.loaders.fx_loader", "message": "Staged FX: 1 USD = 129.210149 KES | 1 KES = 0.00773933 USD | ts=2026-04-12 02:00:19+00:00"}
[2026-04-12T14:22:06.993+0000] {fx_loader.py:55} INFO - Staged FX: 1 USD = 129.210149 KES | 1 KES = 0.00773933 USD | ts=2026-04-12 02:00:19+00:00
[2026-04-12T14:22:06.997+0000] {logging_mixin.py:188} INFO - {"timestamp": "2026-04-12T14:22:06.997044+00:00", "level": "INFO", "module": "db.connection", "message": "Transaction committed"}
[2026-04-12T14:22:06.997+0000] {connection.py:26} INFO - Transaction committed
[2026-04-12T14:22:06.997+0000] {logging_mixin.py:188} INFO - {"timestamp": "2026-04-12T14:22:06.997310+00:00", "level": "INFO", "module": "db.loaders.fx_loader", "message": "Loaded 3 FX pairs from fx_ke_20260412_135055.json"}
[2026-04-12T14:22:06.997+0000] {fx_loader.py:28} INFO - Loaded 3 FX pairs from fx_ke_20260412_135055.json
[2026-04-12T14:22:07.001+0000] {logging_mixin.py:188} INFO - {"timestamp": "2026-04-12T14:22:07.001290+00:00", "level": "INFO", "module": "db.connection", "message": "Transaction committed"}
[2026-04-12T14:22:07.001+0000] {connection.py:26} INFO - Transaction committed
[2026-04-12T14:22:07.001+0000] {logging_mixin.py:188} INFO - {"timestamp": "2026-04-12T14:22:07.001556+00:00", "level": "INFO", "module": "db.loaders.fx_loader", "message": "Staged FX: 1 USD = 129.210149 KES | 1 KES = 0.00773933 USD | ts=2026-04-12 13:00:20+00:00"}
[2026-04-12T14:22:07.001+0000] {fx_loader.py:55} INFO - Staged FX: 1 USD = 129.210149 KES | 1 KES = 0.00773933 USD | ts=2026-04-12 13:00:20+00:00
[2026-04-12T14:22:07.006+0000] {logging_mixin.py:188} INFO - {"timestamp": "2026-04-12T14:22:07.005989+00:00", "level": "INFO", "module": "db.connection", "message": "Transaction committed"}
[2026-04-12T14:22:07.005+0000] {connection.py:26} INFO - Transaction committed
[2026-04-12T14:22:07.006+0000] {logging_mixin.py:188} INFO - {"timestamp": "2026-04-12T14:22:07.006309+00:00", "level": "INFO", "module": "db.loaders.fx_loader", "message": "Loaded 3 FX pairs from fx_ke_20260412_135112.json"}
[2026-04-12T14:22:07.006+0000] {fx_loader.py:28} INFO - Loaded 3 FX pairs from fx_ke_20260412_135112.json
[2026-04-12T14:22:07.009+0000] {logging_mixin.py:188} INFO - {"timestamp": "2026-04-12T14:22:07.009857+00:00", "level": "INFO", "module": "db.connection", "message": "Transaction committed"}
[2026-04-12T14:22:07.009+0000] {connection.py:26} INFO - Transaction committed
[2026-04-12T14:22:07.010+0000] {logging_mixin.py:188} INFO - {"timestamp": "2026-04-12T14:22:07.010122+00:00", "level": "INFO", "module": "db.loaders.fx_loader", "message": "Staged FX: 1 USD = 129.210149 KES | 1 KES = 0.00773933 USD | ts=2026-04-12 13:00:20+00:00"}
[2026-04-12T14:22:07.010+0000] {fx_loader.py:55} INFO - Staged FX: 1 USD = 129.210149 KES | 1 KES = 0.00773933 USD | ts=2026-04-12 13:00:20+00:00
[2026-04-12T14:22:07.014+0000] {logging_mixin.py:188} INFO - {"timestamp": "2026-04-12T14:22:07.013972+00:00", "level": "INFO", "module": "db.connection", "message": "Transaction committed"}
[2026-04-12T14:22:07.013+0000] {connection.py:26} INFO - Transaction committed
[2026-04-12T14:22:07.014+0000] {logging_mixin.py:188} INFO - {"timestamp": "2026-04-12T14:22:07.014274+00:00", "level": "INFO", "module": "db.loaders.fx_loader", "message": "Loaded 3 FX pairs from fx_ke_20260412_135321.json"}
[2026-04-12T14:22:07.014+0000] {fx_loader.py:28} INFO - Loaded 3 FX pairs from fx_ke_20260412_135321.json
[2026-04-12T14:22:07.017+0000] {logging_mixin.py:188} INFO - {"timestamp": "2026-04-12T14:22:07.017861+00:00", "level": "INFO", "module": "db.connection", "message": "Transaction committed"}
[2026-04-12T14:22:07.017+0000] {connection.py:26} INFO - Transaction committed
[2026-04-12T14:22:07.018+0000] {logging_mixin.py:188} INFO - {"timestamp": "2026-04-12T14:22:07.018121+00:00", "level": "INFO", "module": "db.loaders.fx_loader", "message": "Staged FX: 1 USD = 129.210149 KES | 1 KES = 0.00773933 USD | ts=2026-04-12 13:00:20+00:00"}
[2026-04-12T14:22:07.018+0000] {fx_loader.py:55} INFO - Staged FX: 1 USD = 129.210149 KES | 1 KES = 0.00773933 USD | ts=2026-04-12 13:00:20+00:00
[2026-04-12T14:22:07.022+0000] {logging_mixin.py:188} INFO - {"timestamp": "2026-04-12T14:22:07.021993+00:00", "level": "INFO", "module": "db.connection", "message": "Transaction committed"}
[2026-04-12T14:22:07.021+0000] {connection.py:26} INFO - Transaction committed
[2026-04-12T14:22:07.022+0000] {logging_mixin.py:188} INFO - {"timestamp": "2026-04-12T14:22:07.022356+00:00", "level": "INFO", "module": "db.loaders.fx_loader", "message": "Loaded 3 FX pairs from fx_ke_20260412_142141.json"}
[2026-04-12T14:22:07.022+0000] {fx_loader.py:28} INFO - Loaded 3 FX pairs from fx_ke_20260412_142141.json
[2026-04-12T14:22:07.027+0000] {logging_mixin.py:188} INFO - {"timestamp": "2026-04-12T14:22:07.027054+00:00", "level": "INFO", "module": "db.connection", "message": "Transaction committed"}
[2026-04-12T14:22:07.027+0000] {connection.py:26} INFO - Transaction committed
[2026-04-12T14:22:07.027+0000] {logging_mixin.py:188} INFO - {"timestamp": "2026-04-12T14:22:07.027419+00:00", "level": "INFO", "module": "db.loaders.fx_loader", "message": "Staged FX: 1 USD = 129.210149 KES | 1 KES = 0.00773933 USD | ts=2026-04-12 14:00:15+00:00"}
[2026-04-12T14:22:07.027+0000] {fx_loader.py:55} INFO - Staged FX: 1 USD = 129.210149 KES | 1 KES = 0.00773933 USD | ts=2026-04-12 14:00:15+00:00
[2026-04-12T14:22:07.031+0000] {logging_mixin.py:188} INFO - {"timestamp": "2026-04-12T14:22:07.031222+00:00", "level": "INFO", "module": "db.connection", "message": "Transaction committed"}
[2026-04-12T14:22:07.031+0000] {connection.py:26} INFO - Transaction committed
[2026-04-12T14:22:07.031+0000] {logging_mixin.py:188} INFO - {"timestamp": "2026-04-12T14:22:07.031515+00:00", "level": "INFO", "module": "db.loaders.fx_loader", "message": "Loaded 3 FX pairs from fx_ke_20260412_142205.json"}
[2026-04-12T14:22:07.031+0000] {fx_loader.py:28} INFO - Loaded 3 FX pairs from fx_ke_20260412_142205.json
[2026-04-12T14:22:07.034+0000] {logging_mixin.py:188} INFO - {"timestamp": "2026-04-12T14:22:07.034786+00:00", "level": "INFO", "module": "db.connection", "message": "Transaction committed"}
[2026-04-12T14:22:07.034+0000] {connection.py:26} INFO - Transaction committed
[2026-04-12T14:22:07.035+0000] {logging_mixin.py:188} INFO - {"timestamp": "2026-04-12T14:22:07.035152+00:00", "level": "INFO", "module": "db.loaders.fx_loader", "message": "Staged FX: 1 USD = 129.210149 KES | 1 KES = 0.00773933 USD | ts=2026-04-12 14:00:15+00:00"}
[2026-04-12T14:22:07.035+0000] {fx_loader.py:55} INFO - Staged FX: 1 USD = 129.210149 KES | 1 KES = 0.00773933 USD | ts=2026-04-12 14:00:15+00:00
[2026-04-12T14:22:07.035+0000] {python.py:201} INFO - Done. Returned value was: None
[2026-04-12T14:22:07.041+0000] {taskinstance.py:1138} INFO - Marking task as SUCCESS. dag_id=kenya_econ_pipeline, task_id=load_to_postgres, execution_date=20260412T142200, start_date=20260412T142206, end_date=20260412T142207
[2026-04-12T14:22:07.069+0000] {local_task_job_runner.py:234} INFO - Task exited with return code 0
[2026-04-12T14:22:07.086+0000] {taskinstance.py:3280} INFO - 1 downstream tasks scheduled from follow-on schedule check
