[2026-04-12T14:21:38.329+0000] {taskinstance.py:1956} INFO - Dependencies all met for dep_context=non-requeueable deps ti=<TaskInstance: kenya_econ_pipeline.fx_ingest manual__2026-04-12T13:51:07+00:00 [queued]>
[2026-04-12T14:21:38.365+0000] {taskinstance.py:1956} INFO - Dependencies all met for dep_context=requeueable deps ti=<TaskInstance: kenya_econ_pipeline.fx_ingest manual__2026-04-12T13:51:07+00:00 [queued]>
[2026-04-12T14:21:38.366+0000] {taskinstance.py:2170} INFO - Starting attempt 2 of 5
[2026-04-12T14:21:38.384+0000] {taskinstance.py:2191} INFO - Executing <Task(PythonOperator): fx_ingest> on 2026-04-12 13:51:07+00:00
[2026-04-12T14:21:38.391+0000] {standard_task_runner.py:60} INFO - Started process 18266 to run task
[2026-04-12T14:21:38.396+0000] {standard_task_runner.py:87} INFO - Running: ['airflow', 'tasks', 'run', 'kenya_econ_pipeline', 'fx_ingest', 'manual__2026-04-12T13:51:07+00:00', '--job-id', '54', '--raw', '--subdir', 'DAGS_FOLDER/kenya_econ_dag.py', '--cfg-path', '/tmp/tmp_6_g7o8r']
[2026-04-12T14:21:38.400+0000] {standard_task_runner.py:88} INFO - Job 54: Subtask fx_ingest
[2026-04-12T14:21:38.520+0000] {task_command.py:423} INFO - Running <TaskInstance: kenya_econ_pipeline.fx_ingest manual__2026-04-12T13:51:07+00:00 [running]> on host 2f11af39ed07
[2026-04-12T14:21:39.033+0000] {taskinstance.py:2480} INFO - Exporting env vars: AIRFLOW_CTX_DAG_OWNER='samwel' AIRFLOW_CTX_DAG_ID='kenya_econ_pipeline' AIRFLOW_CTX_TASK_ID='fx_ingest' AIRFLOW_CTX_EXECUTION_DATE='2026-04-12T13:51:07+00:00' AIRFLOW_CTX_TRY_NUMBER='2' AIRFLOW_CTX_DAG_RUN_ID='manual__2026-04-12T13:51:07+00:00'
[2026-04-12T14:21:39.236+0000] {logging_mixin.py:188} INFO - {"timestamp": "2026-04-12T14:21:39.236222+00:00", "level": "INFO", "module": "ingestion.fx_rates", "message": "Fetching FX rates"}
[2026-04-12T14:21:39.235+0000] {fx_rates.py:44} INFO - Fetching FX rates
[2026-04-12T14:21:39.237+0000] {logging_mixin.py:188} INFO - {"timestamp": "2026-04-12T14:21:39.237840+00:00", "level": "INFO", "module": "ingestion.base_client", "message": "GET https://openexchangerates.org/api/latest.json | params={'app_id': '0a6516f647794bb4a39543681fdb6aa0', 'base': 'USD', 'symbols': 'KES,EUR,GBP'}"}
[2026-04-12T14:21:39.237+0000] {base_client.py:17} INFO - GET https://openexchangerates.org/api/latest.json | params={'app_id': '0a6516f647794bb4a39543681fdb6aa0', 'base': 'USD', 'symbols': 'KES,EUR,GBP'}
[2026-04-12T14:21:41.037+0000] {logging_mixin.py:188} INFO - {"timestamp": "2026-04-12T14:21:41.037405+00:00", "level": "INFO", "module": "ingestion.base_client", "message": "Response 200 from https://openexchangerates.org/api/latest.json"}
[2026-04-12T14:21:41.036+0000] {base_client.py:20} INFO - Response 200 from https://openexchangerates.org/api/latest.json
[2026-04-12T14:21:41.045+0000] {logging_mixin.py:188} INFO - {"timestamp": "2026-04-12T14:21:41.045040+00:00", "level": "INFO", "module": "utils.validators", "message": "[fx_rates] Validation passed for fields: ['rates', 'timestamp', 'base']"}
[2026-04-12T14:21:41.044+0000] {validators.py:21} INFO - [fx_rates] Validation passed for fields: ['rates', 'timestamp', 'base']
[2026-04-12T14:21:41.047+0000] {logging_mixin.py:188} INFO - {"timestamp": "2026-04-12T14:21:41.047645+00:00", "level": "INFO", "module": "ingestion.fx_rates", "message": "Saved FX rates to data/raw/fx_rates/fx_ke_20260412_142141.json"}
[2026-04-12T14:21:41.047+0000] {fx_rates.py:40} INFO - Saved FX rates to data/raw/fx_rates/fx_ke_20260412_142141.json
[2026-04-12T14:21:41.048+0000] {python.py:201} INFO - Done. Returned value was: None
[2026-04-12T14:21:41.085+0000] {taskinstance.py:1138} INFO - Marking task as SUCCESS. dag_id=kenya_econ_pipeline, task_id=fx_ingest, execution_date=20260412T135107, start_date=20260412T142138, end_date=20260412T142141
[2026-04-12T14:21:41.127+0000] {local_task_job_runner.py:234} INFO - Task exited with return code 0
[2026-04-12T14:21:41.189+0000] {taskinstance.py:3280} INFO - 0 downstream tasks scheduled from follow-on schedule check
