[2026-04-12T13:50:49.844+0000] {taskinstance.py:1956} INFO - Dependencies all met for dep_context=non-requeueable deps ti=<TaskInstance: kenya_econ_pipeline.migrate_db scheduled__2026-04-08T03:00:00+00:00 [queued]>
[2026-04-12T13:50:49.889+0000] {taskinstance.py:1956} INFO - Dependencies all met for dep_context=requeueable deps ti=<TaskInstance: kenya_econ_pipeline.migrate_db scheduled__2026-04-08T03:00:00+00:00 [queued]>
[2026-04-12T13:50:49.890+0000] {taskinstance.py:2170} INFO - Starting attempt 1 of 4
[2026-04-12T13:50:49.928+0000] {taskinstance.py:2191} INFO - Executing <Task(PythonOperator): migrate_db> on 2026-04-08 03:00:00+00:00
[2026-04-12T13:50:49.970+0000] {standard_task_runner.py:60} INFO - Started process 17896 to run task
[2026-04-12T13:50:49.987+0000] {standard_task_runner.py:87} INFO - Running: ['airflow', 'tasks', 'run', 'kenya_econ_pipeline', 'migrate_db', 'scheduled__2026-04-08T03:00:00+00:00', '--job-id', '32', '--raw', '--subdir', 'DAGS_FOLDER/kenya_econ_dag.py', '--cfg-path', '/tmp/tmp3vv8wgob']
[2026-04-12T13:50:50.005+0000] {standard_task_runner.py:88} INFO - Job 32: Subtask migrate_db
[2026-04-12T13:50:50.230+0000] {task_command.py:423} INFO - Running <TaskInstance: kenya_econ_pipeline.migrate_db scheduled__2026-04-08T03:00:00+00:00 [running]> on host 2f11af39ed07
[2026-04-12T13:50:50.525+0000] {taskinstance.py:2480} INFO - Exporting env vars: AIRFLOW_CTX_DAG_OWNER='samwel' AIRFLOW_CTX_DAG_ID='kenya_econ_pipeline' AIRFLOW_CTX_TASK_ID='migrate_db' AIRFLOW_CTX_EXECUTION_DATE='2026-04-08T03:00:00+00:00' AIRFLOW_CTX_TRY_NUMBER='1' AIRFLOW_CTX_DAG_RUN_ID='scheduled__2026-04-08T03:00:00+00:00'
[2026-04-12T13:50:50.601+0000] {logging_mixin.py:188} INFO - {"timestamp": "2026-04-12T13:50:50.601720+00:00", "level": "INFO", "module": "db.migrate", "message": "Running migration: 001_create_schemas.sql"}
[2026-04-12T13:50:50.601+0000] {migrate.py:15} INFO - Running migration: 001_create_schemas.sql
[2026-04-12T13:50:50.702+0000] {logging_mixin.py:188} INFO - {"timestamp": "2026-04-12T13:50:50.701943+00:00", "level": "ERROR", "module": "db.connection", "message": "Transaction rolled back: duplicate key value violates unique constraint \"pg_namespace_nspname_index\"\nDETAIL:  Key (nspname)=(raw) already exists.\n"}
[2026-04-12T13:50:50.701+0000] {connection.py:29} ERROR - Transaction rolled back: duplicate key value violates unique constraint "pg_namespace_nspname_index"
DETAIL:  Key (nspname)=(raw) already exists.

[2026-04-12T13:50:50.715+0000] {taskinstance.py:2698} ERROR - Task failed with exception
Traceback (most recent call last):
  File "/home/airflow/.local/lib/python3.8/site-packages/airflow/models/taskinstance.py", line 433, in _execute_task
    result = execute_callable(context=context, **execute_callable_kwargs)
  File "/home/airflow/.local/lib/python3.8/site-packages/airflow/operators/python.py", line 199, in execute
    return_value = self.execute_callable()
  File "/home/airflow/.local/lib/python3.8/site-packages/airflow/operators/python.py", line 216, in execute_callable
    return self.python_callable(*self.op_args, **self.op_kwargs)
  File "/opt/airflow/dags/kenya_econ_dag.py", line 18, in run_migrations
    migrate()
  File "/opt/airflow/db/migrate.py", line 17, in run_migrations
    cur.execute(f.read())
psycopg2.errors.UniqueViolation: duplicate key value violates unique constraint "pg_namespace_nspname_index"
DETAIL:  Key (nspname)=(raw) already exists.

[2026-04-12T13:50:50.797+0000] {taskinstance.py:1138} INFO - Marking task as UP_FOR_RETRY. dag_id=kenya_econ_pipeline, task_id=migrate_db, execution_date=20260408T030000, start_date=20260412T135049, end_date=20260412T135050
[2026-04-12T13:50:50.866+0000] {standard_task_runner.py:107} ERROR - Failed to execute job 32 for task migrate_db (duplicate key value violates unique constraint "pg_namespace_nspname_index"
DETAIL:  Key (nspname)=(raw) already exists.
; 17896)
[2026-04-12T13:50:50.954+0000] {local_task_job_runner.py:234} INFO - Task exited with return code 1
[2026-04-12T13:50:51.118+0000] {taskinstance.py:3280} INFO - 0 downstream tasks scheduled from follow-on schedule check
