[2026-04-12T14:37:37.445+0000] {taskinstance.py:1956} INFO - Dependencies all met for dep_context=non-requeueable deps ti=<TaskInstance: kenya_econ_pipeline.fx_ingest manual__2026-04-12T14:37:35+00:00 [queued]>
[2026-04-12T14:37:37.455+0000] {taskinstance.py:1956} INFO - Dependencies all met for dep_context=requeueable deps ti=<TaskInstance: kenya_econ_pipeline.fx_ingest manual__2026-04-12T14:37:35+00:00 [queued]>
[2026-04-12T14:37:37.455+0000] {taskinstance.py:2170} INFO - Starting attempt 1 of 4
[2026-04-12T14:37:37.468+0000] {taskinstance.py:2191} INFO - Executing <Task(PythonOperator): fx_ingest> on 2026-04-12 14:37:35+00:00
[2026-04-12T14:37:37.476+0000] {standard_task_runner.py:60} INFO - Started process 18646 to run task
[2026-04-12T14:37:37.481+0000] {standard_task_runner.py:87} INFO - Running: ['airflow', 'tasks', 'run', 'kenya_econ_pipeline', 'fx_ingest', 'manual__2026-04-12T14:37:35+00:00', '--job-id', '89', '--raw', '--subdir', 'DAGS_FOLDER/kenya_econ_dag.py', '--cfg-path', '/tmp/tmp2wm4x4bk']
[2026-04-12T14:37:37.485+0000] {standard_task_runner.py:88} INFO - Job 89: Subtask fx_ingest
[2026-04-12T14:37:37.581+0000] {task_command.py:423} INFO - Running <TaskInstance: kenya_econ_pipeline.fx_ingest manual__2026-04-12T14:37:35+00:00 [running]> on host 2f11af39ed07
[2026-04-12T14:37:37.661+0000] {taskinstance.py:2480} INFO - Exporting env vars: AIRFLOW_CTX_DAG_OWNER='samwel' AIRFLOW_CTX_DAG_ID='kenya_econ_pipeline' AIRFLOW_CTX_TASK_ID='fx_ingest' AIRFLOW_CTX_EXECUTION_DATE='2026-04-12T14:37:35+00:00' AIRFLOW_CTX_TRY_NUMBER='1' AIRFLOW_CTX_DAG_RUN_ID='manual__2026-04-12T14:37:35+00:00'
[2026-04-12T14:37:37.682+0000] {logging_mixin.py:188} INFO - {"timestamp": "2026-04-12T14:37:37.682857+00:00", "level": "INFO", "module": "ingestion.fx_rates", "message": "Fetching FX rates"}
[2026-04-12T14:37:37.682+0000] {fx_rates.py:44} INFO - Fetching FX rates
[2026-04-12T14:37:37.683+0000] {logging_mixin.py:188} INFO - {"timestamp": "2026-04-12T14:37:37.683580+00:00", "level": "INFO", "module": "ingestion.base_client", "message": "GET https://openexchangerates.org/api/latest.json | params={'app_id': '0a6516f647794bb4a39543681fdb6aa0', 'base': 'USD', 'symbols': 'KES,EUR,GBP'}"}
[2026-04-12T14:37:37.683+0000] {base_client.py:17} INFO - GET https://openexchangerates.org/api/latest.json | params={'app_id': '0a6516f647794bb4a39543681fdb6aa0', 'base': 'USD', 'symbols': 'KES,EUR,GBP'}
[2026-04-12T14:37:39.290+0000] {logging_mixin.py:188} INFO - {"timestamp": "2026-04-12T14:37:39.288376+00:00", "level": "INFO", "module": "ingestion.base_client", "message": "Response 200 from https://openexchangerates.org/api/latest.json"}
[2026-04-12T14:37:39.287+0000] {base_client.py:20} INFO - Response 200 from https://openexchangerates.org/api/latest.json
[2026-04-12T14:37:39.302+0000] {logging_mixin.py:188} INFO - {"timestamp": "2026-04-12T14:37:39.302414+00:00", "level": "INFO", "module": "utils.validators", "message": "[fx_rates] Validation passed for fields: ['rates', 'timestamp', 'base']"}
[2026-04-12T14:37:39.302+0000] {validators.py:21} INFO - [fx_rates] Validation passed for fields: ['rates', 'timestamp', 'base']
[2026-04-12T14:37:39.304+0000] {logging_mixin.py:188} INFO - {"timestamp": "2026-04-12T14:37:39.304678+00:00", "level": "INFO", "module": "ingestion.fx_rates", "message": "Saved FX rates to data/raw/fx_rates/fx_ke_20260412_143739.json"}
[2026-04-12T14:37:39.304+0000] {fx_rates.py:40} INFO - Saved FX rates to data/raw/fx_rates/fx_ke_20260412_143739.json
[2026-04-12T14:37:39.305+0000] {python.py:201} INFO - Done. Returned value was: None
[2026-04-12T14:37:39.326+0000] {taskinstance.py:1138} INFO - Marking task as SUCCESS. dag_id=kenya_econ_pipeline, task_id=fx_ingest, execution_date=20260412T143735, start_date=20260412T143737, end_date=20260412T143739
[2026-04-12T14:37:39.460+0000] {local_task_job_runner.py:234} INFO - Task exited with return code 0
[2026-04-12T14:37:39.532+0000] {taskinstance.py:3280} INFO - 1 downstream tasks scheduled from follow-on schedule check
