[2026-04-12T14:30:44.874+0000] {taskinstance.py:1956} INFO - Dependencies all met for dep_context=non-requeueable deps ti=<TaskInstance: kenya_econ_pipeline.worldbank_ingest manual__2026-04-12T14:22:00+00:00 [queued]>
[2026-04-12T14:30:44.915+0000] {taskinstance.py:1956} INFO - Dependencies all met for dep_context=requeueable deps ti=<TaskInstance: kenya_econ_pipeline.worldbank_ingest manual__2026-04-12T14:22:00+00:00 [queued]>
[2026-04-12T14:30:44.916+0000] {taskinstance.py:2170} INFO - Starting attempt 2 of 5
[2026-04-12T14:30:44.961+0000] {taskinstance.py:2191} INFO - Executing <Task(PythonOperator): worldbank_ingest> on 2026-04-12 14:22:00+00:00
[2026-04-12T14:30:44.977+0000] {standard_task_runner.py:60} INFO - Started process 18451 to run task
[2026-04-12T14:30:45.056+0000] {standard_task_runner.py:87} INFO - Running: ['airflow', 'tasks', 'run', 'kenya_econ_pipeline', 'worldbank_ingest', 'manual__2026-04-12T14:22:00+00:00', '--job-id', '69', '--raw', '--subdir', 'DAGS_FOLDER/kenya_econ_dag.py', '--cfg-path', '/tmp/tmpewo0l64j']
[2026-04-12T14:30:45.107+0000] {standard_task_runner.py:88} INFO - Job 69: Subtask worldbank_ingest
[2026-04-12T14:30:45.953+0000] {task_command.py:423} INFO - Running <TaskInstance: kenya_econ_pipeline.worldbank_ingest manual__2026-04-12T14:22:00+00:00 [running]> on host 2f11af39ed07
[2026-04-12T14:30:46.333+0000] {taskinstance.py:2480} INFO - Exporting env vars: AIRFLOW_CTX_DAG_OWNER='samwel' AIRFLOW_CTX_DAG_ID='kenya_econ_pipeline' AIRFLOW_CTX_TASK_ID='worldbank_ingest' AIRFLOW_CTX_EXECUTION_DATE='2026-04-12T14:22:00+00:00' AIRFLOW_CTX_TRY_NUMBER='2' AIRFLOW_CTX_DAG_RUN_ID='manual__2026-04-12T14:22:00+00:00'
[2026-04-12T14:30:46.420+0000] {logging_mixin.py:188} INFO - {"timestamp": "2026-04-12T14:30:46.419281+00:00", "level": "INFO", "module": "ingestion.worldbank", "message": "Fetching World Bank indicator: gdp"}
[2026-04-12T14:30:46.418+0000] {worldbank.py:47} INFO - Fetching World Bank indicator: gdp
[2026-04-12T14:30:46.426+0000] {logging_mixin.py:188} INFO - {"timestamp": "2026-04-12T14:30:46.426279+00:00", "level": "INFO", "module": "ingestion.base_client", "message": "GET https://api.worldbank.org/v2/country/KE/indicator/NY.GDP.MKTP.CD | params={'format': 'json', 'per_page': 10, 'mrv': 5}"}
[2026-04-12T14:30:46.425+0000] {base_client.py:17} INFO - GET https://api.worldbank.org/v2/country/KE/indicator/NY.GDP.MKTP.CD | params={'format': 'json', 'per_page': 10, 'mrv': 5}
[2026-04-12T14:30:49.583+0000] {logging_mixin.py:188} INFO - {"timestamp": "2026-04-12T14:30:49.581471+00:00", "level": "INFO", "module": "ingestion.base_client", "message": "Response 200 from https://api.worldbank.org/v2/country/KE/indicator/NY.GDP.MKTP.CD"}
[2026-04-12T14:30:49.580+0000] {base_client.py:20} INFO - Response 200 from https://api.worldbank.org/v2/country/KE/indicator/NY.GDP.MKTP.CD
[2026-04-12T14:30:49.595+0000] {logging_mixin.py:188} INFO - {"timestamp": "2026-04-12T14:30:49.595828+00:00", "level": "INFO", "module": "utils.validators", "message": "[worldbank/gdp] Validation passed for fields: ['metadata', 'data']"}
[2026-04-12T14:30:49.595+0000] {validators.py:21} INFO - [worldbank/gdp] Validation passed for fields: ['metadata', 'data']
[2026-04-12T14:30:49.599+0000] {logging_mixin.py:188} INFO - {"timestamp": "2026-04-12T14:30:49.599703+00:00", "level": "INFO", "module": "ingestion.worldbank", "message": "Saved gdp data to data/raw/worldbank/gdp_ke_20260412.json"}
[2026-04-12T14:30:49.599+0000] {worldbank.py:42} INFO - Saved gdp data to data/raw/worldbank/gdp_ke_20260412.json
[2026-04-12T14:30:49.600+0000] {logging_mixin.py:188} INFO - {"timestamp": "2026-04-12T14:30:49.600213+00:00", "level": "INFO", "module": "ingestion.worldbank", "message": "Fetching World Bank indicator: inflation"}
[2026-04-12T14:30:49.600+0000] {worldbank.py:47} INFO - Fetching World Bank indicator: inflation
[2026-04-12T14:30:49.600+0000] {logging_mixin.py:188} INFO - {"timestamp": "2026-04-12T14:30:49.600780+00:00", "level": "INFO", "module": "ingestion.base_client", "message": "GET https://api.worldbank.org/v2/country/KE/indicator/FP.CPI.TOTL.ZG | params={'format': 'json', 'per_page': 10, 'mrv': 5}"}
[2026-04-12T14:30:49.600+0000] {base_client.py:17} INFO - GET https://api.worldbank.org/v2/country/KE/indicator/FP.CPI.TOTL.ZG | params={'format': 'json', 'per_page': 10, 'mrv': 5}
[2026-04-12T14:30:50.699+0000] {logging_mixin.py:188} INFO - {"timestamp": "2026-04-12T14:30:50.698995+00:00", "level": "INFO", "module": "ingestion.base_client", "message": "Response 200 from https://api.worldbank.org/v2/country/KE/indicator/FP.CPI.TOTL.ZG"}
[2026-04-12T14:30:50.698+0000] {base_client.py:20} INFO - Response 200 from https://api.worldbank.org/v2/country/KE/indicator/FP.CPI.TOTL.ZG
[2026-04-12T14:30:50.707+0000] {logging_mixin.py:188} INFO - {"timestamp": "2026-04-12T14:30:50.706937+00:00", "level": "INFO", "module": "utils.validators", "message": "[worldbank/inflation] Validation passed for fields: ['metadata', 'data']"}
[2026-04-12T14:30:50.706+0000] {validators.py:21} INFO - [worldbank/inflation] Validation passed for fields: ['metadata', 'data']
[2026-04-12T14:30:50.709+0000] {logging_mixin.py:188} INFO - {"timestamp": "2026-04-12T14:30:50.709883+00:00", "level": "INFO", "module": "ingestion.worldbank", "message": "Saved inflation data to data/raw/worldbank/inflation_ke_20260412.json"}
[2026-04-12T14:30:50.709+0000] {worldbank.py:42} INFO - Saved inflation data to data/raw/worldbank/inflation_ke_20260412.json
[2026-04-12T14:30:50.711+0000] {python.py:201} INFO - Done. Returned value was: None
[2026-04-12T14:30:50.757+0000] {taskinstance.py:1138} INFO - Marking task as SUCCESS. dag_id=kenya_econ_pipeline, task_id=worldbank_ingest, execution_date=20260412T142200, start_date=20260412T143044, end_date=20260412T143050
[2026-04-12T14:30:51.410+0000] {local_task_job_runner.py:234} INFO - Task exited with return code 0
[2026-04-12T14:30:51.642+0000] {taskinstance.py:3280} INFO - 0 downstream tasks scheduled from follow-on schedule check
