[2026-04-13T03:08:00.022+0000] {taskinstance.py:1956} INFO - Dependencies all met for dep_context=non-requeueable deps ti=<TaskInstance: kenya_econ_pipeline.worldbank_ingest scheduled__2026-04-12T03:00:00+00:00 [queued]>
[2026-04-13T03:08:00.042+0000] {taskinstance.py:1956} INFO - Dependencies all met for dep_context=requeueable deps ti=<TaskInstance: kenya_econ_pipeline.worldbank_ingest scheduled__2026-04-12T03:00:00+00:00 [queued]>
[2026-04-13T03:08:00.043+0000] {taskinstance.py:2170} INFO - Starting attempt 1 of 4
[2026-04-13T03:08:00.079+0000] {taskinstance.py:2191} INFO - Executing <Task(PythonOperator): worldbank_ingest> on 2026-04-12 03:00:00+00:00
[2026-04-13T03:08:00.096+0000] {standard_task_runner.py:60} INFO - Started process 21836 to run task
[2026-04-13T03:08:00.114+0000] {standard_task_runner.py:87} INFO - Running: ['airflow', 'tasks', 'run', 'kenya_econ_pipeline', 'worldbank_ingest', 'scheduled__2026-04-12T03:00:00+00:00', '--job-id', '106', '--raw', '--subdir', 'DAGS_FOLDER/kenya_econ_dag.py', '--cfg-path', '/tmp/tmpe_zwfciu']
[2026-04-13T03:08:00.124+0000] {standard_task_runner.py:88} INFO - Job 106: Subtask worldbank_ingest
[2026-04-13T03:08:00.299+0000] {task_command.py:423} INFO - Running <TaskInstance: kenya_econ_pipeline.worldbank_ingest scheduled__2026-04-12T03:00:00+00:00 [running]> on host 2f11af39ed07
[2026-04-13T03:08:00.399+0000] {taskinstance.py:2480} INFO - Exporting env vars: AIRFLOW_CTX_DAG_OWNER='samwel' AIRFLOW_CTX_DAG_ID='kenya_econ_pipeline' AIRFLOW_CTX_TASK_ID='worldbank_ingest' AIRFLOW_CTX_EXECUTION_DATE='2026-04-12T03:00:00+00:00' AIRFLOW_CTX_TRY_NUMBER='1' AIRFLOW_CTX_DAG_RUN_ID='scheduled__2026-04-12T03:00:00+00:00'
[2026-04-13T03:08:00.418+0000] {logging_mixin.py:188} INFO - {"timestamp": "2026-04-13T03:08:00.418465+00:00", "level": "INFO", "module": "ingestion.worldbank", "message": "Fetching World Bank indicator: gdp"}
[2026-04-13T03:08:00.418+0000] {worldbank.py:47} INFO - Fetching World Bank indicator: gdp
[2026-04-13T03:08:00.419+0000] {logging_mixin.py:188} INFO - {"timestamp": "2026-04-13T03:08:00.419351+00:00", "level": "INFO", "module": "ingestion.base_client", "message": "GET https://api.worldbank.org/v2/country/KE/indicator/NY.GDP.MKTP.CD | params={'format': 'json', 'per_page': 10, 'mrv': 5}"}
[2026-04-13T03:08:00.419+0000] {base_client.py:17} INFO - GET https://api.worldbank.org/v2/country/KE/indicator/NY.GDP.MKTP.CD | params={'format': 'json', 'per_page': 10, 'mrv': 5}
[2026-04-13T03:08:18.849+0000] {logging_mixin.py:188} INFO - {"timestamp": "2026-04-13T03:08:18.844578+00:00", "level": "INFO", "module": "ingestion.base_client", "message": "GET https://api.worldbank.org/v2/country/KE/indicator/NY.GDP.MKTP.CD | params={'format': 'json', 'per_page': 10, 'mrv': 5}"}
[2026-04-13T03:08:18.841+0000] {base_client.py:17} INFO - GET https://api.worldbank.org/v2/country/KE/indicator/NY.GDP.MKTP.CD | params={'format': 'json', 'per_page': 10, 'mrv': 5}
[2026-04-13T03:08:19.630+0000] {logging_mixin.py:188} INFO - {"timestamp": "2026-04-13T03:08:19.630297+00:00", "level": "INFO", "module": "ingestion.base_client", "message": "Response 200 from https://api.worldbank.org/v2/country/KE/indicator/NY.GDP.MKTP.CD"}
[2026-04-13T03:08:19.630+0000] {base_client.py:20} INFO - Response 200 from https://api.worldbank.org/v2/country/KE/indicator/NY.GDP.MKTP.CD
[2026-04-13T03:08:19.634+0000] {logging_mixin.py:188} INFO - {"timestamp": "2026-04-13T03:08:19.633912+00:00", "level": "INFO", "module": "utils.validators", "message": "[worldbank/gdp] Validation passed for fields: ['metadata', 'data']"}
[2026-04-13T03:08:19.633+0000] {validators.py:21} INFO - [worldbank/gdp] Validation passed for fields: ['metadata', 'data']
[2026-04-13T03:08:19.638+0000] {logging_mixin.py:188} INFO - {"timestamp": "2026-04-13T03:08:19.638301+00:00", "level": "INFO", "module": "ingestion.worldbank", "message": "Saved gdp data to data/raw/worldbank/gdp_ke_20260413.json"}
[2026-04-13T03:08:19.638+0000] {worldbank.py:42} INFO - Saved gdp data to data/raw/worldbank/gdp_ke_20260413.json
[2026-04-13T03:08:19.640+0000] {logging_mixin.py:188} INFO - {"timestamp": "2026-04-13T03:08:19.640342+00:00", "level": "INFO", "module": "ingestion.worldbank", "message": "Fetching World Bank indicator: inflation"}
[2026-04-13T03:08:19.640+0000] {worldbank.py:47} INFO - Fetching World Bank indicator: inflation
[2026-04-13T03:08:19.641+0000] {logging_mixin.py:188} INFO - {"timestamp": "2026-04-13T03:08:19.641481+00:00", "level": "INFO", "module": "ingestion.base_client", "message": "GET https://api.worldbank.org/v2/country/KE/indicator/FP.CPI.TOTL.ZG | params={'format': 'json', 'per_page': 10, 'mrv': 5}"}
[2026-04-13T03:08:19.641+0000] {base_client.py:17} INFO - GET https://api.worldbank.org/v2/country/KE/indicator/FP.CPI.TOTL.ZG | params={'format': 'json', 'per_page': 10, 'mrv': 5}
[2026-04-13T03:23:53.627+0000] {logging_mixin.py:188} INFO - {"timestamp": "2026-04-13T03:23:53.624714+00:00", "level": "INFO", "module": "ingestion.base_client", "message": "GET https://api.worldbank.org/v2/country/KE/indicator/FP.CPI.TOTL.ZG | params={'format': 'json', 'per_page': 10, 'mrv': 5}"}
[2026-04-13T03:23:53.622+0000] {base_client.py:17} INFO - GET https://api.worldbank.org/v2/country/KE/indicator/FP.CPI.TOTL.ZG | params={'format': 'json', 'per_page': 10, 'mrv': 5}
[2026-04-13T03:23:54.434+0000] {logging_mixin.py:188} INFO - {"timestamp": "2026-04-13T03:23:54.434248+00:00", "level": "INFO", "module": "ingestion.base_client", "message": "Response 200 from https://api.worldbank.org/v2/country/KE/indicator/FP.CPI.TOTL.ZG"}
[2026-04-13T03:23:54.434+0000] {base_client.py:20} INFO - Response 200 from https://api.worldbank.org/v2/country/KE/indicator/FP.CPI.TOTL.ZG
[2026-04-13T03:23:54.437+0000] {logging_mixin.py:188} INFO - {"timestamp": "2026-04-13T03:23:54.437346+00:00", "level": "INFO", "module": "utils.validators", "message": "[worldbank/inflation] Validation passed for fields: ['metadata', 'data']"}
[2026-04-13T03:23:54.437+0000] {validators.py:21} INFO - [worldbank/inflation] Validation passed for fields: ['metadata', 'data']
[2026-04-13T03:23:54.446+0000] {logging_mixin.py:188} INFO - {"timestamp": "2026-04-13T03:23:54.446050+00:00", "level": "INFO", "module": "ingestion.worldbank", "message": "Saved inflation data to data/raw/worldbank/inflation_ke_20260413.json"}
[2026-04-13T03:23:54.446+0000] {worldbank.py:42} INFO - Saved inflation data to data/raw/worldbank/inflation_ke_20260413.json
[2026-04-13T03:23:54.447+0000] {python.py:201} INFO - Done. Returned value was: None
[2026-04-13T03:23:54.498+0000] {taskinstance.py:1138} INFO - Marking task as SUCCESS. dag_id=kenya_econ_pipeline, task_id=worldbank_ingest, execution_date=20260412T030000, start_date=20260413T030800, end_date=20260413T032354
[2026-04-13T03:23:54.574+0000] {local_task_job_runner.py:234} INFO - Task exited with return code 0
[2026-04-13T03:23:54.623+0000] {taskinstance.py:3280} INFO - 1 downstream tasks scheduled from follow-on schedule check
