[2026-04-12T14:30:49.885+0000] {taskinstance.py:1956} INFO - Dependencies all met for dep_context=non-requeueable deps ti=<TaskInstance: kenya_econ_pipeline.load_to_postgres manual__2026-04-12T13:53:15.137954+00:00 [queued]>
[2026-04-12T14:30:49.892+0000] {taskinstance.py:1956} INFO - Dependencies all met for dep_context=requeueable deps ti=<TaskInstance: kenya_econ_pipeline.load_to_postgres manual__2026-04-12T13:53:15.137954+00:00 [queued]>
[2026-04-12T14:30:49.893+0000] {taskinstance.py:2170} INFO - Starting attempt 6 of 9
[2026-04-12T14:30:49.903+0000] {taskinstance.py:2191} INFO - Executing <Task(PythonOperator): load_to_postgres> on 2026-04-12 13:53:15.137954+00:00
[2026-04-12T14:30:49.908+0000] {standard_task_runner.py:60} INFO - Started process 18458 to run task
[2026-04-12T14:30:49.912+0000] {standard_task_runner.py:87} INFO - Running: ['airflow', 'tasks', 'run', 'kenya_econ_pipeline', 'load_to_postgres', 'manual__2026-04-12T13:53:15.137954+00:00', '--job-id', '75', '--raw', '--subdir', 'DAGS_FOLDER/kenya_econ_dag.py', '--cfg-path', '/tmp/tmpqf0b59x6']
[2026-04-12T14:30:49.917+0000] {standard_task_runner.py:88} INFO - Job 75: Subtask load_to_postgres
[2026-04-12T14:30:49.990+0000] {task_command.py:423} INFO - Running <TaskInstance: kenya_econ_pipeline.load_to_postgres manual__2026-04-12T13:53:15.137954+00:00 [running]> on host 2f11af39ed07
[2026-04-12T14:30:50.059+0000] {taskinstance.py:2480} INFO - Exporting env vars: AIRFLOW_CTX_DAG_OWNER='samwel' AIRFLOW_CTX_DAG_ID='kenya_econ_pipeline' AIRFLOW_CTX_TASK_ID='load_to_postgres' AIRFLOW_CTX_EXECUTION_DATE='2026-04-12T13:53:15.137954+00:00' AIRFLOW_CTX_TRY_NUMBER='6' AIRFLOW_CTX_DAG_RUN_ID='manual__2026-04-12T13:53:15.137954+00:00'
[2026-04-12T14:30:50.085+0000] {logging_mixin.py:188} INFO - {"timestamp": "2026-04-12T14:30:50.084178+00:00", "level": "INFO", "module": "db.connection", "message": "Transaction committed"}
[2026-04-12T14:30:50.084+0000] {connection.py:26} INFO - Transaction committed
[2026-04-12T14:30:50.086+0000] {logging_mixin.py:188} INFO - {"timestamp": "2026-04-12T14:30:50.085967+00:00", "level": "INFO", "module": "db.loaders.worldbank_loader", "message": "Inserted 5 rows into raw.worldbank_gdp from gdp_ke_20260402.json"}
[2026-04-12T14:30:50.085+0000] {worldbank_loader.py:38} INFO - Inserted 5 rows into raw.worldbank_gdp from gdp_ke_20260402.json
[2026-04-12T14:30:50.092+0000] {logging_mixin.py:188} INFO - {"timestamp": "2026-04-12T14:30:50.092062+00:00", "level": "INFO", "module": "db.connection", "message": "Transaction committed"}
[2026-04-12T14:30:50.092+0000] {connection.py:26} INFO - Transaction committed
[2026-04-12T14:30:50.094+0000] {logging_mixin.py:188} INFO - {"timestamp": "2026-04-12T14:30:50.094612+00:00", "level": "INFO", "module": "db.loaders.worldbank_loader", "message": "Inserted 5 rows into raw.worldbank_gdp from gdp_ke_20260408.json"}
[2026-04-12T14:30:50.094+0000] {worldbank_loader.py:38} INFO - Inserted 5 rows into raw.worldbank_gdp from gdp_ke_20260408.json
[2026-04-12T14:30:50.100+0000] {logging_mixin.py:188} INFO - {"timestamp": "2026-04-12T14:30:50.100875+00:00", "level": "INFO", "module": "db.connection", "message": "Transaction committed"}
[2026-04-12T14:30:50.100+0000] {connection.py:26} INFO - Transaction committed
[2026-04-12T14:30:50.101+0000] {logging_mixin.py:188} INFO - {"timestamp": "2026-04-12T14:30:50.101389+00:00", "level": "INFO", "module": "db.loaders.worldbank_loader", "message": "Inserted 5 rows into raw.worldbank_gdp from gdp_ke_20260409.json"}
[2026-04-12T14:30:50.101+0000] {worldbank_loader.py:38} INFO - Inserted 5 rows into raw.worldbank_gdp from gdp_ke_20260409.json
[2026-04-12T14:30:50.106+0000] {logging_mixin.py:188} INFO - {"timestamp": "2026-04-12T14:30:50.106915+00:00", "level": "INFO", "module": "db.connection", "message": "Transaction committed"}
[2026-04-12T14:30:50.106+0000] {connection.py:26} INFO - Transaction committed
[2026-04-12T14:30:50.107+0000] {logging_mixin.py:188} INFO - {"timestamp": "2026-04-12T14:30:50.107908+00:00", "level": "INFO", "module": "db.loaders.worldbank_loader", "message": "Inserted 5 rows into raw.worldbank_gdp from gdp_ke_20260410.json"}
[2026-04-12T14:30:50.107+0000] {worldbank_loader.py:38} INFO - Inserted 5 rows into raw.worldbank_gdp from gdp_ke_20260410.json
[2026-04-12T14:30:50.118+0000] {logging_mixin.py:188} INFO - {"timestamp": "2026-04-12T14:30:50.117993+00:00", "level": "INFO", "module": "db.connection", "message": "Transaction committed"}
[2026-04-12T14:30:50.117+0000] {connection.py:26} INFO - Transaction committed
[2026-04-12T14:30:50.118+0000] {logging_mixin.py:188} INFO - {"timestamp": "2026-04-12T14:30:50.118648+00:00", "level": "INFO", "module": "db.loaders.worldbank_loader", "message": "Inserted 5 rows into raw.worldbank_gdp from gdp_ke_20260411.json"}
[2026-04-12T14:30:50.118+0000] {worldbank_loader.py:38} INFO - Inserted 5 rows into raw.worldbank_gdp from gdp_ke_20260411.json
[2026-04-12T14:30:50.127+0000] {logging_mixin.py:188} INFO - {"timestamp": "2026-04-12T14:30:50.126917+00:00", "level": "INFO", "module": "db.connection", "message": "Transaction committed"}
[2026-04-12T14:30:50.126+0000] {connection.py:26} INFO - Transaction committed
[2026-04-12T14:30:50.127+0000] {logging_mixin.py:188} INFO - {"timestamp": "2026-04-12T14:30:50.127891+00:00", "level": "INFO", "module": "db.loaders.worldbank_loader", "message": "Inserted 5 rows into raw.worldbank_gdp from gdp_ke_20260412.json"}
[2026-04-12T14:30:50.127+0000] {worldbank_loader.py:38} INFO - Inserted 5 rows into raw.worldbank_gdp from gdp_ke_20260412.json
[2026-04-12T14:30:50.136+0000] {logging_mixin.py:188} INFO - {"timestamp": "2026-04-12T14:30:50.136096+00:00", "level": "INFO", "module": "db.connection", "message": "Transaction committed"}
[2026-04-12T14:30:50.136+0000] {connection.py:26} INFO - Transaction committed
[2026-04-12T14:30:50.138+0000] {logging_mixin.py:188} INFO - {"timestamp": "2026-04-12T14:30:50.138484+00:00", "level": "INFO", "module": "db.loaders.worldbank_loader", "message": "Inserted 5 rows into raw.worldbank_inflation from inflation_ke_20260402.json"}
[2026-04-12T14:30:50.138+0000] {worldbank_loader.py:38} INFO - Inserted 5 rows into raw.worldbank_inflation from inflation_ke_20260402.json
[2026-04-12T14:30:50.143+0000] {logging_mixin.py:188} INFO - {"timestamp": "2026-04-12T14:30:50.143774+00:00", "level": "INFO", "module": "db.connection", "message": "Transaction committed"}
[2026-04-12T14:30:50.143+0000] {connection.py:26} INFO - Transaction committed
[2026-04-12T14:30:50.144+0000] {logging_mixin.py:188} INFO - {"timestamp": "2026-04-12T14:30:50.144239+00:00", "level": "INFO", "module": "db.loaders.worldbank_loader", "message": "Inserted 5 rows into raw.worldbank_inflation from inflation_ke_20260408.json"}
[2026-04-12T14:30:50.144+0000] {worldbank_loader.py:38} INFO - Inserted 5 rows into raw.worldbank_inflation from inflation_ke_20260408.json
[2026-04-12T14:30:50.150+0000] {logging_mixin.py:188} INFO - {"timestamp": "2026-04-12T14:30:50.150372+00:00", "level": "INFO", "module": "db.connection", "message": "Transaction committed"}
[2026-04-12T14:30:50.150+0000] {connection.py:26} INFO - Transaction committed
[2026-04-12T14:30:50.150+0000] {logging_mixin.py:188} INFO - {"timestamp": "2026-04-12T14:30:50.150793+00:00", "level": "INFO", "module": "db.loaders.worldbank_loader", "message": "Inserted 5 rows into raw.worldbank_inflation from inflation_ke_20260409.json"}
[2026-04-12T14:30:50.150+0000] {worldbank_loader.py:38} INFO - Inserted 5 rows into raw.worldbank_inflation from inflation_ke_20260409.json
[2026-04-12T14:30:50.155+0000] {logging_mixin.py:188} INFO - {"timestamp": "2026-04-12T14:30:50.155065+00:00", "level": "INFO", "module": "db.connection", "message": "Transaction committed"}
[2026-04-12T14:30:50.155+0000] {connection.py:26} INFO - Transaction committed
[2026-04-12T14:30:50.155+0000] {logging_mixin.py:188} INFO - {"timestamp": "2026-04-12T14:30:50.155433+00:00", "level": "INFO", "module": "db.loaders.worldbank_loader", "message": "Inserted 5 rows into raw.worldbank_inflation from inflation_ke_20260410.json"}
[2026-04-12T14:30:50.155+0000] {worldbank_loader.py:38} INFO - Inserted 5 rows into raw.worldbank_inflation from inflation_ke_20260410.json
[2026-04-12T14:30:50.159+0000] {logging_mixin.py:188} INFO - {"timestamp": "2026-04-12T14:30:50.159491+00:00", "level": "INFO", "module": "db.connection", "message": "Transaction committed"}
[2026-04-12T14:30:50.159+0000] {connection.py:26} INFO - Transaction committed
[2026-04-12T14:30:50.159+0000] {logging_mixin.py:188} INFO - {"timestamp": "2026-04-12T14:30:50.159833+00:00", "level": "INFO", "module": "db.loaders.worldbank_loader", "message": "Inserted 5 rows into raw.worldbank_inflation from inflation_ke_20260411.json"}
[2026-04-12T14:30:50.159+0000] {worldbank_loader.py:38} INFO - Inserted 5 rows into raw.worldbank_inflation from inflation_ke_20260411.json
[2026-04-12T14:30:50.164+0000] {logging_mixin.py:188} INFO - {"timestamp": "2026-04-12T14:30:50.164383+00:00", "level": "INFO", "module": "db.connection", "message": "Transaction committed"}
[2026-04-12T14:30:50.164+0000] {connection.py:26} INFO - Transaction committed
[2026-04-12T14:30:50.164+0000] {logging_mixin.py:188} INFO - {"timestamp": "2026-04-12T14:30:50.164731+00:00", "level": "INFO", "module": "db.loaders.worldbank_loader", "message": "Inserted 5 rows into raw.worldbank_inflation from inflation_ke_20260412.json"}
[2026-04-12T14:30:50.164+0000] {worldbank_loader.py:38} INFO - Inserted 5 rows into raw.worldbank_inflation from inflation_ke_20260412.json
[2026-04-12T14:30:50.169+0000] {logging_mixin.py:188} INFO - {"timestamp": "2026-04-12T14:30:50.169419+00:00", "level": "INFO", "module": "db.loaders.worldbank_loader", "message": "Staging GDP load complete (SCD2 dedup applied)"}
[2026-04-12T14:30:50.169+0000] {worldbank_loader.py:63} INFO - Staging GDP load complete (SCD2 dedup applied)
[2026-04-12T14:30:50.170+0000] {logging_mixin.py:188} INFO - {"timestamp": "2026-04-12T14:30:50.170028+00:00", "level": "INFO", "module": "db.connection", "message": "Transaction committed"}
[2026-04-12T14:30:50.170+0000] {connection.py:26} INFO - Transaction committed
[2026-04-12T14:30:50.176+0000] {logging_mixin.py:188} INFO - {"timestamp": "2026-04-12T14:30:50.176319+00:00", "level": "INFO", "module": "db.loaders.worldbank_loader", "message": "Staging inflation load complete"}
[2026-04-12T14:30:50.176+0000] {worldbank_loader.py:86} INFO - Staging inflation load complete
[2026-04-12T14:30:50.177+0000] {logging_mixin.py:188} INFO - {"timestamp": "2026-04-12T14:30:50.177648+00:00", "level": "INFO", "module": "db.connection", "message": "Transaction committed"}
[2026-04-12T14:30:50.177+0000] {connection.py:26} INFO - Transaction committed
[2026-04-12T14:30:50.186+0000] {logging_mixin.py:188} INFO - {"timestamp": "2026-04-12T14:30:50.186631+00:00", "level": "INFO", "module": "db.connection", "message": "Transaction committed"}
[2026-04-12T14:30:50.186+0000] {connection.py:26} INFO - Transaction committed
[2026-04-12T14:30:50.187+0000] {logging_mixin.py:188} INFO - {"timestamp": "2026-04-12T14:30:50.187097+00:00", "level": "INFO", "module": "db.loaders.fx_loader", "message": "Loaded 3 FX pairs from fx_ke_20260402_152933.json"}
[2026-04-12T14:30:50.187+0000] {fx_loader.py:28} INFO - Loaded 3 FX pairs from fx_ke_20260402_152933.json
[2026-04-12T14:30:50.192+0000] {logging_mixin.py:188} INFO - {"timestamp": "2026-04-12T14:30:50.192480+00:00", "level": "INFO", "module": "db.connection", "message": "Transaction committed"}
[2026-04-12T14:30:50.192+0000] {connection.py:26} INFO - Transaction committed
[2026-04-12T14:30:50.192+0000] {logging_mixin.py:188} INFO - {"timestamp": "2026-04-12T14:30:50.192979+00:00", "level": "INFO", "module": "db.loaders.fx_loader", "message": "Staged FX: 1 USD = 130.09 KES | 1 KES = 0.00768699 USD | ts=2026-04-02 15:00:00+00:00"}
[2026-04-12T14:30:50.192+0000] {fx_loader.py:55} INFO - Staged FX: 1 USD = 130.09 KES | 1 KES = 0.00768699 USD | ts=2026-04-02 15:00:00+00:00
[2026-04-12T14:30:50.197+0000] {logging_mixin.py:188} INFO - {"timestamp": "2026-04-12T14:30:50.197734+00:00", "level": "INFO", "module": "db.connection", "message": "Transaction committed"}
[2026-04-12T14:30:50.197+0000] {connection.py:26} INFO - Transaction committed
[2026-04-12T14:30:50.198+0000] {logging_mixin.py:188} INFO - {"timestamp": "2026-04-12T14:30:50.198145+00:00", "level": "INFO", "module": "db.loaders.fx_loader", "message": "Loaded 3 FX pairs from fx_ke_20260402_190438.json"}
[2026-04-12T14:30:50.198+0000] {fx_loader.py:28} INFO - Loaded 3 FX pairs from fx_ke_20260402_190438.json
[2026-04-12T14:30:50.203+0000] {logging_mixin.py:188} INFO - {"timestamp": "2026-04-12T14:30:50.203058+00:00", "level": "INFO", "module": "db.connection", "message": "Transaction committed"}
[2026-04-12T14:30:50.203+0000] {connection.py:26} INFO - Transaction committed
[2026-04-12T14:30:50.203+0000] {logging_mixin.py:188} INFO - {"timestamp": "2026-04-12T14:30:50.203414+00:00", "level": "INFO", "module": "db.loaders.fx_loader", "message": "Staged FX: 1 USD = 130.1 KES | 1 KES = 0.0076864 USD | ts=2026-04-02 19:00:00+00:00"}
[2026-04-12T14:30:50.203+0000] {fx_loader.py:55} INFO - Staged FX: 1 USD = 130.1 KES | 1 KES = 0.0076864 USD | ts=2026-04-02 19:00:00+00:00
[2026-04-12T14:30:50.207+0000] {logging_mixin.py:188} INFO - {"timestamp": "2026-04-12T14:30:50.207709+00:00", "level": "INFO", "module": "db.connection", "message": "Transaction committed"}
[2026-04-12T14:30:50.207+0000] {connection.py:26} INFO - Transaction committed
[2026-04-12T14:30:50.208+0000] {logging_mixin.py:188} INFO - {"timestamp": "2026-04-12T14:30:50.208063+00:00", "level": "INFO", "module": "db.loaders.fx_loader", "message": "Loaded 3 FX pairs from fx_ke_20260402_190447.json"}
[2026-04-12T14:30:50.208+0000] {fx_loader.py:28} INFO - Loaded 3 FX pairs from fx_ke_20260402_190447.json
[2026-04-12T14:30:50.212+0000] {logging_mixin.py:188} INFO - {"timestamp": "2026-04-12T14:30:50.212144+00:00", "level": "INFO", "module": "db.connection", "message": "Transaction committed"}
[2026-04-12T14:30:50.212+0000] {connection.py:26} INFO - Transaction committed
[2026-04-12T14:30:50.212+0000] {logging_mixin.py:188} INFO - {"timestamp": "2026-04-12T14:30:50.212525+00:00", "level": "INFO", "module": "db.loaders.fx_loader", "message": "Staged FX: 1 USD = 130.1 KES | 1 KES = 0.0076864 USD | ts=2026-04-02 19:00:00+00:00"}
[2026-04-12T14:30:50.212+0000] {fx_loader.py:55} INFO - Staged FX: 1 USD = 130.1 KES | 1 KES = 0.0076864 USD | ts=2026-04-02 19:00:00+00:00
[2026-04-12T14:30:50.216+0000] {logging_mixin.py:188} INFO - {"timestamp": "2026-04-12T14:30:50.216674+00:00", "level": "INFO", "module": "db.connection", "message": "Transaction committed"}
[2026-04-12T14:30:50.216+0000] {connection.py:26} INFO - Transaction committed
[2026-04-12T14:30:50.217+0000] {logging_mixin.py:188} INFO - {"timestamp": "2026-04-12T14:30:50.216977+00:00", "level": "INFO", "module": "db.loaders.fx_loader", "message": "Loaded 3 FX pairs from fx_ke_20260402_195641.json"}
[2026-04-12T14:30:50.216+0000] {fx_loader.py:28} INFO - Loaded 3 FX pairs from fx_ke_20260402_195641.json
[2026-04-12T14:30:50.220+0000] {logging_mixin.py:188} INFO - {"timestamp": "2026-04-12T14:30:50.220349+00:00", "level": "INFO", "module": "db.connection", "message": "Transaction committed"}
[2026-04-12T14:30:50.220+0000] {connection.py:26} INFO - Transaction committed
[2026-04-12T14:30:50.220+0000] {logging_mixin.py:188} INFO - {"timestamp": "2026-04-12T14:30:50.220681+00:00", "level": "INFO", "module": "db.loaders.fx_loader", "message": "Staged FX: 1 USD = 130.1 KES | 1 KES = 0.0076864 USD | ts=2026-04-02 19:00:00+00:00"}
[2026-04-12T14:30:50.220+0000] {fx_loader.py:55} INFO - Staged FX: 1 USD = 130.1 KES | 1 KES = 0.0076864 USD | ts=2026-04-02 19:00:00+00:00
[2026-04-12T14:30:50.224+0000] {logging_mixin.py:188} INFO - {"timestamp": "2026-04-12T14:30:50.224576+00:00", "level": "INFO", "module": "db.connection", "message": "Transaction committed"}
[2026-04-12T14:30:50.224+0000] {connection.py:26} INFO - Transaction committed
[2026-04-12T14:30:50.224+0000] {logging_mixin.py:188} INFO - {"timestamp": "2026-04-12T14:30:50.224913+00:00", "level": "INFO", "module": "db.loaders.fx_loader", "message": "Loaded 3 FX pairs from fx_ke_20260408_115811.json"}
[2026-04-12T14:30:50.224+0000] {fx_loader.py:28} INFO - Loaded 3 FX pairs from fx_ke_20260408_115811.json
[2026-04-12T14:30:50.228+0000] {logging_mixin.py:188} INFO - {"timestamp": "2026-04-12T14:30:50.228452+00:00", "level": "INFO", "module": "db.connection", "message": "Transaction committed"}
[2026-04-12T14:30:50.228+0000] {connection.py:26} INFO - Transaction committed
[2026-04-12T14:30:50.228+0000] {logging_mixin.py:188} INFO - {"timestamp": "2026-04-12T14:30:50.228770+00:00", "level": "INFO", "module": "db.loaders.fx_loader", "message": "Staged FX: 1 USD = 129.35 KES | 1 KES = 0.00773096 USD | ts=2026-04-08 11:00:00+00:00"}
[2026-04-12T14:30:50.228+0000] {fx_loader.py:55} INFO - Staged FX: 1 USD = 129.35 KES | 1 KES = 0.00773096 USD | ts=2026-04-08 11:00:00+00:00
[2026-04-12T14:30:50.232+0000] {logging_mixin.py:188} INFO - {"timestamp": "2026-04-12T14:30:50.232540+00:00", "level": "INFO", "module": "db.connection", "message": "Transaction committed"}
[2026-04-12T14:30:50.232+0000] {connection.py:26} INFO - Transaction committed
[2026-04-12T14:30:50.232+0000] {logging_mixin.py:188} INFO - {"timestamp": "2026-04-12T14:30:50.232857+00:00", "level": "INFO", "module": "db.loaders.fx_loader", "message": "Loaded 3 FX pairs from fx_ke_20260409_035300.json"}
[2026-04-12T14:30:50.232+0000] {fx_loader.py:28} INFO - Loaded 3 FX pairs from fx_ke_20260409_035300.json
[2026-04-12T14:30:50.236+0000] {logging_mixin.py:188} INFO - {"timestamp": "2026-04-12T14:30:50.236177+00:00", "level": "INFO", "module": "db.connection", "message": "Transaction committed"}
[2026-04-12T14:30:50.236+0000] {connection.py:26} INFO - Transaction committed
[2026-04-12T14:30:50.236+0000] {logging_mixin.py:188} INFO - {"timestamp": "2026-04-12T14:30:50.236530+00:00", "level": "INFO", "module": "db.loaders.fx_loader", "message": "Staged FX: 1 USD = 129.4 KES | 1 KES = 0.00772798 USD | ts=2026-04-09 03:00:00+00:00"}
[2026-04-12T14:30:50.236+0000] {fx_loader.py:55} INFO - Staged FX: 1 USD = 129.4 KES | 1 KES = 0.00772798 USD | ts=2026-04-09 03:00:00+00:00
[2026-04-12T14:30:50.240+0000] {logging_mixin.py:188} INFO - {"timestamp": "2026-04-12T14:30:50.240951+00:00", "level": "INFO", "module": "db.connection", "message": "Transaction committed"}
[2026-04-12T14:30:50.240+0000] {connection.py:26} INFO - Transaction committed
[2026-04-12T14:30:50.241+0000] {logging_mixin.py:188} INFO - {"timestamp": "2026-04-12T14:30:50.241300+00:00", "level": "INFO", "module": "db.loaders.fx_loader", "message": "Loaded 3 FX pairs from fx_ke_20260410_030519.json"}
[2026-04-12T14:30:50.241+0000] {fx_loader.py:28} INFO - Loaded 3 FX pairs from fx_ke_20260410_030519.json
[2026-04-12T14:30:50.244+0000] {logging_mixin.py:188} INFO - {"timestamp": "2026-04-12T14:30:50.244671+00:00", "level": "INFO", "module": "db.connection", "message": "Transaction committed"}
[2026-04-12T14:30:50.244+0000] {connection.py:26} INFO - Transaction committed
[2026-04-12T14:30:50.245+0000] {logging_mixin.py:188} INFO - {"timestamp": "2026-04-12T14:30:50.244988+00:00", "level": "INFO", "module": "db.loaders.fx_loader", "message": "Staged FX: 1 USD = 129.25 KES | 1 KES = 0.00773694 USD | ts=2026-04-10 03:00:00+00:00"}
[2026-04-12T14:30:50.244+0000] {fx_loader.py:55} INFO - Staged FX: 1 USD = 129.25 KES | 1 KES = 0.00773694 USD | ts=2026-04-10 03:00:00+00:00
[2026-04-12T14:30:50.251+0000] {logging_mixin.py:188} INFO - {"timestamp": "2026-04-12T14:30:50.251114+00:00", "level": "INFO", "module": "db.connection", "message": "Transaction committed"}
[2026-04-12T14:30:50.251+0000] {connection.py:26} INFO - Transaction committed
[2026-04-12T14:30:50.251+0000] {logging_mixin.py:188} INFO - {"timestamp": "2026-04-12T14:30:50.251653+00:00", "level": "INFO", "module": "db.loaders.fx_loader", "message": "Loaded 3 FX pairs from fx_ke_20260411_030917.json"}
[2026-04-12T14:30:50.251+0000] {fx_loader.py:28} INFO - Loaded 3 FX pairs from fx_ke_20260411_030917.json
[2026-04-12T14:30:50.256+0000] {logging_mixin.py:188} INFO - {"timestamp": "2026-04-12T14:30:50.255963+00:00", "level": "INFO", "module": "db.connection", "message": "Transaction committed"}
[2026-04-12T14:30:50.255+0000] {connection.py:26} INFO - Transaction committed
[2026-04-12T14:30:50.256+0000] {logging_mixin.py:188} INFO - {"timestamp": "2026-04-12T14:30:50.256418+00:00", "level": "INFO", "module": "db.loaders.fx_loader", "message": "Staged FX: 1 USD = 129.210149 KES | 1 KES = 0.00773933 USD | ts=2026-04-11 03:00:04+00:00"}
[2026-04-12T14:30:50.256+0000] {fx_loader.py:55} INFO - Staged FX: 1 USD = 129.210149 KES | 1 KES = 0.00773933 USD | ts=2026-04-11 03:00:04+00:00
[2026-04-12T14:30:50.261+0000] {logging_mixin.py:188} INFO - {"timestamp": "2026-04-12T14:30:50.261306+00:00", "level": "INFO", "module": "db.connection", "message": "Transaction committed"}
[2026-04-12T14:30:50.261+0000] {connection.py:26} INFO - Transaction committed
[2026-04-12T14:30:50.261+0000] {logging_mixin.py:188} INFO - {"timestamp": "2026-04-12T14:30:50.261736+00:00", "level": "INFO", "module": "db.loaders.fx_loader", "message": "Loaded 3 FX pairs from fx_ke_20260412_030003.json"}
[2026-04-12T14:30:50.261+0000] {fx_loader.py:28} INFO - Loaded 3 FX pairs from fx_ke_20260412_030003.json
[2026-04-12T14:30:50.265+0000] {logging_mixin.py:188} INFO - {"timestamp": "2026-04-12T14:30:50.265439+00:00", "level": "INFO", "module": "db.connection", "message": "Transaction committed"}
[2026-04-12T14:30:50.265+0000] {connection.py:26} INFO - Transaction committed
[2026-04-12T14:30:50.265+0000] {logging_mixin.py:188} INFO - {"timestamp": "2026-04-12T14:30:50.265766+00:00", "level": "INFO", "module": "db.loaders.fx_loader", "message": "Staged FX: 1 USD = 129.210149 KES | 1 KES = 0.00773933 USD | ts=2026-04-12 02:00:19+00:00"}
[2026-04-12T14:30:50.265+0000] {fx_loader.py:55} INFO - Staged FX: 1 USD = 129.210149 KES | 1 KES = 0.00773933 USD | ts=2026-04-12 02:00:19+00:00
[2026-04-12T14:30:50.269+0000] {logging_mixin.py:188} INFO - {"timestamp": "2026-04-12T14:30:50.269634+00:00", "level": "INFO", "module": "db.connection", "message": "Transaction committed"}
[2026-04-12T14:30:50.269+0000] {connection.py:26} INFO - Transaction committed
[2026-04-12T14:30:50.269+0000] {logging_mixin.py:188} INFO - {"timestamp": "2026-04-12T14:30:50.269956+00:00", "level": "INFO", "module": "db.loaders.fx_loader", "message": "Loaded 3 FX pairs from fx_ke_20260412_135055.json"}
[2026-04-12T14:30:50.269+0000] {fx_loader.py:28} INFO - Loaded 3 FX pairs from fx_ke_20260412_135055.json
[2026-04-12T14:30:50.273+0000] {logging_mixin.py:188} INFO - {"timestamp": "2026-04-12T14:30:50.273355+00:00", "level": "INFO", "module": "db.connection", "message": "Transaction committed"}
[2026-04-12T14:30:50.273+0000] {connection.py:26} INFO - Transaction committed
[2026-04-12T14:30:50.273+0000] {logging_mixin.py:188} INFO - {"timestamp": "2026-04-12T14:30:50.273684+00:00", "level": "INFO", "module": "db.loaders.fx_loader", "message": "Staged FX: 1 USD = 129.210149 KES | 1 KES = 0.00773933 USD | ts=2026-04-12 13:00:20+00:00"}
[2026-04-12T14:30:50.273+0000] {fx_loader.py:55} INFO - Staged FX: 1 USD = 129.210149 KES | 1 KES = 0.00773933 USD | ts=2026-04-12 13:00:20+00:00
[2026-04-12T14:30:50.278+0000] {logging_mixin.py:188} INFO - {"timestamp": "2026-04-12T14:30:50.278871+00:00", "level": "INFO", "module": "db.connection", "message": "Transaction committed"}
[2026-04-12T14:30:50.278+0000] {connection.py:26} INFO - Transaction committed
[2026-04-12T14:30:50.279+0000] {logging_mixin.py:188} INFO - {"timestamp": "2026-04-12T14:30:50.279230+00:00", "level": "INFO", "module": "db.loaders.fx_loader", "message": "Loaded 3 FX pairs from fx_ke_20260412_135112.json"}
[2026-04-12T14:30:50.279+0000] {fx_loader.py:28} INFO - Loaded 3 FX pairs from fx_ke_20260412_135112.json
[2026-04-12T14:30:50.283+0000] {logging_mixin.py:188} INFO - {"timestamp": "2026-04-12T14:30:50.283913+00:00", "level": "INFO", "module": "db.connection", "message": "Transaction committed"}
[2026-04-12T14:30:50.283+0000] {connection.py:26} INFO - Transaction committed
[2026-04-12T14:30:50.284+0000] {logging_mixin.py:188} INFO - {"timestamp": "2026-04-12T14:30:50.284274+00:00", "level": "INFO", "module": "db.loaders.fx_loader", "message": "Staged FX: 1 USD = 129.210149 KES | 1 KES = 0.00773933 USD | ts=2026-04-12 13:00:20+00:00"}
[2026-04-12T14:30:50.284+0000] {fx_loader.py:55} INFO - Staged FX: 1 USD = 129.210149 KES | 1 KES = 0.00773933 USD | ts=2026-04-12 13:00:20+00:00
[2026-04-12T14:30:50.288+0000] {logging_mixin.py:188} INFO - {"timestamp": "2026-04-12T14:30:50.288290+00:00", "level": "INFO", "module": "db.connection", "message": "Transaction committed"}
[2026-04-12T14:30:50.288+0000] {connection.py:26} INFO - Transaction committed
[2026-04-12T14:30:50.288+0000] {logging_mixin.py:188} INFO - {"timestamp": "2026-04-12T14:30:50.288621+00:00", "level": "INFO", "module": "db.loaders.fx_loader", "message": "Loaded 3 FX pairs from fx_ke_20260412_135321.json"}
[2026-04-12T14:30:50.288+0000] {fx_loader.py:28} INFO - Loaded 3 FX pairs from fx_ke_20260412_135321.json
[2026-04-12T14:30:50.292+0000] {logging_mixin.py:188} INFO - {"timestamp": "2026-04-12T14:30:50.292053+00:00", "level": "INFO", "module": "db.connection", "message": "Transaction committed"}
[2026-04-12T14:30:50.292+0000] {connection.py:26} INFO - Transaction committed
[2026-04-12T14:30:50.292+0000] {logging_mixin.py:188} INFO - {"timestamp": "2026-04-12T14:30:50.292367+00:00", "level": "INFO", "module": "db.loaders.fx_loader", "message": "Staged FX: 1 USD = 129.210149 KES | 1 KES = 0.00773933 USD | ts=2026-04-12 13:00:20+00:00"}
[2026-04-12T14:30:50.292+0000] {fx_loader.py:55} INFO - Staged FX: 1 USD = 129.210149 KES | 1 KES = 0.00773933 USD | ts=2026-04-12 13:00:20+00:00
[2026-04-12T14:30:50.296+0000] {logging_mixin.py:188} INFO - {"timestamp": "2026-04-12T14:30:50.296121+00:00", "level": "INFO", "module": "db.connection", "message": "Transaction committed"}
[2026-04-12T14:30:50.296+0000] {connection.py:26} INFO - Transaction committed
[2026-04-12T14:30:50.296+0000] {logging_mixin.py:188} INFO - {"timestamp": "2026-04-12T14:30:50.296438+00:00", "level": "INFO", "module": "db.loaders.fx_loader", "message": "Loaded 3 FX pairs from fx_ke_20260412_142141.json"}
[2026-04-12T14:30:50.296+0000] {fx_loader.py:28} INFO - Loaded 3 FX pairs from fx_ke_20260412_142141.json
[2026-04-12T14:30:50.299+0000] {logging_mixin.py:188} INFO - {"timestamp": "2026-04-12T14:30:50.299734+00:00", "level": "INFO", "module": "db.connection", "message": "Transaction committed"}
[2026-04-12T14:30:50.299+0000] {connection.py:26} INFO - Transaction committed
[2026-04-12T14:30:50.300+0000] {logging_mixin.py:188} INFO - {"timestamp": "2026-04-12T14:30:50.300054+00:00", "level": "INFO", "module": "db.loaders.fx_loader", "message": "Staged FX: 1 USD = 129.210149 KES | 1 KES = 0.00773933 USD | ts=2026-04-12 14:00:15+00:00"}
[2026-04-12T14:30:50.300+0000] {fx_loader.py:55} INFO - Staged FX: 1 USD = 129.210149 KES | 1 KES = 0.00773933 USD | ts=2026-04-12 14:00:15+00:00
[2026-04-12T14:30:50.304+0000] {logging_mixin.py:188} INFO - {"timestamp": "2026-04-12T14:30:50.303989+00:00", "level": "INFO", "module": "db.connection", "message": "Transaction committed"}
[2026-04-12T14:30:50.303+0000] {connection.py:26} INFO - Transaction committed
[2026-04-12T14:30:50.304+0000] {logging_mixin.py:188} INFO - {"timestamp": "2026-04-12T14:30:50.304315+00:00", "level": "INFO", "module": "db.loaders.fx_loader", "message": "Loaded 3 FX pairs from fx_ke_20260412_142205.json"}
[2026-04-12T14:30:50.304+0000] {fx_loader.py:28} INFO - Loaded 3 FX pairs from fx_ke_20260412_142205.json
[2026-04-12T14:30:50.307+0000] {logging_mixin.py:188} INFO - {"timestamp": "2026-04-12T14:30:50.307545+00:00", "level": "INFO", "module": "db.connection", "message": "Transaction committed"}
[2026-04-12T14:30:50.307+0000] {connection.py:26} INFO - Transaction committed
[2026-04-12T14:30:50.307+0000] {logging_mixin.py:188} INFO - {"timestamp": "2026-04-12T14:30:50.307873+00:00", "level": "INFO", "module": "db.loaders.fx_loader", "message": "Staged FX: 1 USD = 129.210149 KES | 1 KES = 0.00773933 USD | ts=2026-04-12 14:00:15+00:00"}
[2026-04-12T14:30:50.307+0000] {fx_loader.py:55} INFO - Staged FX: 1 USD = 129.210149 KES | 1 KES = 0.00773933 USD | ts=2026-04-12 14:00:15+00:00
[2026-04-12T14:30:50.311+0000] {logging_mixin.py:188} INFO - {"timestamp": "2026-04-12T14:30:50.311451+00:00", "level": "INFO", "module": "db.connection", "message": "Transaction committed"}
[2026-04-12T14:30:50.311+0000] {connection.py:26} INFO - Transaction committed
[2026-04-12T14:30:50.311+0000] {logging_mixin.py:188} INFO - {"timestamp": "2026-04-12T14:30:50.311756+00:00", "level": "INFO", "module": "db.loaders.fx_loader", "message": "Loaded 3 FX pairs from fx_ke_20260412_143048.json"}
[2026-04-12T14:30:50.311+0000] {fx_loader.py:28} INFO - Loaded 3 FX pairs from fx_ke_20260412_143048.json
[2026-04-12T14:30:50.316+0000] {logging_mixin.py:188} INFO - {"timestamp": "2026-04-12T14:30:50.315999+00:00", "level": "INFO", "module": "db.connection", "message": "Transaction committed"}
[2026-04-12T14:30:50.315+0000] {connection.py:26} INFO - Transaction committed
[2026-04-12T14:30:50.316+0000] {logging_mixin.py:188} INFO - {"timestamp": "2026-04-12T14:30:50.316343+00:00", "level": "INFO", "module": "db.loaders.fx_loader", "message": "Staged FX: 1 USD = 129.210149 KES | 1 KES = 0.00773933 USD | ts=2026-04-12 14:00:15+00:00"}
[2026-04-12T14:30:50.316+0000] {fx_loader.py:55} INFO - Staged FX: 1 USD = 129.210149 KES | 1 KES = 0.00773933 USD | ts=2026-04-12 14:00:15+00:00
[2026-04-12T14:30:50.320+0000] {logging_mixin.py:188} INFO - {"timestamp": "2026-04-12T14:30:50.320034+00:00", "level": "INFO", "module": "db.connection", "message": "Transaction committed"}
[2026-04-12T14:30:50.320+0000] {connection.py:26} INFO - Transaction committed
[2026-04-12T14:30:50.320+0000] {logging_mixin.py:188} INFO - {"timestamp": "2026-04-12T14:30:50.320372+00:00", "level": "INFO", "module": "db.loaders.fx_loader", "message": "Loaded 3 FX pairs from fx_ke_20260412_143049.json"}
[2026-04-12T14:30:50.320+0000] {fx_loader.py:28} INFO - Loaded 3 FX pairs from fx_ke_20260412_143049.json
[2026-04-12T14:30:50.325+0000] {logging_mixin.py:188} INFO - {"timestamp": "2026-04-12T14:30:50.325118+00:00", "level": "INFO", "module": "db.connection", "message": "Transaction committed"}
[2026-04-12T14:30:50.325+0000] {connection.py:26} INFO - Transaction committed
[2026-04-12T14:30:50.326+0000] {logging_mixin.py:188} INFO - {"timestamp": "2026-04-12T14:30:50.326065+00:00", "level": "INFO", "module": "db.loaders.fx_loader", "message": "Staged FX: 1 USD = 129.210149 KES | 1 KES = 0.00773933 USD | ts=2026-04-12 14:00:15+00:00"}
[2026-04-12T14:30:50.326+0000] {fx_loader.py:55} INFO - Staged FX: 1 USD = 129.210149 KES | 1 KES = 0.00773933 USD | ts=2026-04-12 14:00:15+00:00
[2026-04-12T14:30:50.326+0000] {python.py:201} INFO - Done. Returned value was: None
[2026-04-12T14:30:50.335+0000] {taskinstance.py:1138} INFO - Marking task as SUCCESS. dag_id=kenya_econ_pipeline, task_id=load_to_postgres, execution_date=20260412T135315, start_date=20260412T143049, end_date=20260412T143050
[2026-04-12T14:30:50.345+0000] {local_task_job_runner.py:234} INFO - Task exited with return code 0
[2026-04-12T14:30:50.361+0000] {taskinstance.py:3280} INFO - 1 downstream tasks scheduled from follow-on schedule check
