[2026-04-12T13:58:22.870+0000] {taskinstance.py:1956} INFO - Dependencies all met for dep_context=non-requeueable deps ti=<TaskInstance: kenya_econ_pipeline.load_to_postgres manual__2026-04-12T13:53:15.137954+00:00 [queued]>
[2026-04-12T13:58:22.881+0000] {taskinstance.py:1956} INFO - Dependencies all met for dep_context=requeueable deps ti=<TaskInstance: kenya_econ_pipeline.load_to_postgres manual__2026-04-12T13:53:15.137954+00:00 [queued]>
[2026-04-12T13:58:22.882+0000] {taskinstance.py:2170} INFO - Starting attempt 2 of 4
[2026-04-12T13:58:22.892+0000] {taskinstance.py:2191} INFO - Executing <Task(PythonOperator): load_to_postgres> on 2026-04-12 13:53:15.137954+00:00
[2026-04-12T13:58:22.897+0000] {standard_task_runner.py:60} INFO - Started process 18011 to run task
[2026-04-12T13:58:22.900+0000] {standard_task_runner.py:87} INFO - Running: ['airflow', 'tasks', 'run', 'kenya_econ_pipeline', 'load_to_postgres', 'manual__2026-04-12T13:53:15.137954+00:00', '--job-id', '48', '--raw', '--subdir', 'DAGS_FOLDER/kenya_econ_dag.py', '--cfg-path', '/tmp/tmpeokgtzyq']
[2026-04-12T13:58:22.902+0000] {standard_task_runner.py:88} INFO - Job 48: Subtask load_to_postgres
[2026-04-12T13:58:22.950+0000] {task_command.py:423} INFO - Running <TaskInstance: kenya_econ_pipeline.load_to_postgres manual__2026-04-12T13:53:15.137954+00:00 [running]> on host 2f11af39ed07
[2026-04-12T13:58:23.003+0000] {taskinstance.py:2480} INFO - Exporting env vars: AIRFLOW_CTX_DAG_OWNER='samwel' AIRFLOW_CTX_DAG_ID='kenya_econ_pipeline' AIRFLOW_CTX_TASK_ID='load_to_postgres' AIRFLOW_CTX_EXECUTION_DATE='2026-04-12T13:53:15.137954+00:00' AIRFLOW_CTX_TRY_NUMBER='2' AIRFLOW_CTX_DAG_RUN_ID='manual__2026-04-12T13:53:15.137954+00:00'
[2026-04-12T13:58:23.037+0000] {logging_mixin.py:188} INFO - {"timestamp": "2026-04-12T13:58:23.037273+00:00", "level": "INFO", "module": "db.connection", "message": "Transaction committed"}
[2026-04-12T13:58:23.037+0000] {connection.py:26} INFO - Transaction committed
[2026-04-12T13:58:23.038+0000] {logging_mixin.py:188} INFO - {"timestamp": "2026-04-12T13:58:23.038035+00:00", "level": "INFO", "module": "db.loaders.worldbank_loader", "message": "Inserted 5 rows into raw.worldbank_gdp from gdp_ke_20260402.json"}
[2026-04-12T13:58:23.038+0000] {worldbank_loader.py:38} INFO - Inserted 5 rows into raw.worldbank_gdp from gdp_ke_20260402.json
[2026-04-12T13:58:23.042+0000] {logging_mixin.py:188} INFO - {"timestamp": "2026-04-12T13:58:23.042045+00:00", "level": "INFO", "module": "db.connection", "message": "Transaction committed"}
[2026-04-12T13:58:23.042+0000] {connection.py:26} INFO - Transaction committed
[2026-04-12T13:58:23.042+0000] {logging_mixin.py:188} INFO - {"timestamp": "2026-04-12T13:58:23.042332+00:00", "level": "INFO", "module": "db.loaders.worldbank_loader", "message": "Inserted 5 rows into raw.worldbank_gdp from gdp_ke_20260408.json"}
[2026-04-12T13:58:23.042+0000] {worldbank_loader.py:38} INFO - Inserted 5 rows into raw.worldbank_gdp from gdp_ke_20260408.json
[2026-04-12T13:58:23.046+0000] {logging_mixin.py:188} INFO - {"timestamp": "2026-04-12T13:58:23.046353+00:00", "level": "INFO", "module": "db.connection", "message": "Transaction committed"}
[2026-04-12T13:58:23.046+0000] {connection.py:26} INFO - Transaction committed
[2026-04-12T13:58:23.046+0000] {logging_mixin.py:188} INFO - {"timestamp": "2026-04-12T13:58:23.046632+00:00", "level": "INFO", "module": "db.loaders.worldbank_loader", "message": "Inserted 5 rows into raw.worldbank_gdp from gdp_ke_20260409.json"}
[2026-04-12T13:58:23.046+0000] {worldbank_loader.py:38} INFO - Inserted 5 rows into raw.worldbank_gdp from gdp_ke_20260409.json
[2026-04-12T13:58:23.050+0000] {logging_mixin.py:188} INFO - {"timestamp": "2026-04-12T13:58:23.050688+00:00", "level": "INFO", "module": "db.connection", "message": "Transaction committed"}
[2026-04-12T13:58:23.050+0000] {connection.py:26} INFO - Transaction committed
[2026-04-12T13:58:23.050+0000] {logging_mixin.py:188} INFO - {"timestamp": "2026-04-12T13:58:23.050955+00:00", "level": "INFO", "module": "db.loaders.worldbank_loader", "message": "Inserted 5 rows into raw.worldbank_gdp from gdp_ke_20260410.json"}
[2026-04-12T13:58:23.050+0000] {worldbank_loader.py:38} INFO - Inserted 5 rows into raw.worldbank_gdp from gdp_ke_20260410.json
[2026-04-12T13:58:23.055+0000] {logging_mixin.py:188} INFO - {"timestamp": "2026-04-12T13:58:23.055441+00:00", "level": "INFO", "module": "db.connection", "message": "Transaction committed"}
[2026-04-12T13:58:23.055+0000] {connection.py:26} INFO - Transaction committed
[2026-04-12T13:58:23.055+0000] {logging_mixin.py:188} INFO - {"timestamp": "2026-04-12T13:58:23.055682+00:00", "level": "INFO", "module": "db.loaders.worldbank_loader", "message": "Inserted 5 rows into raw.worldbank_gdp from gdp_ke_20260411.json"}
[2026-04-12T13:58:23.055+0000] {worldbank_loader.py:38} INFO - Inserted 5 rows into raw.worldbank_gdp from gdp_ke_20260411.json
[2026-04-12T13:58:23.059+0000] {logging_mixin.py:188} INFO - {"timestamp": "2026-04-12T13:58:23.059686+00:00", "level": "INFO", "module": "db.connection", "message": "Transaction committed"}
[2026-04-12T13:58:23.059+0000] {connection.py:26} INFO - Transaction committed
[2026-04-12T13:58:23.059+0000] {logging_mixin.py:188} INFO - {"timestamp": "2026-04-12T13:58:23.059924+00:00", "level": "INFO", "module": "db.loaders.worldbank_loader", "message": "Inserted 5 rows into raw.worldbank_gdp from gdp_ke_20260412.json"}
[2026-04-12T13:58:23.059+0000] {worldbank_loader.py:38} INFO - Inserted 5 rows into raw.worldbank_gdp from gdp_ke_20260412.json
[2026-04-12T13:58:23.064+0000] {logging_mixin.py:188} INFO - {"timestamp": "2026-04-12T13:58:23.064819+00:00", "level": "INFO", "module": "db.connection", "message": "Transaction committed"}
[2026-04-12T13:58:23.064+0000] {connection.py:26} INFO - Transaction committed
[2026-04-12T13:58:23.065+0000] {logging_mixin.py:188} INFO - {"timestamp": "2026-04-12T13:58:23.065088+00:00", "level": "INFO", "module": "db.loaders.worldbank_loader", "message": "Inserted 5 rows into raw.worldbank_inflation from inflation_ke_20260402.json"}
[2026-04-12T13:58:23.065+0000] {worldbank_loader.py:38} INFO - Inserted 5 rows into raw.worldbank_inflation from inflation_ke_20260402.json
[2026-04-12T13:58:23.068+0000] {logging_mixin.py:188} INFO - {"timestamp": "2026-04-12T13:58:23.068741+00:00", "level": "INFO", "module": "db.connection", "message": "Transaction committed"}
[2026-04-12T13:58:23.068+0000] {connection.py:26} INFO - Transaction committed
[2026-04-12T13:58:23.069+0000] {logging_mixin.py:188} INFO - {"timestamp": "2026-04-12T13:58:23.069019+00:00", "level": "INFO", "module": "db.loaders.worldbank_loader", "message": "Inserted 5 rows into raw.worldbank_inflation from inflation_ke_20260408.json"}
[2026-04-12T13:58:23.069+0000] {worldbank_loader.py:38} INFO - Inserted 5 rows into raw.worldbank_inflation from inflation_ke_20260408.json
[2026-04-12T13:58:23.073+0000] {logging_mixin.py:188} INFO - {"timestamp": "2026-04-12T13:58:23.073236+00:00", "level": "INFO", "module": "db.connection", "message": "Transaction committed"}
[2026-04-12T13:58:23.073+0000] {connection.py:26} INFO - Transaction committed
[2026-04-12T13:58:23.073+0000] {logging_mixin.py:188} INFO - {"timestamp": "2026-04-12T13:58:23.073475+00:00", "level": "INFO", "module": "db.loaders.worldbank_loader", "message": "Inserted 5 rows into raw.worldbank_inflation from inflation_ke_20260409.json"}
[2026-04-12T13:58:23.073+0000] {worldbank_loader.py:38} INFO - Inserted 5 rows into raw.worldbank_inflation from inflation_ke_20260409.json
[2026-04-12T13:58:23.077+0000] {logging_mixin.py:188} INFO - {"timestamp": "2026-04-12T13:58:23.077443+00:00", "level": "INFO", "module": "db.connection", "message": "Transaction committed"}
[2026-04-12T13:58:23.077+0000] {connection.py:26} INFO - Transaction committed
[2026-04-12T13:58:23.077+0000] {logging_mixin.py:188} INFO - {"timestamp": "2026-04-12T13:58:23.077688+00:00", "level": "INFO", "module": "db.loaders.worldbank_loader", "message": "Inserted 5 rows into raw.worldbank_inflation from inflation_ke_20260410.json"}
[2026-04-12T13:58:23.077+0000] {worldbank_loader.py:38} INFO - Inserted 5 rows into raw.worldbank_inflation from inflation_ke_20260410.json
[2026-04-12T13:58:23.081+0000] {logging_mixin.py:188} INFO - {"timestamp": "2026-04-12T13:58:23.081784+00:00", "level": "INFO", "module": "db.connection", "message": "Transaction committed"}
[2026-04-12T13:58:23.081+0000] {connection.py:26} INFO - Transaction committed
[2026-04-12T13:58:23.082+0000] {logging_mixin.py:188} INFO - {"timestamp": "2026-04-12T13:58:23.082078+00:00", "level": "INFO", "module": "db.loaders.worldbank_loader", "message": "Inserted 5 rows into raw.worldbank_inflation from inflation_ke_20260411.json"}
[2026-04-12T13:58:23.082+0000] {worldbank_loader.py:38} INFO - Inserted 5 rows into raw.worldbank_inflation from inflation_ke_20260411.json
[2026-04-12T13:58:23.086+0000] {logging_mixin.py:188} INFO - {"timestamp": "2026-04-12T13:58:23.086124+00:00", "level": "INFO", "module": "db.connection", "message": "Transaction committed"}
[2026-04-12T13:58:23.086+0000] {connection.py:26} INFO - Transaction committed
[2026-04-12T13:58:23.086+0000] {logging_mixin.py:188} INFO - {"timestamp": "2026-04-12T13:58:23.086448+00:00", "level": "INFO", "module": "db.loaders.worldbank_loader", "message": "Inserted 5 rows into raw.worldbank_inflation from inflation_ke_20260412.json"}
[2026-04-12T13:58:23.086+0000] {worldbank_loader.py:38} INFO - Inserted 5 rows into raw.worldbank_inflation from inflation_ke_20260412.json
[2026-04-12T13:58:23.095+0000] {logging_mixin.py:188} INFO - {"timestamp": "2026-04-12T13:58:23.095754+00:00", "level": "ERROR", "module": "db.connection", "message": "Transaction rolled back: duplicate key value violates unique constraint \"stg_worldbank_gdp_country_code_indicator_id_year_valid_from_key\"\nDETAIL:  Key (country_code, indicator_id, year, valid_from)=(KEN, NY.GDP.MKTP.CD, 2024, 2026-04-12 13:58:23.089702+00) already exists.\n"}
[2026-04-12T13:58:23.095+0000] {connection.py:29} ERROR - Transaction rolled back: duplicate key value violates unique constraint "stg_worldbank_gdp_country_code_indicator_id_year_valid_from_key"
DETAIL:  Key (country_code, indicator_id, year, valid_from)=(KEN, NY.GDP.MKTP.CD, 2024, 2026-04-12 13:58:23.089702+00) already exists.

[2026-04-12T13:58:23.096+0000] {taskinstance.py:2698} ERROR - Task failed with exception
Traceback (most recent call last):
  File "/home/airflow/.local/lib/python3.8/site-packages/airflow/models/taskinstance.py", line 433, in _execute_task
    result = execute_callable(context=context, **execute_callable_kwargs)
  File "/home/airflow/.local/lib/python3.8/site-packages/airflow/operators/python.py", line 199, in execute
    return_value = self.execute_callable()
  File "/home/airflow/.local/lib/python3.8/site-packages/airflow/operators/python.py", line 216, in execute_callable
    return self.python_callable(*self.op_args, **self.op_kwargs)
  File "/opt/airflow/dags/kenya_econ_dag.py", line 37, in run_loaders
    run_worldbank()
  File "/opt/airflow/db/loaders/worldbank_loader.py", line 94, in run
    load_to_staging_gdp()
  File "/opt/airflow/db/loaders/worldbank_loader.py", line 43, in load_to_staging_gdp
    cur.execute("""
psycopg2.errors.UniqueViolation: duplicate key value violates unique constraint "stg_worldbank_gdp_country_code_indicator_id_year_valid_from_key"
DETAIL:  Key (country_code, indicator_id, year, valid_from)=(KEN, NY.GDP.MKTP.CD, 2024, 2026-04-12 13:58:23.089702+00) already exists.

[2026-04-12T13:58:23.105+0000] {taskinstance.py:1138} INFO - Marking task as UP_FOR_RETRY. dag_id=kenya_econ_pipeline, task_id=load_to_postgres, execution_date=20260412T135315, start_date=20260412T135822, end_date=20260412T135823
[2026-04-12T13:58:23.114+0000] {standard_task_runner.py:107} ERROR - Failed to execute job 48 for task load_to_postgres (duplicate key value violates unique constraint "stg_worldbank_gdp_country_code_indicator_id_year_valid_from_key"
DETAIL:  Key (country_code, indicator_id, year, valid_from)=(KEN, NY.GDP.MKTP.CD, 2024, 2026-04-12 13:58:23.089702+00) already exists.
; 18011)
[2026-04-12T13:58:23.128+0000] {local_task_job_runner.py:234} INFO - Task exited with return code 1
[2026-04-12T13:58:23.145+0000] {taskinstance.py:3280} INFO - 0 downstream tasks scheduled from follow-on schedule check
