[2026-04-12T14:08:25.633+0000] {taskinstance.py:1956} INFO - Dependencies all met for dep_context=non-requeueable deps ti=<TaskInstance: kenya_econ_pipeline.load_to_postgres manual__2026-04-12T13:53:15.137954+00:00 [queued]>
[2026-04-12T14:08:25.641+0000] {taskinstance.py:1956} INFO - Dependencies all met for dep_context=requeueable deps ti=<TaskInstance: kenya_econ_pipeline.load_to_postgres manual__2026-04-12T13:53:15.137954+00:00 [queued]>
[2026-04-12T14:08:25.642+0000] {taskinstance.py:2170} INFO - Starting attempt 4 of 4
[2026-04-12T14:08:25.655+0000] {taskinstance.py:2191} INFO - Executing <Task(PythonOperator): load_to_postgres> on 2026-04-12 13:53:15.137954+00:00
[2026-04-12T14:08:25.662+0000] {standard_task_runner.py:60} INFO - Started process 18112 to run task
[2026-04-12T14:08:25.669+0000] {standard_task_runner.py:87} INFO - Running: ['airflow', 'tasks', 'run', 'kenya_econ_pipeline', 'load_to_postgres', 'manual__2026-04-12T13:53:15.137954+00:00', '--job-id', '50', '--raw', '--subdir', 'DAGS_FOLDER/kenya_econ_dag.py', '--cfg-path', '/tmp/tmp9xj4rxqm']
[2026-04-12T14:08:25.680+0000] {standard_task_runner.py:88} INFO - Job 50: Subtask load_to_postgres
[2026-04-12T14:08:25.748+0000] {task_command.py:423} INFO - Running <TaskInstance: kenya_econ_pipeline.load_to_postgres manual__2026-04-12T13:53:15.137954+00:00 [running]> on host 2f11af39ed07
[2026-04-12T14:08:25.824+0000] {taskinstance.py:2480} INFO - Exporting env vars: AIRFLOW_CTX_DAG_OWNER='samwel' AIRFLOW_CTX_DAG_ID='kenya_econ_pipeline' AIRFLOW_CTX_TASK_ID='load_to_postgres' AIRFLOW_CTX_EXECUTION_DATE='2026-04-12T13:53:15.137954+00:00' AIRFLOW_CTX_TRY_NUMBER='4' AIRFLOW_CTX_DAG_RUN_ID='manual__2026-04-12T13:53:15.137954+00:00'
[2026-04-12T14:08:25.872+0000] {logging_mixin.py:188} INFO - {"timestamp": "2026-04-12T14:08:25.871746+00:00", "level": "INFO", "module": "db.connection", "message": "Transaction committed"}
[2026-04-12T14:08:25.871+0000] {connection.py:26} INFO - Transaction committed
[2026-04-12T14:08:25.872+0000] {logging_mixin.py:188} INFO - {"timestamp": "2026-04-12T14:08:25.872610+00:00", "level": "INFO", "module": "db.loaders.worldbank_loader", "message": "Inserted 5 rows into raw.worldbank_gdp from gdp_ke_20260402.json"}
[2026-04-12T14:08:25.872+0000] {worldbank_loader.py:38} INFO - Inserted 5 rows into raw.worldbank_gdp from gdp_ke_20260402.json
[2026-04-12T14:08:25.877+0000] {logging_mixin.py:188} INFO - {"timestamp": "2026-04-12T14:08:25.877492+00:00", "level": "INFO", "module": "db.connection", "message": "Transaction committed"}
[2026-04-12T14:08:25.877+0000] {connection.py:26} INFO - Transaction committed
[2026-04-12T14:08:25.877+0000] {logging_mixin.py:188} INFO - {"timestamp": "2026-04-12T14:08:25.877900+00:00", "level": "INFO", "module": "db.loaders.worldbank_loader", "message": "Inserted 5 rows into raw.worldbank_gdp from gdp_ke_20260408.json"}
[2026-04-12T14:08:25.877+0000] {worldbank_loader.py:38} INFO - Inserted 5 rows into raw.worldbank_gdp from gdp_ke_20260408.json
[2026-04-12T14:08:25.884+0000] {logging_mixin.py:188} INFO - {"timestamp": "2026-04-12T14:08:25.884001+00:00", "level": "INFO", "module": "db.connection", "message": "Transaction committed"}
[2026-04-12T14:08:25.883+0000] {connection.py:26} INFO - Transaction committed
[2026-04-12T14:08:25.884+0000] {logging_mixin.py:188} INFO - {"timestamp": "2026-04-12T14:08:25.884329+00:00", "level": "INFO", "module": "db.loaders.worldbank_loader", "message": "Inserted 5 rows into raw.worldbank_gdp from gdp_ke_20260409.json"}
[2026-04-12T14:08:25.884+0000] {worldbank_loader.py:38} INFO - Inserted 5 rows into raw.worldbank_gdp from gdp_ke_20260409.json
[2026-04-12T14:08:25.889+0000] {logging_mixin.py:188} INFO - {"timestamp": "2026-04-12T14:08:25.889282+00:00", "level": "INFO", "module": "db.connection", "message": "Transaction committed"}
[2026-04-12T14:08:25.889+0000] {connection.py:26} INFO - Transaction committed
[2026-04-12T14:08:25.889+0000] {logging_mixin.py:188} INFO - {"timestamp": "2026-04-12T14:08:25.889593+00:00", "level": "INFO", "module": "db.loaders.worldbank_loader", "message": "Inserted 5 rows into raw.worldbank_gdp from gdp_ke_20260410.json"}
[2026-04-12T14:08:25.889+0000] {worldbank_loader.py:38} INFO - Inserted 5 rows into raw.worldbank_gdp from gdp_ke_20260410.json
[2026-04-12T14:08:25.894+0000] {logging_mixin.py:188} INFO - {"timestamp": "2026-04-12T14:08:25.894623+00:00", "level": "INFO", "module": "db.connection", "message": "Transaction committed"}
[2026-04-12T14:08:25.894+0000] {connection.py:26} INFO - Transaction committed
[2026-04-12T14:08:25.894+0000] {logging_mixin.py:188} INFO - {"timestamp": "2026-04-12T14:08:25.894951+00:00", "level": "INFO", "module": "db.loaders.worldbank_loader", "message": "Inserted 5 rows into raw.worldbank_gdp from gdp_ke_20260411.json"}
[2026-04-12T14:08:25.894+0000] {worldbank_loader.py:38} INFO - Inserted 5 rows into raw.worldbank_gdp from gdp_ke_20260411.json
[2026-04-12T14:08:25.899+0000] {logging_mixin.py:188} INFO - {"timestamp": "2026-04-12T14:08:25.899601+00:00", "level": "INFO", "module": "db.connection", "message": "Transaction committed"}
[2026-04-12T14:08:25.899+0000] {connection.py:26} INFO - Transaction committed
[2026-04-12T14:08:25.899+0000] {logging_mixin.py:188} INFO - {"timestamp": "2026-04-12T14:08:25.899896+00:00", "level": "INFO", "module": "db.loaders.worldbank_loader", "message": "Inserted 5 rows into raw.worldbank_gdp from gdp_ke_20260412.json"}
[2026-04-12T14:08:25.899+0000] {worldbank_loader.py:38} INFO - Inserted 5 rows into raw.worldbank_gdp from gdp_ke_20260412.json
[2026-04-12T14:08:25.904+0000] {logging_mixin.py:188} INFO - {"timestamp": "2026-04-12T14:08:25.904711+00:00", "level": "INFO", "module": "db.connection", "message": "Transaction committed"}
[2026-04-12T14:08:25.904+0000] {connection.py:26} INFO - Transaction committed
[2026-04-12T14:08:25.905+0000] {logging_mixin.py:188} INFO - {"timestamp": "2026-04-12T14:08:25.905021+00:00", "level": "INFO", "module": "db.loaders.worldbank_loader", "message": "Inserted 5 rows into raw.worldbank_inflation from inflation_ke_20260402.json"}
[2026-04-12T14:08:25.905+0000] {worldbank_loader.py:38} INFO - Inserted 5 rows into raw.worldbank_inflation from inflation_ke_20260402.json
[2026-04-12T14:08:25.909+0000] {logging_mixin.py:188} INFO - {"timestamp": "2026-04-12T14:08:25.909805+00:00", "level": "INFO", "module": "db.connection", "message": "Transaction committed"}
[2026-04-12T14:08:25.909+0000] {connection.py:26} INFO - Transaction committed
[2026-04-12T14:08:25.910+0000] {logging_mixin.py:188} INFO - {"timestamp": "2026-04-12T14:08:25.910092+00:00", "level": "INFO", "module": "db.loaders.worldbank_loader", "message": "Inserted 5 rows into raw.worldbank_inflation from inflation_ke_20260408.json"}
[2026-04-12T14:08:25.910+0000] {worldbank_loader.py:38} INFO - Inserted 5 rows into raw.worldbank_inflation from inflation_ke_20260408.json
[2026-04-12T14:08:25.914+0000] {logging_mixin.py:188} INFO - {"timestamp": "2026-04-12T14:08:25.914317+00:00", "level": "INFO", "module": "db.connection", "message": "Transaction committed"}
[2026-04-12T14:08:25.914+0000] {connection.py:26} INFO - Transaction committed
[2026-04-12T14:08:25.914+0000] {logging_mixin.py:188} INFO - {"timestamp": "2026-04-12T14:08:25.914621+00:00", "level": "INFO", "module": "db.loaders.worldbank_loader", "message": "Inserted 5 rows into raw.worldbank_inflation from inflation_ke_20260409.json"}
[2026-04-12T14:08:25.914+0000] {worldbank_loader.py:38} INFO - Inserted 5 rows into raw.worldbank_inflation from inflation_ke_20260409.json
[2026-04-12T14:08:25.919+0000] {logging_mixin.py:188} INFO - {"timestamp": "2026-04-12T14:08:25.919855+00:00", "level": "INFO", "module": "db.connection", "message": "Transaction committed"}
[2026-04-12T14:08:25.919+0000] {connection.py:26} INFO - Transaction committed
[2026-04-12T14:08:25.920+0000] {logging_mixin.py:188} INFO - {"timestamp": "2026-04-12T14:08:25.920155+00:00", "level": "INFO", "module": "db.loaders.worldbank_loader", "message": "Inserted 5 rows into raw.worldbank_inflation from inflation_ke_20260410.json"}
[2026-04-12T14:08:25.920+0000] {worldbank_loader.py:38} INFO - Inserted 5 rows into raw.worldbank_inflation from inflation_ke_20260410.json
[2026-04-12T14:08:25.924+0000] {logging_mixin.py:188} INFO - {"timestamp": "2026-04-12T14:08:25.924584+00:00", "level": "INFO", "module": "db.connection", "message": "Transaction committed"}
[2026-04-12T14:08:25.924+0000] {connection.py:26} INFO - Transaction committed
[2026-04-12T14:08:25.924+0000] {logging_mixin.py:188} INFO - {"timestamp": "2026-04-12T14:08:25.924888+00:00", "level": "INFO", "module": "db.loaders.worldbank_loader", "message": "Inserted 5 rows into raw.worldbank_inflation from inflation_ke_20260411.json"}
[2026-04-12T14:08:25.924+0000] {worldbank_loader.py:38} INFO - Inserted 5 rows into raw.worldbank_inflation from inflation_ke_20260411.json
[2026-04-12T14:08:25.929+0000] {logging_mixin.py:188} INFO - {"timestamp": "2026-04-12T14:08:25.929727+00:00", "level": "INFO", "module": "db.connection", "message": "Transaction committed"}
[2026-04-12T14:08:25.929+0000] {connection.py:26} INFO - Transaction committed
[2026-04-12T14:08:25.930+0000] {logging_mixin.py:188} INFO - {"timestamp": "2026-04-12T14:08:25.930147+00:00", "level": "INFO", "module": "db.loaders.worldbank_loader", "message": "Inserted 5 rows into raw.worldbank_inflation from inflation_ke_20260412.json"}
[2026-04-12T14:08:25.930+0000] {worldbank_loader.py:38} INFO - Inserted 5 rows into raw.worldbank_inflation from inflation_ke_20260412.json
[2026-04-12T14:08:25.945+0000] {logging_mixin.py:188} INFO - {"timestamp": "2026-04-12T14:08:25.945041+00:00", "level": "ERROR", "module": "db.connection", "message": "Transaction rolled back: duplicate key value violates unique constraint \"stg_worldbank_gdp_country_code_indicator_id_year_valid_from_key\"\nDETAIL:  Key (country_code, indicator_id, year, valid_from)=(KEN, NY.GDP.MKTP.CD, 2024, 2026-04-12 14:08:25.938005+00) already exists.\n"}
[2026-04-12T14:08:25.944+0000] {connection.py:29} ERROR - Transaction rolled back: duplicate key value violates unique constraint "stg_worldbank_gdp_country_code_indicator_id_year_valid_from_key"
DETAIL:  Key (country_code, indicator_id, year, valid_from)=(KEN, NY.GDP.MKTP.CD, 2024, 2026-04-12 14:08:25.938005+00) already exists.

[2026-04-12T14:08:25.951+0000] {taskinstance.py:2698} ERROR - Task failed with exception
Traceback (most recent call last):
  File "/home/airflow/.local/lib/python3.8/site-packages/airflow/models/taskinstance.py", line 433, in _execute_task
    result = execute_callable(context=context, **execute_callable_kwargs)
  File "/home/airflow/.local/lib/python3.8/site-packages/airflow/operators/python.py", line 199, in execute
    return_value = self.execute_callable()
  File "/home/airflow/.local/lib/python3.8/site-packages/airflow/operators/python.py", line 216, in execute_callable
    return self.python_callable(*self.op_args, **self.op_kwargs)
  File "/opt/airflow/dags/kenya_econ_dag.py", line 37, in run_loaders
    run_worldbank()
  File "/opt/airflow/db/loaders/worldbank_loader.py", line 94, in run
    load_to_staging_gdp()
  File "/opt/airflow/db/loaders/worldbank_loader.py", line 43, in load_to_staging_gdp
    cur.execute("""
psycopg2.errors.UniqueViolation: duplicate key value violates unique constraint "stg_worldbank_gdp_country_code_indicator_id_year_valid_from_key"
DETAIL:  Key (country_code, indicator_id, year, valid_from)=(KEN, NY.GDP.MKTP.CD, 2024, 2026-04-12 14:08:25.938005+00) already exists.

[2026-04-12T14:08:25.973+0000] {taskinstance.py:1138} INFO - Marking task as FAILED. dag_id=kenya_econ_pipeline, task_id=load_to_postgres, execution_date=20260412T135315, start_date=20260412T140825, end_date=20260412T140825
[2026-04-12T14:08:25.990+0000] {standard_task_runner.py:107} ERROR - Failed to execute job 50 for task load_to_postgres (duplicate key value violates unique constraint "stg_worldbank_gdp_country_code_indicator_id_year_valid_from_key"
DETAIL:  Key (country_code, indicator_id, year, valid_from)=(KEN, NY.GDP.MKTP.CD, 2024, 2026-04-12 14:08:25.938005+00) already exists.
; 18112)
[2026-04-12T14:08:26.019+0000] {local_task_job_runner.py:234} INFO - Task exited with return code 1
[2026-04-12T14:08:26.036+0000] {taskinstance.py:3280} INFO - 0 downstream tasks scheduled from follow-on schedule check
