[2026-04-12T13:53:22.051+0000] {taskinstance.py:1956} INFO - Dependencies all met for dep_context=non-requeueable deps ti=<TaskInstance: kenya_econ_pipeline.load_to_postgres manual__2026-04-12T13:53:15.137954+00:00 [queued]>
[2026-04-12T13:53:22.058+0000] {taskinstance.py:1956} INFO - Dependencies all met for dep_context=requeueable deps ti=<TaskInstance: kenya_econ_pipeline.load_to_postgres manual__2026-04-12T13:53:15.137954+00:00 [queued]>
[2026-04-12T13:53:22.058+0000] {taskinstance.py:2170} INFO - Starting attempt 1 of 4
[2026-04-12T13:53:22.069+0000] {taskinstance.py:2191} INFO - Executing <Task(PythonOperator): load_to_postgres> on 2026-04-12 13:53:15.137954+00:00
[2026-04-12T13:53:22.075+0000] {standard_task_runner.py:60} INFO - Started process 17959 to run task
[2026-04-12T13:53:22.080+0000] {standard_task_runner.py:87} INFO - Running: ['airflow', 'tasks', 'run', 'kenya_econ_pipeline', 'load_to_postgres', 'manual__2026-04-12T13:53:15.137954+00:00', '--job-id', '47', '--raw', '--subdir', 'DAGS_FOLDER/kenya_econ_dag.py', '--cfg-path', '/tmp/tmpl0oiraby']
[2026-04-12T13:53:22.085+0000] {standard_task_runner.py:88} INFO - Job 47: Subtask load_to_postgres
[2026-04-12T13:53:22.169+0000] {task_command.py:423} INFO - Running <TaskInstance: kenya_econ_pipeline.load_to_postgres manual__2026-04-12T13:53:15.137954+00:00 [running]> on host 2f11af39ed07
[2026-04-12T13:53:22.231+0000] {taskinstance.py:2480} INFO - Exporting env vars: AIRFLOW_CTX_DAG_OWNER='samwel' AIRFLOW_CTX_DAG_ID='kenya_econ_pipeline' AIRFLOW_CTX_TASK_ID='load_to_postgres' AIRFLOW_CTX_EXECUTION_DATE='2026-04-12T13:53:15.137954+00:00' AIRFLOW_CTX_TRY_NUMBER='1' AIRFLOW_CTX_DAG_RUN_ID='manual__2026-04-12T13:53:15.137954+00:00'
[2026-04-12T13:53:22.281+0000] {logging_mixin.py:188} INFO - {"timestamp": "2026-04-12T13:53:22.280986+00:00", "level": "INFO", "module": "db.connection", "message": "Transaction committed"}
[2026-04-12T13:53:22.280+0000] {connection.py:26} INFO - Transaction committed
[2026-04-12T13:53:22.281+0000] {logging_mixin.py:188} INFO - {"timestamp": "2026-04-12T13:53:22.281589+00:00", "level": "INFO", "module": "db.loaders.worldbank_loader", "message": "Inserted 5 rows into raw.worldbank_gdp from gdp_ke_20260402.json"}
[2026-04-12T13:53:22.281+0000] {worldbank_loader.py:38} INFO - Inserted 5 rows into raw.worldbank_gdp from gdp_ke_20260402.json
[2026-04-12T13:53:22.287+0000] {logging_mixin.py:188} INFO - {"timestamp": "2026-04-12T13:53:22.287664+00:00", "level": "INFO", "module": "db.connection", "message": "Transaction committed"}
[2026-04-12T13:53:22.287+0000] {connection.py:26} INFO - Transaction committed
[2026-04-12T13:53:22.288+0000] {logging_mixin.py:188} INFO - {"timestamp": "2026-04-12T13:53:22.288001+00:00", "level": "INFO", "module": "db.loaders.worldbank_loader", "message": "Inserted 5 rows into raw.worldbank_gdp from gdp_ke_20260408.json"}
[2026-04-12T13:53:22.287+0000] {worldbank_loader.py:38} INFO - Inserted 5 rows into raw.worldbank_gdp from gdp_ke_20260408.json
[2026-04-12T13:53:22.293+0000] {logging_mixin.py:188} INFO - {"timestamp": "2026-04-12T13:53:22.293880+00:00", "level": "INFO", "module": "db.connection", "message": "Transaction committed"}
[2026-04-12T13:53:22.293+0000] {connection.py:26} INFO - Transaction committed
[2026-04-12T13:53:22.294+0000] {logging_mixin.py:188} INFO - {"timestamp": "2026-04-12T13:53:22.294270+00:00", "level": "INFO", "module": "db.loaders.worldbank_loader", "message": "Inserted 5 rows into raw.worldbank_gdp from gdp_ke_20260409.json"}
[2026-04-12T13:53:22.294+0000] {worldbank_loader.py:38} INFO - Inserted 5 rows into raw.worldbank_gdp from gdp_ke_20260409.json
[2026-04-12T13:53:22.298+0000] {logging_mixin.py:188} INFO - {"timestamp": "2026-04-12T13:53:22.298543+00:00", "level": "INFO", "module": "db.connection", "message": "Transaction committed"}
[2026-04-12T13:53:22.298+0000] {connection.py:26} INFO - Transaction committed
[2026-04-12T13:53:22.298+0000] {logging_mixin.py:188} INFO - {"timestamp": "2026-04-12T13:53:22.298880+00:00", "level": "INFO", "module": "db.loaders.worldbank_loader", "message": "Inserted 5 rows into raw.worldbank_gdp from gdp_ke_20260410.json"}
[2026-04-12T13:53:22.298+0000] {worldbank_loader.py:38} INFO - Inserted 5 rows into raw.worldbank_gdp from gdp_ke_20260410.json
[2026-04-12T13:53:22.303+0000] {logging_mixin.py:188} INFO - {"timestamp": "2026-04-12T13:53:22.303607+00:00", "level": "INFO", "module": "db.connection", "message": "Transaction committed"}
[2026-04-12T13:53:22.303+0000] {connection.py:26} INFO - Transaction committed
[2026-04-12T13:53:22.303+0000] {logging_mixin.py:188} INFO - {"timestamp": "2026-04-12T13:53:22.303922+00:00", "level": "INFO", "module": "db.loaders.worldbank_loader", "message": "Inserted 5 rows into raw.worldbank_gdp from gdp_ke_20260411.json"}
[2026-04-12T13:53:22.303+0000] {worldbank_loader.py:38} INFO - Inserted 5 rows into raw.worldbank_gdp from gdp_ke_20260411.json
[2026-04-12T13:53:22.307+0000] {logging_mixin.py:188} INFO - {"timestamp": "2026-04-12T13:53:22.307707+00:00", "level": "INFO", "module": "db.connection", "message": "Transaction committed"}
[2026-04-12T13:53:22.307+0000] {connection.py:26} INFO - Transaction committed
[2026-04-12T13:53:22.308+0000] {logging_mixin.py:188} INFO - {"timestamp": "2026-04-12T13:53:22.308044+00:00", "level": "INFO", "module": "db.loaders.worldbank_loader", "message": "Inserted 5 rows into raw.worldbank_gdp from gdp_ke_20260412.json"}
[2026-04-12T13:53:22.308+0000] {worldbank_loader.py:38} INFO - Inserted 5 rows into raw.worldbank_gdp from gdp_ke_20260412.json
[2026-04-12T13:53:22.312+0000] {logging_mixin.py:188} INFO - {"timestamp": "2026-04-12T13:53:22.312597+00:00", "level": "INFO", "module": "db.connection", "message": "Transaction committed"}
[2026-04-12T13:53:22.312+0000] {connection.py:26} INFO - Transaction committed
[2026-04-12T13:53:22.312+0000] {logging_mixin.py:188} INFO - {"timestamp": "2026-04-12T13:53:22.312899+00:00", "level": "INFO", "module": "db.loaders.worldbank_loader", "message": "Inserted 5 rows into raw.worldbank_inflation from inflation_ke_20260402.json"}
[2026-04-12T13:53:22.312+0000] {worldbank_loader.py:38} INFO - Inserted 5 rows into raw.worldbank_inflation from inflation_ke_20260402.json
[2026-04-12T13:53:22.316+0000] {logging_mixin.py:188} INFO - {"timestamp": "2026-04-12T13:53:22.316774+00:00", "level": "INFO", "module": "db.connection", "message": "Transaction committed"}
[2026-04-12T13:53:22.316+0000] {connection.py:26} INFO - Transaction committed
[2026-04-12T13:53:22.317+0000] {logging_mixin.py:188} INFO - {"timestamp": "2026-04-12T13:53:22.317054+00:00", "level": "INFO", "module": "db.loaders.worldbank_loader", "message": "Inserted 5 rows into raw.worldbank_inflation from inflation_ke_20260408.json"}
[2026-04-12T13:53:22.317+0000] {worldbank_loader.py:38} INFO - Inserted 5 rows into raw.worldbank_inflation from inflation_ke_20260408.json
[2026-04-12T13:53:22.325+0000] {logging_mixin.py:188} INFO - {"timestamp": "2026-04-12T13:53:22.325834+00:00", "level": "INFO", "module": "db.connection", "message": "Transaction committed"}
[2026-04-12T13:53:22.325+0000] {connection.py:26} INFO - Transaction committed
[2026-04-12T13:53:22.326+0000] {logging_mixin.py:188} INFO - {"timestamp": "2026-04-12T13:53:22.326921+00:00", "level": "INFO", "module": "db.loaders.worldbank_loader", "message": "Inserted 5 rows into raw.worldbank_inflation from inflation_ke_20260409.json"}
[2026-04-12T13:53:22.326+0000] {worldbank_loader.py:38} INFO - Inserted 5 rows into raw.worldbank_inflation from inflation_ke_20260409.json
[2026-04-12T13:53:22.333+0000] {logging_mixin.py:188} INFO - {"timestamp": "2026-04-12T13:53:22.333802+00:00", "level": "INFO", "module": "db.connection", "message": "Transaction committed"}
[2026-04-12T13:53:22.333+0000] {connection.py:26} INFO - Transaction committed
[2026-04-12T13:53:22.334+0000] {logging_mixin.py:188} INFO - {"timestamp": "2026-04-12T13:53:22.334168+00:00", "level": "INFO", "module": "db.loaders.worldbank_loader", "message": "Inserted 5 rows into raw.worldbank_inflation from inflation_ke_20260410.json"}
[2026-04-12T13:53:22.334+0000] {worldbank_loader.py:38} INFO - Inserted 5 rows into raw.worldbank_inflation from inflation_ke_20260410.json
[2026-04-12T13:53:22.338+0000] {logging_mixin.py:188} INFO - {"timestamp": "2026-04-12T13:53:22.338369+00:00", "level": "INFO", "module": "db.connection", "message": "Transaction committed"}
[2026-04-12T13:53:22.338+0000] {connection.py:26} INFO - Transaction committed
[2026-04-12T13:53:22.338+0000] {logging_mixin.py:188} INFO - {"timestamp": "2026-04-12T13:53:22.338769+00:00", "level": "INFO", "module": "db.loaders.worldbank_loader", "message": "Inserted 5 rows into raw.worldbank_inflation from inflation_ke_20260411.json"}
[2026-04-12T13:53:22.338+0000] {worldbank_loader.py:38} INFO - Inserted 5 rows into raw.worldbank_inflation from inflation_ke_20260411.json
[2026-04-12T13:53:22.342+0000] {logging_mixin.py:188} INFO - {"timestamp": "2026-04-12T13:53:22.342474+00:00", "level": "INFO", "module": "db.connection", "message": "Transaction committed"}
[2026-04-12T13:53:22.342+0000] {connection.py:26} INFO - Transaction committed
[2026-04-12T13:53:22.342+0000] {logging_mixin.py:188} INFO - {"timestamp": "2026-04-12T13:53:22.342741+00:00", "level": "INFO", "module": "db.loaders.worldbank_loader", "message": "Inserted 5 rows into raw.worldbank_inflation from inflation_ke_20260412.json"}
[2026-04-12T13:53:22.342+0000] {worldbank_loader.py:38} INFO - Inserted 5 rows into raw.worldbank_inflation from inflation_ke_20260412.json
[2026-04-12T13:53:22.347+0000] {logging_mixin.py:188} INFO - {"timestamp": "2026-04-12T13:53:22.347130+00:00", "level": "ERROR", "module": "db.connection", "message": "Transaction rolled back: duplicate key value violates unique constraint \"stg_worldbank_gdp_country_code_indicator_id_year_valid_from_key\"\nDETAIL:  Key (country_code, indicator_id, year, valid_from)=(KEN, NY.GDP.MKTP.CD, 2024, 2026-04-12 13:53:22.345332+00) already exists.\n"}
[2026-04-12T13:53:22.347+0000] {connection.py:29} ERROR - Transaction rolled back: duplicate key value violates unique constraint "stg_worldbank_gdp_country_code_indicator_id_year_valid_from_key"
DETAIL:  Key (country_code, indicator_id, year, valid_from)=(KEN, NY.GDP.MKTP.CD, 2024, 2026-04-12 13:53:22.345332+00) already exists.

[2026-04-12T13:53:22.347+0000] {taskinstance.py:2698} ERROR - Task failed with exception
Traceback (most recent call last):
  File "/home/airflow/.local/lib/python3.8/site-packages/airflow/models/taskinstance.py", line 433, in _execute_task
    result = execute_callable(context=context, **execute_callable_kwargs)
  File "/home/airflow/.local/lib/python3.8/site-packages/airflow/operators/python.py", line 199, in execute
    return_value = self.execute_callable()
  File "/home/airflow/.local/lib/python3.8/site-packages/airflow/operators/python.py", line 216, in execute_callable
    return self.python_callable(*self.op_args, **self.op_kwargs)
  File "/opt/airflow/dags/kenya_econ_dag.py", line 37, in run_loaders
    run_worldbank()
  File "/opt/airflow/db/loaders/worldbank_loader.py", line 94, in run
    load_to_staging_gdp()
  File "/opt/airflow/db/loaders/worldbank_loader.py", line 43, in load_to_staging_gdp
    cur.execute("""
psycopg2.errors.UniqueViolation: duplicate key value violates unique constraint "stg_worldbank_gdp_country_code_indicator_id_year_valid_from_key"
DETAIL:  Key (country_code, indicator_id, year, valid_from)=(KEN, NY.GDP.MKTP.CD, 2024, 2026-04-12 13:53:22.345332+00) already exists.

[2026-04-12T13:53:22.355+0000] {taskinstance.py:1138} INFO - Marking task as UP_FOR_RETRY. dag_id=kenya_econ_pipeline, task_id=load_to_postgres, execution_date=20260412T135315, start_date=20260412T135322, end_date=20260412T135322
[2026-04-12T13:53:22.365+0000] {standard_task_runner.py:107} ERROR - Failed to execute job 47 for task load_to_postgres (duplicate key value violates unique constraint "stg_worldbank_gdp_country_code_indicator_id_year_valid_from_key"
DETAIL:  Key (country_code, indicator_id, year, valid_from)=(KEN, NY.GDP.MKTP.CD, 2024, 2026-04-12 13:53:22.345332+00) already exists.
; 17959)
[2026-04-12T13:53:22.390+0000] {local_task_job_runner.py:234} INFO - Task exited with return code 1
[2026-04-12T13:53:22.415+0000] {taskinstance.py:3280} INFO - 0 downstream tasks scheduled from follow-on schedule check
