[2026-04-12T14:21:43.762+0000] {taskinstance.py:1956} INFO - Dependencies all met for dep_context=non-requeueable deps ti=<TaskInstance: kenya_econ_pipeline.load_to_postgres manual__2026-04-12T13:53:15.137954+00:00 [queued]>
[2026-04-12T14:21:43.769+0000] {taskinstance.py:1956} INFO - Dependencies all met for dep_context=requeueable deps ti=<TaskInstance: kenya_econ_pipeline.load_to_postgres manual__2026-04-12T13:53:15.137954+00:00 [queued]>
[2026-04-12T14:21:43.770+0000] {taskinstance.py:2170} INFO - Starting attempt 5 of 8
[2026-04-12T14:21:43.784+0000] {taskinstance.py:2191} INFO - Executing <Task(PythonOperator): load_to_postgres> on 2026-04-12 13:53:15.137954+00:00
[2026-04-12T14:21:43.789+0000] {standard_task_runner.py:60} INFO - Started process 18270 to run task
[2026-04-12T14:21:43.792+0000] {standard_task_runner.py:87} INFO - Running: ['airflow', 'tasks', 'run', 'kenya_econ_pipeline', 'load_to_postgres', 'manual__2026-04-12T13:53:15.137954+00:00', '--job-id', '57', '--raw', '--subdir', 'DAGS_FOLDER/kenya_econ_dag.py', '--cfg-path', '/tmp/tmplzdxftb2']
[2026-04-12T14:21:43.796+0000] {standard_task_runner.py:88} INFO - Job 57: Subtask load_to_postgres
[2026-04-12T14:21:43.859+0000] {task_command.py:423} INFO - Running <TaskInstance: kenya_econ_pipeline.load_to_postgres manual__2026-04-12T13:53:15.137954+00:00 [running]> on host 2f11af39ed07
[2026-04-12T14:21:44.001+0000] {taskinstance.py:2480} INFO - Exporting env vars: AIRFLOW_CTX_DAG_OWNER='samwel' AIRFLOW_CTX_DAG_ID='kenya_econ_pipeline' AIRFLOW_CTX_TASK_ID='load_to_postgres' AIRFLOW_CTX_EXECUTION_DATE='2026-04-12T13:53:15.137954+00:00' AIRFLOW_CTX_TRY_NUMBER='5' AIRFLOW_CTX_DAG_RUN_ID='manual__2026-04-12T13:53:15.137954+00:00'
[2026-04-12T14:21:44.069+0000] {logging_mixin.py:188} INFO - {"timestamp": "2026-04-12T14:21:44.069719+00:00", "level": "INFO", "module": "db.connection", "message": "Transaction committed"}
[2026-04-12T14:21:44.069+0000] {connection.py:26} INFO - Transaction committed
[2026-04-12T14:21:44.070+0000] {logging_mixin.py:188} INFO - {"timestamp": "2026-04-12T14:21:44.070312+00:00", "level": "INFO", "module": "db.loaders.worldbank_loader", "message": "Inserted 5 rows into raw.worldbank_gdp from gdp_ke_20260402.json"}
[2026-04-12T14:21:44.070+0000] {worldbank_loader.py:38} INFO - Inserted 5 rows into raw.worldbank_gdp from gdp_ke_20260402.json
[2026-04-12T14:21:44.077+0000] {logging_mixin.py:188} INFO - {"timestamp": "2026-04-12T14:21:44.077302+00:00", "level": "INFO", "module": "db.connection", "message": "Transaction committed"}
[2026-04-12T14:21:44.077+0000] {connection.py:26} INFO - Transaction committed
[2026-04-12T14:21:44.077+0000] {logging_mixin.py:188} INFO - {"timestamp": "2026-04-12T14:21:44.077784+00:00", "level": "INFO", "module": "db.loaders.worldbank_loader", "message": "Inserted 5 rows into raw.worldbank_gdp from gdp_ke_20260408.json"}
[2026-04-12T14:21:44.077+0000] {worldbank_loader.py:38} INFO - Inserted 5 rows into raw.worldbank_gdp from gdp_ke_20260408.json
[2026-04-12T14:21:44.085+0000] {logging_mixin.py:188} INFO - {"timestamp": "2026-04-12T14:21:44.085612+00:00", "level": "INFO", "module": "db.connection", "message": "Transaction committed"}
[2026-04-12T14:21:44.085+0000] {connection.py:26} INFO - Transaction committed
[2026-04-12T14:21:44.086+0000] {logging_mixin.py:188} INFO - {"timestamp": "2026-04-12T14:21:44.086046+00:00", "level": "INFO", "module": "db.loaders.worldbank_loader", "message": "Inserted 5 rows into raw.worldbank_gdp from gdp_ke_20260409.json"}
[2026-04-12T14:21:44.086+0000] {worldbank_loader.py:38} INFO - Inserted 5 rows into raw.worldbank_gdp from gdp_ke_20260409.json
[2026-04-12T14:21:44.092+0000] {logging_mixin.py:188} INFO - {"timestamp": "2026-04-12T14:21:44.092398+00:00", "level": "INFO", "module": "db.connection", "message": "Transaction committed"}
[2026-04-12T14:21:44.092+0000] {connection.py:26} INFO - Transaction committed
[2026-04-12T14:21:44.092+0000] {logging_mixin.py:188} INFO - {"timestamp": "2026-04-12T14:21:44.092767+00:00", "level": "INFO", "module": "db.loaders.worldbank_loader", "message": "Inserted 5 rows into raw.worldbank_gdp from gdp_ke_20260410.json"}
[2026-04-12T14:21:44.092+0000] {worldbank_loader.py:38} INFO - Inserted 5 rows into raw.worldbank_gdp from gdp_ke_20260410.json
[2026-04-12T14:21:44.097+0000] {logging_mixin.py:188} INFO - {"timestamp": "2026-04-12T14:21:44.097588+00:00", "level": "INFO", "module": "db.connection", "message": "Transaction committed"}
[2026-04-12T14:21:44.097+0000] {connection.py:26} INFO - Transaction committed
[2026-04-12T14:21:44.098+0000] {logging_mixin.py:188} INFO - {"timestamp": "2026-04-12T14:21:44.097983+00:00", "level": "INFO", "module": "db.loaders.worldbank_loader", "message": "Inserted 5 rows into raw.worldbank_gdp from gdp_ke_20260411.json"}
[2026-04-12T14:21:44.097+0000] {worldbank_loader.py:38} INFO - Inserted 5 rows into raw.worldbank_gdp from gdp_ke_20260411.json
[2026-04-12T14:21:44.103+0000] {logging_mixin.py:188} INFO - {"timestamp": "2026-04-12T14:21:44.102987+00:00", "level": "INFO", "module": "db.connection", "message": "Transaction committed"}
[2026-04-12T14:21:44.102+0000] {connection.py:26} INFO - Transaction committed
[2026-04-12T14:21:44.103+0000] {logging_mixin.py:188} INFO - {"timestamp": "2026-04-12T14:21:44.103303+00:00", "level": "INFO", "module": "db.loaders.worldbank_loader", "message": "Inserted 5 rows into raw.worldbank_gdp from gdp_ke_20260412.json"}
[2026-04-12T14:21:44.103+0000] {worldbank_loader.py:38} INFO - Inserted 5 rows into raw.worldbank_gdp from gdp_ke_20260412.json
[2026-04-12T14:21:44.108+0000] {logging_mixin.py:188} INFO - {"timestamp": "2026-04-12T14:21:44.108497+00:00", "level": "INFO", "module": "db.connection", "message": "Transaction committed"}
[2026-04-12T14:21:44.108+0000] {connection.py:26} INFO - Transaction committed
[2026-04-12T14:21:44.108+0000] {logging_mixin.py:188} INFO - {"timestamp": "2026-04-12T14:21:44.108808+00:00", "level": "INFO", "module": "db.loaders.worldbank_loader", "message": "Inserted 5 rows into raw.worldbank_inflation from inflation_ke_20260402.json"}
[2026-04-12T14:21:44.108+0000] {worldbank_loader.py:38} INFO - Inserted 5 rows into raw.worldbank_inflation from inflation_ke_20260402.json
[2026-04-12T14:21:44.113+0000] {logging_mixin.py:188} INFO - {"timestamp": "2026-04-12T14:21:44.113668+00:00", "level": "INFO", "module": "db.connection", "message": "Transaction committed"}
[2026-04-12T14:21:44.113+0000] {connection.py:26} INFO - Transaction committed
[2026-04-12T14:21:44.114+0000] {logging_mixin.py:188} INFO - {"timestamp": "2026-04-12T14:21:44.114025+00:00", "level": "INFO", "module": "db.loaders.worldbank_loader", "message": "Inserted 5 rows into raw.worldbank_inflation from inflation_ke_20260408.json"}
[2026-04-12T14:21:44.114+0000] {worldbank_loader.py:38} INFO - Inserted 5 rows into raw.worldbank_inflation from inflation_ke_20260408.json
[2026-04-12T14:21:44.119+0000] {logging_mixin.py:188} INFO - {"timestamp": "2026-04-12T14:21:44.119207+00:00", "level": "INFO", "module": "db.connection", "message": "Transaction committed"}
[2026-04-12T14:21:44.119+0000] {connection.py:26} INFO - Transaction committed
[2026-04-12T14:21:44.119+0000] {logging_mixin.py:188} INFO - {"timestamp": "2026-04-12T14:21:44.119551+00:00", "level": "INFO", "module": "db.loaders.worldbank_loader", "message": "Inserted 5 rows into raw.worldbank_inflation from inflation_ke_20260409.json"}
[2026-04-12T14:21:44.119+0000] {worldbank_loader.py:38} INFO - Inserted 5 rows into raw.worldbank_inflation from inflation_ke_20260409.json
[2026-04-12T14:21:44.125+0000] {logging_mixin.py:188} INFO - {"timestamp": "2026-04-12T14:21:44.125458+00:00", "level": "INFO", "module": "db.connection", "message": "Transaction committed"}
[2026-04-12T14:21:44.125+0000] {connection.py:26} INFO - Transaction committed
[2026-04-12T14:21:44.125+0000] {logging_mixin.py:188} INFO - {"timestamp": "2026-04-12T14:21:44.125870+00:00", "level": "INFO", "module": "db.loaders.worldbank_loader", "message": "Inserted 5 rows into raw.worldbank_inflation from inflation_ke_20260410.json"}
[2026-04-12T14:21:44.125+0000] {worldbank_loader.py:38} INFO - Inserted 5 rows into raw.worldbank_inflation from inflation_ke_20260410.json
[2026-04-12T14:21:44.133+0000] {logging_mixin.py:188} INFO - {"timestamp": "2026-04-12T14:21:44.133805+00:00", "level": "INFO", "module": "db.connection", "message": "Transaction committed"}
[2026-04-12T14:21:44.133+0000] {connection.py:26} INFO - Transaction committed
[2026-04-12T14:21:44.134+0000] {logging_mixin.py:188} INFO - {"timestamp": "2026-04-12T14:21:44.134309+00:00", "level": "INFO", "module": "db.loaders.worldbank_loader", "message": "Inserted 5 rows into raw.worldbank_inflation from inflation_ke_20260411.json"}
[2026-04-12T14:21:44.134+0000] {worldbank_loader.py:38} INFO - Inserted 5 rows into raw.worldbank_inflation from inflation_ke_20260411.json
[2026-04-12T14:21:44.141+0000] {logging_mixin.py:188} INFO - {"timestamp": "2026-04-12T14:21:44.141021+00:00", "level": "INFO", "module": "db.connection", "message": "Transaction committed"}
[2026-04-12T14:21:44.140+0000] {connection.py:26} INFO - Transaction committed
[2026-04-12T14:21:44.141+0000] {logging_mixin.py:188} INFO - {"timestamp": "2026-04-12T14:21:44.141377+00:00", "level": "INFO", "module": "db.loaders.worldbank_loader", "message": "Inserted 5 rows into raw.worldbank_inflation from inflation_ke_20260412.json"}
[2026-04-12T14:21:44.141+0000] {worldbank_loader.py:38} INFO - Inserted 5 rows into raw.worldbank_inflation from inflation_ke_20260412.json
[2026-04-12T14:21:44.147+0000] {logging_mixin.py:188} INFO - {"timestamp": "2026-04-12T14:21:44.147142+00:00", "level": "INFO", "module": "db.loaders.worldbank_loader", "message": "Staging GDP load complete (SCD2 dedup applied)"}
[2026-04-12T14:21:44.147+0000] {worldbank_loader.py:63} INFO - Staging GDP load complete (SCD2 dedup applied)
[2026-04-12T14:21:44.147+0000] {logging_mixin.py:188} INFO - {"timestamp": "2026-04-12T14:21:44.147770+00:00", "level": "INFO", "module": "db.connection", "message": "Transaction committed"}
[2026-04-12T14:21:44.147+0000] {connection.py:26} INFO - Transaction committed
[2026-04-12T14:21:44.153+0000] {logging_mixin.py:188} INFO - {"timestamp": "2026-04-12T14:21:44.153408+00:00", "level": "INFO", "module": "db.loaders.worldbank_loader", "message": "Staging inflation load complete"}
[2026-04-12T14:21:44.153+0000] {worldbank_loader.py:86} INFO - Staging inflation load complete
[2026-04-12T14:21:44.153+0000] {logging_mixin.py:188} INFO - {"timestamp": "2026-04-12T14:21:44.153894+00:00", "level": "INFO", "module": "db.connection", "message": "Transaction committed"}
[2026-04-12T14:21:44.153+0000] {connection.py:26} INFO - Transaction committed
[2026-04-12T14:21:44.159+0000] {logging_mixin.py:188} INFO - {"timestamp": "2026-04-12T14:21:44.159913+00:00", "level": "INFO", "module": "db.connection", "message": "Transaction committed"}
[2026-04-12T14:21:44.159+0000] {connection.py:26} INFO - Transaction committed
[2026-04-12T14:21:44.160+0000] {logging_mixin.py:188} INFO - {"timestamp": "2026-04-12T14:21:44.160269+00:00", "level": "INFO", "module": "db.loaders.fx_loader", "message": "Loaded 3 FX pairs from fx_ke_20260402_152933.json"}
[2026-04-12T14:21:44.160+0000] {fx_loader.py:28} INFO - Loaded 3 FX pairs from fx_ke_20260402_152933.json
[2026-04-12T14:21:44.164+0000] {logging_mixin.py:188} INFO - {"timestamp": "2026-04-12T14:21:44.164384+00:00", "level": "INFO", "module": "db.connection", "message": "Transaction committed"}
[2026-04-12T14:21:44.164+0000] {connection.py:26} INFO - Transaction committed
[2026-04-12T14:21:44.164+0000] {logging_mixin.py:188} INFO - {"timestamp": "2026-04-12T14:21:44.164678+00:00", "level": "INFO", "module": "db.loaders.fx_loader", "message": "Staged FX: 1 USD = 130.09 KES | 1 KES = 0.00768699 USD | ts=2026-04-02 15:00:00+00:00"}
[2026-04-12T14:21:44.164+0000] {fx_loader.py:55} INFO - Staged FX: 1 USD = 130.09 KES | 1 KES = 0.00768699 USD | ts=2026-04-02 15:00:00+00:00
[2026-04-12T14:21:44.169+0000] {logging_mixin.py:188} INFO - {"timestamp": "2026-04-12T14:21:44.169276+00:00", "level": "INFO", "module": "db.connection", "message": "Transaction committed"}
[2026-04-12T14:21:44.169+0000] {connection.py:26} INFO - Transaction committed
[2026-04-12T14:21:44.169+0000] {logging_mixin.py:188} INFO - {"timestamp": "2026-04-12T14:21:44.169647+00:00", "level": "INFO", "module": "db.loaders.fx_loader", "message": "Loaded 3 FX pairs from fx_ke_20260402_190438.json"}
[2026-04-12T14:21:44.169+0000] {fx_loader.py:28} INFO - Loaded 3 FX pairs from fx_ke_20260402_190438.json
[2026-04-12T14:21:44.174+0000] {logging_mixin.py:188} INFO - {"timestamp": "2026-04-12T14:21:44.174109+00:00", "level": "INFO", "module": "db.connection", "message": "Transaction committed"}
[2026-04-12T14:21:44.174+0000] {connection.py:26} INFO - Transaction committed
[2026-04-12T14:21:44.174+0000] {logging_mixin.py:188} INFO - {"timestamp": "2026-04-12T14:21:44.174431+00:00", "level": "INFO", "module": "db.loaders.fx_loader", "message": "Staged FX: 1 USD = 130.1 KES | 1 KES = 0.0076864 USD | ts=2026-04-02 19:00:00+00:00"}
[2026-04-12T14:21:44.174+0000] {fx_loader.py:55} INFO - Staged FX: 1 USD = 130.1 KES | 1 KES = 0.0076864 USD | ts=2026-04-02 19:00:00+00:00
[2026-04-12T14:21:44.181+0000] {logging_mixin.py:188} INFO - {"timestamp": "2026-04-12T14:21:44.180997+00:00", "level": "INFO", "module": "db.connection", "message": "Transaction committed"}
[2026-04-12T14:21:44.180+0000] {connection.py:26} INFO - Transaction committed
[2026-04-12T14:21:44.181+0000] {logging_mixin.py:188} INFO - {"timestamp": "2026-04-12T14:21:44.181393+00:00", "level": "INFO", "module": "db.loaders.fx_loader", "message": "Loaded 3 FX pairs from fx_ke_20260402_190447.json"}
[2026-04-12T14:21:44.181+0000] {fx_loader.py:28} INFO - Loaded 3 FX pairs from fx_ke_20260402_190447.json
[2026-04-12T14:21:44.186+0000] {logging_mixin.py:188} INFO - {"timestamp": "2026-04-12T14:21:44.186732+00:00", "level": "INFO", "module": "db.connection", "message": "Transaction committed"}
[2026-04-12T14:21:44.186+0000] {connection.py:26} INFO - Transaction committed
[2026-04-12T14:21:44.187+0000] {logging_mixin.py:188} INFO - {"timestamp": "2026-04-12T14:21:44.187222+00:00", "level": "INFO", "module": "db.loaders.fx_loader", "message": "Staged FX: 1 USD = 130.1 KES | 1 KES = 0.0076864 USD | ts=2026-04-02 19:00:00+00:00"}
[2026-04-12T14:21:44.187+0000] {fx_loader.py:55} INFO - Staged FX: 1 USD = 130.1 KES | 1 KES = 0.0076864 USD | ts=2026-04-02 19:00:00+00:00
[2026-04-12T14:21:44.193+0000] {logging_mixin.py:188} INFO - {"timestamp": "2026-04-12T14:21:44.193127+00:00", "level": "INFO", "module": "db.connection", "message": "Transaction committed"}
[2026-04-12T14:21:44.193+0000] {connection.py:26} INFO - Transaction committed
[2026-04-12T14:21:44.193+0000] {logging_mixin.py:188} INFO - {"timestamp": "2026-04-12T14:21:44.193579+00:00", "level": "INFO", "module": "db.loaders.fx_loader", "message": "Loaded 3 FX pairs from fx_ke_20260402_195641.json"}
[2026-04-12T14:21:44.193+0000] {fx_loader.py:28} INFO - Loaded 3 FX pairs from fx_ke_20260402_195641.json
[2026-04-12T14:21:44.205+0000] {logging_mixin.py:188} INFO - {"timestamp": "2026-04-12T14:21:44.205507+00:00", "level": "INFO", "module": "db.connection", "message": "Transaction committed"}
[2026-04-12T14:21:44.205+0000] {connection.py:26} INFO - Transaction committed
[2026-04-12T14:21:44.205+0000] {logging_mixin.py:188} INFO - {"timestamp": "2026-04-12T14:21:44.205947+00:00", "level": "INFO", "module": "db.loaders.fx_loader", "message": "Staged FX: 1 USD = 130.1 KES | 1 KES = 0.0076864 USD | ts=2026-04-02 19:00:00+00:00"}
[2026-04-12T14:21:44.205+0000] {fx_loader.py:55} INFO - Staged FX: 1 USD = 130.1 KES | 1 KES = 0.0076864 USD | ts=2026-04-02 19:00:00+00:00
[2026-04-12T14:21:44.211+0000] {logging_mixin.py:188} INFO - {"timestamp": "2026-04-12T14:21:44.211056+00:00", "level": "INFO", "module": "db.connection", "message": "Transaction committed"}
[2026-04-12T14:21:44.211+0000] {connection.py:26} INFO - Transaction committed
[2026-04-12T14:21:44.211+0000] {logging_mixin.py:188} INFO - {"timestamp": "2026-04-12T14:21:44.211390+00:00", "level": "INFO", "module": "db.loaders.fx_loader", "message": "Loaded 3 FX pairs from fx_ke_20260408_115811.json"}
[2026-04-12T14:21:44.211+0000] {fx_loader.py:28} INFO - Loaded 3 FX pairs from fx_ke_20260408_115811.json
[2026-04-12T14:21:44.218+0000] {logging_mixin.py:188} INFO - {"timestamp": "2026-04-12T14:21:44.218495+00:00", "level": "INFO", "module": "db.connection", "message": "Transaction committed"}
[2026-04-12T14:21:44.218+0000] {connection.py:26} INFO - Transaction committed
[2026-04-12T14:21:44.218+0000] {logging_mixin.py:188} INFO - {"timestamp": "2026-04-12T14:21:44.218834+00:00", "level": "INFO", "module": "db.loaders.fx_loader", "message": "Staged FX: 1 USD = 129.35 KES | 1 KES = 0.00773096 USD | ts=2026-04-08 11:00:00+00:00"}
[2026-04-12T14:21:44.218+0000] {fx_loader.py:55} INFO - Staged FX: 1 USD = 129.35 KES | 1 KES = 0.00773096 USD | ts=2026-04-08 11:00:00+00:00
[2026-04-12T14:21:44.223+0000] {logging_mixin.py:188} INFO - {"timestamp": "2026-04-12T14:21:44.223196+00:00", "level": "INFO", "module": "db.connection", "message": "Transaction committed"}
[2026-04-12T14:21:44.223+0000] {connection.py:26} INFO - Transaction committed
[2026-04-12T14:21:44.223+0000] {logging_mixin.py:188} INFO - {"timestamp": "2026-04-12T14:21:44.223505+00:00", "level": "INFO", "module": "db.loaders.fx_loader", "message": "Loaded 3 FX pairs from fx_ke_20260409_035300.json"}
[2026-04-12T14:21:44.223+0000] {fx_loader.py:28} INFO - Loaded 3 FX pairs from fx_ke_20260409_035300.json
[2026-04-12T14:21:44.227+0000] {logging_mixin.py:188} INFO - {"timestamp": "2026-04-12T14:21:44.227227+00:00", "level": "INFO", "module": "db.connection", "message": "Transaction committed"}
[2026-04-12T14:21:44.227+0000] {connection.py:26} INFO - Transaction committed
[2026-04-12T14:21:44.227+0000] {logging_mixin.py:188} INFO - {"timestamp": "2026-04-12T14:21:44.227572+00:00", "level": "INFO", "module": "db.loaders.fx_loader", "message": "Staged FX: 1 USD = 129.4 KES | 1 KES = 0.00772798 USD | ts=2026-04-09 03:00:00+00:00"}
[2026-04-12T14:21:44.227+0000] {fx_loader.py:55} INFO - Staged FX: 1 USD = 129.4 KES | 1 KES = 0.00772798 USD | ts=2026-04-09 03:00:00+00:00
[2026-04-12T14:21:44.233+0000] {logging_mixin.py:188} INFO - {"timestamp": "2026-04-12T14:21:44.233405+00:00", "level": "INFO", "module": "db.connection", "message": "Transaction committed"}
[2026-04-12T14:21:44.233+0000] {connection.py:26} INFO - Transaction committed
[2026-04-12T14:21:44.233+0000] {logging_mixin.py:188} INFO - {"timestamp": "2026-04-12T14:21:44.233776+00:00", "level": "INFO", "module": "db.loaders.fx_loader", "message": "Loaded 3 FX pairs from fx_ke_20260410_030519.json"}
[2026-04-12T14:21:44.233+0000] {fx_loader.py:28} INFO - Loaded 3 FX pairs from fx_ke_20260410_030519.json
[2026-04-12T14:21:44.239+0000] {logging_mixin.py:188} INFO - {"timestamp": "2026-04-12T14:21:44.239739+00:00", "level": "INFO", "module": "db.connection", "message": "Transaction committed"}
[2026-04-12T14:21:44.239+0000] {connection.py:26} INFO - Transaction committed
[2026-04-12T14:21:44.240+0000] {logging_mixin.py:188} INFO - {"timestamp": "2026-04-12T14:21:44.240347+00:00", "level": "INFO", "module": "db.loaders.fx_loader", "message": "Staged FX: 1 USD = 129.25 KES | 1 KES = 0.00773694 USD | ts=2026-04-10 03:00:00+00:00"}
[2026-04-12T14:21:44.240+0000] {fx_loader.py:55} INFO - Staged FX: 1 USD = 129.25 KES | 1 KES = 0.00773694 USD | ts=2026-04-10 03:00:00+00:00
[2026-04-12T14:21:44.248+0000] {logging_mixin.py:188} INFO - {"timestamp": "2026-04-12T14:21:44.248026+00:00", "level": "INFO", "module": "db.connection", "message": "Transaction committed"}
[2026-04-12T14:21:44.247+0000] {connection.py:26} INFO - Transaction committed
[2026-04-12T14:21:44.248+0000] {logging_mixin.py:188} INFO - {"timestamp": "2026-04-12T14:21:44.248490+00:00", "level": "INFO", "module": "db.loaders.fx_loader", "message": "Loaded 3 FX pairs from fx_ke_20260411_030917.json"}
[2026-04-12T14:21:44.248+0000] {fx_loader.py:28} INFO - Loaded 3 FX pairs from fx_ke_20260411_030917.json
[2026-04-12T14:21:44.255+0000] {logging_mixin.py:188} INFO - {"timestamp": "2026-04-12T14:21:44.254932+00:00", "level": "INFO", "module": "db.connection", "message": "Transaction committed"}
[2026-04-12T14:21:44.254+0000] {connection.py:26} INFO - Transaction committed
[2026-04-12T14:21:44.257+0000] {logging_mixin.py:188} INFO - {"timestamp": "2026-04-12T14:21:44.256986+00:00", "level": "INFO", "module": "db.loaders.fx_loader", "message": "Staged FX: 1 USD = 129.210149 KES | 1 KES = 0.00773933 USD | ts=2026-04-11 03:00:04+00:00"}
[2026-04-12T14:21:44.256+0000] {fx_loader.py:55} INFO - Staged FX: 1 USD = 129.210149 KES | 1 KES = 0.00773933 USD | ts=2026-04-11 03:00:04+00:00
[2026-04-12T14:21:44.263+0000] {logging_mixin.py:188} INFO - {"timestamp": "2026-04-12T14:21:44.263597+00:00", "level": "INFO", "module": "db.connection", "message": "Transaction committed"}
[2026-04-12T14:21:44.263+0000] {connection.py:26} INFO - Transaction committed
[2026-04-12T14:21:44.263+0000] {logging_mixin.py:188} INFO - {"timestamp": "2026-04-12T14:21:44.263928+00:00", "level": "INFO", "module": "db.loaders.fx_loader", "message": "Loaded 3 FX pairs from fx_ke_20260412_030003.json"}
[2026-04-12T14:21:44.263+0000] {fx_loader.py:28} INFO - Loaded 3 FX pairs from fx_ke_20260412_030003.json
[2026-04-12T14:21:44.267+0000] {logging_mixin.py:188} INFO - {"timestamp": "2026-04-12T14:21:44.267677+00:00", "level": "INFO", "module": "db.connection", "message": "Transaction committed"}
[2026-04-12T14:21:44.267+0000] {connection.py:26} INFO - Transaction committed
[2026-04-12T14:21:44.268+0000] {logging_mixin.py:188} INFO - {"timestamp": "2026-04-12T14:21:44.267996+00:00", "level": "INFO", "module": "db.loaders.fx_loader", "message": "Staged FX: 1 USD = 129.210149 KES | 1 KES = 0.00773933 USD | ts=2026-04-12 02:00:19+00:00"}
[2026-04-12T14:21:44.267+0000] {fx_loader.py:55} INFO - Staged FX: 1 USD = 129.210149 KES | 1 KES = 0.00773933 USD | ts=2026-04-12 02:00:19+00:00
[2026-04-12T14:21:44.272+0000] {logging_mixin.py:188} INFO - {"timestamp": "2026-04-12T14:21:44.272419+00:00", "level": "INFO", "module": "db.connection", "message": "Transaction committed"}
[2026-04-12T14:21:44.272+0000] {connection.py:26} INFO - Transaction committed
[2026-04-12T14:21:44.273+0000] {logging_mixin.py:188} INFO - {"timestamp": "2026-04-12T14:21:44.273280+00:00", "level": "INFO", "module": "db.loaders.fx_loader", "message": "Loaded 3 FX pairs from fx_ke_20260412_135055.json"}
[2026-04-12T14:21:44.273+0000] {fx_loader.py:28} INFO - Loaded 3 FX pairs from fx_ke_20260412_135055.json
[2026-04-12T14:21:44.278+0000] {logging_mixin.py:188} INFO - {"timestamp": "2026-04-12T14:21:44.278055+00:00", "level": "INFO", "module": "db.connection", "message": "Transaction committed"}
[2026-04-12T14:21:44.277+0000] {connection.py:26} INFO - Transaction committed
[2026-04-12T14:21:44.278+0000] {logging_mixin.py:188} INFO - {"timestamp": "2026-04-12T14:21:44.278693+00:00", "level": "INFO", "module": "db.loaders.fx_loader", "message": "Staged FX: 1 USD = 129.210149 KES | 1 KES = 0.00773933 USD | ts=2026-04-12 13:00:20+00:00"}
[2026-04-12T14:21:44.278+0000] {fx_loader.py:55} INFO - Staged FX: 1 USD = 129.210149 KES | 1 KES = 0.00773933 USD | ts=2026-04-12 13:00:20+00:00
[2026-04-12T14:21:44.286+0000] {logging_mixin.py:188} INFO - {"timestamp": "2026-04-12T14:21:44.286667+00:00", "level": "INFO", "module": "db.connection", "message": "Transaction committed"}
[2026-04-12T14:21:44.286+0000] {connection.py:26} INFO - Transaction committed
[2026-04-12T14:21:44.287+0000] {logging_mixin.py:188} INFO - {"timestamp": "2026-04-12T14:21:44.287171+00:00", "level": "INFO", "module": "db.loaders.fx_loader", "message": "Loaded 3 FX pairs from fx_ke_20260412_135112.json"}
[2026-04-12T14:21:44.287+0000] {fx_loader.py:28} INFO - Loaded 3 FX pairs from fx_ke_20260412_135112.json
[2026-04-12T14:21:44.292+0000] {logging_mixin.py:188} INFO - {"timestamp": "2026-04-12T14:21:44.292724+00:00", "level": "INFO", "module": "db.connection", "message": "Transaction committed"}
[2026-04-12T14:21:44.292+0000] {connection.py:26} INFO - Transaction committed
[2026-04-12T14:21:44.293+0000] {logging_mixin.py:188} INFO - {"timestamp": "2026-04-12T14:21:44.293094+00:00", "level": "INFO", "module": "db.loaders.fx_loader", "message": "Staged FX: 1 USD = 129.210149 KES | 1 KES = 0.00773933 USD | ts=2026-04-12 13:00:20+00:00"}
[2026-04-12T14:21:44.293+0000] {fx_loader.py:55} INFO - Staged FX: 1 USD = 129.210149 KES | 1 KES = 0.00773933 USD | ts=2026-04-12 13:00:20+00:00
[2026-04-12T14:21:44.300+0000] {logging_mixin.py:188} INFO - {"timestamp": "2026-04-12T14:21:44.300859+00:00", "level": "INFO", "module": "db.connection", "message": "Transaction committed"}
[2026-04-12T14:21:44.300+0000] {connection.py:26} INFO - Transaction committed
[2026-04-12T14:21:44.301+0000] {logging_mixin.py:188} INFO - {"timestamp": "2026-04-12T14:21:44.301201+00:00", "level": "INFO", "module": "db.loaders.fx_loader", "message": "Loaded 3 FX pairs from fx_ke_20260412_135321.json"}
[2026-04-12T14:21:44.301+0000] {fx_loader.py:28} INFO - Loaded 3 FX pairs from fx_ke_20260412_135321.json
[2026-04-12T14:21:44.304+0000] {logging_mixin.py:188} INFO - {"timestamp": "2026-04-12T14:21:44.304517+00:00", "level": "INFO", "module": "db.connection", "message": "Transaction committed"}
[2026-04-12T14:21:44.304+0000] {connection.py:26} INFO - Transaction committed
[2026-04-12T14:21:44.304+0000] {logging_mixin.py:188} INFO - {"timestamp": "2026-04-12T14:21:44.304792+00:00", "level": "INFO", "module": "db.loaders.fx_loader", "message": "Staged FX: 1 USD = 129.210149 KES | 1 KES = 0.00773933 USD | ts=2026-04-12 13:00:20+00:00"}
[2026-04-12T14:21:44.304+0000] {fx_loader.py:55} INFO - Staged FX: 1 USD = 129.210149 KES | 1 KES = 0.00773933 USD | ts=2026-04-12 13:00:20+00:00
[2026-04-12T14:21:44.314+0000] {logging_mixin.py:188} INFO - {"timestamp": "2026-04-12T14:21:44.314549+00:00", "level": "INFO", "module": "db.connection", "message": "Transaction committed"}
[2026-04-12T14:21:44.314+0000] {connection.py:26} INFO - Transaction committed
[2026-04-12T14:21:44.314+0000] {logging_mixin.py:188} INFO - {"timestamp": "2026-04-12T14:21:44.314875+00:00", "level": "INFO", "module": "db.loaders.fx_loader", "message": "Loaded 3 FX pairs from fx_ke_20260412_142141.json"}
[2026-04-12T14:21:44.314+0000] {fx_loader.py:28} INFO - Loaded 3 FX pairs from fx_ke_20260412_142141.json
[2026-04-12T14:21:44.318+0000] {logging_mixin.py:188} INFO - {"timestamp": "2026-04-12T14:21:44.318800+00:00", "level": "INFO", "module": "db.connection", "message": "Transaction committed"}
[2026-04-12T14:21:44.318+0000] {connection.py:26} INFO - Transaction committed
[2026-04-12T14:21:44.319+0000] {logging_mixin.py:188} INFO - {"timestamp": "2026-04-12T14:21:44.319078+00:00", "level": "INFO", "module": "db.loaders.fx_loader", "message": "Staged FX: 1 USD = 129.210149 KES | 1 KES = 0.00773933 USD | ts=2026-04-12 14:00:15+00:00"}
[2026-04-12T14:21:44.319+0000] {fx_loader.py:55} INFO - Staged FX: 1 USD = 129.210149 KES | 1 KES = 0.00773933 USD | ts=2026-04-12 14:00:15+00:00
[2026-04-12T14:21:44.319+0000] {python.py:201} INFO - Done. Returned value was: None
[2026-04-12T14:21:44.326+0000] {taskinstance.py:1138} INFO - Marking task as SUCCESS. dag_id=kenya_econ_pipeline, task_id=load_to_postgres, execution_date=20260412T135315, start_date=20260412T142143, end_date=20260412T142144
[2026-04-12T14:21:44.346+0000] {local_task_job_runner.py:234} INFO - Task exited with return code 0
[2026-04-12T14:21:44.366+0000] {taskinstance.py:3280} INFO - 1 downstream tasks scheduled from follow-on schedule check
