[2026-04-13T03:23:55.652+0000] {taskinstance.py:1956} INFO - Dependencies all met for dep_context=non-requeueable deps ti=<TaskInstance: kenya_econ_pipeline.load_to_postgres scheduled__2026-04-12T03:00:00+00:00 [queued]>
[2026-04-13T03:23:55.662+0000] {taskinstance.py:1956} INFO - Dependencies all met for dep_context=requeueable deps ti=<TaskInstance: kenya_econ_pipeline.load_to_postgres scheduled__2026-04-12T03:00:00+00:00 [queued]>
[2026-04-13T03:23:55.663+0000] {taskinstance.py:2170} INFO - Starting attempt 1 of 4
[2026-04-13T03:23:55.674+0000] {taskinstance.py:2191} INFO - Executing <Task(PythonOperator): load_to_postgres> on 2026-04-12 03:00:00+00:00
[2026-04-13T03:23:55.679+0000] {standard_task_runner.py:60} INFO - Started process 21844 to run task
[2026-04-13T03:23:55.684+0000] {standard_task_runner.py:87} INFO - Running: ['airflow', 'tasks', 'run', 'kenya_econ_pipeline', 'load_to_postgres', 'scheduled__2026-04-12T03:00:00+00:00', '--job-id', '107', '--raw', '--subdir', 'DAGS_FOLDER/kenya_econ_dag.py', '--cfg-path', '/tmp/tmpd75bwhak']
[2026-04-13T03:23:55.687+0000] {standard_task_runner.py:88} INFO - Job 107: Subtask load_to_postgres
[2026-04-13T03:23:55.757+0000] {task_command.py:423} INFO - Running <TaskInstance: kenya_econ_pipeline.load_to_postgres scheduled__2026-04-12T03:00:00+00:00 [running]> on host 2f11af39ed07
[2026-04-13T03:23:55.841+0000] {taskinstance.py:2480} INFO - Exporting env vars: AIRFLOW_CTX_DAG_OWNER='samwel' AIRFLOW_CTX_DAG_ID='kenya_econ_pipeline' AIRFLOW_CTX_TASK_ID='load_to_postgres' AIRFLOW_CTX_EXECUTION_DATE='2026-04-12T03:00:00+00:00' AIRFLOW_CTX_TRY_NUMBER='1' AIRFLOW_CTX_DAG_RUN_ID='scheduled__2026-04-12T03:00:00+00:00'
[2026-04-13T03:23:55.878+0000] {logging_mixin.py:188} INFO - {"timestamp": "2026-04-13T03:23:55.877827+00:00", "level": "INFO", "module": "db.connection", "message": "Transaction committed"}
[2026-04-13T03:23:55.877+0000] {connection.py:26} INFO - Transaction committed
[2026-04-13T03:23:55.878+0000] {logging_mixin.py:188} INFO - {"timestamp": "2026-04-13T03:23:55.878569+00:00", "level": "INFO", "module": "db.loaders.worldbank_loader", "message": "Inserted 5 rows into raw.worldbank_gdp from gdp_ke_20260402.json"}
[2026-04-13T03:23:55.878+0000] {worldbank_loader.py:38} INFO - Inserted 5 rows into raw.worldbank_gdp from gdp_ke_20260402.json
[2026-04-13T03:23:55.885+0000] {logging_mixin.py:188} INFO - {"timestamp": "2026-04-13T03:23:55.885292+00:00", "level": "INFO", "module": "db.connection", "message": "Transaction committed"}
[2026-04-13T03:23:55.885+0000] {connection.py:26} INFO - Transaction committed
[2026-04-13T03:23:55.885+0000] {logging_mixin.py:188} INFO - {"timestamp": "2026-04-13T03:23:55.885744+00:00", "level": "INFO", "module": "db.loaders.worldbank_loader", "message": "Inserted 5 rows into raw.worldbank_gdp from gdp_ke_20260408.json"}
[2026-04-13T03:23:55.885+0000] {worldbank_loader.py:38} INFO - Inserted 5 rows into raw.worldbank_gdp from gdp_ke_20260408.json
[2026-04-13T03:23:55.892+0000] {logging_mixin.py:188} INFO - {"timestamp": "2026-04-13T03:23:55.892072+00:00", "level": "INFO", "module": "db.connection", "message": "Transaction committed"}
[2026-04-13T03:23:55.892+0000] {connection.py:26} INFO - Transaction committed
[2026-04-13T03:23:55.892+0000] {logging_mixin.py:188} INFO - {"timestamp": "2026-04-13T03:23:55.892447+00:00", "level": "INFO", "module": "db.loaders.worldbank_loader", "message": "Inserted 5 rows into raw.worldbank_gdp from gdp_ke_20260409.json"}
[2026-04-13T03:23:55.892+0000] {worldbank_loader.py:38} INFO - Inserted 5 rows into raw.worldbank_gdp from gdp_ke_20260409.json
[2026-04-13T03:23:55.899+0000] {logging_mixin.py:188} INFO - {"timestamp": "2026-04-13T03:23:55.899879+00:00", "level": "INFO", "module": "db.connection", "message": "Transaction committed"}
[2026-04-13T03:23:55.899+0000] {connection.py:26} INFO - Transaction committed
[2026-04-13T03:23:55.900+0000] {logging_mixin.py:188} INFO - {"timestamp": "2026-04-13T03:23:55.900364+00:00", "level": "INFO", "module": "db.loaders.worldbank_loader", "message": "Inserted 5 rows into raw.worldbank_gdp from gdp_ke_20260410.json"}
[2026-04-13T03:23:55.900+0000] {worldbank_loader.py:38} INFO - Inserted 5 rows into raw.worldbank_gdp from gdp_ke_20260410.json
[2026-04-13T03:23:55.906+0000] {logging_mixin.py:188} INFO - {"timestamp": "2026-04-13T03:23:55.906827+00:00", "level": "INFO", "module": "db.connection", "message": "Transaction committed"}
[2026-04-13T03:23:55.906+0000] {connection.py:26} INFO - Transaction committed
[2026-04-13T03:23:55.907+0000] {logging_mixin.py:188} INFO - {"timestamp": "2026-04-13T03:23:55.907249+00:00", "level": "INFO", "module": "db.loaders.worldbank_loader", "message": "Inserted 5 rows into raw.worldbank_gdp from gdp_ke_20260411.json"}
[2026-04-13T03:23:55.907+0000] {worldbank_loader.py:38} INFO - Inserted 5 rows into raw.worldbank_gdp from gdp_ke_20260411.json
[2026-04-13T03:23:55.913+0000] {logging_mixin.py:188} INFO - {"timestamp": "2026-04-13T03:23:55.913563+00:00", "level": "INFO", "module": "db.connection", "message": "Transaction committed"}
[2026-04-13T03:23:55.913+0000] {connection.py:26} INFO - Transaction committed
[2026-04-13T03:23:55.913+0000] {logging_mixin.py:188} INFO - {"timestamp": "2026-04-13T03:23:55.913951+00:00", "level": "INFO", "module": "db.loaders.worldbank_loader", "message": "Inserted 5 rows into raw.worldbank_gdp from gdp_ke_20260412.json"}
[2026-04-13T03:23:55.913+0000] {worldbank_loader.py:38} INFO - Inserted 5 rows into raw.worldbank_gdp from gdp_ke_20260412.json
[2026-04-13T03:23:55.921+0000] {logging_mixin.py:188} INFO - {"timestamp": "2026-04-13T03:23:55.921299+00:00", "level": "INFO", "module": "db.connection", "message": "Transaction committed"}
[2026-04-13T03:23:55.921+0000] {connection.py:26} INFO - Transaction committed
[2026-04-13T03:23:55.922+0000] {logging_mixin.py:188} INFO - {"timestamp": "2026-04-13T03:23:55.921992+00:00", "level": "INFO", "module": "db.loaders.worldbank_loader", "message": "Inserted 5 rows into raw.worldbank_gdp from gdp_ke_20260413.json"}
[2026-04-13T03:23:55.921+0000] {worldbank_loader.py:38} INFO - Inserted 5 rows into raw.worldbank_gdp from gdp_ke_20260413.json
[2026-04-13T03:23:55.932+0000] {logging_mixin.py:188} INFO - {"timestamp": "2026-04-13T03:23:55.932806+00:00", "level": "INFO", "module": "db.connection", "message": "Transaction committed"}
[2026-04-13T03:23:55.932+0000] {connection.py:26} INFO - Transaction committed
[2026-04-13T03:23:55.933+0000] {logging_mixin.py:188} INFO - {"timestamp": "2026-04-13T03:23:55.933658+00:00", "level": "INFO", "module": "db.loaders.worldbank_loader", "message": "Inserted 5 rows into raw.worldbank_inflation from inflation_ke_20260402.json"}
[2026-04-13T03:23:55.933+0000] {worldbank_loader.py:38} INFO - Inserted 5 rows into raw.worldbank_inflation from inflation_ke_20260402.json
[2026-04-13T03:23:55.944+0000] {logging_mixin.py:188} INFO - {"timestamp": "2026-04-13T03:23:55.944299+00:00", "level": "INFO", "module": "db.connection", "message": "Transaction committed"}
[2026-04-13T03:23:55.944+0000] {connection.py:26} INFO - Transaction committed
[2026-04-13T03:23:55.944+0000] {logging_mixin.py:188} INFO - {"timestamp": "2026-04-13T03:23:55.944899+00:00", "level": "INFO", "module": "db.loaders.worldbank_loader", "message": "Inserted 5 rows into raw.worldbank_inflation from inflation_ke_20260408.json"}
[2026-04-13T03:23:55.944+0000] {worldbank_loader.py:38} INFO - Inserted 5 rows into raw.worldbank_inflation from inflation_ke_20260408.json
[2026-04-13T03:23:55.953+0000] {logging_mixin.py:188} INFO - {"timestamp": "2026-04-13T03:23:55.953267+00:00", "level": "INFO", "module": "db.connection", "message": "Transaction committed"}
[2026-04-13T03:23:55.953+0000] {connection.py:26} INFO - Transaction committed
[2026-04-13T03:23:55.954+0000] {logging_mixin.py:188} INFO - {"timestamp": "2026-04-13T03:23:55.954055+00:00", "level": "INFO", "module": "db.loaders.worldbank_loader", "message": "Inserted 5 rows into raw.worldbank_inflation from inflation_ke_20260409.json"}
[2026-04-13T03:23:55.954+0000] {worldbank_loader.py:38} INFO - Inserted 5 rows into raw.worldbank_inflation from inflation_ke_20260409.json
[2026-04-13T03:23:55.963+0000] {logging_mixin.py:188} INFO - {"timestamp": "2026-04-13T03:23:55.963688+00:00", "level": "INFO", "module": "db.connection", "message": "Transaction committed"}
[2026-04-13T03:23:55.963+0000] {connection.py:26} INFO - Transaction committed
[2026-04-13T03:23:55.964+0000] {logging_mixin.py:188} INFO - {"timestamp": "2026-04-13T03:23:55.964323+00:00", "level": "INFO", "module": "db.loaders.worldbank_loader", "message": "Inserted 5 rows into raw.worldbank_inflation from inflation_ke_20260410.json"}
[2026-04-13T03:23:55.964+0000] {worldbank_loader.py:38} INFO - Inserted 5 rows into raw.worldbank_inflation from inflation_ke_20260410.json
[2026-04-13T03:23:55.971+0000] {logging_mixin.py:188} INFO - {"timestamp": "2026-04-13T03:23:55.971812+00:00", "level": "INFO", "module": "db.connection", "message": "Transaction committed"}
[2026-04-13T03:23:55.971+0000] {connection.py:26} INFO - Transaction committed
[2026-04-13T03:23:55.972+0000] {logging_mixin.py:188} INFO - {"timestamp": "2026-04-13T03:23:55.972407+00:00", "level": "INFO", "module": "db.loaders.worldbank_loader", "message": "Inserted 5 rows into raw.worldbank_inflation from inflation_ke_20260411.json"}
[2026-04-13T03:23:55.972+0000] {worldbank_loader.py:38} INFO - Inserted 5 rows into raw.worldbank_inflation from inflation_ke_20260411.json
[2026-04-13T03:23:55.979+0000] {logging_mixin.py:188} INFO - {"timestamp": "2026-04-13T03:23:55.979552+00:00", "level": "INFO", "module": "db.connection", "message": "Transaction committed"}
[2026-04-13T03:23:55.979+0000] {connection.py:26} INFO - Transaction committed
[2026-04-13T03:23:55.979+0000] {logging_mixin.py:188} INFO - {"timestamp": "2026-04-13T03:23:55.979966+00:00", "level": "INFO", "module": "db.loaders.worldbank_loader", "message": "Inserted 5 rows into raw.worldbank_inflation from inflation_ke_20260412.json"}
[2026-04-13T03:23:55.979+0000] {worldbank_loader.py:38} INFO - Inserted 5 rows into raw.worldbank_inflation from inflation_ke_20260412.json
[2026-04-13T03:23:55.985+0000] {logging_mixin.py:188} INFO - {"timestamp": "2026-04-13T03:23:55.985571+00:00", "level": "INFO", "module": "db.connection", "message": "Transaction committed"}
[2026-04-13T03:23:55.985+0000] {connection.py:26} INFO - Transaction committed
[2026-04-13T03:23:55.985+0000] {logging_mixin.py:188} INFO - {"timestamp": "2026-04-13T03:23:55.985958+00:00", "level": "INFO", "module": "db.loaders.worldbank_loader", "message": "Inserted 5 rows into raw.worldbank_inflation from inflation_ke_20260413.json"}
[2026-04-13T03:23:55.985+0000] {worldbank_loader.py:38} INFO - Inserted 5 rows into raw.worldbank_inflation from inflation_ke_20260413.json
[2026-04-13T03:23:55.996+0000] {logging_mixin.py:188} INFO - {"timestamp": "2026-04-13T03:23:55.996570+00:00", "level": "INFO", "module": "db.loaders.worldbank_loader", "message": "Staging GDP load complete (SCD2 dedup applied)"}
[2026-04-13T03:23:55.996+0000] {worldbank_loader.py:63} INFO - Staging GDP load complete (SCD2 dedup applied)
[2026-04-13T03:23:55.997+0000] {logging_mixin.py:188} INFO - {"timestamp": "2026-04-13T03:23:55.997588+00:00", "level": "INFO", "module": "db.connection", "message": "Transaction committed"}
[2026-04-13T03:23:55.997+0000] {connection.py:26} INFO - Transaction committed
[2026-04-13T03:23:56.005+0000] {logging_mixin.py:188} INFO - {"timestamp": "2026-04-13T03:23:56.005054+00:00", "level": "INFO", "module": "db.loaders.worldbank_loader", "message": "Staging inflation load complete"}
[2026-04-13T03:23:56.005+0000] {worldbank_loader.py:86} INFO - Staging inflation load complete
[2026-04-13T03:23:56.006+0000] {logging_mixin.py:188} INFO - {"timestamp": "2026-04-13T03:23:56.006045+00:00", "level": "INFO", "module": "db.connection", "message": "Transaction committed"}
[2026-04-13T03:23:56.006+0000] {connection.py:26} INFO - Transaction committed
[2026-04-13T03:23:56.015+0000] {logging_mixin.py:188} INFO - {"timestamp": "2026-04-13T03:23:56.015162+00:00", "level": "INFO", "module": "db.connection", "message": "Transaction committed"}
[2026-04-13T03:23:56.015+0000] {connection.py:26} INFO - Transaction committed
[2026-04-13T03:23:56.015+0000] {logging_mixin.py:188} INFO - {"timestamp": "2026-04-13T03:23:56.015583+00:00", "level": "INFO", "module": "db.loaders.fx_loader", "message": "Loaded 3 FX pairs from fx_ke_20260402_152933.json"}
[2026-04-13T03:23:56.015+0000] {fx_loader.py:28} INFO - Loaded 3 FX pairs from fx_ke_20260402_152933.json
[2026-04-13T03:23:56.021+0000] {logging_mixin.py:188} INFO - {"timestamp": "2026-04-13T03:23:56.021267+00:00", "level": "INFO", "module": "db.connection", "message": "Transaction committed"}
[2026-04-13T03:23:56.021+0000] {connection.py:26} INFO - Transaction committed
[2026-04-13T03:23:56.021+0000] {logging_mixin.py:188} INFO - {"timestamp": "2026-04-13T03:23:56.021944+00:00", "level": "INFO", "module": "db.loaders.fx_loader", "message": "Staged FX: 1 USD = 130.09 KES | 1 KES = 0.00768699 USD | ts=2026-04-02 15:00:00+00:00"}
[2026-04-13T03:23:56.021+0000] {fx_loader.py:55} INFO - Staged FX: 1 USD = 130.09 KES | 1 KES = 0.00768699 USD | ts=2026-04-02 15:00:00+00:00
[2026-04-13T03:23:56.030+0000] {logging_mixin.py:188} INFO - {"timestamp": "2026-04-13T03:23:56.029971+00:00", "level": "INFO", "module": "db.connection", "message": "Transaction committed"}
[2026-04-13T03:23:56.029+0000] {connection.py:26} INFO - Transaction committed
[2026-04-13T03:23:56.030+0000] {logging_mixin.py:188} INFO - {"timestamp": "2026-04-13T03:23:56.030502+00:00", "level": "INFO", "module": "db.loaders.fx_loader", "message": "Loaded 3 FX pairs from fx_ke_20260402_190438.json"}
[2026-04-13T03:23:56.030+0000] {fx_loader.py:28} INFO - Loaded 3 FX pairs from fx_ke_20260402_190438.json
[2026-04-13T03:23:56.036+0000] {logging_mixin.py:188} INFO - {"timestamp": "2026-04-13T03:23:56.036230+00:00", "level": "INFO", "module": "db.connection", "message": "Transaction committed"}
[2026-04-13T03:23:56.036+0000] {connection.py:26} INFO - Transaction committed
[2026-04-13T03:23:56.036+0000] {logging_mixin.py:188} INFO - {"timestamp": "2026-04-13T03:23:56.036691+00:00", "level": "INFO", "module": "db.loaders.fx_loader", "message": "Staged FX: 1 USD = 130.1 KES | 1 KES = 0.0076864 USD | ts=2026-04-02 19:00:00+00:00"}
[2026-04-13T03:23:56.036+0000] {fx_loader.py:55} INFO - Staged FX: 1 USD = 130.1 KES | 1 KES = 0.0076864 USD | ts=2026-04-02 19:00:00+00:00
[2026-04-13T03:23:56.043+0000] {logging_mixin.py:188} INFO - {"timestamp": "2026-04-13T03:23:56.043389+00:00", "level": "INFO", "module": "db.connection", "message": "Transaction committed"}
[2026-04-13T03:23:56.043+0000] {connection.py:26} INFO - Transaction committed
[2026-04-13T03:23:56.043+0000] {logging_mixin.py:188} INFO - {"timestamp": "2026-04-13T03:23:56.043892+00:00", "level": "INFO", "module": "db.loaders.fx_loader", "message": "Loaded 3 FX pairs from fx_ke_20260402_190447.json"}
[2026-04-13T03:23:56.043+0000] {fx_loader.py:28} INFO - Loaded 3 FX pairs from fx_ke_20260402_190447.json
[2026-04-13T03:23:56.051+0000] {logging_mixin.py:188} INFO - {"timestamp": "2026-04-13T03:23:56.051234+00:00", "level": "INFO", "module": "db.connection", "message": "Transaction committed"}
[2026-04-13T03:23:56.051+0000] {connection.py:26} INFO - Transaction committed
[2026-04-13T03:23:56.052+0000] {logging_mixin.py:188} INFO - {"timestamp": "2026-04-13T03:23:56.052349+00:00", "level": "INFO", "module": "db.loaders.fx_loader", "message": "Staged FX: 1 USD = 130.1 KES | 1 KES = 0.0076864 USD | ts=2026-04-02 19:00:00+00:00"}
[2026-04-13T03:23:56.052+0000] {fx_loader.py:55} INFO - Staged FX: 1 USD = 130.1 KES | 1 KES = 0.0076864 USD | ts=2026-04-02 19:00:00+00:00
[2026-04-13T03:23:56.061+0000] {logging_mixin.py:188} INFO - {"timestamp": "2026-04-13T03:23:56.061116+00:00", "level": "INFO", "module": "db.connection", "message": "Transaction committed"}
[2026-04-13T03:23:56.061+0000] {connection.py:26} INFO - Transaction committed
[2026-04-13T03:23:56.062+0000] {logging_mixin.py:188} INFO - {"timestamp": "2026-04-13T03:23:56.062022+00:00", "level": "INFO", "module": "db.loaders.fx_loader", "message": "Loaded 3 FX pairs from fx_ke_20260402_195641.json"}
[2026-04-13T03:23:56.062+0000] {fx_loader.py:28} INFO - Loaded 3 FX pairs from fx_ke_20260402_195641.json
[2026-04-13T03:23:56.070+0000] {logging_mixin.py:188} INFO - {"timestamp": "2026-04-13T03:23:56.070084+00:00", "level": "INFO", "module": "db.connection", "message": "Transaction committed"}
[2026-04-13T03:23:56.070+0000] {connection.py:26} INFO - Transaction committed
[2026-04-13T03:23:56.070+0000] {logging_mixin.py:188} INFO - {"timestamp": "2026-04-13T03:23:56.070766+00:00", "level": "INFO", "module": "db.loaders.fx_loader", "message": "Staged FX: 1 USD = 130.1 KES | 1 KES = 0.0076864 USD | ts=2026-04-02 19:00:00+00:00"}
[2026-04-13T03:23:56.070+0000] {fx_loader.py:55} INFO - Staged FX: 1 USD = 130.1 KES | 1 KES = 0.0076864 USD | ts=2026-04-02 19:00:00+00:00
[2026-04-13T03:23:56.078+0000] {logging_mixin.py:188} INFO - {"timestamp": "2026-04-13T03:23:56.078283+00:00", "level": "INFO", "module": "db.connection", "message": "Transaction committed"}
[2026-04-13T03:23:56.078+0000] {connection.py:26} INFO - Transaction committed
[2026-04-13T03:23:56.079+0000] {logging_mixin.py:188} INFO - {"timestamp": "2026-04-13T03:23:56.078998+00:00", "level": "INFO", "module": "db.loaders.fx_loader", "message": "Loaded 3 FX pairs from fx_ke_20260408_115811.json"}
[2026-04-13T03:23:56.078+0000] {fx_loader.py:28} INFO - Loaded 3 FX pairs from fx_ke_20260408_115811.json
[2026-04-13T03:23:56.088+0000] {logging_mixin.py:188} INFO - {"timestamp": "2026-04-13T03:23:56.087971+00:00", "level": "INFO", "module": "db.connection", "message": "Transaction committed"}
[2026-04-13T03:23:56.087+0000] {connection.py:26} INFO - Transaction committed
[2026-04-13T03:23:56.088+0000] {logging_mixin.py:188} INFO - {"timestamp": "2026-04-13T03:23:56.088630+00:00", "level": "INFO", "module": "db.loaders.fx_loader", "message": "Staged FX: 1 USD = 129.35 KES | 1 KES = 0.00773096 USD | ts=2026-04-08 11:00:00+00:00"}
[2026-04-13T03:23:56.088+0000] {fx_loader.py:55} INFO - Staged FX: 1 USD = 129.35 KES | 1 KES = 0.00773096 USD | ts=2026-04-08 11:00:00+00:00
[2026-04-13T03:23:56.095+0000] {logging_mixin.py:188} INFO - {"timestamp": "2026-04-13T03:23:56.095514+00:00", "level": "INFO", "module": "db.connection", "message": "Transaction committed"}
[2026-04-13T03:23:56.095+0000] {connection.py:26} INFO - Transaction committed
[2026-04-13T03:23:56.096+0000] {logging_mixin.py:188} INFO - {"timestamp": "2026-04-13T03:23:56.096222+00:00", "level": "INFO", "module": "db.loaders.fx_loader", "message": "Loaded 3 FX pairs from fx_ke_20260409_035300.json"}
[2026-04-13T03:23:56.096+0000] {fx_loader.py:28} INFO - Loaded 3 FX pairs from fx_ke_20260409_035300.json
[2026-04-13T03:23:56.102+0000] {logging_mixin.py:188} INFO - {"timestamp": "2026-04-13T03:23:56.102168+00:00", "level": "INFO", "module": "db.connection", "message": "Transaction committed"}
[2026-04-13T03:23:56.102+0000] {connection.py:26} INFO - Transaction committed
[2026-04-13T03:23:56.102+0000] {logging_mixin.py:188} INFO - {"timestamp": "2026-04-13T03:23:56.102598+00:00", "level": "INFO", "module": "db.loaders.fx_loader", "message": "Staged FX: 1 USD = 129.4 KES | 1 KES = 0.00772798 USD | ts=2026-04-09 03:00:00+00:00"}
[2026-04-13T03:23:56.102+0000] {fx_loader.py:55} INFO - Staged FX: 1 USD = 129.4 KES | 1 KES = 0.00772798 USD | ts=2026-04-09 03:00:00+00:00
[2026-04-13T03:23:56.108+0000] {logging_mixin.py:188} INFO - {"timestamp": "2026-04-13T03:23:56.108688+00:00", "level": "INFO", "module": "db.connection", "message": "Transaction committed"}
[2026-04-13T03:23:56.108+0000] {connection.py:26} INFO - Transaction committed
[2026-04-13T03:23:56.109+0000] {logging_mixin.py:188} INFO - {"timestamp": "2026-04-13T03:23:56.109110+00:00", "level": "INFO", "module": "db.loaders.fx_loader", "message": "Loaded 3 FX pairs from fx_ke_20260410_030519.json"}
[2026-04-13T03:23:56.109+0000] {fx_loader.py:28} INFO - Loaded 3 FX pairs from fx_ke_20260410_030519.json
[2026-04-13T03:23:56.113+0000] {logging_mixin.py:188} INFO - {"timestamp": "2026-04-13T03:23:56.113795+00:00", "level": "INFO", "module": "db.connection", "message": "Transaction committed"}
[2026-04-13T03:23:56.113+0000] {connection.py:26} INFO - Transaction committed
[2026-04-13T03:23:56.114+0000] {logging_mixin.py:188} INFO - {"timestamp": "2026-04-13T03:23:56.114200+00:00", "level": "INFO", "module": "db.loaders.fx_loader", "message": "Staged FX: 1 USD = 129.25 KES | 1 KES = 0.00773694 USD | ts=2026-04-10 03:00:00+00:00"}
[2026-04-13T03:23:56.114+0000] {fx_loader.py:55} INFO - Staged FX: 1 USD = 129.25 KES | 1 KES = 0.00773694 USD | ts=2026-04-10 03:00:00+00:00
[2026-04-13T03:23:56.119+0000] {logging_mixin.py:188} INFO - {"timestamp": "2026-04-13T03:23:56.119757+00:00", "level": "INFO", "module": "db.connection", "message": "Transaction committed"}
[2026-04-13T03:23:56.119+0000] {connection.py:26} INFO - Transaction committed
[2026-04-13T03:23:56.120+0000] {logging_mixin.py:188} INFO - {"timestamp": "2026-04-13T03:23:56.120119+00:00", "level": "INFO", "module": "db.loaders.fx_loader", "message": "Loaded 3 FX pairs from fx_ke_20260411_030917.json"}
[2026-04-13T03:23:56.120+0000] {fx_loader.py:28} INFO - Loaded 3 FX pairs from fx_ke_20260411_030917.json
[2026-04-13T03:23:56.125+0000] {logging_mixin.py:188} INFO - {"timestamp": "2026-04-13T03:23:56.125114+00:00", "level": "INFO", "module": "db.connection", "message": "Transaction committed"}
[2026-04-13T03:23:56.125+0000] {connection.py:26} INFO - Transaction committed
[2026-04-13T03:23:56.125+0000] {logging_mixin.py:188} INFO - {"timestamp": "2026-04-13T03:23:56.125466+00:00", "level": "INFO", "module": "db.loaders.fx_loader", "message": "Staged FX: 1 USD = 129.210149 KES | 1 KES = 0.00773933 USD | ts=2026-04-11 03:00:04+00:00"}
[2026-04-13T03:23:56.125+0000] {fx_loader.py:55} INFO - Staged FX: 1 USD = 129.210149 KES | 1 KES = 0.00773933 USD | ts=2026-04-11 03:00:04+00:00
[2026-04-13T03:23:56.131+0000] {logging_mixin.py:188} INFO - {"timestamp": "2026-04-13T03:23:56.130983+00:00", "level": "INFO", "module": "db.connection", "message": "Transaction committed"}
[2026-04-13T03:23:56.130+0000] {connection.py:26} INFO - Transaction committed
[2026-04-13T03:23:56.131+0000] {logging_mixin.py:188} INFO - {"timestamp": "2026-04-13T03:23:56.131340+00:00", "level": "INFO", "module": "db.loaders.fx_loader", "message": "Loaded 3 FX pairs from fx_ke_20260412_030003.json"}
[2026-04-13T03:23:56.131+0000] {fx_loader.py:28} INFO - Loaded 3 FX pairs from fx_ke_20260412_030003.json
[2026-04-13T03:23:56.136+0000] {logging_mixin.py:188} INFO - {"timestamp": "2026-04-13T03:23:56.136254+00:00", "level": "INFO", "module": "db.connection", "message": "Transaction committed"}
[2026-04-13T03:23:56.136+0000] {connection.py:26} INFO - Transaction committed
[2026-04-13T03:23:56.136+0000] {logging_mixin.py:188} INFO - {"timestamp": "2026-04-13T03:23:56.136624+00:00", "level": "INFO", "module": "db.loaders.fx_loader", "message": "Staged FX: 1 USD = 129.210149 KES | 1 KES = 0.00773933 USD | ts=2026-04-12 02:00:19+00:00"}
[2026-04-13T03:23:56.136+0000] {fx_loader.py:55} INFO - Staged FX: 1 USD = 129.210149 KES | 1 KES = 0.00773933 USD | ts=2026-04-12 02:00:19+00:00
[2026-04-13T03:23:56.143+0000] {logging_mixin.py:188} INFO - {"timestamp": "2026-04-13T03:23:56.143467+00:00", "level": "INFO", "module": "db.connection", "message": "Transaction committed"}
[2026-04-13T03:23:56.143+0000] {connection.py:26} INFO - Transaction committed
[2026-04-13T03:23:56.143+0000] {logging_mixin.py:188} INFO - {"timestamp": "2026-04-13T03:23:56.143856+00:00", "level": "INFO", "module": "db.loaders.fx_loader", "message": "Loaded 3 FX pairs from fx_ke_20260412_135055.json"}
[2026-04-13T03:23:56.143+0000] {fx_loader.py:28} INFO - Loaded 3 FX pairs from fx_ke_20260412_135055.json
[2026-04-13T03:23:56.152+0000] {logging_mixin.py:188} INFO - {"timestamp": "2026-04-13T03:23:56.152875+00:00", "level": "INFO", "module": "db.connection", "message": "Transaction committed"}
[2026-04-13T03:23:56.152+0000] {connection.py:26} INFO - Transaction committed
[2026-04-13T03:23:56.153+0000] {logging_mixin.py:188} INFO - {"timestamp": "2026-04-13T03:23:56.153501+00:00", "level": "INFO", "module": "db.loaders.fx_loader", "message": "Staged FX: 1 USD = 129.210149 KES | 1 KES = 0.00773933 USD | ts=2026-04-12 13:00:20+00:00"}
[2026-04-13T03:23:56.153+0000] {fx_loader.py:55} INFO - Staged FX: 1 USD = 129.210149 KES | 1 KES = 0.00773933 USD | ts=2026-04-12 13:00:20+00:00
[2026-04-13T03:23:56.160+0000] {logging_mixin.py:188} INFO - {"timestamp": "2026-04-13T03:23:56.160574+00:00", "level": "INFO", "module": "db.connection", "message": "Transaction committed"}
[2026-04-13T03:23:56.160+0000] {connection.py:26} INFO - Transaction committed
[2026-04-13T03:23:56.161+0000] {logging_mixin.py:188} INFO - {"timestamp": "2026-04-13T03:23:56.161090+00:00", "level": "INFO", "module": "db.loaders.fx_loader", "message": "Loaded 3 FX pairs from fx_ke_20260412_135112.json"}
[2026-04-13T03:23:56.161+0000] {fx_loader.py:28} INFO - Loaded 3 FX pairs from fx_ke_20260412_135112.json
[2026-04-13T03:23:56.167+0000] {logging_mixin.py:188} INFO - {"timestamp": "2026-04-13T03:23:56.167243+00:00", "level": "INFO", "module": "db.connection", "message": "Transaction committed"}
[2026-04-13T03:23:56.167+0000] {connection.py:26} INFO - Transaction committed
[2026-04-13T03:23:56.167+0000] {logging_mixin.py:188} INFO - {"timestamp": "2026-04-13T03:23:56.167713+00:00", "level": "INFO", "module": "db.loaders.fx_loader", "message": "Staged FX: 1 USD = 129.210149 KES | 1 KES = 0.00773933 USD | ts=2026-04-12 13:00:20+00:00"}
[2026-04-13T03:23:56.167+0000] {fx_loader.py:55} INFO - Staged FX: 1 USD = 129.210149 KES | 1 KES = 0.00773933 USD | ts=2026-04-12 13:00:20+00:00
[2026-04-13T03:23:56.174+0000] {logging_mixin.py:188} INFO - {"timestamp": "2026-04-13T03:23:56.174391+00:00", "level": "INFO", "module": "db.connection", "message": "Transaction committed"}
[2026-04-13T03:23:56.174+0000] {connection.py:26} INFO - Transaction committed
[2026-04-13T03:23:56.174+0000] {logging_mixin.py:188} INFO - {"timestamp": "2026-04-13T03:23:56.174883+00:00", "level": "INFO", "module": "db.loaders.fx_loader", "message": "Loaded 3 FX pairs from fx_ke_20260412_135321.json"}
[2026-04-13T03:23:56.174+0000] {fx_loader.py:28} INFO - Loaded 3 FX pairs from fx_ke_20260412_135321.json
[2026-04-13T03:23:56.180+0000] {logging_mixin.py:188} INFO - {"timestamp": "2026-04-13T03:23:56.180681+00:00", "level": "INFO", "module": "db.connection", "message": "Transaction committed"}
[2026-04-13T03:23:56.180+0000] {connection.py:26} INFO - Transaction committed
[2026-04-13T03:23:56.181+0000] {logging_mixin.py:188} INFO - {"timestamp": "2026-04-13T03:23:56.181172+00:00", "level": "INFO", "module": "db.loaders.fx_loader", "message": "Staged FX: 1 USD = 129.210149 KES | 1 KES = 0.00773933 USD | ts=2026-04-12 13:00:20+00:00"}
[2026-04-13T03:23:56.181+0000] {fx_loader.py:55} INFO - Staged FX: 1 USD = 129.210149 KES | 1 KES = 0.00773933 USD | ts=2026-04-12 13:00:20+00:00
[2026-04-13T03:23:56.187+0000] {logging_mixin.py:188} INFO - {"timestamp": "2026-04-13T03:23:56.187273+00:00", "level": "INFO", "module": "db.connection", "message": "Transaction committed"}
[2026-04-13T03:23:56.187+0000] {connection.py:26} INFO - Transaction committed
[2026-04-13T03:23:56.187+0000] {logging_mixin.py:188} INFO - {"timestamp": "2026-04-13T03:23:56.187617+00:00", "level": "INFO", "module": "db.loaders.fx_loader", "message": "Loaded 3 FX pairs from fx_ke_20260412_142141.json"}
[2026-04-13T03:23:56.187+0000] {fx_loader.py:28} INFO - Loaded 3 FX pairs from fx_ke_20260412_142141.json
[2026-04-13T03:23:56.192+0000] {logging_mixin.py:188} INFO - {"timestamp": "2026-04-13T03:23:56.192859+00:00", "level": "INFO", "module": "db.connection", "message": "Transaction committed"}
[2026-04-13T03:23:56.192+0000] {connection.py:26} INFO - Transaction committed
[2026-04-13T03:23:56.193+0000] {logging_mixin.py:188} INFO - {"timestamp": "2026-04-13T03:23:56.193205+00:00", "level": "INFO", "module": "db.loaders.fx_loader", "message": "Staged FX: 1 USD = 129.210149 KES | 1 KES = 0.00773933 USD | ts=2026-04-12 14:00:15+00:00"}
[2026-04-13T03:23:56.193+0000] {fx_loader.py:55} INFO - Staged FX: 1 USD = 129.210149 KES | 1 KES = 0.00773933 USD | ts=2026-04-12 14:00:15+00:00
[2026-04-13T03:23:56.199+0000] {logging_mixin.py:188} INFO - {"timestamp": "2026-04-13T03:23:56.199012+00:00", "level": "INFO", "module": "db.connection", "message": "Transaction committed"}
[2026-04-13T03:23:56.198+0000] {connection.py:26} INFO - Transaction committed
[2026-04-13T03:23:56.199+0000] {logging_mixin.py:188} INFO - {"timestamp": "2026-04-13T03:23:56.199385+00:00", "level": "INFO", "module": "db.loaders.fx_loader", "message": "Loaded 3 FX pairs from fx_ke_20260412_142205.json"}
[2026-04-13T03:23:56.199+0000] {fx_loader.py:28} INFO - Loaded 3 FX pairs from fx_ke_20260412_142205.json
[2026-04-13T03:23:56.204+0000] {logging_mixin.py:188} INFO - {"timestamp": "2026-04-13T03:23:56.204097+00:00", "level": "INFO", "module": "db.connection", "message": "Transaction committed"}
[2026-04-13T03:23:56.204+0000] {connection.py:26} INFO - Transaction committed
[2026-04-13T03:23:56.204+0000] {logging_mixin.py:188} INFO - {"timestamp": "2026-04-13T03:23:56.204457+00:00", "level": "INFO", "module": "db.loaders.fx_loader", "message": "Staged FX: 1 USD = 129.210149 KES | 1 KES = 0.00773933 USD | ts=2026-04-12 14:00:15+00:00"}
[2026-04-13T03:23:56.204+0000] {fx_loader.py:55} INFO - Staged FX: 1 USD = 129.210149 KES | 1 KES = 0.00773933 USD | ts=2026-04-12 14:00:15+00:00
[2026-04-13T03:23:56.210+0000] {logging_mixin.py:188} INFO - {"timestamp": "2026-04-13T03:23:56.209995+00:00", "level": "INFO", "module": "db.connection", "message": "Transaction committed"}
[2026-04-13T03:23:56.209+0000] {connection.py:26} INFO - Transaction committed
[2026-04-13T03:23:56.210+0000] {logging_mixin.py:188} INFO - {"timestamp": "2026-04-13T03:23:56.210331+00:00", "level": "INFO", "module": "db.loaders.fx_loader", "message": "Loaded 3 FX pairs from fx_ke_20260412_143048.json"}
[2026-04-13T03:23:56.210+0000] {fx_loader.py:28} INFO - Loaded 3 FX pairs from fx_ke_20260412_143048.json
[2026-04-13T03:23:56.215+0000] {logging_mixin.py:188} INFO - {"timestamp": "2026-04-13T03:23:56.215232+00:00", "level": "INFO", "module": "db.connection", "message": "Transaction committed"}
[2026-04-13T03:23:56.215+0000] {connection.py:26} INFO - Transaction committed
[2026-04-13T03:23:56.215+0000] {logging_mixin.py:188} INFO - {"timestamp": "2026-04-13T03:23:56.215591+00:00", "level": "INFO", "module": "db.loaders.fx_loader", "message": "Staged FX: 1 USD = 129.210149 KES | 1 KES = 0.00773933 USD | ts=2026-04-12 14:00:15+00:00"}
[2026-04-13T03:23:56.215+0000] {fx_loader.py:55} INFO - Staged FX: 1 USD = 129.210149 KES | 1 KES = 0.00773933 USD | ts=2026-04-12 14:00:15+00:00
[2026-04-13T03:23:56.221+0000] {logging_mixin.py:188} INFO - {"timestamp": "2026-04-13T03:23:56.220952+00:00", "level": "INFO", "module": "db.connection", "message": "Transaction committed"}
[2026-04-13T03:23:56.220+0000] {connection.py:26} INFO - Transaction committed
[2026-04-13T03:23:56.221+0000] {logging_mixin.py:188} INFO - {"timestamp": "2026-04-13T03:23:56.221369+00:00", "level": "INFO", "module": "db.loaders.fx_loader", "message": "Loaded 3 FX pairs from fx_ke_20260412_143049.json"}
[2026-04-13T03:23:56.221+0000] {fx_loader.py:28} INFO - Loaded 3 FX pairs from fx_ke_20260412_143049.json
[2026-04-13T03:23:56.226+0000] {logging_mixin.py:188} INFO - {"timestamp": "2026-04-13T03:23:56.226060+00:00", "level": "INFO", "module": "db.connection", "message": "Transaction committed"}
[2026-04-13T03:23:56.226+0000] {connection.py:26} INFO - Transaction committed
[2026-04-13T03:23:56.226+0000] {logging_mixin.py:188} INFO - {"timestamp": "2026-04-13T03:23:56.226424+00:00", "level": "INFO", "module": "db.loaders.fx_loader", "message": "Staged FX: 1 USD = 129.210149 KES | 1 KES = 0.00773933 USD | ts=2026-04-12 14:00:15+00:00"}
[2026-04-13T03:23:56.226+0000] {fx_loader.py:55} INFO - Staged FX: 1 USD = 129.210149 KES | 1 KES = 0.00773933 USD | ts=2026-04-12 14:00:15+00:00
[2026-04-13T03:23:56.231+0000] {logging_mixin.py:188} INFO - {"timestamp": "2026-04-13T03:23:56.231764+00:00", "level": "INFO", "module": "db.connection", "message": "Transaction committed"}
[2026-04-13T03:23:56.231+0000] {connection.py:26} INFO - Transaction committed
[2026-04-13T03:23:56.232+0000] {logging_mixin.py:188} INFO - {"timestamp": "2026-04-13T03:23:56.232231+00:00", "level": "INFO", "module": "db.loaders.fx_loader", "message": "Loaded 3 FX pairs from fx_ke_20260412_143108.json"}
[2026-04-13T03:23:56.232+0000] {fx_loader.py:28} INFO - Loaded 3 FX pairs from fx_ke_20260412_143108.json
[2026-04-13T03:23:56.237+0000] {logging_mixin.py:188} INFO - {"timestamp": "2026-04-13T03:23:56.237111+00:00", "level": "INFO", "module": "db.connection", "message": "Transaction committed"}
[2026-04-13T03:23:56.237+0000] {connection.py:26} INFO - Transaction committed
[2026-04-13T03:23:56.237+0000] {logging_mixin.py:188} INFO - {"timestamp": "2026-04-13T03:23:56.237503+00:00", "level": "INFO", "module": "db.loaders.fx_loader", "message": "Staged FX: 1 USD = 129.210149 KES | 1 KES = 0.00773933 USD | ts=2026-04-12 14:00:15+00:00"}
[2026-04-13T03:23:56.237+0000] {fx_loader.py:55} INFO - Staged FX: 1 USD = 129.210149 KES | 1 KES = 0.00773933 USD | ts=2026-04-12 14:00:15+00:00
[2026-04-13T03:23:56.243+0000] {logging_mixin.py:188} INFO - {"timestamp": "2026-04-13T03:23:56.243027+00:00", "level": "INFO", "module": "db.connection", "message": "Transaction committed"}
[2026-04-13T03:23:56.243+0000] {connection.py:26} INFO - Transaction committed
[2026-04-13T03:23:56.243+0000] {logging_mixin.py:188} INFO - {"timestamp": "2026-04-13T03:23:56.243384+00:00", "level": "INFO", "module": "db.loaders.fx_loader", "message": "Loaded 3 FX pairs from fx_ke_20260412_143739.json"}
[2026-04-13T03:23:56.243+0000] {fx_loader.py:28} INFO - Loaded 3 FX pairs from fx_ke_20260412_143739.json
[2026-04-13T03:23:56.248+0000] {logging_mixin.py:188} INFO - {"timestamp": "2026-04-13T03:23:56.248403+00:00", "level": "INFO", "module": "db.connection", "message": "Transaction committed"}
[2026-04-13T03:23:56.248+0000] {connection.py:26} INFO - Transaction committed
[2026-04-13T03:23:56.248+0000] {logging_mixin.py:188} INFO - {"timestamp": "2026-04-13T03:23:56.248767+00:00", "level": "INFO", "module": "db.loaders.fx_loader", "message": "Staged FX: 1 USD = 129.210149 KES | 1 KES = 0.00773933 USD | ts=2026-04-12 14:00:15+00:00"}
[2026-04-13T03:23:56.248+0000] {fx_loader.py:55} INFO - Staged FX: 1 USD = 129.210149 KES | 1 KES = 0.00773933 USD | ts=2026-04-12 14:00:15+00:00
[2026-04-13T03:23:56.254+0000] {logging_mixin.py:188} INFO - {"timestamp": "2026-04-13T03:23:56.254831+00:00", "level": "INFO", "module": "db.connection", "message": "Transaction committed"}
[2026-04-13T03:23:56.254+0000] {connection.py:26} INFO - Transaction committed
[2026-04-13T03:23:56.255+0000] {logging_mixin.py:188} INFO - {"timestamp": "2026-04-13T03:23:56.255209+00:00", "level": "INFO", "module": "db.loaders.fx_loader", "message": "Loaded 3 FX pairs from fx_ke_20260412_144544.json"}
[2026-04-13T03:23:56.255+0000] {fx_loader.py:28} INFO - Loaded 3 FX pairs from fx_ke_20260412_144544.json
[2026-04-13T03:23:56.260+0000] {logging_mixin.py:188} INFO - {"timestamp": "2026-04-13T03:23:56.259973+00:00", "level": "INFO", "module": "db.connection", "message": "Transaction committed"}
[2026-04-13T03:23:56.259+0000] {connection.py:26} INFO - Transaction committed
[2026-04-13T03:23:56.260+0000] {logging_mixin.py:188} INFO - {"timestamp": "2026-04-13T03:23:56.260345+00:00", "level": "INFO", "module": "db.loaders.fx_loader", "message": "Staged FX: 1 USD = 129.210149 KES | 1 KES = 0.00773933 USD | ts=2026-04-12 14:00:15+00:00"}
[2026-04-13T03:23:56.260+0000] {fx_loader.py:55} INFO - Staged FX: 1 USD = 129.210149 KES | 1 KES = 0.00773933 USD | ts=2026-04-12 14:00:15+00:00
[2026-04-13T03:23:56.266+0000] {logging_mixin.py:188} INFO - {"timestamp": "2026-04-13T03:23:56.265971+00:00", "level": "INFO", "module": "db.connection", "message": "Transaction committed"}
[2026-04-13T03:23:56.265+0000] {connection.py:26} INFO - Transaction committed
[2026-04-13T03:23:56.266+0000] {logging_mixin.py:188} INFO - {"timestamp": "2026-04-13T03:23:56.266491+00:00", "level": "INFO", "module": "db.loaders.fx_loader", "message": "Loaded 3 FX pairs from fx_ke_20260413_030803.json"}
[2026-04-13T03:23:56.266+0000] {fx_loader.py:28} INFO - Loaded 3 FX pairs from fx_ke_20260413_030803.json
[2026-04-13T03:23:56.274+0000] {logging_mixin.py:188} INFO - {"timestamp": "2026-04-13T03:23:56.273950+00:00", "level": "INFO", "module": "db.connection", "message": "Transaction committed"}
[2026-04-13T03:23:56.273+0000] {connection.py:26} INFO - Transaction committed
[2026-04-13T03:23:56.274+0000] {logging_mixin.py:188} INFO - {"timestamp": "2026-04-13T03:23:56.274478+00:00", "level": "INFO", "module": "db.loaders.fx_loader", "message": "Staged FX: 1 USD = 129.21 KES | 1 KES = 0.00773934 USD | ts=2026-04-13 03:00:00+00:00"}
[2026-04-13T03:23:56.274+0000] {fx_loader.py:55} INFO - Staged FX: 1 USD = 129.21 KES | 1 KES = 0.00773934 USD | ts=2026-04-13 03:00:00+00:00
[2026-04-13T03:23:56.274+0000] {python.py:201} INFO - Done. Returned value was: None
[2026-04-13T03:23:56.288+0000] {taskinstance.py:1138} INFO - Marking task as SUCCESS. dag_id=kenya_econ_pipeline, task_id=load_to_postgres, execution_date=20260412T030000, start_date=20260413T032355, end_date=20260413T032356
[2026-04-13T03:23:56.324+0000] {local_task_job_runner.py:234} INFO - Task exited with return code 0
[2026-04-13T03:23:56.351+0000] {taskinstance.py:3280} INFO - 1 downstream tasks scheduled from follow-on schedule check
