[2026-04-12T14:31:07.327+0000] {taskinstance.py:1956} INFO - Dependencies all met for dep_context=non-requeueable deps ti=<TaskInstance: kenya_econ_pipeline.fx_ingest manual__2026-04-12T14:31:04+00:00 [queued]>
[2026-04-12T14:31:07.337+0000] {taskinstance.py:1956} INFO - Dependencies all met for dep_context=requeueable deps ti=<TaskInstance: kenya_econ_pipeline.fx_ingest manual__2026-04-12T14:31:04+00:00 [queued]>
[2026-04-12T14:31:07.338+0000] {taskinstance.py:2170} INFO - Starting attempt 1 of 4
[2026-04-12T14:31:07.370+0000] {taskinstance.py:2191} INFO - Executing <Task(PythonOperator): fx_ingest> on 2026-04-12 14:31:04+00:00
[2026-04-12T14:31:07.376+0000] {standard_task_runner.py:60} INFO - Started process 18487 to run task
[2026-04-12T14:31:07.379+0000] {standard_task_runner.py:87} INFO - Running: ['airflow', 'tasks', 'run', 'kenya_econ_pipeline', 'fx_ingest', 'manual__2026-04-12T14:31:04+00:00', '--job-id', '80', '--raw', '--subdir', 'DAGS_FOLDER/kenya_econ_dag.py', '--cfg-path', '/tmp/tmpgydqh1hd']
[2026-04-12T14:31:07.389+0000] {standard_task_runner.py:88} INFO - Job 80: Subtask fx_ingest
[2026-04-12T14:31:07.455+0000] {task_command.py:423} INFO - Running <TaskInstance: kenya_econ_pipeline.fx_ingest manual__2026-04-12T14:31:04+00:00 [running]> on host 2f11af39ed07
[2026-04-12T14:31:07.528+0000] {taskinstance.py:2480} INFO - Exporting env vars: AIRFLOW_CTX_DAG_OWNER='samwel' AIRFLOW_CTX_DAG_ID='kenya_econ_pipeline' AIRFLOW_CTX_TASK_ID='fx_ingest' AIRFLOW_CTX_EXECUTION_DATE='2026-04-12T14:31:04+00:00' AIRFLOW_CTX_TRY_NUMBER='1' AIRFLOW_CTX_DAG_RUN_ID='manual__2026-04-12T14:31:04+00:00'
[2026-04-12T14:31:07.541+0000] {logging_mixin.py:188} INFO - {"timestamp": "2026-04-12T14:31:07.541055+00:00", "level": "INFO", "module": "ingestion.fx_rates", "message": "Fetching FX rates"}
[2026-04-12T14:31:07.540+0000] {fx_rates.py:44} INFO - Fetching FX rates
[2026-04-12T14:31:07.541+0000] {logging_mixin.py:188} INFO - {"timestamp": "2026-04-12T14:31:07.541637+00:00", "level": "INFO", "module": "ingestion.base_client", "message": "GET https://openexchangerates.org/api/latest.json | params={'app_id': '0a6516f647794bb4a39543681fdb6aa0', 'base': 'USD', 'symbols': 'KES,EUR,GBP'}"}
[2026-04-12T14:31:07.541+0000] {base_client.py:17} INFO - GET https://openexchangerates.org/api/latest.json | params={'app_id': '0a6516f647794bb4a39543681fdb6aa0', 'base': 'USD', 'symbols': 'KES,EUR,GBP'}
[2026-04-12T14:31:08.825+0000] {logging_mixin.py:188} INFO - {"timestamp": "2026-04-12T14:31:08.825834+00:00", "level": "INFO", "module": "ingestion.base_client", "message": "Response 200 from https://openexchangerates.org/api/latest.json"}
[2026-04-12T14:31:08.825+0000] {base_client.py:20} INFO - Response 200 from https://openexchangerates.org/api/latest.json
[2026-04-12T14:31:08.828+0000] {logging_mixin.py:188} INFO - {"timestamp": "2026-04-12T14:31:08.828377+00:00", "level": "INFO", "module": "utils.validators", "message": "[fx_rates] Validation passed for fields: ['rates', 'timestamp', 'base']"}
[2026-04-12T14:31:08.828+0000] {validators.py:21} INFO - [fx_rates] Validation passed for fields: ['rates', 'timestamp', 'base']
[2026-04-12T14:31:08.830+0000] {logging_mixin.py:188} INFO - {"timestamp": "2026-04-12T14:31:08.830298+00:00", "level": "INFO", "module": "ingestion.fx_rates", "message": "Saved FX rates to data/raw/fx_rates/fx_ke_20260412_143108.json"}
[2026-04-12T14:31:08.830+0000] {fx_rates.py:40} INFO - Saved FX rates to data/raw/fx_rates/fx_ke_20260412_143108.json
[2026-04-12T14:31:08.830+0000] {python.py:201} INFO - Done. Returned value was: None
[2026-04-12T14:31:08.844+0000] {taskinstance.py:1138} INFO - Marking task as SUCCESS. dag_id=kenya_econ_pipeline, task_id=fx_ingest, execution_date=20260412T143104, start_date=20260412T143107, end_date=20260412T143108
[2026-04-12T14:31:08.867+0000] {local_task_job_runner.py:234} INFO - Task exited with return code 0
[2026-04-12T14:31:08.915+0000] {taskinstance.py:3280} INFO - 1 downstream tasks scheduled from follow-on schedule check
