[2026-04-11T03:09:13.228+0000] {taskinstance.py:1956} INFO - Dependencies all met for dep_context=non-requeueable deps ti=<TaskInstance: kenya_econ_pipeline.fx_ingest scheduled__2026-04-10T03:00:00+00:00 [queued]>
[2026-04-11T03:09:13.240+0000] {taskinstance.py:1956} INFO - Dependencies all met for dep_context=requeueable deps ti=<TaskInstance: kenya_econ_pipeline.fx_ingest scheduled__2026-04-10T03:00:00+00:00 [queued]>
[2026-04-11T03:09:13.241+0000] {taskinstance.py:2170} INFO - Starting attempt 1 of 4
[2026-04-11T03:09:13.262+0000] {taskinstance.py:2191} INFO - Executing <Task(PythonOperator): fx_ingest> on 2026-04-10 03:00:00+00:00
[2026-04-11T03:09:13.274+0000] {standard_task_runner.py:60} INFO - Started process 4581 to run task
[2026-04-11T03:09:13.281+0000] {standard_task_runner.py:87} INFO - Running: ['airflow', 'tasks', 'run', 'kenya_econ_pipeline', 'fx_ingest', 'scheduled__2026-04-10T03:00:00+00:00', '--job-id', '20', '--raw', '--subdir', 'DAGS_FOLDER/kenya_econ_dag.py', '--cfg-path', '/tmp/tmpw1a9kb71']
[2026-04-11T03:09:13.290+0000] {standard_task_runner.py:88} INFO - Job 20: Subtask fx_ingest
[2026-04-11T03:09:13.379+0000] {task_command.py:423} INFO - Running <TaskInstance: kenya_econ_pipeline.fx_ingest scheduled__2026-04-10T03:00:00+00:00 [running]> on host 2f11af39ed07
[2026-04-11T03:09:13.562+0000] {taskinstance.py:2480} INFO - Exporting env vars: AIRFLOW_CTX_DAG_OWNER='samwel' AIRFLOW_CTX_DAG_ID='kenya_econ_pipeline' AIRFLOW_CTX_TASK_ID='fx_ingest' AIRFLOW_CTX_EXECUTION_DATE='2026-04-10T03:00:00+00:00' AIRFLOW_CTX_TRY_NUMBER='1' AIRFLOW_CTX_DAG_RUN_ID='scheduled__2026-04-10T03:00:00+00:00'
[2026-04-11T03:09:13.610+0000] {logging_mixin.py:188} INFO - {"timestamp": "2026-04-11T03:09:13.610706+00:00", "level": "INFO", "module": "ingestion.fx_rates", "message": "Fetching FX rates"}
[2026-04-11T03:09:13.610+0000] {fx_rates.py:44} INFO - Fetching FX rates
[2026-04-11T03:09:13.611+0000] {logging_mixin.py:188} INFO - {"timestamp": "2026-04-11T03:09:13.611464+00:00", "level": "INFO", "module": "ingestion.base_client", "message": "GET https://openexchangerates.org/api/latest.json | params={'app_id': '0a6516f647794bb4a39543681fdb6aa0', 'base': 'USD', 'symbols': 'KES,EUR,GBP'}"}
[2026-04-11T03:09:13.611+0000] {base_client.py:17} INFO - GET https://openexchangerates.org/api/latest.json | params={'app_id': '0a6516f647794bb4a39543681fdb6aa0', 'base': 'USD', 'symbols': 'KES,EUR,GBP'}
[2026-04-11T03:09:17.027+0000] {logging_mixin.py:188} INFO - {"timestamp": "2026-04-11T03:09:17.026091+00:00", "level": "INFO", "module": "ingestion.base_client", "message": "Response 200 from https://openexchangerates.org/api/latest.json"}
[2026-04-11T03:09:17.025+0000] {base_client.py:20} INFO - Response 200 from https://openexchangerates.org/api/latest.json
[2026-04-11T03:09:17.035+0000] {logging_mixin.py:188} INFO - {"timestamp": "2026-04-11T03:09:17.035274+00:00", "level": "INFO", "module": "utils.validators", "message": "[fx_rates] Validation passed for fields: ['rates', 'timestamp', 'base']"}
[2026-04-11T03:09:17.035+0000] {validators.py:21} INFO - [fx_rates] Validation passed for fields: ['rates', 'timestamp', 'base']
[2026-04-11T03:09:17.046+0000] {logging_mixin.py:188} INFO - {"timestamp": "2026-04-11T03:09:17.046428+00:00", "level": "INFO", "module": "ingestion.fx_rates", "message": "Saved FX rates to data/raw/fx_rates/fx_ke_20260411_030917.json"}
[2026-04-11T03:09:17.046+0000] {fx_rates.py:40} INFO - Saved FX rates to data/raw/fx_rates/fx_ke_20260411_030917.json
[2026-04-11T03:09:17.047+0000] {python.py:201} INFO - Done. Returned value was: None
[2026-04-11T03:09:17.086+0000] {taskinstance.py:1138} INFO - Marking task as SUCCESS. dag_id=kenya_econ_pipeline, task_id=fx_ingest, execution_date=20260410T030000, start_date=20260411T030913, end_date=20260411T030917
[2026-04-11T03:09:17.142+0000] {local_task_job_runner.py:234} INFO - Task exited with return code 0
[2026-04-11T03:09:17.216+0000] {taskinstance.py:3280} INFO - 0 downstream tasks scheduled from follow-on schedule check
