[2026-04-12T13:50:52.541+0000] {taskinstance.py:1956} INFO - Dependencies all met for dep_context=non-requeueable deps ti=<TaskInstance: kenya_econ_pipeline.worldbank_ingest scheduled__2026-04-09T03:00:00+00:00 [queued]>
[2026-04-12T13:50:52.555+0000] {taskinstance.py:1956} INFO - Dependencies all met for dep_context=requeueable deps ti=<TaskInstance: kenya_econ_pipeline.worldbank_ingest scheduled__2026-04-09T03:00:00+00:00 [queued]>
[2026-04-12T13:50:52.556+0000] {taskinstance.py:2170} INFO - Starting attempt 2 of 5
[2026-04-12T13:50:52.568+0000] {taskinstance.py:2191} INFO - Executing <Task(PythonOperator): worldbank_ingest> on 2026-04-09 03:00:00+00:00
[2026-04-12T13:50:52.583+0000] {standard_task_runner.py:60} INFO - Started process 17902 to run task
[2026-04-12T13:50:52.592+0000] {standard_task_runner.py:87} INFO - Running: ['airflow', 'tasks', 'run', 'kenya_econ_pipeline', 'worldbank_ingest', 'scheduled__2026-04-09T03:00:00+00:00', '--job-id', '38', '--raw', '--subdir', 'DAGS_FOLDER/kenya_econ_dag.py', '--cfg-path', '/tmp/tmpp2g9qgpk']
[2026-04-12T13:50:52.595+0000] {standard_task_runner.py:88} INFO - Job 38: Subtask worldbank_ingest
[2026-04-12T13:50:52.648+0000] {task_command.py:423} INFO - Running <TaskInstance: kenya_econ_pipeline.worldbank_ingest scheduled__2026-04-09T03:00:00+00:00 [running]> on host 2f11af39ed07
[2026-04-12T13:50:52.714+0000] {taskinstance.py:2480} INFO - Exporting env vars: AIRFLOW_CTX_DAG_OWNER='samwel' AIRFLOW_CTX_DAG_ID='kenya_econ_pipeline' AIRFLOW_CTX_TASK_ID='worldbank_ingest' AIRFLOW_CTX_EXECUTION_DATE='2026-04-09T03:00:00+00:00' AIRFLOW_CTX_TRY_NUMBER='2' AIRFLOW_CTX_DAG_RUN_ID='scheduled__2026-04-09T03:00:00+00:00'
[2026-04-12T13:50:52.734+0000] {logging_mixin.py:188} INFO - {"timestamp": "2026-04-12T13:50:52.733962+00:00", "level": "INFO", "module": "ingestion.worldbank", "message": "Fetching World Bank indicator: gdp"}
[2026-04-12T13:50:52.733+0000] {worldbank.py:47} INFO - Fetching World Bank indicator: gdp
[2026-04-12T13:50:52.734+0000] {logging_mixin.py:188} INFO - {"timestamp": "2026-04-12T13:50:52.734599+00:00", "level": "INFO", "module": "ingestion.base_client", "message": "GET https://api.worldbank.org/v2/country/KE/indicator/NY.GDP.MKTP.CD | params={'format': 'json', 'per_page': 10, 'mrv': 5}"}
[2026-04-12T13:50:52.734+0000] {base_client.py:17} INFO - GET https://api.worldbank.org/v2/country/KE/indicator/NY.GDP.MKTP.CD | params={'format': 'json', 'per_page': 10, 'mrv': 5}
[2026-04-12T13:50:53.659+0000] {logging_mixin.py:188} INFO - {"timestamp": "2026-04-12T13:50:53.658797+00:00", "level": "INFO", "module": "ingestion.base_client", "message": "Response 200 from https://api.worldbank.org/v2/country/KE/indicator/NY.GDP.MKTP.CD"}
[2026-04-12T13:50:53.658+0000] {base_client.py:20} INFO - Response 200 from https://api.worldbank.org/v2/country/KE/indicator/NY.GDP.MKTP.CD
[2026-04-12T13:50:53.663+0000] {logging_mixin.py:188} INFO - {"timestamp": "2026-04-12T13:50:53.663224+00:00", "level": "INFO", "module": "utils.validators", "message": "[worldbank/gdp] Validation passed for fields: ['metadata', 'data']"}
[2026-04-12T13:50:53.663+0000] {validators.py:21} INFO - [worldbank/gdp] Validation passed for fields: ['metadata', 'data']
[2026-04-12T13:50:53.668+0000] {logging_mixin.py:188} INFO - {"timestamp": "2026-04-12T13:50:53.668086+00:00", "level": "INFO", "module": "ingestion.worldbank", "message": "Saved gdp data to data/raw/worldbank/gdp_ke_20260412.json"}
[2026-04-12T13:50:53.667+0000] {worldbank.py:42} INFO - Saved gdp data to data/raw/worldbank/gdp_ke_20260412.json
[2026-04-12T13:50:53.672+0000] {logging_mixin.py:188} INFO - {"timestamp": "2026-04-12T13:50:53.672358+00:00", "level": "INFO", "module": "ingestion.worldbank", "message": "Fetching World Bank indicator: inflation"}
[2026-04-12T13:50:53.672+0000] {worldbank.py:47} INFO - Fetching World Bank indicator: inflation
[2026-04-12T13:50:53.674+0000] {logging_mixin.py:188} INFO - {"timestamp": "2026-04-12T13:50:53.674486+00:00", "level": "INFO", "module": "ingestion.base_client", "message": "GET https://api.worldbank.org/v2/country/KE/indicator/FP.CPI.TOTL.ZG | params={'format': 'json', 'per_page': 10, 'mrv': 5}"}
[2026-04-12T13:50:53.674+0000] {base_client.py:17} INFO - GET https://api.worldbank.org/v2/country/KE/indicator/FP.CPI.TOTL.ZG | params={'format': 'json', 'per_page': 10, 'mrv': 5}
[2026-04-12T13:50:54.131+0000] {logging_mixin.py:188} INFO - {"timestamp": "2026-04-12T13:50:54.131173+00:00", "level": "INFO", "module": "ingestion.base_client", "message": "Response 200 from https://api.worldbank.org/v2/country/KE/indicator/FP.CPI.TOTL.ZG"}
[2026-04-12T13:50:54.131+0000] {base_client.py:20} INFO - Response 200 from https://api.worldbank.org/v2/country/KE/indicator/FP.CPI.TOTL.ZG
[2026-04-12T13:50:54.135+0000] {logging_mixin.py:188} INFO - {"timestamp": "2026-04-12T13:50:54.135684+00:00", "level": "INFO", "module": "utils.validators", "message": "[worldbank/inflation] Validation passed for fields: ['metadata', 'data']"}
[2026-04-12T13:50:54.135+0000] {validators.py:21} INFO - [worldbank/inflation] Validation passed for fields: ['metadata', 'data']
[2026-04-12T13:50:54.137+0000] {logging_mixin.py:188} INFO - {"timestamp": "2026-04-12T13:50:54.137774+00:00", "level": "INFO", "module": "ingestion.worldbank", "message": "Saved inflation data to data/raw/worldbank/inflation_ke_20260412.json"}
[2026-04-12T13:50:54.137+0000] {worldbank.py:42} INFO - Saved inflation data to data/raw/worldbank/inflation_ke_20260412.json
[2026-04-12T13:50:54.138+0000] {python.py:201} INFO - Done. Returned value was: None
[2026-04-12T13:50:54.173+0000] {taskinstance.py:1138} INFO - Marking task as SUCCESS. dag_id=kenya_econ_pipeline, task_id=worldbank_ingest, execution_date=20260409T030000, start_date=20260412T135052, end_date=20260412T135054
[2026-04-12T13:50:54.228+0000] {local_task_job_runner.py:234} INFO - Task exited with return code 0
[2026-04-12T13:50:54.274+0000] {taskinstance.py:3280} INFO - 0 downstream tasks scheduled from follow-on schedule check
