[2026-04-10T03:05:18.111+0000] {taskinstance.py:1956} INFO - Dependencies all met for dep_context=non-requeueable deps ti=<TaskInstance: kenya_econ_pipeline.worldbank_ingest scheduled__2026-04-09T03:00:00+00:00 [queued]>
[2026-04-10T03:05:18.160+0000] {taskinstance.py:1956} INFO - Dependencies all met for dep_context=requeueable deps ti=<TaskInstance: kenya_econ_pipeline.worldbank_ingest scheduled__2026-04-09T03:00:00+00:00 [queued]>
[2026-04-10T03:05:18.161+0000] {taskinstance.py:2170} INFO - Starting attempt 1 of 4
[2026-04-10T03:05:18.215+0000] {taskinstance.py:2191} INFO - Executing <Task(PythonOperator): worldbank_ingest> on 2026-04-09 03:00:00+00:00
[2026-04-10T03:05:18.245+0000] {standard_task_runner.py:60} INFO - Started process 1600 to run task
[2026-04-10T03:05:18.258+0000] {standard_task_runner.py:87} INFO - Running: ['airflow', 'tasks', 'run', 'kenya_econ_pipeline', 'worldbank_ingest', 'scheduled__2026-04-09T03:00:00+00:00', '--job-id', '15', '--raw', '--subdir', 'DAGS_FOLDER/kenya_econ_dag.py', '--cfg-path', '/tmp/tmpxai518sr']
[2026-04-10T03:05:18.269+0000] {standard_task_runner.py:88} INFO - Job 15: Subtask worldbank_ingest
[2026-04-10T03:05:18.428+0000] {task_command.py:423} INFO - Running <TaskInstance: kenya_econ_pipeline.worldbank_ingest scheduled__2026-04-09T03:00:00+00:00 [running]> on host 2f11af39ed07
[2026-04-10T03:05:18.584+0000] {taskinstance.py:2480} INFO - Exporting env vars: AIRFLOW_CTX_DAG_OWNER='samwel' AIRFLOW_CTX_DAG_ID='kenya_econ_pipeline' AIRFLOW_CTX_TASK_ID='worldbank_ingest' AIRFLOW_CTX_EXECUTION_DATE='2026-04-09T03:00:00+00:00' AIRFLOW_CTX_TRY_NUMBER='1' AIRFLOW_CTX_DAG_RUN_ID='scheduled__2026-04-09T03:00:00+00:00'
[2026-04-10T03:05:18.626+0000] {logging_mixin.py:188} INFO - {"timestamp": "2026-04-10T03:05:18.626654+00:00", "level": "INFO", "module": "ingestion.worldbank", "message": "Fetching World Bank indicator: gdp"}
[2026-04-10T03:05:18.626+0000] {worldbank.py:47} INFO - Fetching World Bank indicator: gdp
[2026-04-10T03:05:18.627+0000] {logging_mixin.py:188} INFO - {"timestamp": "2026-04-10T03:05:18.627716+00:00", "level": "INFO", "module": "ingestion.base_client", "message": "GET https://api.worldbank.org/v2/country/KE/indicator/NY.GDP.MKTP.CD | params={'format': 'json', 'per_page': 10, 'mrv': 5}"}
[2026-04-10T03:05:18.627+0000] {base_client.py:17} INFO - GET https://api.worldbank.org/v2/country/KE/indicator/NY.GDP.MKTP.CD | params={'format': 'json', 'per_page': 10, 'mrv': 5}
[2026-04-10T03:05:23.168+0000] {logging_mixin.py:188} INFO - {"timestamp": "2026-04-10T03:05:23.167769+00:00", "level": "INFO", "module": "ingestion.base_client", "message": "Response 200 from https://api.worldbank.org/v2/country/KE/indicator/NY.GDP.MKTP.CD"}
[2026-04-10T03:05:23.166+0000] {base_client.py:20} INFO - Response 200 from https://api.worldbank.org/v2/country/KE/indicator/NY.GDP.MKTP.CD
[2026-04-10T03:05:23.178+0000] {logging_mixin.py:188} INFO - {"timestamp": "2026-04-10T03:05:23.178555+00:00", "level": "INFO", "module": "utils.validators", "message": "[worldbank/gdp] Validation passed for fields: ['metadata', 'data']"}
[2026-04-10T03:05:23.178+0000] {validators.py:21} INFO - [worldbank/gdp] Validation passed for fields: ['metadata', 'data']
[2026-04-10T03:05:23.183+0000] {logging_mixin.py:188} INFO - {"timestamp": "2026-04-10T03:05:23.183484+00:00", "level": "INFO", "module": "ingestion.worldbank", "message": "Saved gdp data to data/raw/worldbank/gdp_ke_20260410.json"}
[2026-04-10T03:05:23.183+0000] {worldbank.py:42} INFO - Saved gdp data to data/raw/worldbank/gdp_ke_20260410.json
[2026-04-10T03:05:23.184+0000] {logging_mixin.py:188} INFO - {"timestamp": "2026-04-10T03:05:23.184502+00:00", "level": "INFO", "module": "ingestion.worldbank", "message": "Fetching World Bank indicator: inflation"}
[2026-04-10T03:05:23.184+0000] {worldbank.py:47} INFO - Fetching World Bank indicator: inflation
[2026-04-10T03:05:23.185+0000] {logging_mixin.py:188} INFO - {"timestamp": "2026-04-10T03:05:23.185027+00:00", "level": "INFO", "module": "ingestion.base_client", "message": "GET https://api.worldbank.org/v2/country/KE/indicator/FP.CPI.TOTL.ZG | params={'format': 'json', 'per_page': 10, 'mrv': 5}"}
[2026-04-10T03:05:23.185+0000] {base_client.py:17} INFO - GET https://api.worldbank.org/v2/country/KE/indicator/FP.CPI.TOTL.ZG | params={'format': 'json', 'per_page': 10, 'mrv': 5}
[2026-04-10T03:05:40.473+0000] {logging_mixin.py:188} INFO - {"timestamp": "2026-04-10T03:05:40.471246+00:00", "level": "INFO", "module": "ingestion.base_client", "message": "GET https://api.worldbank.org/v2/country/KE/indicator/FP.CPI.TOTL.ZG | params={'format': 'json', 'per_page': 10, 'mrv': 5}"}
[2026-04-10T03:05:40.470+0000] {base_client.py:17} INFO - GET https://api.worldbank.org/v2/country/KE/indicator/FP.CPI.TOTL.ZG | params={'format': 'json', 'per_page': 10, 'mrv': 5}
[2026-04-10T03:05:41.321+0000] {logging_mixin.py:188} INFO - {"timestamp": "2026-04-10T03:05:41.321020+00:00", "level": "INFO", "module": "ingestion.base_client", "message": "Response 200 from https://api.worldbank.org/v2/country/KE/indicator/FP.CPI.TOTL.ZG"}
[2026-04-10T03:05:41.320+0000] {base_client.py:20} INFO - Response 200 from https://api.worldbank.org/v2/country/KE/indicator/FP.CPI.TOTL.ZG
[2026-04-10T03:05:41.324+0000] {logging_mixin.py:188} INFO - {"timestamp": "2026-04-10T03:05:41.324132+00:00", "level": "INFO", "module": "utils.validators", "message": "[worldbank/inflation] Validation passed for fields: ['metadata', 'data']"}
[2026-04-10T03:05:41.324+0000] {validators.py:21} INFO - [worldbank/inflation] Validation passed for fields: ['metadata', 'data']
[2026-04-10T03:05:41.328+0000] {logging_mixin.py:188} INFO - {"timestamp": "2026-04-10T03:05:41.328561+00:00", "level": "INFO", "module": "ingestion.worldbank", "message": "Saved inflation data to data/raw/worldbank/inflation_ke_20260410.json"}
[2026-04-10T03:05:41.328+0000] {worldbank.py:42} INFO - Saved inflation data to data/raw/worldbank/inflation_ke_20260410.json
[2026-04-10T03:05:41.330+0000] {python.py:201} INFO - Done. Returned value was: None
[2026-04-10T03:05:41.388+0000] {taskinstance.py:1138} INFO - Marking task as SUCCESS. dag_id=kenya_econ_pipeline, task_id=worldbank_ingest, execution_date=20260409T030000, start_date=20260410T030518, end_date=20260410T030541
[2026-04-10T03:05:41.462+0000] {local_task_job_runner.py:234} INFO - Task exited with return code 0
[2026-04-10T03:05:41.534+0000] {taskinstance.py:3280} INFO - 1 downstream tasks scheduled from follow-on schedule check
