[2026-04-12T14:35:58.966+0000] {taskinstance.py:1956} INFO - Dependencies all met for dep_context=non-requeueable deps ti=<TaskInstance: kenya_econ_pipeline.dbt_run manual__2026-04-12T14:22:00+00:00 [queued]>
[2026-04-12T14:35:58.979+0000] {taskinstance.py:1956} INFO - Dependencies all met for dep_context=requeueable deps ti=<TaskInstance: kenya_econ_pipeline.dbt_run manual__2026-04-12T14:22:00+00:00 [queued]>
[2026-04-12T14:35:58.979+0000] {taskinstance.py:2170} INFO - Starting attempt 4 of 6
[2026-04-12T14:35:58.998+0000] {taskinstance.py:2191} INFO - Executing <Task(BashOperator): dbt_run> on 2026-04-12 14:22:00+00:00
[2026-04-12T14:35:59.013+0000] {standard_task_runner.py:60} INFO - Started process 18548 to run task
[2026-04-12T14:35:59.025+0000] {standard_task_runner.py:87} INFO - Running: ['airflow', 'tasks', 'run', 'kenya_econ_pipeline', 'dbt_run', 'manual__2026-04-12T14:22:00+00:00', '--job-id', '84', '--raw', '--subdir', 'DAGS_FOLDER/kenya_econ_dag.py', '--cfg-path', '/tmp/tmpmuokjknd']
[2026-04-12T14:35:59.042+0000] {standard_task_runner.py:88} INFO - Job 84: Subtask dbt_run
[2026-04-12T14:35:59.162+0000] {task_command.py:423} INFO - Running <TaskInstance: kenya_econ_pipeline.dbt_run manual__2026-04-12T14:22:00+00:00 [running]> on host 2f11af39ed07
[2026-04-12T14:35:59.264+0000] {taskinstance.py:2480} INFO - Exporting env vars: AIRFLOW_CTX_DAG_OWNER='samwel' AIRFLOW_CTX_DAG_ID='kenya_econ_pipeline' AIRFLOW_CTX_TASK_ID='dbt_run' AIRFLOW_CTX_EXECUTION_DATE='2026-04-12T14:22:00+00:00' AIRFLOW_CTX_TRY_NUMBER='4' AIRFLOW_CTX_DAG_RUN_ID='manual__2026-04-12T14:22:00+00:00'
[2026-04-12T14:35:59.266+0000] {subprocess.py:63} INFO - Tmp dir root location: /tmp
[2026-04-12T14:35:59.272+0000] {subprocess.py:75} INFO - Running command: ['/usr/bin/bash', '-c', 'cd /opt/airflow/kenya_econ_dbt && dbt run --profiles-dir /opt/airflow/kenya_econ_dbt']
[2026-04-12T14:35:59.289+0000] {subprocess.py:86} INFO - Output:
[2026-04-12T14:36:01.721+0000] {subprocess.py:93} INFO - [0m14:36:01  Running with dbt=1.7.0
[2026-04-12T14:36:02.335+0000] {subprocess.py:93} INFO - [0m14:36:02  Registered adapter: postgres=1.7.0
[2026-04-12T14:36:02.518+0000] {subprocess.py:93} INFO - [0m14:36:02  Unable to do partial parsing because of a version mismatch
[2026-04-12T14:36:03.371+0000] {subprocess.py:93} INFO - [0m14:36:03  [[33mWARNING[0m]: Configuration paths exist in your dbt_project.yml file which do not apply to any resources.
[2026-04-12T14:36:03.372+0000] {subprocess.py:93} INFO - There are 2 unused configuration paths:
[2026-04-12T14:36:03.372+0000] {subprocess.py:93} INFO - - models.mart
[2026-04-12T14:36:03.372+0000] {subprocess.py:93} INFO - - models.staging
[2026-04-12T14:36:03.421+0000] {subprocess.py:93} INFO - [0m14:36:03  Found 6 models, 14 tests, 3 sources, 0 exposures, 0 metrics, 402 macros, 0 groups, 0 semantic models
[2026-04-12T14:36:03.424+0000] {subprocess.py:93} INFO - [0m14:36:03
[2026-04-12T14:36:03.551+0000] {subprocess.py:93} INFO - [0m14:36:03  Concurrency: 4 threads (target='dev')
[2026-04-12T14:36:03.552+0000] {subprocess.py:93} INFO - [0m14:36:03
[2026-04-12T14:36:03.560+0000] {subprocess.py:93} INFO - [0m14:36:03  1 of 6 START sql view model mart.stg_fx ........................................ [RUN]
[2026-04-12T14:36:03.560+0000] {subprocess.py:93} INFO - [0m14:36:03  2 of 6 START sql view model mart.stg_gdp ....................................... [RUN]
[2026-04-12T14:36:03.561+0000] {subprocess.py:93} INFO - [0m14:36:03  3 of 6 START sql view model mart.stg_inflation ................................. [RUN]
[2026-04-12T14:36:03.945+0000] {subprocess.py:93} INFO - [0m14:36:03  2 of 6 OK created sql view model mart.stg_gdp .................................. [[32mCREATE VIEW[0m in 0.37s]
[2026-04-12T14:36:03.949+0000] {subprocess.py:93} INFO - [0m14:36:03  1 of 6 OK created sql view model mart.stg_fx ................................... [[32mCREATE VIEW[0m in 0.38s]
[2026-04-12T14:36:03.950+0000] {subprocess.py:93} INFO - [0m14:36:03  3 of 6 ERROR creating sql view model mart.stg_inflation ........................ [[31mERROR[0m in 0.38s]
[2026-04-12T14:36:03.954+0000] {subprocess.py:93} INFO - [0m14:36:03  4 of 6 START sql view model mart.fx_daily_summary .............................. [RUN]
[2026-04-12T14:36:03.957+0000] {subprocess.py:93} INFO - [0m14:36:03  5 of 6 SKIP relation mart.kenya_macro .......................................... [[33mSKIP[0m]
[2026-04-12T14:36:03.962+0000] {subprocess.py:93} INFO - [0m14:36:03  6 of 6 SKIP relation mart.purchasing_power ..................................... [[33mSKIP[0m]
[2026-04-12T14:36:04.049+0000] {subprocess.py:93} INFO - [0m14:36:04  4 of 6 OK created sql view model mart.fx_daily_summary ......................... [[32mCREATE VIEW[0m in 0.09s]
[2026-04-12T14:36:04.071+0000] {subprocess.py:93} INFO - [0m14:36:04
[2026-04-12T14:36:04.075+0000] {subprocess.py:93} INFO - [0m14:36:04  Finished running 6 view models in 0 hours 0 minutes and 0.65 seconds (0.65s).
[2026-04-12T14:36:04.135+0000] {subprocess.py:93} INFO - [0m14:36:04
[2026-04-12T14:36:04.141+0000] {subprocess.py:93} INFO - [0m14:36:04  [31mCompleted with 1 error and 0 warnings:[0m
[2026-04-12T14:36:04.143+0000] {subprocess.py:93} INFO - [0m14:36:04
[2026-04-12T14:36:04.145+0000] {subprocess.py:93} INFO - [0m14:36:04    Database Error in model stg_inflation (models/staging/stg_inflation.sql)
[2026-04-12T14:36:04.145+0000] {subprocess.py:93} INFO -   relation "stg_inflation" already exists
[2026-04-12T14:36:04.146+0000] {subprocess.py:93} INFO -   compiled Code at target/run/kenya_econ_dbt/models/staging/stg_inflation.sql
[2026-04-12T14:36:04.146+0000] {subprocess.py:93} INFO - [0m14:36:04
[2026-04-12T14:36:04.147+0000] {subprocess.py:93} INFO - [0m14:36:04  Done. PASS=3 WARN=0 ERROR=1 SKIP=2 TOTAL=6
[2026-04-12T14:36:06.286+0000] {subprocess.py:97} INFO - Command exited with return code 1
[2026-04-12T14:36:06.356+0000] {taskinstance.py:2698} ERROR - Task failed with exception
Traceback (most recent call last):
  File "/home/airflow/.local/lib/python3.8/site-packages/airflow/models/taskinstance.py", line 433, in _execute_task
    result = execute_callable(context=context, **execute_callable_kwargs)
  File "/home/airflow/.local/lib/python3.8/site-packages/airflow/operators/bash.py", line 212, in execute
    raise AirflowException(
airflow.exceptions.AirflowException: Bash command failed. The command returned a non-zero exit code 1.
[2026-04-12T14:36:06.362+0000] {taskinstance.py:1138} INFO - Marking task as UP_FOR_RETRY. dag_id=kenya_econ_pipeline, task_id=dbt_run, execution_date=20260412T142200, start_date=20260412T143558, end_date=20260412T143606
[2026-04-12T14:36:06.397+0000] {standard_task_runner.py:107} ERROR - Failed to execute job 84 for task dbt_run (Bash command failed. The command returned a non-zero exit code 1.; 18548)
[2026-04-12T14:36:06.434+0000] {local_task_job_runner.py:234} INFO - Task exited with return code 1
[2026-04-12T14:36:06.512+0000] {taskinstance.py:3280} INFO - 0 downstream tasks scheduled from follow-on schedule check
