[2026-04-12T14:30:53.121+0000] {taskinstance.py:1956} INFO - Dependencies all met for dep_context=non-requeueable deps ti=<TaskInstance: kenya_econ_pipeline.dbt_run manual__2026-04-12T14:22:00+00:00 [queued]>
[2026-04-12T14:30:53.134+0000] {taskinstance.py:1956} INFO - Dependencies all met for dep_context=requeueable deps ti=<TaskInstance: kenya_econ_pipeline.dbt_run manual__2026-04-12T14:22:00+00:00 [queued]>
[2026-04-12T14:30:53.135+0000] {taskinstance.py:2170} INFO - Starting attempt 3 of 6
[2026-04-12T14:30:53.149+0000] {taskinstance.py:2191} INFO - Executing <Task(BashOperator): dbt_run> on 2026-04-12 14:22:00+00:00
[2026-04-12T14:30:53.154+0000] {standard_task_runner.py:60} INFO - Started process 18466 to run task
[2026-04-12T14:30:53.164+0000] {standard_task_runner.py:87} INFO - Running: ['airflow', 'tasks', 'run', 'kenya_econ_pipeline', 'dbt_run', 'manual__2026-04-12T14:22:00+00:00', '--job-id', '78', '--raw', '--subdir', 'DAGS_FOLDER/kenya_econ_dag.py', '--cfg-path', '/tmp/tmpurgcalm_']
[2026-04-12T14:30:53.167+0000] {standard_task_runner.py:88} INFO - Job 78: Subtask dbt_run
[2026-04-12T14:30:53.235+0000] {task_command.py:423} INFO - Running <TaskInstance: kenya_econ_pipeline.dbt_run manual__2026-04-12T14:22:00+00:00 [running]> on host 2f11af39ed07
[2026-04-12T14:30:53.298+0000] {taskinstance.py:2480} INFO - Exporting env vars: AIRFLOW_CTX_DAG_OWNER='samwel' AIRFLOW_CTX_DAG_ID='kenya_econ_pipeline' AIRFLOW_CTX_TASK_ID='dbt_run' AIRFLOW_CTX_EXECUTION_DATE='2026-04-12T14:22:00+00:00' AIRFLOW_CTX_TRY_NUMBER='3' AIRFLOW_CTX_DAG_RUN_ID='manual__2026-04-12T14:22:00+00:00'
[2026-04-12T14:30:53.299+0000] {subprocess.py:63} INFO - Tmp dir root location: /tmp
[2026-04-12T14:30:53.300+0000] {subprocess.py:75} INFO - Running command: ['/usr/bin/bash', '-c', 'cd /opt/airflow/kenya_econ_dbt && dbt run --profiles-dir /opt/airflow/kenya_econ_dbt']
[2026-04-12T14:30:53.314+0000] {subprocess.py:86} INFO - Output:
[2026-04-12T14:30:55.393+0000] {subprocess.py:93} INFO - [0m14:30:55  Running with dbt=1.7.0
[2026-04-12T14:30:55.699+0000] {subprocess.py:93} INFO - [0m14:30:55  Encountered an error:
[2026-04-12T14:30:55.700+0000] {subprocess.py:93} INFO - Runtime Error
[2026-04-12T14:30:55.700+0000] {subprocess.py:93} INFO -   at path []: Additional properties are not allowed ('kenya_econ_dbt' was unexpected)
[2026-04-12T14:30:55.700+0000] {subprocess.py:93} INFO - 
[2026-04-12T14:30:55.701+0000] {subprocess.py:93} INFO - Error encountered in /opt/airflow/kenya_econ_dbt/dbt_project.yml
[2026-04-12T14:30:57.516+0000] {subprocess.py:97} INFO - Command exited with return code 2
[2026-04-12T14:30:57.566+0000] {taskinstance.py:2698} ERROR - Task failed with exception
Traceback (most recent call last):
  File "/home/airflow/.local/lib/python3.8/site-packages/airflow/models/taskinstance.py", line 433, in _execute_task
    result = execute_callable(context=context, **execute_callable_kwargs)
  File "/home/airflow/.local/lib/python3.8/site-packages/airflow/operators/bash.py", line 212, in execute
    raise AirflowException(
airflow.exceptions.AirflowException: Bash command failed. The command returned a non-zero exit code 2.
[2026-04-12T14:30:57.581+0000] {taskinstance.py:1138} INFO - Marking task as UP_FOR_RETRY. dag_id=kenya_econ_pipeline, task_id=dbt_run, execution_date=20260412T142200, start_date=20260412T143053, end_date=20260412T143057
[2026-04-12T14:30:57.609+0000] {standard_task_runner.py:107} ERROR - Failed to execute job 78 for task dbt_run (Bash command failed. The command returned a non-zero exit code 2.; 18466)
[2026-04-12T14:30:57.625+0000] {local_task_job_runner.py:234} INFO - Task exited with return code 1
[2026-04-12T14:30:57.679+0000] {taskinstance.py:3280} INFO - 0 downstream tasks scheduled from follow-on schedule check
