[2026-04-12T14:41:07.079+0000] {taskinstance.py:1956} INFO - Dependencies all met for dep_context=non-requeueable deps ti=<TaskInstance: kenya_econ_pipeline.dbt_run manual__2026-04-12T14:22:00+00:00 [queued]>
[2026-04-12T14:41:07.089+0000] {taskinstance.py:1956} INFO - Dependencies all met for dep_context=requeueable deps ti=<TaskInstance: kenya_econ_pipeline.dbt_run manual__2026-04-12T14:22:00+00:00 [queued]>
[2026-04-12T14:41:07.090+0000] {taskinstance.py:2170} INFO - Starting attempt 5 of 6
[2026-04-12T14:41:07.100+0000] {taskinstance.py:2191} INFO - Executing <Task(BashOperator): dbt_run> on 2026-04-12 14:22:00+00:00
[2026-04-12T14:41:07.104+0000] {standard_task_runner.py:60} INFO - Started process 18712 to run task
[2026-04-12T14:41:07.114+0000] {standard_task_runner.py:87} INFO - Running: ['airflow', 'tasks', 'run', 'kenya_econ_pipeline', 'dbt_run', 'manual__2026-04-12T14:22:00+00:00', '--job-id', '95', '--raw', '--subdir', 'DAGS_FOLDER/kenya_econ_dag.py', '--cfg-path', '/tmp/tmpautjoykh']
[2026-04-12T14:41:07.117+0000] {standard_task_runner.py:88} INFO - Job 95: Subtask dbt_run
[2026-04-12T14:41:07.181+0000] {task_command.py:423} INFO - Running <TaskInstance: kenya_econ_pipeline.dbt_run manual__2026-04-12T14:22:00+00:00 [running]> on host 2f11af39ed07
[2026-04-12T14:41:07.248+0000] {taskinstance.py:2480} INFO - Exporting env vars: AIRFLOW_CTX_DAG_OWNER='samwel' AIRFLOW_CTX_DAG_ID='kenya_econ_pipeline' AIRFLOW_CTX_TASK_ID='dbt_run' AIRFLOW_CTX_EXECUTION_DATE='2026-04-12T14:22:00+00:00' AIRFLOW_CTX_TRY_NUMBER='5' AIRFLOW_CTX_DAG_RUN_ID='manual__2026-04-12T14:22:00+00:00'
[2026-04-12T14:41:07.249+0000] {subprocess.py:63} INFO - Tmp dir root location: /tmp
[2026-04-12T14:41:07.253+0000] {subprocess.py:75} INFO - Running command: ['/usr/bin/bash', '-c', 'cd /opt/airflow/kenya_econ_dbt && dbt run --profiles-dir /opt/airflow/kenya_econ_dbt']
[2026-04-12T14:41:07.263+0000] {subprocess.py:86} INFO - Output:
[2026-04-12T14:41:09.227+0000] {subprocess.py:93} INFO - [0m14:41:09  Running with dbt=1.7.0
[2026-04-12T14:41:09.482+0000] {subprocess.py:93} INFO - [0m14:41:09  Registered adapter: postgres=1.7.0
[2026-04-12T14:41:09.655+0000] {subprocess.py:93} INFO - [0m14:41:09  [[33mWARNING[0m]: Configuration paths exist in your dbt_project.yml file which do not apply to any resources.
[2026-04-12T14:41:09.656+0000] {subprocess.py:93} INFO - There are 2 unused configuration paths:
[2026-04-12T14:41:09.656+0000] {subprocess.py:93} INFO - - models.staging
[2026-04-12T14:41:09.656+0000] {subprocess.py:93} INFO - - models.mart
[2026-04-12T14:41:09.682+0000] {subprocess.py:93} INFO - [0m14:41:09  Found 6 models, 14 tests, 3 sources, 0 exposures, 0 metrics, 402 macros, 0 groups, 0 semantic models
[2026-04-12T14:41:09.685+0000] {subprocess.py:93} INFO - [0m14:41:09
[2026-04-12T14:41:09.773+0000] {subprocess.py:93} INFO - [0m14:41:09  Concurrency: 4 threads (target='dev')
[2026-04-12T14:41:09.774+0000] {subprocess.py:93} INFO - [0m14:41:09
[2026-04-12T14:41:09.782+0000] {subprocess.py:93} INFO - [0m14:41:09  1 of 6 START sql view model mart.stg_fx ........................................ [RUN]
[2026-04-12T14:41:09.783+0000] {subprocess.py:93} INFO - [0m14:41:09  2 of 6 START sql view model mart.stg_gdp ....................................... [RUN]
[2026-04-12T14:41:09.783+0000] {subprocess.py:93} INFO - [0m14:41:09  3 of 6 START sql view model mart.stg_inflation ................................. [RUN]
[2026-04-12T14:41:09.944+0000] {subprocess.py:93} INFO - [0m14:41:09  1 of 6 OK created sql view model mart.stg_fx ................................... [[32mCREATE VIEW[0m in 0.16s]
[2026-04-12T14:41:09.945+0000] {subprocess.py:93} INFO - [0m14:41:09  3 of 6 ERROR creating sql view model mart.stg_inflation ........................ [[31mERROR[0m in 0.16s]
[2026-04-12T14:41:09.947+0000] {subprocess.py:93} INFO - [0m14:41:09  2 of 6 OK created sql view model mart.stg_gdp .................................. [[32mCREATE VIEW[0m in 0.16s]
[2026-04-12T14:41:09.952+0000] {subprocess.py:93} INFO - [0m14:41:09  4 of 6 START sql view model mart.fx_daily_summary .............................. [RUN]
[2026-04-12T14:41:09.954+0000] {subprocess.py:93} INFO - [0m14:41:09  5 of 6 SKIP relation mart.kenya_macro .......................................... [[33mSKIP[0m]
[2026-04-12T14:41:09.962+0000] {subprocess.py:93} INFO - [0m14:41:09  6 of 6 SKIP relation mart.purchasing_power ..................................... [[33mSKIP[0m]
[2026-04-12T14:41:10.009+0000] {subprocess.py:93} INFO - [0m14:41:10  4 of 6 OK created sql view model mart.fx_daily_summary ......................... [[32mCREATE VIEW[0m in 0.05s]
[2026-04-12T14:41:10.031+0000] {subprocess.py:93} INFO - [0m14:41:10
[2026-04-12T14:41:10.032+0000] {subprocess.py:93} INFO - [0m14:41:10  Finished running 6 view models in 0 hours 0 minutes and 0.35 seconds (0.35s).
[2026-04-12T14:41:10.042+0000] {subprocess.py:93} INFO - [0m14:41:10
[2026-04-12T14:41:10.043+0000] {subprocess.py:93} INFO - [0m14:41:10  [31mCompleted with 1 error and 0 warnings:[0m
[2026-04-12T14:41:10.043+0000] {subprocess.py:93} INFO - [0m14:41:10
[2026-04-12T14:41:10.044+0000] {subprocess.py:93} INFO - [0m14:41:10    Database Error in model stg_inflation (models/staging/stg_inflation.sql)
[2026-04-12T14:41:10.044+0000] {subprocess.py:93} INFO -   relation "stg_inflation__dbt_backup" already exists
[2026-04-12T14:41:10.044+0000] {subprocess.py:93} INFO -   compiled Code at target/run/kenya_econ_dbt/models/staging/stg_inflation.sql
[2026-04-12T14:41:10.044+0000] {subprocess.py:93} INFO - [0m14:41:10
[2026-04-12T14:41:10.045+0000] {subprocess.py:93} INFO - [0m14:41:10  Done. PASS=3 WARN=0 ERROR=1 SKIP=2 TOTAL=6
[2026-04-12T14:41:11.724+0000] {subprocess.py:97} INFO - Command exited with return code 1
[2026-04-12T14:41:11.778+0000] {taskinstance.py:2698} ERROR - Task failed with exception
Traceback (most recent call last):
  File "/home/airflow/.local/lib/python3.8/site-packages/airflow/models/taskinstance.py", line 433, in _execute_task
    result = execute_callable(context=context, **execute_callable_kwargs)
  File "/home/airflow/.local/lib/python3.8/site-packages/airflow/operators/bash.py", line 212, in execute
    raise AirflowException(
airflow.exceptions.AirflowException: Bash command failed. The command returned a non-zero exit code 1.
[2026-04-12T14:41:11.787+0000] {taskinstance.py:1138} INFO - Marking task as UP_FOR_RETRY. dag_id=kenya_econ_pipeline, task_id=dbt_run, execution_date=20260412T142200, start_date=20260412T144107, end_date=20260412T144111
[2026-04-12T14:41:11.819+0000] {standard_task_runner.py:107} ERROR - Failed to execute job 95 for task dbt_run (Bash command failed. The command returned a non-zero exit code 1.; 18712)
[2026-04-12T14:41:11.874+0000] {local_task_job_runner.py:234} INFO - Task exited with return code 1
[2026-04-12T14:41:11.940+0000] {taskinstance.py:3280} INFO - 0 downstream tasks scheduled from follow-on schedule check
