[2026-04-12T14:35:58.966+0000] {taskinstance.py:1956} INFO - Dependencies all met for dep_context=non-requeueable deps ti=<TaskInstance: kenya_econ_pipeline.dbt_run manual__2026-04-12T13:53:15.137954+00:00 [queued]>
[2026-04-12T14:35:58.980+0000] {taskinstance.py:1956} INFO - Dependencies all met for dep_context=requeueable deps ti=<TaskInstance: kenya_econ_pipeline.dbt_run manual__2026-04-12T13:53:15.137954+00:00 [queued]>
[2026-04-12T14:35:58.981+0000] {taskinstance.py:2170} INFO - Starting attempt 4 of 6
[2026-04-12T14:35:58.999+0000] {taskinstance.py:2191} INFO - Executing <Task(BashOperator): dbt_run> on 2026-04-12 13:53:15.137954+00:00
[2026-04-12T14:35:59.012+0000] {standard_task_runner.py:60} INFO - Started process 18547 to run task
[2026-04-12T14:35:59.038+0000] {standard_task_runner.py:87} INFO - Running: ['airflow', 'tasks', 'run', 'kenya_econ_pipeline', 'dbt_run', 'manual__2026-04-12T13:53:15.137954+00:00', '--job-id', '85', '--raw', '--subdir', 'DAGS_FOLDER/kenya_econ_dag.py', '--cfg-path', '/tmp/tmpb1dtpdfv']
[2026-04-12T14:35:59.046+0000] {standard_task_runner.py:88} INFO - Job 85: Subtask dbt_run
[2026-04-12T14:35:59.181+0000] {task_command.py:423} INFO - Running <TaskInstance: kenya_econ_pipeline.dbt_run manual__2026-04-12T13:53:15.137954+00:00 [running]> on host 2f11af39ed07
[2026-04-12T14:35:59.271+0000] {taskinstance.py:2480} INFO - Exporting env vars: AIRFLOW_CTX_DAG_OWNER='samwel' AIRFLOW_CTX_DAG_ID='kenya_econ_pipeline' AIRFLOW_CTX_TASK_ID='dbt_run' AIRFLOW_CTX_EXECUTION_DATE='2026-04-12T13:53:15.137954+00:00' AIRFLOW_CTX_TRY_NUMBER='4' AIRFLOW_CTX_DAG_RUN_ID='manual__2026-04-12T13:53:15.137954+00:00'
[2026-04-12T14:35:59.273+0000] {subprocess.py:63} INFO - Tmp dir root location: /tmp
[2026-04-12T14:35:59.275+0000] {subprocess.py:75} INFO - Running command: ['/usr/bin/bash', '-c', 'cd /opt/airflow/kenya_econ_dbt && dbt run --profiles-dir /opt/airflow/kenya_econ_dbt']
[2026-04-12T14:35:59.289+0000] {subprocess.py:86} INFO - Output:
[2026-04-12T14:36:01.721+0000] {subprocess.py:93} INFO - [0m14:36:01  Running with dbt=1.7.0
[2026-04-12T14:36:02.328+0000] {subprocess.py:93} INFO - [0m14:36:02  Registered adapter: postgres=1.7.0
[2026-04-12T14:36:02.510+0000] {subprocess.py:93} INFO - [0m14:36:02  Unable to do partial parsing because of a version mismatch
[2026-04-12T14:36:03.373+0000] {subprocess.py:93} INFO - [0m14:36:03  [[33mWARNING[0m]: Configuration paths exist in your dbt_project.yml file which do not apply to any resources.
[2026-04-12T14:36:03.373+0000] {subprocess.py:93} INFO - There are 2 unused configuration paths:
[2026-04-12T14:36:03.374+0000] {subprocess.py:93} INFO - - models.staging
[2026-04-12T14:36:03.374+0000] {subprocess.py:93} INFO - - models.mart
[2026-04-12T14:36:03.420+0000] {subprocess.py:93} INFO - [0m14:36:03  Found 6 models, 14 tests, 3 sources, 0 exposures, 0 metrics, 402 macros, 0 groups, 0 semantic models
[2026-04-12T14:36:03.424+0000] {subprocess.py:93} INFO - [0m14:36:03
[2026-04-12T14:36:03.555+0000] {subprocess.py:93} INFO - [0m14:36:03  Concurrency: 4 threads (target='dev')
[2026-04-12T14:36:03.555+0000] {subprocess.py:93} INFO - [0m14:36:03
[2026-04-12T14:36:03.575+0000] {subprocess.py:93} INFO - [0m14:36:03  1 of 6 START sql view model mart.stg_fx ........................................ [RUN]
[2026-04-12T14:36:03.576+0000] {subprocess.py:93} INFO - [0m14:36:03  2 of 6 START sql view model mart.stg_gdp ....................................... [RUN]
[2026-04-12T14:36:03.577+0000] {subprocess.py:93} INFO - [0m14:36:03  3 of 6 START sql view model mart.stg_inflation ................................. [RUN]
[2026-04-12T14:36:03.914+0000] {subprocess.py:93} INFO - [0m14:36:03  3 of 6 OK created sql view model mart.stg_inflation ............................ [[32mCREATE VIEW[0m in 0.33s]
[2026-04-12T14:36:03.948+0000] {subprocess.py:93} INFO - [0m14:36:03  2 of 6 ERROR creating sql view model mart.stg_gdp .............................. [[31mERROR[0m in 0.37s]
[2026-04-12T14:36:03.949+0000] {subprocess.py:93} INFO - [0m14:36:03  1 of 6 ERROR creating sql view model mart.stg_fx ............................... [[31mERROR[0m in 0.37s]
[2026-04-12T14:36:03.956+0000] {subprocess.py:93} INFO - [0m14:36:03  4 of 6 SKIP relation mart.fx_daily_summary ..................................... [[33mSKIP[0m]
[2026-04-12T14:36:03.957+0000] {subprocess.py:93} INFO - [0m14:36:03  5 of 6 SKIP relation mart.kenya_macro .......................................... [[33mSKIP[0m]
[2026-04-12T14:36:03.959+0000] {subprocess.py:93} INFO - [0m14:36:03  6 of 6 SKIP relation mart.purchasing_power ..................................... [[33mSKIP[0m]
[2026-04-12T14:36:03.993+0000] {subprocess.py:93} INFO - [0m14:36:03
[2026-04-12T14:36:03.995+0000] {subprocess.py:93} INFO - [0m14:36:03  Finished running 6 view models in 0 hours 0 minutes and 0.57 seconds (0.57s).
[2026-04-12T14:36:04.027+0000] {subprocess.py:93} INFO - [0m14:36:04
[2026-04-12T14:36:04.028+0000] {subprocess.py:93} INFO - [0m14:36:04  [31mCompleted with 2 errors and 0 warnings:[0m
[2026-04-12T14:36:04.029+0000] {subprocess.py:93} INFO - [0m14:36:04
[2026-04-12T14:36:04.030+0000] {subprocess.py:93} INFO - [0m14:36:04    Database Error in model stg_gdp (models/staging/stg_gdp.sql)
[2026-04-12T14:36:04.030+0000] {subprocess.py:93} INFO -   relation "stg_gdp" already exists
[2026-04-12T14:36:04.030+0000] {subprocess.py:93} INFO -   compiled Code at target/run/kenya_econ_dbt/models/staging/stg_gdp.sql
[2026-04-12T14:36:04.030+0000] {subprocess.py:93} INFO - [0m14:36:04
[2026-04-12T14:36:04.031+0000] {subprocess.py:93} INFO - [0m14:36:04    Database Error in model stg_fx (models/staging/stg_fx.sql)
[2026-04-12T14:36:04.031+0000] {subprocess.py:93} INFO -   relation "stg_fx" already exists
[2026-04-12T14:36:04.031+0000] {subprocess.py:93} INFO -   compiled Code at target/run/kenya_econ_dbt/models/staging/stg_fx.sql
[2026-04-12T14:36:04.031+0000] {subprocess.py:93} INFO - [0m14:36:04
[2026-04-12T14:36:04.032+0000] {subprocess.py:93} INFO - [0m14:36:04  Done. PASS=1 WARN=0 ERROR=2 SKIP=3 TOTAL=6
[2026-04-12T14:36:06.250+0000] {subprocess.py:97} INFO - Command exited with return code 1
[2026-04-12T14:36:06.323+0000] {taskinstance.py:2698} ERROR - Task failed with exception
Traceback (most recent call last):
  File "/home/airflow/.local/lib/python3.8/site-packages/airflow/models/taskinstance.py", line 433, in _execute_task
    result = execute_callable(context=context, **execute_callable_kwargs)
  File "/home/airflow/.local/lib/python3.8/site-packages/airflow/operators/bash.py", line 212, in execute
    raise AirflowException(
airflow.exceptions.AirflowException: Bash command failed. The command returned a non-zero exit code 1.
[2026-04-12T14:36:06.329+0000] {taskinstance.py:1138} INFO - Marking task as UP_FOR_RETRY. dag_id=kenya_econ_pipeline, task_id=dbt_run, execution_date=20260412T135315, start_date=20260412T143558, end_date=20260412T143606
[2026-04-12T14:36:06.365+0000] {standard_task_runner.py:107} ERROR - Failed to execute job 85 for task dbt_run (Bash command failed. The command returned a non-zero exit code 1.; 18547)
[2026-04-12T14:36:06.400+0000] {local_task_job_runner.py:234} INFO - Task exited with return code 1
[2026-04-12T14:36:06.484+0000] {taskinstance.py:3280} INFO - 0 downstream tasks scheduled from follow-on schedule check
