[2026-04-12T14:26:52.546+0000] {taskinstance.py:1956} INFO - Dependencies all met for dep_context=non-requeueable deps ti=<TaskInstance: kenya_econ_pipeline.dbt_run manual__2026-04-12T13:53:15.137954+00:00 [queued]>
[2026-04-12T14:26:52.560+0000] {taskinstance.py:1956} INFO - Dependencies all met for dep_context=requeueable deps ti=<TaskInstance: kenya_econ_pipeline.dbt_run manual__2026-04-12T13:53:15.137954+00:00 [queued]>
[2026-04-12T14:26:52.561+0000] {taskinstance.py:2170} INFO - Starting attempt 2 of 4
[2026-04-12T14:26:52.571+0000] {taskinstance.py:2191} INFO - Executing <Task(BashOperator): dbt_run> on 2026-04-12 13:53:15.137954+00:00
[2026-04-12T14:26:52.576+0000] {standard_task_runner.py:60} INFO - Started process 18360 to run task
[2026-04-12T14:26:52.580+0000] {standard_task_runner.py:87} INFO - Running: ['airflow', 'tasks', 'run', 'kenya_econ_pipeline', 'dbt_run', 'manual__2026-04-12T13:53:15.137954+00:00', '--job-id', '64', '--raw', '--subdir', 'DAGS_FOLDER/kenya_econ_dag.py', '--cfg-path', '/tmp/tmpm7je4978']
[2026-04-12T14:26:52.589+0000] {standard_task_runner.py:88} INFO - Job 64: Subtask dbt_run
[2026-04-12T14:26:52.671+0000] {task_command.py:423} INFO - Running <TaskInstance: kenya_econ_pipeline.dbt_run manual__2026-04-12T13:53:15.137954+00:00 [running]> on host 2f11af39ed07
[2026-04-12T14:26:52.897+0000] {taskinstance.py:2480} INFO - Exporting env vars: AIRFLOW_CTX_DAG_OWNER='samwel' AIRFLOW_CTX_DAG_ID='kenya_econ_pipeline' AIRFLOW_CTX_TASK_ID='dbt_run' AIRFLOW_CTX_EXECUTION_DATE='2026-04-12T13:53:15.137954+00:00' AIRFLOW_CTX_TRY_NUMBER='2' AIRFLOW_CTX_DAG_RUN_ID='manual__2026-04-12T13:53:15.137954+00:00'
[2026-04-12T14:26:52.902+0000] {subprocess.py:63} INFO - Tmp dir root location: /tmp
[2026-04-12T14:26:52.906+0000] {subprocess.py:75} INFO - Running command: ['/usr/bin/bash', '-c', 'cd /opt/airflow/kenya_econ_dbt && dbt run --profiles-dir /opt/airflow/kenya_econ_dbt']
[2026-04-12T14:26:52.938+0000] {subprocess.py:86} INFO - Output:
[2026-04-12T14:26:55.534+0000] {subprocess.py:93} INFO - [0m14:26:55  Running with dbt=1.7.0
[2026-04-12T14:26:55.539+0000] {subprocess.py:93} INFO - [0m14:26:55  Encountered an error:
[2026-04-12T14:26:55.540+0000] {subprocess.py:93} INFO - Runtime Error
[2026-04-12T14:26:55.540+0000] {subprocess.py:93} INFO -   Could not find profile named 'kenya_econ_dbt'
[2026-04-12T14:26:57.274+0000] {subprocess.py:97} INFO - Command exited with return code 2
[2026-04-12T14:26:57.322+0000] {taskinstance.py:2698} ERROR - Task failed with exception
Traceback (most recent call last):
  File "/home/airflow/.local/lib/python3.8/site-packages/airflow/models/taskinstance.py", line 433, in _execute_task
    result = execute_callable(context=context, **execute_callable_kwargs)
  File "/home/airflow/.local/lib/python3.8/site-packages/airflow/operators/bash.py", line 212, in execute
    raise AirflowException(
airflow.exceptions.AirflowException: Bash command failed. The command returned a non-zero exit code 2.
[2026-04-12T14:26:57.332+0000] {taskinstance.py:1138} INFO - Marking task as UP_FOR_RETRY. dag_id=kenya_econ_pipeline, task_id=dbt_run, execution_date=20260412T135315, start_date=20260412T142652, end_date=20260412T142657
[2026-04-12T14:26:57.350+0000] {standard_task_runner.py:107} ERROR - Failed to execute job 64 for task dbt_run (Bash command failed. The command returned a non-zero exit code 2.; 18360)
[2026-04-12T14:26:57.384+0000] {local_task_job_runner.py:234} INFO - Task exited with return code 1
[2026-04-12T14:26:57.433+0000] {taskinstance.py:3280} INFO - 0 downstream tasks scheduled from follow-on schedule check
