[2026-04-12T14:46:12.422+0000] {taskinstance.py:1956} INFO - Dependencies all met for dep_context=non-requeueable deps ti=<TaskInstance: kenya_econ_pipeline.dbt_run manual__2026-04-12T13:53:15.137954+00:00 [queued]>
[2026-04-12T14:46:12.437+0000] {taskinstance.py:1956} INFO - Dependencies all met for dep_context=requeueable deps ti=<TaskInstance: kenya_econ_pipeline.dbt_run manual__2026-04-12T13:53:15.137954+00:00 [queued]>
[2026-04-12T14:46:12.437+0000] {taskinstance.py:2170} INFO - Starting attempt 6 of 6
[2026-04-12T14:46:12.458+0000] {taskinstance.py:2191} INFO - Executing <Task(BashOperator): dbt_run> on 2026-04-12 13:53:15.137954+00:00
[2026-04-12T14:46:12.470+0000] {standard_task_runner.py:60} INFO - Started process 18821 to run task
[2026-04-12T14:46:12.491+0000] {standard_task_runner.py:87} INFO - Running: ['airflow', 'tasks', 'run', 'kenya_econ_pipeline', 'dbt_run', 'manual__2026-04-12T13:53:15.137954+00:00', '--job-id', '103', '--raw', '--subdir', 'DAGS_FOLDER/kenya_econ_dag.py', '--cfg-path', '/tmp/tmp04vy8i7j']
[2026-04-12T14:46:12.503+0000] {standard_task_runner.py:88} INFO - Job 103: Subtask dbt_run
[2026-04-12T14:46:12.674+0000] {task_command.py:423} INFO - Running <TaskInstance: kenya_econ_pipeline.dbt_run manual__2026-04-12T13:53:15.137954+00:00 [running]> on host 2f11af39ed07
[2026-04-12T14:46:12.773+0000] {taskinstance.py:2480} INFO - Exporting env vars: AIRFLOW_CTX_DAG_OWNER='samwel' AIRFLOW_CTX_DAG_ID='kenya_econ_pipeline' AIRFLOW_CTX_TASK_ID='dbt_run' AIRFLOW_CTX_EXECUTION_DATE='2026-04-12T13:53:15.137954+00:00' AIRFLOW_CTX_TRY_NUMBER='6' AIRFLOW_CTX_DAG_RUN_ID='manual__2026-04-12T13:53:15.137954+00:00'
[2026-04-12T14:46:12.774+0000] {subprocess.py:63} INFO - Tmp dir root location: /tmp
[2026-04-12T14:46:12.775+0000] {subprocess.py:75} INFO - Running command: ['/usr/bin/bash', '-c', 'cd /opt/airflow/kenya_econ_dbt && dbt run --profiles-dir /opt/airflow/kenya_econ_dbt']
[2026-04-12T14:46:12.787+0000] {subprocess.py:86} INFO - Output:
[2026-04-12T14:46:15.128+0000] {subprocess.py:93} INFO - [0m14:46:15  Running with dbt=1.7.0
[2026-04-12T14:46:15.367+0000] {subprocess.py:93} INFO - [0m14:46:15  Registered adapter: postgres=1.7.0
[2026-04-12T14:46:15.586+0000] {subprocess.py:93} INFO - [0m14:46:15  [[33mWARNING[0m]: Configuration paths exist in your dbt_project.yml file which do not apply to any resources.
[2026-04-12T14:46:15.586+0000] {subprocess.py:93} INFO - There are 2 unused configuration paths:
[2026-04-12T14:46:15.587+0000] {subprocess.py:93} INFO - - models.staging
[2026-04-12T14:46:15.587+0000] {subprocess.py:93} INFO - - models.mart
[2026-04-12T14:46:15.626+0000] {subprocess.py:93} INFO - [0m14:46:15  Found 6 models, 14 tests, 3 sources, 0 exposures, 0 metrics, 402 macros, 0 groups, 0 semantic models
[2026-04-12T14:46:15.632+0000] {subprocess.py:93} INFO - [0m14:46:15
[2026-04-12T14:46:15.848+0000] {subprocess.py:93} INFO - [0m14:46:15  Concurrency: 4 threads (target='dev')
[2026-04-12T14:46:15.849+0000] {subprocess.py:93} INFO - [0m14:46:15
[2026-04-12T14:46:15.886+0000] {subprocess.py:93} INFO - [0m14:46:15  1 of 6 START sql view model mart.stg_fx ........................................ [RUN]
[2026-04-12T14:46:15.889+0000] {subprocess.py:93} INFO - [0m14:46:15  2 of 6 START sql view model mart.stg_gdp ....................................... [RUN]
[2026-04-12T14:46:15.891+0000] {subprocess.py:93} INFO - [0m14:46:15  3 of 6 START sql view model mart.stg_inflation ................................. [RUN]
[2026-04-12T14:46:16.057+0000] {subprocess.py:93} INFO - [0m14:46:16  1 of 6 OK created sql view model mart.stg_fx ................................... [[32mCREATE VIEW[0m in 0.16s]
[2026-04-12T14:46:16.067+0000] {subprocess.py:93} INFO - [0m14:46:16  3 of 6 ERROR creating sql view model mart.stg_inflation ........................ [[31mERROR[0m in 0.17s]
[2026-04-12T14:46:16.068+0000] {subprocess.py:93} INFO - [0m14:46:16  4 of 6 START sql view model mart.fx_daily_summary .............................. [RUN]
[2026-04-12T14:46:16.070+0000] {subprocess.py:93} INFO - [0m14:46:16  2 of 6 ERROR creating sql view model mart.stg_gdp .............................. [[31mERROR[0m in 0.18s]
[2026-04-12T14:46:16.076+0000] {subprocess.py:93} INFO - [0m14:46:16  5 of 6 SKIP relation mart.kenya_macro .......................................... [[33mSKIP[0m]
[2026-04-12T14:46:16.082+0000] {subprocess.py:93} INFO - [0m14:46:16  6 of 6 SKIP relation mart.purchasing_power ..................................... [[33mSKIP[0m]
[2026-04-12T14:46:16.123+0000] {subprocess.py:93} INFO - [0m14:46:16  4 of 6 OK created sql view model mart.fx_daily_summary ......................... [[32mCREATE VIEW[0m in 0.05s]
[2026-04-12T14:46:16.140+0000] {subprocess.py:93} INFO - [0m14:46:16
[2026-04-12T14:46:16.141+0000] {subprocess.py:93} INFO - [0m14:46:16  Finished running 6 view models in 0 hours 0 minutes and 0.51 seconds (0.51s).
[2026-04-12T14:46:16.160+0000] {subprocess.py:93} INFO - [0m14:46:16
[2026-04-12T14:46:16.160+0000] {subprocess.py:93} INFO - [0m14:46:16  [31mCompleted with 2 errors and 0 warnings:[0m
[2026-04-12T14:46:16.161+0000] {subprocess.py:93} INFO - [0m14:46:16
[2026-04-12T14:46:16.161+0000] {subprocess.py:93} INFO - [0m14:46:16    Database Error in model stg_inflation (models/staging/stg_inflation.sql)
[2026-04-12T14:46:16.161+0000] {subprocess.py:93} INFO -   relation "stg_inflation__dbt_backup" already exists
[2026-04-12T14:46:16.161+0000] {subprocess.py:93} INFO -   compiled Code at target/run/kenya_econ_dbt/models/staging/stg_inflation.sql
[2026-04-12T14:46:16.161+0000] {subprocess.py:93} INFO - [0m14:46:16
[2026-04-12T14:46:16.162+0000] {subprocess.py:93} INFO - [0m14:46:16    Database Error in model stg_gdp (models/staging/stg_gdp.sql)
[2026-04-12T14:46:16.162+0000] {subprocess.py:93} INFO -   relation "stg_gdp__dbt_backup" already exists
[2026-04-12T14:46:16.162+0000] {subprocess.py:93} INFO -   compiled Code at target/run/kenya_econ_dbt/models/staging/stg_gdp.sql
[2026-04-12T14:46:16.162+0000] {subprocess.py:93} INFO - [0m14:46:16
[2026-04-12T14:46:16.162+0000] {subprocess.py:93} INFO - [0m14:46:16  Done. PASS=2 WARN=0 ERROR=2 SKIP=2 TOTAL=6
[2026-04-12T14:46:17.988+0000] {subprocess.py:97} INFO - Command exited with return code 1
[2026-04-12T14:46:18.034+0000] {taskinstance.py:2698} ERROR - Task failed with exception
Traceback (most recent call last):
  File "/home/airflow/.local/lib/python3.8/site-packages/airflow/models/taskinstance.py", line 433, in _execute_task
    result = execute_callable(context=context, **execute_callable_kwargs)
  File "/home/airflow/.local/lib/python3.8/site-packages/airflow/operators/bash.py", line 212, in execute
    raise AirflowException(
airflow.exceptions.AirflowException: Bash command failed. The command returned a non-zero exit code 1.
[2026-04-12T14:46:18.049+0000] {taskinstance.py:1138} INFO - Marking task as FAILED. dag_id=kenya_econ_pipeline, task_id=dbt_run, execution_date=20260412T135315, start_date=20260412T144612, end_date=20260412T144618
[2026-04-12T14:46:18.071+0000] {standard_task_runner.py:107} ERROR - Failed to execute job 103 for task dbt_run (Bash command failed. The command returned a non-zero exit code 1.; 18821)
[2026-04-12T14:46:18.120+0000] {local_task_job_runner.py:234} INFO - Task exited with return code 1
[2026-04-12T14:46:18.172+0000] {taskinstance.py:3280} INFO - 0 downstream tasks scheduled from follow-on schedule check
